$ brew install gh

==> Downloading https://ghcr.io/v2/homebrew/core/gh/manifests/2.57.0
##################################################################################################################################################################################################################################### 100.0%
==> Fetching gh
==> Downloading https://ghcr.io/v2/homebrew/core/gh/blobs/sha256:a17392cfb2be6f7a0a4631991120fa4445844bde0695d71b49d58ea563d5f8df
##################################################################################################################################################################################################################################### 100.0%
==> Pouring gh--2.57.0.arm64_ventura.bottle.tar.gz
==> Caveats
zsh completions have been installed to:
  /opt/homebrew/share/zsh/site-functions
==> Summary
ðŸº  /opt/homebrew/Cellar/gh/2.57.0: 201 files, 41.2MB
==> Running `brew cleanup gh`...
Disable this behaviour by setting HOMEBREW_NO_INSTALL_CLEANUP.
Hide these hints with HOMEBREW_NO_ENV_HINTS (see `man brew`).

# auth login -> stdout mangled by opening new iTerm tab
# stuff missing: SSH key title (mini23) protocol (SSH) key (`id_ed25519.pub`)
? Upload your SSH public key to your GitHub account? /Users/zach/.ssh/id_ed25519.pub
? Title for your SSH key: mini23
? How would you like to authenticate GitHub CLI? Login with a web browser

! First copy your one-time code: 51CC-BA51
Press Enter to open github.com in your browser...
âœ“ Authentication complete.
- gh config set -h github.com git_protocol ssh
âœ“ Configured git protocolt to log into? GitHub.com
âœ“ SSH key already existed on your GitHub account: /Users/zach/.ssh/id_ed25519.pub
âœ“ Logged in as zachvalentaey to your GitHub account?  [Use arrows to move, type to filter]
> /Users/zach/.ssh/id_ed25519.pub
  Skip
A new release of gh is available: 2.57.0 â†’ 2.59.0
To upgrade, run: brew upgrade gh
https://github.com/cli/cli/releases/tag/v2.59.0

$ brew upgrade gh
==> Upgrading 1 outdated package:
gh 2.57.0 -> 2.64.0_1
==> Downloading https://ghcr.io/v2/homebrew/core/gh/manifests/2.64.0_1
############################################################################################################# 100.0%
==> Fetching gh
==> Downloading https://ghcr.io/v2/homebrew/core/gh/blobs/sha256:f3486152dd9a8de49018b2852d61d8514c51b48e22bee427c2d
############################################################################################################# 100.0%
==> Upgrading gh
  2.57.0 -> 2.64.0_1
==> Pouring gh--2.64.0_1.arm64_ventura.bottle.tar.gz
==> Caveats
zsh completions have been installed to:
  /opt/homebrew/share/zsh/site-functions
==> Summary
ðŸº  /opt/homebrew/Cellar/gh/2.64.0_1: 207 files, 41.3MB
==> Running `brew cleanup gh`...
Disable this behaviour by setting HOMEBREW_NO_INSTALL_CLEANUP.
Hide these hints with HOMEBREW_NO_ENV_HINTS (see `man brew`).
Removing: /opt/homebrew/Cellar/gh/2.57.0... (201 files, 41.2MB)
Removing: /Users/zach/Library/Caches/Homebrew/gh_bottle_manifest--2.57.0... (7.2KB)
