brew install mdcat
Running `brew update --auto-update`...
==> Homebrew collects anonymous analytics.
Read the analytics documentation (and how to opt-out) here:
  https://docs.brew.sh/Analytics
No analytics have been recorded yet (nor will be during this `brew` run).

==> Homebrew is run entirely by unpaid volunteers. Please consider donating:
  https://github.com/Homebrew/brew#donations

==> Downloading https://ghcr.io/v2/homebrew/core/mdcat/manifests/2.1.1
############################################################################################################################### 100.0%
==> Fetching mdcat
==> Downloading https://ghcr.io/v2/homebrew/core/mdcat/blobs/sha256:6054cc96e40baeb04488688f4cd06bd5f302c165a9e5cd089e604aa8a7a368b7
############################################################################################################################### 100.0%
==> Pouring mdcat--2.1.1.arm64_ventura.bottle.tar.gz
==> Caveats
zsh completions have been installed to:
  /opt/homebrew/share/zsh/site-functions
==> Summary
ðŸº  /opt/homebrew/Cellar/mdcat/2.1.1: 12 files, 10.3MB
==> Running `brew cleanup mdcat`...
Disable this behaviour by setting HOMEBREW_NO_INSTALL_CLEANUP.
Hide these hints with HOMEBREW_NO_ENV_HINTS (see `man brew`).
==> `brew cleanup` has not been run in the last 30 days, running now...
Disable this behaviour by setting HOMEBREW_NO_INSTALL_CLEANUP.
Hide these hints with HOMEBREW_NO_ENV_HINTS (see `man brew`).
Removing: /Users/zach/Library/Caches/Homebrew/aom--3.8.0... (3.9MB)
Removing: /Users/zach/Library/Caches/Homebrew/broot--1.30.2... (4.4MB)
Removing: /Users/zach/Library/Caches/Homebrew/cjson--1.7.16... (56KB)
Removing: /Users/zach/Library/Caches/Homebrew/ffmpeg--6.0_2... (19MB)
Removing: /Users/zach/Library/Caches/Homebrew/fontconfig--2.14.2... (627.6KB)
Removing: /Users/zach/Library/Caches/Homebrew/glib--2.78.3... (6.6MB)
Removing: /Users/zach/Library/Caches/Homebrew/gnutls--3.8.2... (3.0MB)
Removing: /Users/zach/Library/Caches/Homebrew/imath--3.1.9... (183.7KB)
Removing: /Users/zach/Library/Caches/Homebrew/jpeg--9e... (306.5KB)
Removing: /Users/zach/Library/Caches/Homebrew/jpeg-turbo--3.0.0... (1.1MB)
Removing: /Users/zach/Library/Caches/Homebrew/jpeg-xl--0.8.2_1... (4.2MB)
Removing: /Users/zach/Library/Caches/Homebrew/leptonica--1.83.1... (2.5MB)
Removing: /Users/zach/Library/Caches/Homebrew/libgit2--1.7.1... (1.8MB)
Removing: /Users/zach/Library/Caches/Homebrew/libidn2--2.3.4_1... (324.2KB)
Removing: /Users/zach/Library/Caches/Homebrew/libmicrohttpd--0.9.77... (393.3KB)
Removing: /Users/zach/Library/Caches/Homebrew/libnghttp2--1.58.0... (216.9KB)
Removing: /Users/zach/Library/Caches/Homebrew/libpng--1.6.40... (447.9KB)
Removing: /Users/zach/Library/Caches/Homebrew/libvmaf--2.3.1... (1MB)
Removing: /Users/zach/Library/Caches/Homebrew/little-cms2--2.15... (412KB)
Removing: /Users/zach/Library/Caches/Homebrew/luajit--2.1.1700008891... (862.5KB)
Removing: /Users/zach/Library/Caches/Homebrew/luv--1.45.0-0... (224KB)
Removing: /Users/zach/Library/Caches/Homebrew/mbedtls--3.5.1... (3.2MB)
Removing: /Users/zach/Library/Caches/Homebrew/mpdecimal--2.5.1... (538KB)
Removing: /Users/zach/Library/Caches/Homebrew/mpg123--1.32.3... (638.5KB)
Removing: /Users/zach/Library/Caches/Homebrew/neovim--0.9.4... (7.8MB)
Removing: /Users/zach/Library/Caches/Homebrew/openexr--3.2.1... (1.9MB)
Removing: /Users/zach/Library/Caches/Homebrew/openssl@3--3.2.0_1... (9.4MB)
Removing: /Users/zach/Library/Caches/Homebrew/python-certifi--2023.11.17... (5KB)
Removing: /Users/zach/Library/Caches/Homebrew/python@3.12--3.12.1... (15.7MB)
Removing: /Users/zach/Library/Caches/Homebrew/rav1e--0.6.6... (45.3MB)
Removing: /Users/zach/Library/Caches/Homebrew/ripgrep--14.0.3... (2.2MB)
Removing: /Users/zach/Library/Caches/Homebrew/sdl2--2.28.5... (1.7MB)
Removing: /Users/zach/Library/Caches/Homebrew/sqlite--3.44.2... (2.2MB)
Removing: /Users/zach/Library/Caches/Homebrew/tesseract--5.3.3... (12.5MB)
Removing: /Users/zach/Library/Caches/Homebrew/tree-sitter--0.20.8... (4.5MB)
Removing: /Users/zach/Library/Caches/Homebrew/yt-dlp--2023.11.16... (4.2MB)
Removing: /Users/zach/Library/Logs/Homebrew/python@3.12... (2 files, 2KB)
Removing: /Users/zach/Library/Logs/Homebrew/glib... (64B)
Removing: /Users/zach/Library/Logs/Homebrew/fontconfig... (146.8KB)
Removing: /Users/zach/Library/Logs/Homebrew/openssl@3... (64B)
Removing: /Users/zach/Library/Logs/Homebrew/ca-certificates... (64B)
Removing: /Users/zach/Library/Logs/Homebrew/unbound... (64B)
Removing: /Users/zach/Library/Logs/Homebrew/imgcat... (5 files, 15.3KB)
Removing: /Users/zach/Library/Logs/Homebrew/gnutls... (64B)
Pruned 0 symbolic links and 4 directories from /opt/homebrew
