neovim 0.9.4 is already installed but outdated (so it will be upgraded).
==> Downloading https://ghcr.io/v2/homebrew/core/neovim/manifests/0.10.0
==> Fetching dependencies for neovim: libuv, lpeg, luajit, luv, msgpack and tree-sitter
==> Downloading https://ghcr.io/v2/homebrew/core/libuv/manifests/1.48.0
==> Fetching libuv
==> Downloading https://ghcr.io/v2/homebrew/core/libuv/blobs/sha256:5106b72009a33f1d670f25cf5d32b6262b68e8e56f6c81ed44fe52dc51434b08
==> Downloading https://ghcr.io/v2/homebrew/core/lpeg/manifests/1.1.0-1
==> Fetching lpeg
==> Downloading https://ghcr.io/v2/homebrew/core/lpeg/blobs/sha256:032f19654879a0542eb5836fa19da7ae278fb1709375f4b17e8a24b219e54293
==> Downloading https://ghcr.io/v2/homebrew/core/luajit/manifests/2.1.1716656478
==> Fetching luajit
==> Downloading https://ghcr.io/v2/homebrew/core/luajit/blobs/sha256:f9b7e0eeff8586562c05c89ed36b85b120d8b5d3cb5bfa0e45ed4ff49650c710
==> Downloading https://ghcr.io/v2/homebrew/core/luv/manifests/1.48.0-2
==> Fetching luv
==> Downloading https://ghcr.io/v2/homebrew/core/luv/blobs/sha256:5b52e62605db4618b943a313b7dc27fa1ca4d606289f773a934d62aa841ce822
==> Downloading https://ghcr.io/v2/homebrew/core/msgpack/manifests/6.0.2
==> Fetching msgpack
==> Downloading https://ghcr.io/v2/homebrew/core/msgpack/blobs/sha256:a25d6e1381f812f45212ee16ab624dfc5b210a05f6d9ae4b77eeade014e16f87
==> Downloading https://ghcr.io/v2/homebrew/core/tree-sitter/manifests/0.22.6
==> Fetching tree-sitter
==> Downloading https://ghcr.io/v2/homebrew/core/tree-sitter/blobs/sha256:1f1136ed859849e34a77202ec68651b9b5500dd36c71f97fde4e1f417da0684f
==> Fetching neovim
==> Downloading https://ghcr.io/v2/homebrew/core/neovim/blobs/sha256:031b5ec26e73d2523c561bf54ffb9984012f6fd4a8610a41dbf73048713d2060
==> Upgrading neovim
  0.9.4 -> 0.10.0 
==> Installing dependencies for neovim: libuv, lpeg, luajit, luv, msgpack and tree-sitter
==> Installing neovim dependency: libuv
==> Downloading https://ghcr.io/v2/homebrew/core/libuv/manifests/1.48.0
Already downloaded: /Users/zach/Library/Caches/Homebrew/downloads/8ee1d27fb604f55e3c4415b96e34dc9c7f557996832c372d984c8162b29a4ad2--libuv-1.48.0.bottle_manifest.json
==> Pouring libuv--1.48.0.arm64_ventura.bottle.tar.gz
ðŸº  /opt/homebrew/Cellar/libuv/1.48.0: 20 files, 1.1MB
==> Installing neovim dependency: lpeg
==> Downloading https://ghcr.io/v2/homebrew/core/lpeg/manifests/1.1.0-1
Already downloaded: /Users/zach/Library/Caches/Homebrew/downloads/5906a2786f22dd74352335366e9b152ed78248ffa0b9aefb61209bbcdfb96581--lpeg-1.1.0-1.bottle_manifest.json
==> Pouring lpeg--1.1.0.arm64_ventura.bottle.1.tar.gz
ðŸº  /opt/homebrew/Cellar/lpeg/1.1.0: 14 files, 316.7KB
==> Installing neovim dependency: luajit
==> Downloading https://ghcr.io/v2/homebrew/core/luajit/manifests/2.1.1716656478
Already downloaded: /Users/zach/Library/Caches/Homebrew/downloads/d37332011cdf293bb21603780b921878f7921e0cf207aeac4379e2bae55d9a21--luajit-2.1.1716656478.bottle_manifest.json
==> Pouring luajit--2.1.1716656478.arm64_ventura.bottle.tar.gz
ðŸº  /opt/homebrew/Cellar/luajit/2.1.1716656478: 56 files, 2.1MB
==> Installing neovim dependency: luv
==> Downloading https://ghcr.io/v2/homebrew/core/luv/manifests/1.48.0-2
Already downloaded: /Users/zach/Library/Caches/Homebrew/downloads/35e34648f227188d25ae472d9d07df6a21b470ee9ff657b78ef9f23dd5d43fb4--luv-1.48.0-2.bottle_manifest.json
==> Pouring luv--1.48.0-2.arm64_ventura.bottle.tar.gz
ðŸº  /opt/homebrew/Cellar/luv/1.48.0-2: 16 files, 857.1KB
==> Installing neovim dependency: msgpack
==> Downloading https://ghcr.io/v2/homebrew/core/msgpack/manifests/6.0.2
Already downloaded: /Users/zach/Library/Caches/Homebrew/downloads/52b992d3b4c8e42f0e508961190bb15c544cf7c6937e81298543d9b9f84075d7--msgpack-6.0.2.bottle_manifest.json
==> Pouring msgpack--6.0.2.arm64_ventura.bottle.tar.gz
ðŸº  /opt/homebrew/Cellar/msgpack/6.0.2: 39 files, 206.8KB
==> Installing neovim dependency: tree-sitter
==> Downloading https://ghcr.io/v2/homebrew/core/tree-sitter/manifests/0.22.6
Already downloaded: /Users/zach/Library/Caches/Homebrew/downloads/fa4d0581ab677f1356d0a823bd9f3a56354b7b6b000554025542ae0f4a3b4fe5--tree-sitter-0.22.6.bottle_manifest.json
==> Pouring tree-sitter--0.22.6.arm64_ventura.bottle.tar.gz
ðŸº  /opt/homebrew/Cellar/tree-sitter/0.22.6: 15 files, 14.1MB
==> Installing neovim
==> Pouring neovim--0.10.0.arm64_ventura.bottle.tar.gz
ðŸº  /opt/homebrew/Cellar/neovim/0.10.0: 1,903 files, 32MB
==> Running `brew cleanup neovim`...
Disable this behaviour by setting HOMEBREW_NO_INSTALL_CLEANUP.
Hide these hints with HOMEBREW_NO_ENV_HINTS (see `man brew`).
Removing: /opt/homebrew/Cellar/neovim/0.9.4... (1,737 files, 26.5MB)
