$ python -m pip install --user jupyter

Collecting jupyter
  Downloading jupyter-1.1.1-py2.py3-none-any.whl.metadata (2.0 kB)
Collecting notebook (from jupyter)
  Downloading notebook-7.3.2-py3-none-any.whl.metadata (10 kB)
Collecting jupyter-console (from jupyter)
  Downloading jupyter_console-6.6.3-py3-none-any.whl.metadata (5.8 kB)
Collecting nbconvert (from jupyter)
  Downloading nbconvert-7.16.6-py3-none-any.whl.metadata (8.5 kB)
Collecting ipykernel (from jupyter)
  Downloading ipykernel-6.29.5-py3-none-any.whl.metadata (6.3 kB)
Collecting ipywidgets (from jupyter)
  Downloading ipywidgets-8.1.5-py3-none-any.whl.metadata (2.3 kB)
Collecting jupyterlab (from jupyter)
  Downloading jupyterlab-4.3.5-py3-none-any.whl.metadata (16 kB)
Collecting appnope (from ipykernel->jupyter)
  Downloading appnope-0.1.4-py2.py3-none-any.whl.metadata (908 bytes)
Collecting comm>=0.1.1 (from ipykernel->jupyter)
  Downloading comm-0.2.2-py3-none-any.whl.metadata (3.7 kB)
Collecting debugpy>=1.6.5 (from ipykernel->jupyter)
  Downloading debugpy-1.8.12-py2.py3-none-any.whl.metadata (1.3 kB)
Requirement already satisfied: ipython>=7.23.1 in /Users/zach/.local/lib/python3.12/site-packages (from ipykernel->jupyter) (8.19.0)
Collecting jupyter-client>=6.1.12 (from ipykernel->jupyter)
  Downloading jupyter_client-8.6.3-py3-none-any.whl.metadata (8.3 kB)
Collecting jupyter-core!=5.0.*,>=4.12 (from ipykernel->jupyter)
  Downloading jupyter_core-5.7.2-py3-none-any.whl.metadata (3.4 kB)
Requirement already satisfied: matplotlib-inline>=0.1 in /Users/zach/.local/lib/python3.12/site-packages (from ipykernel->jupyter) (0.1.6)
Collecting nest-asyncio (from ipykernel->jupyter)
  Downloading nest_asyncio-1.6.0-py3-none-any.whl.metadata (2.8 kB)
Requirement already satisfied: packaging in /Users/zach/.local/lib/python3.12/site-packages (from ipykernel->jupyter) (23.2)
Collecting psutil (from ipykernel->jupyter)
  Downloading psutil-7.0.0-cp36-abi3-macosx_11_0_arm64.whl.metadata (22 kB)
Collecting pyzmq>=24 (from ipykernel->jupyter)
  Downloading pyzmq-26.2.1-cp312-cp312-macosx_10_15_universal2.whl.metadata (6.2 kB)
Collecting tornado>=6.1 (from ipykernel->jupyter)
  Downloading tornado-6.4.2-cp38-abi3-macosx_10_9_universal2.whl.metadata (2.5 kB)
Requirement already satisfied: traitlets>=5.4.0 in /Users/zach/.local/lib/python3.12/site-packages (from ipykernel->jupyter) (5.14.1)
Collecting widgetsnbextension~=4.0.12 (from ipywidgets->jupyter)
  Downloading widgetsnbextension-4.0.13-py3-none-any.whl.metadata (1.6 kB)
Collecting jupyterlab-widgets~=3.0.12 (from ipywidgets->jupyter)
  Downloading jupyterlab_widgets-3.0.13-py3-none-any.whl.metadata (4.1 kB)
Requirement already satisfied: prompt-toolkit>=3.0.30 in /Users/zach/.local/lib/python3.12/site-packages (from jupyter-console->jupyter) (3.0.43)
Requirement already satisfied: pygments in /Users/zach/.local/lib/python3.12/site-packages (from jupyter-console->jupyter) (2.17.2)
Collecting async-lru>=1.0.0 (from jupyterlab->jupyter)
  Downloading async_lru-2.0.4-py3-none-any.whl.metadata (4.5 kB)
Collecting httpx>=0.25.0 (from jupyterlab->jupyter)
  Using cached httpx-0.28.1-py3-none-any.whl.metadata (7.1 kB)
Collecting jinja2>=3.0.3 (from jupyterlab->jupyter)
  Downloading jinja2-3.1.5-py3-none-any.whl.metadata (2.6 kB)
Collecting jupyter-lsp>=2.0.0 (from jupyterlab->jupyter)
  Downloading jupyter_lsp-2.2.5-py3-none-any.whl.metadata (1.8 kB)
Collecting jupyter-server<3,>=2.4.0 (from jupyterlab->jupyter)
  Downloading jupyter_server-2.15.0-py3-none-any.whl.metadata (8.4 kB)
Collecting jupyterlab-server<3,>=2.27.1 (from jupyterlab->jupyter)
  Downloading jupyterlab_server-2.27.3-py3-none-any.whl.metadata (5.9 kB)
Collecting notebook-shim>=0.2 (from jupyterlab->jupyter)
  Downloading notebook_shim-0.2.4-py3-none-any.whl.metadata (4.0 kB)
Collecting setuptools>=40.8.0 (from jupyterlab->jupyter)
  Downloading setuptools-75.8.0-py3-none-any.whl.metadata (6.7 kB)
Collecting beautifulsoup4 (from nbconvert->jupyter)
  Downloading beautifulsoup4-4.13.3-py3-none-any.whl.metadata (3.8 kB)
Collecting bleach!=5.0.0 (from bleach[css]!=5.0.0->nbconvert->jupyter)
  Using cached bleach-6.2.0-py3-none-any.whl.metadata (30 kB)
Collecting defusedxml (from nbconvert->jupyter)
  Using cached defusedxml-0.7.1-py2.py3-none-any.whl.metadata (32 kB)
Collecting jupyterlab-pygments (from nbconvert->jupyter)
  Downloading jupyterlab_pygments-0.3.0-py3-none-any.whl.metadata (4.4 kB)
Collecting markupsafe>=2.0 (from nbconvert->jupyter)
  Using cached MarkupSafe-3.0.2-cp312-cp312-macosx_11_0_arm64.whl.metadata (4.0 kB)
Collecting mistune<4,>=2.0.3 (from nbconvert->jupyter)
  Downloading mistune-3.1.1-py3-none-any.whl.metadata (1.7 kB)
Collecting nbclient>=0.5.0 (from nbconvert->jupyter)
  Downloading nbclient-0.10.2-py3-none-any.whl.metadata (8.3 kB)
Collecting nbformat>=5.7 (from nbconvert->jupyter)
  Downloading nbformat-5.10.4-py3-none-any.whl.metadata (3.6 kB)
Collecting pandocfilters>=1.4.1 (from nbconvert->jupyter)
  Downloading pandocfilters-1.5.1-py2.py3-none-any.whl.metadata (9.0 kB)
Collecting webencodings (from bleach!=5.0.0->bleach[css]!=5.0.0->nbconvert->jupyter)
  Using cached webencodings-0.5.1-py2.py3-none-any.whl.metadata (2.1 kB)
Collecting tinycss2<1.5,>=1.1.0 (from bleach[css]!=5.0.0->nbconvert->jupyter)
  Downloading tinycss2-1.4.0-py3-none-any.whl.metadata (3.0 kB)
Collecting anyio (from httpx>=0.25.0->jupyterlab->jupyter)
  Downloading anyio-4.8.0-py3-none-any.whl.metadata (4.6 kB)
Collecting certifi (from httpx>=0.25.0->jupyterlab->jupyter)
  Downloading certifi-2025.1.31-py3-none-any.whl.metadata (2.5 kB)
Collecting httpcore==1.* (from httpx>=0.25.0->jupyterlab->jupyter)
  Using cached httpcore-1.0.7-py3-none-any.whl.metadata (21 kB)
Collecting idna (from httpx>=0.25.0->jupyterlab->jupyter)
  Using cached idna-3.10-py3-none-any.whl.metadata (10 kB)
Collecting h11<0.15,>=0.13 (from httpcore==1.*->httpx>=0.25.0->jupyterlab->jupyter)
  Using cached h11-0.14.0-py3-none-any.whl.metadata (8.2 kB)
Requirement already satisfied: decorator in /Users/zach/.local/lib/python3.12/site-packages (from ipython>=7.23.1->ipykernel->jupyter) (5.1.1)
Requirement already satisfied: jedi>=0.16 in /Users/zach/.local/lib/python3.12/site-packages (from ipython>=7.23.1->ipykernel->jupyter) (0.19.1)
Requirement already satisfied: stack-data in /Users/zach/.local/lib/python3.12/site-packages (from ipython>=7.23.1->ipykernel->jupyter) (0.6.3)
Requirement already satisfied: pexpect>4.3 in /Users/zach/.local/lib/python3.12/site-packages (from ipython>=7.23.1->ipykernel->jupyter) (4.9.0)
Requirement already satisfied: python-dateutil>=2.8.2 in /Users/zach/.local/lib/python3.12/site-packages (from jupyter-client>=6.1.12->ipykernel->jupyter) (2.9.0.post0)
Requirement already satisfied: platformdirs>=2.5 in /Users/zach/.local/lib/python3.12/site-packages (from jupyter-core!=5.0.*,>=4.12->ipykernel->jupyter) (4.1.0)
Collecting argon2-cffi>=21.1 (from jupyter-server<3,>=2.4.0->jupyterlab->jupyter)
  Downloading argon2_cffi-23.1.0-py3-none-any.whl.metadata (5.2 kB)
Collecting jupyter-events>=0.11.0 (from jupyter-server<3,>=2.4.0->jupyterlab->jupyter)
  Downloading jupyter_events-0.12.0-py3-none-any.whl.metadata (5.8 kB)
Collecting jupyter-server-terminals>=0.4.4 (from jupyter-server<3,>=2.4.0->jupyterlab->jupyter)
  Downloading jupyter_server_terminals-0.5.3-py3-none-any.whl.metadata (5.6 kB)
Collecting overrides>=5.0 (from jupyter-server<3,>=2.4.0->jupyterlab->jupyter)
  Downloading overrides-7.7.0-py3-none-any.whl.metadata (5.8 kB)
Collecting prometheus-client>=0.9 (from jupyter-server<3,>=2.4.0->jupyterlab->jupyter)
  Downloading prometheus_client-0.21.1-py3-none-any.whl.metadata (1.8 kB)
Requirement already satisfied: send2trash>=1.8.2 in /Users/zach/.local/lib/python3.12/site-packages (from jupyter-server<3,>=2.4.0->jupyterlab->jupyter) (1.8.2)
Collecting terminado>=0.8.3 (from jupyter-server<3,>=2.4.0->jupyterlab->jupyter)
  Downloading terminado-0.18.1-py3-none-any.whl.metadata (5.8 kB)
Collecting websocket-client>=1.7 (from jupyter-server<3,>=2.4.0->jupyterlab->jupyter)
  Downloading websocket_client-1.8.0-py3-none-any.whl.metadata (8.0 kB)
Collecting babel>=2.10 (from jupyterlab-server<3,>=2.27.1->jupyterlab->jupyter)
  Downloading babel-2.17.0-py3-none-any.whl.metadata (2.0 kB)
Collecting json5>=0.9.0 (from jupyterlab-server<3,>=2.27.1->jupyterlab->jupyter)
  Using cached json5-0.10.0-py3-none-any.whl.metadata (34 kB)
Collecting jsonschema>=4.18.0 (from jupyterlab-server<3,>=2.27.1->jupyterlab->jupyter)
  Using cached jsonschema-4.23.0-py3-none-any.whl.metadata (7.9 kB)
Collecting requests>=2.31 (from jupyterlab-server<3,>=2.27.1->jupyterlab->jupyter)
  Using cached requests-2.32.3-py3-none-any.whl.metadata (4.6 kB)
Collecting fastjsonschema>=2.15 (from nbformat>=5.7->nbconvert->jupyter)
  Downloading fastjsonschema-2.21.1-py3-none-any.whl.metadata (2.2 kB)
Requirement already satisfied: wcwidth in /Users/zach/.local/lib/python3.12/site-packages (from prompt-toolkit>=3.0.30->jupyter-console->jupyter) (0.2.12)
Collecting soupsieve>1.2 (from beautifulsoup4->nbconvert->jupyter)
  Using cached soupsieve-2.6-py3-none-any.whl.metadata (4.6 kB)
Collecting typing-extensions>=4.0.0 (from beautifulsoup4->nbconvert->jupyter)
  Using cached typing_extensions-4.12.2-py3-none-any.whl.metadata (3.0 kB)
Collecting sniffio>=1.1 (from anyio->httpx>=0.25.0->jupyterlab->jupyter)
  Using cached sniffio-1.3.1-py3-none-any.whl.metadata (3.9 kB)
Collecting argon2-cffi-bindings (from argon2-cffi>=21.1->jupyter-server<3,>=2.4.0->jupyterlab->jupyter)
  Downloading argon2_cffi_bindings-21.2.0-cp38-abi3-macosx_10_9_universal2.whl.metadata (6.7 kB)
Requirement already satisfied: parso<0.9.0,>=0.8.3 in /Users/zach/.local/lib/python3.12/site-packages (from jedi>=0.16->ipython>=7.23.1->ipykernel->jupyter) (0.8.3)
Collecting attrs>=22.2.0 (from jsonschema>=4.18.0->jupyterlab-server<3,>=2.27.1->jupyterlab->jupyter)
  Downloading attrs-25.1.0-py3-none-any.whl.metadata (10 kB)
Collecting jsonschema-specifications>=2023.03.6 (from jsonschema>=4.18.0->jupyterlab-server<3,>=2.27.1->jupyterlab->jupyter)
  Using cached jsonschema_specifications-2024.10.1-py3-none-any.whl.metadata (3.0 kB)
Collecting referencing>=0.28.4 (from jsonschema>=4.18.0->jupyterlab-server<3,>=2.27.1->jupyterlab->jupyter)
  Downloading referencing-0.36.2-py3-none-any.whl.metadata (2.8 kB)
Collecting rpds-py>=0.7.1 (from jsonschema>=4.18.0->jupyterlab-server<3,>=2.27.1->jupyterlab->jupyter)
  Using cached rpds_py-0.22.3-cp312-cp312-macosx_11_0_arm64.whl.metadata (4.2 kB)
Collecting python-json-logger>=2.0.4 (from jupyter-events>=0.11.0->jupyter-server<3,>=2.4.0->jupyterlab->jupyter)
  Downloading python_json_logger-3.2.1-py3-none-any.whl.metadata (4.1 kB)
Collecting pyyaml>=5.3 (from jupyter-events>=0.11.0->jupyter-server<3,>=2.4.0->jupyterlab->jupyter)
  Using cached PyYAML-6.0.2-cp312-cp312-macosx_11_0_arm64.whl.metadata (2.1 kB)
Collecting rfc3339-validator (from jupyter-events>=0.11.0->jupyter-server<3,>=2.4.0->jupyterlab->jupyter)
  Downloading rfc3339_validator-0.1.4-py2.py3-none-any.whl.metadata (1.5 kB)
Collecting rfc3986-validator>=0.1.1 (from jupyter-events>=0.11.0->jupyter-server<3,>=2.4.0->jupyterlab->jupyter)
  Downloading rfc3986_validator-0.1.1-py2.py3-none-any.whl.metadata (1.7 kB)
Requirement already satisfied: ptyprocess>=0.5 in /Users/zach/.local/lib/python3.12/site-packages (from pexpect>4.3->ipython>=7.23.1->ipykernel->jupyter) (0.7.0)
Requirement already satisfied: six>=1.5 in /Users/zach/.local/lib/python3.12/site-packages (from python-dateutil>=2.8.2->jupyter-client>=6.1.12->ipykernel->jupyter) (1.16.0)
Collecting charset-normalizer<4,>=2 (from requests>=2.31->jupyterlab-server<3,>=2.27.1->jupyterlab->jupyter)
  Using cached charset_normalizer-3.4.1-cp312-cp312-macosx_10_13_universal2.whl.metadata (35 kB)
Collecting urllib3<3,>=1.21.1 (from requests>=2.31->jupyterlab-server<3,>=2.27.1->jupyterlab->jupyter)
  Using cached urllib3-2.3.0-py3-none-any.whl.metadata (6.5 kB)
Requirement already satisfied: executing>=1.2.0 in /Users/zach/.local/lib/python3.12/site-packages (from stack-data->ipython>=7.23.1->ipykernel->jupyter) (2.0.1)
Requirement already satisfied: asttokens>=2.1.0 in /Users/zach/.local/lib/python3.12/site-packages (from stack-data->ipython>=7.23.1->ipykernel->jupyter) (2.4.1)
Requirement already satisfied: pure-eval in /Users/zach/.local/lib/python3.12/site-packages (from stack-data->ipython>=7.23.1->ipykernel->jupyter) (0.2.2)
Collecting fqdn (from jsonschema[format-nongpl]>=4.18.0->jupyter-events>=0.11.0->jupyter-server<3,>=2.4.0->jupyterlab->jupyter)
  Downloading fqdn-1.5.1-py3-none-any.whl.metadata (1.4 kB)
Collecting isoduration (from jsonschema[format-nongpl]>=4.18.0->jupyter-events>=0.11.0->jupyter-server<3,>=2.4.0->jupyterlab->jupyter)
  Downloading isoduration-20.11.0-py3-none-any.whl.metadata (5.7 kB)
Collecting jsonpointer>1.13 (from jsonschema[format-nongpl]>=4.18.0->jupyter-events>=0.11.0->jupyter-server<3,>=2.4.0->jupyterlab->jupyter)
  Downloading jsonpointer-3.0.0-py2.py3-none-any.whl.metadata (2.3 kB)
Collecting uri-template (from jsonschema[format-nongpl]>=4.18.0->jupyter-events>=0.11.0->jupyter-server<3,>=2.4.0->jupyterlab->jupyter)
  Downloading uri_template-1.3.0-py3-none-any.whl.metadata (8.8 kB)
Collecting webcolors>=24.6.0 (from jsonschema[format-nongpl]>=4.18.0->jupyter-events>=0.11.0->jupyter-server<3,>=2.4.0->jupyterlab->jupyter)
  Downloading webcolors-24.11.1-py3-none-any.whl.metadata (2.2 kB)
Collecting cffi>=1.0.1 (from argon2-cffi-bindings->argon2-cffi>=21.1->jupyter-server<3,>=2.4.0->jupyterlab->jupyter)
  Using cached cffi-1.17.1-cp312-cp312-macosx_11_0_arm64.whl.metadata (1.5 kB)
Collecting pycparser (from cffi>=1.0.1->argon2-cffi-bindings->argon2-cffi>=21.1->jupyter-server<3,>=2.4.0->jupyterlab->jupyter)
  Using cached pycparser-2.22-py3-none-any.whl.metadata (943 bytes)
Collecting arrow>=0.15.0 (from isoduration->jsonschema[format-nongpl]>=4.18.0->jupyter-events>=0.11.0->jupyter-server<3,>=2.4.0->jupyterlab->jupyter)
  Downloading arrow-1.3.0-py3-none-any.whl.metadata (7.5 kB)
Collecting types-python-dateutil>=2.8.10 (from arrow>=0.15.0->isoduration->jsonschema[format-nongpl]>=4.18.0->jupyter-events>=0.11.0->jupyter-server<3,>=2.4.0->jupyterlab->jupyter)
  Downloading types_python_dateutil-2.9.0.20241206-py3-none-any.whl.metadata (2.1 kB)
Downloading jupyter-1.1.1-py2.py3-none-any.whl (2.7 kB)
Downloading ipykernel-6.29.5-py3-none-any.whl (117 kB)
   ━━━━━━━━━━━━━━━━━━━━━━━━━━━━━━━━━━━━━━━━ 117.2/117.2 kB 1.2 MB/s eta 0:00:00
Downloading ipywidgets-8.1.5-py3-none-any.whl (139 kB)
   ━━━━━━━━━━━━━━━━━━━━━━━━━━━━━━━━━━━━━━━━ 139.8/139.8 kB 6.1 MB/s eta 0:00:00
Downloading jupyter_console-6.6.3-py3-none-any.whl (24 kB)
Downloading jupyterlab-4.3.5-py3-none-any.whl (11.7 MB)
   ━━━━━━━━━━━━━━━━━━━━━━━━━━━━━━━━━━━━━━━━ 11.7/11.7 MB 20.1 MB/s eta 0:00:00
Downloading nbconvert-7.16.6-py3-none-any.whl (258 kB)
   ━━━━━━━━━━━━━━━━━━━━━━━━━━━━━━━━━━━━━━━━ 258.5/258.5 kB 16.6 MB/s eta 0:00:00
Downloading notebook-7.3.2-py3-none-any.whl (13.2 MB)
   ━━━━━━━━━━━━━━━━━━━━━━━━━━━━━━━━━━━━━━━━ 13.2/13.2 MB 30.4 MB/s eta 0:00:00
Downloading async_lru-2.0.4-py3-none-any.whl (6.1 kB)
Using cached bleach-6.2.0-py3-none-any.whl (163 kB)
Downloading comm-0.2.2-py3-none-any.whl (7.2 kB)
Downloading debugpy-1.8.12-py2.py3-none-any.whl (5.2 MB)
   ━━━━━━━━━━━━━━━━━━━━━━━━━━━━━━━━━━━━━━━━ 5.2/5.2 MB 25.0 MB/s eta 0:00:00
Using cached httpx-0.28.1-py3-none-any.whl (73 kB)
Using cached httpcore-1.0.7-py3-none-any.whl (78 kB)
Downloading jinja2-3.1.5-py3-none-any.whl (134 kB)
   ━━━━━━━━━━━━━━━━━━━━━━━━━━━━━━━━━━━━━━━━ 134.6/134.6 kB 18.0 MB/s eta 0:00:00
Downloading jupyter_client-8.6.3-py3-none-any.whl (106 kB)
   ━━━━━━━━━━━━━━━━━━━━━━━━━━━━━━━━━━━━━━━━ 106.1/106.1 kB 16.5 MB/s eta 0:00:00
Downloading jupyter_core-5.7.2-py3-none-any.whl (28 kB)
Downloading jupyter_lsp-2.2.5-py3-none-any.whl (69 kB)
   ━━━━━━━━━━━━━━━━━━━━━━━━━━━━━━━━━━━━━━━━ 69.1/69.1 kB 10.4 MB/s eta 0:00:00
Downloading jupyter_server-2.15.0-py3-none-any.whl (385 kB)
   ━━━━━━━━━━━━━━━━━━━━━━━━━━━━━━━━━━━━━━━━ 385.8/385.8 kB 27.5 MB/s eta 0:00:00
Downloading jupyterlab_server-2.27.3-py3-none-any.whl (59 kB)
   ━━━━━━━━━━━━━━━━━━━━━━━━━━━━━━━━━━━━━━━━ 59.7/59.7 kB 7.2 MB/s eta 0:00:00
Downloading jupyterlab_widgets-3.0.13-py3-none-any.whl (214 kB)
   ━━━━━━━━━━━━━━━━━━━━━━━━━━━━━━━━━━━━━━━━ 214.4/214.4 kB 7.7 MB/s eta 0:00:00
Using cached MarkupSafe-3.0.2-cp312-cp312-macosx_11_0_arm64.whl (12 kB)
Downloading mistune-3.1.1-py3-none-any.whl (53 kB)
   ━━━━━━━━━━━━━━━━━━━━━━━━━━━━━━━━━━━━━━━━ 53.7/53.7 kB 3.0 MB/s eta 0:00:00
Downloading nbclient-0.10.2-py3-none-any.whl (25 kB)
Downloading nbformat-5.10.4-py3-none-any.whl (78 kB)
   ━━━━━━━━━━━━━━━━━━━━━━━━━━━━━━━━━━━━━━━━ 78.5/78.5 kB 10.1 MB/s eta 0:00:00
Downloading notebook_shim-0.2.4-py3-none-any.whl (13 kB)
Downloading pandocfilters-1.5.1-py2.py3-none-any.whl (8.7 kB)
Downloading pyzmq-26.2.1-cp312-cp312-macosx_10_15_universal2.whl (1.3 MB)
   ━━━━━━━━━━━━━━━━━━━━━━━━━━━━━━━━━━━━━━━━ 1.3/1.3 MB 32.6 MB/s eta 0:00:00
Downloading setuptools-75.8.0-py3-none-any.whl (1.2 MB)
   ━━━━━━━━━━━━━━━━━━━━━━━━━━━━━━━━━━━━━━━━ 1.2/1.2 MB 30.0 MB/s eta 0:00:00
Downloading tornado-6.4.2-cp38-abi3-macosx_10_9_universal2.whl (436 kB)
   ━━━━━━━━━━━━━━━━━━━━━━━━━━━━━━━━━━━━━━━━ 436.3/436.3 kB 6.4 MB/s eta 0:00:00
Downloading widgetsnbextension-4.0.13-py3-none-any.whl (2.3 MB)
   ━━━━━━━━━━━━━━━━━━━━━━━━━━━━━━━━━━━━━━━━ 2.3/2.3 MB 19.2 MB/s eta 0:00:00
Downloading appnope-0.1.4-py2.py3-none-any.whl (4.3 kB)
Downloading beautifulsoup4-4.13.3-py3-none-any.whl (186 kB)
   ━━━━━━━━━━━━━━━━━━━━━━━━━━━━━━━━━━━━━━━━ 186.0/186.0 kB 23.5 MB/s eta 0:00:00
Using cached defusedxml-0.7.1-py2.py3-none-any.whl (25 kB)
Downloading jupyterlab_pygments-0.3.0-py3-none-any.whl (15 kB)
Downloading nest_asyncio-1.6.0-py3-none-any.whl (5.2 kB)
Downloading psutil-7.0.0-cp36-abi3-macosx_11_0_arm64.whl (239 kB)
   ━━━━━━━━━━━━━━━━━━━━━━━━━━━━━━━━━━━━━━━━ 239.5/239.5 kB 20.3 MB/s eta 0:00:00
Downloading anyio-4.8.0-py3-none-any.whl (96 kB)
   ━━━━━━━━━━━━━━━━━━━━━━━━━━━━━━━━━━━━━━━━ 96.0/96.0 kB 9.0 MB/s eta 0:00:00
Downloading argon2_cffi-23.1.0-py3-none-any.whl (15 kB)
Downloading babel-2.17.0-py3-none-any.whl (10.2 MB)
   ━━━━━━━━━━━━━━━━━━━━━━━━━━━━━━━━━━━━━━━━ 10.2/10.2 MB 36.1 MB/s eta 0:00:00
Downloading fastjsonschema-2.21.1-py3-none-any.whl (23 kB)
Using cached idna-3.10-py3-none-any.whl (70 kB)
Using cached json5-0.10.0-py3-none-any.whl (34 kB)
Using cached jsonschema-4.23.0-py3-none-any.whl (88 kB)
Downloading jupyter_events-0.12.0-py3-none-any.whl (19 kB)
Downloading jupyter_server_terminals-0.5.3-py3-none-any.whl (13 kB)
Downloading overrides-7.7.0-py3-none-any.whl (17 kB)
Downloading prometheus_client-0.21.1-py3-none-any.whl (54 kB)
   ━━━━━━━━━━━━━━━━━━━━━━━━━━━━━━━━━━━━━━━━ 54.7/54.7 kB 6.4 MB/s eta 0:00:00
Using cached requests-2.32.3-py3-none-any.whl (64 kB)
Downloading certifi-2025.1.31-py3-none-any.whl (166 kB)
   ━━━━━━━━━━━━━━━━━━━━━━━━━━━━━━━━━━━━━━━━ 166.4/166.4 kB 20.7 MB/s eta 0:00:00
Using cached soupsieve-2.6-py3-none-any.whl (36 kB)
Downloading terminado-0.18.1-py3-none-any.whl (14 kB)
Downloading tinycss2-1.4.0-py3-none-any.whl (26 kB)
Using cached typing_extensions-4.12.2-py3-none-any.whl (37 kB)
Using cached webencodings-0.5.1-py2.py3-none-any.whl (11 kB)
Downloading websocket_client-1.8.0-py3-none-any.whl (58 kB)
   ━━━━━━━━━━━━━━━━━━━━━━━━━━━━━━━━━━━━━━━━ 58.8/58.8 kB 6.4 MB/s eta 0:00:00
Downloading attrs-25.1.0-py3-none-any.whl (63 kB)
   ━━━━━━━━━━━━━━━━━━━━━━━━━━━━━━━━━━━━━━━━ 63.2/63.2 kB 5.3 MB/s eta 0:00:00
Using cached charset_normalizer-3.4.1-cp312-cp312-macosx_10_13_universal2.whl (196 kB)
Using cached h11-0.14.0-py3-none-any.whl (58 kB)
Using cached jsonschema_specifications-2024.10.1-py3-none-any.whl (18 kB)
Downloading python_json_logger-3.2.1-py3-none-any.whl (14 kB)
Using cached PyYAML-6.0.2-cp312-cp312-macosx_11_0_arm64.whl (173 kB)
Downloading referencing-0.36.2-py3-none-any.whl (26 kB)
Downloading rfc3986_validator-0.1.1-py2.py3-none-any.whl (4.2 kB)
Using cached rpds_py-0.22.3-cp312-cp312-macosx_11_0_arm64.whl (342 kB)
Using cached sniffio-1.3.1-py3-none-any.whl (10 kB)
Using cached urllib3-2.3.0-py3-none-any.whl (128 kB)
Downloading argon2_cffi_bindings-21.2.0-cp38-abi3-macosx_10_9_universal2.whl (53 kB)
   ━━━━━━━━━━━━━━━━━━━━━━━━━━━━━━━━━━━━━━━━ 53.1/53.1 kB 6.9 MB/s eta 0:00:00
Downloading rfc3339_validator-0.1.4-py2.py3-none-any.whl (3.5 kB)
Using cached cffi-1.17.1-cp312-cp312-macosx_11_0_arm64.whl (178 kB)
Downloading jsonpointer-3.0.0-py2.py3-none-any.whl (7.6 kB)
Downloading webcolors-24.11.1-py3-none-any.whl (14 kB)
Downloading fqdn-1.5.1-py3-none-any.whl (9.1 kB)
Downloading isoduration-20.11.0-py3-none-any.whl (11 kB)
Downloading uri_template-1.3.0-py3-none-any.whl (11 kB)
Downloading arrow-1.3.0-py3-none-any.whl (66 kB)
   ━━━━━━━━━━━━━━━━━━━━━━━━━━━━━━━━━━━━━━━━ 66.4/66.4 kB 6.4 MB/s eta 0:00:00
Using cached pycparser-2.22-py3-none-any.whl (117 kB)
Downloading types_python_dateutil-2.9.0.20241206-py3-none-any.whl (14 kB)
Installing collected packages: webencodings, fastjsonschema, widgetsnbextension, websocket-client, webcolors, urllib3, uri-template, typing-extensions, types-python-dateutil, tornado, tinycss2, soupsieve, sniffio, setuptools, rpds-py, rfc3986-validator, rfc3339-validator, pyzmq, pyyaml, python-json-logger, pycparser, psutil, prometheus-client, pandocfilters, overrides, nest-asyncio, mistune, markupsafe, jupyterlab-widgets, jupyterlab-pygments, jupyter-core, jsonpointer, json5, idna, h11, fqdn, defusedxml, debugpy, comm, charset-normalizer, certifi, bleach, babel, attrs, async-lru, appnope, terminado, requests, referencing, jupyter-client, jinja2, httpcore, cffi, beautifulsoup4, arrow, anyio, jupyter-server-terminals, jsonschema-specifications, isoduration, httpx, argon2-cffi-bindings, jsonschema, ipywidgets, ipykernel, argon2-cffi, nbformat, jupyter-console, nbclient, jupyter-events, nbconvert, jupyter-server, notebook-shim, jupyterlab-server, jupyter-lsp, jupyterlab, notebook, jupyter
Successfully installed anyio-4.8.0 appnope-0.1.4 argon2-cffi-23.1.0 argon2-cffi-bindings-21.2.0 arrow-1.3.0 async-lru-2.0.4 attrs-25.1.0 babel-2.17.0 beautifulsoup4-4.13.3 bleach-6.2.0 certifi-2025.1.31 cffi-1.17.1 charset-normalizer-3.4.1 comm-0.2.2 debugpy-1.8.12 defusedxml-0.7.1 fastjsonschema-2.21.1 fqdn-1.5.1 h11-0.14.0 httpcore-1.0.7 httpx-0.28.1 idna-3.10 ipykernel-6.29.5 ipywidgets-8.1.5 isoduration-20.11.0 jinja2-3.1.5 json5-0.10.0 jsonpointer-3.0.0 jsonschema-4.23.0 jsonschema-specifications-2024.10.1 jupyter-1.1.1 jupyter-client-8.6.3 jupyter-console-6.6.3 jupyter-core-5.7.2 jupyter-events-0.12.0 jupyter-lsp-2.2.5 jupyter-server-2.15.0 jupyter-server-terminals-0.5.3 jupyterlab-4.3.5 jupyterlab-pygments-0.3.0 jupyterlab-server-2.27.3 jupyterlab-widgets-3.0.13 markupsafe-3.0.2 mistune-3.1.1 nbclient-0.10.2 nbconvert-7.16.6 nbformat-5.10.4 nest-asyncio-1.6.0 notebook-7.3.2 notebook-shim-0.2.4 overrides-7.7.0 pandocfilters-1.5.1 prometheus-client-0.21.1 psutil-7.0.0 pycparser-2.22 python-json-logger-3.2.1 pyyaml-6.0.2 pyzmq-26.2.1 referencing-0.36.2 requests-2.32.3 rfc3339-validator-0.1.4 rfc3986-validator-0.1.1 rpds-py-0.22.3 setuptools-75.8.0 sniffio-1.3.1 soupsieve-2.6 terminado-0.18.1 tinycss2-1.4.0 tornado-6.4.2 types-python-dateutil-2.9.0.20241206 typing-extensions-4.12.2 uri-template-1.3.0 urllib3-2.3.0 webcolors-24.11.1 webencodings-0.5.1 websocket-client-1.8.0 widgetsnbextension-4.0.13
[notice] A new release of pip is available: 24.1 -> 25.0.1
[notice] To update, run: pip install --upgrade pip
