$ brew install --cask font-blex-mono-nerd-font

==> Downloading https://github.com/ryanoasis/nerd-fonts/releases/download/v3.3.0/IBMPlexMono.zip
==> Downloading from https://objects.githubusercontent.com/github-production-release-asset-2e65be/27574418/99442a08-0d74-4f6e-9297-54
############################################################################################################################## 100.0%
==> Installing Cask font-blex-mono-nerd-font
==> Moving Font 'BlexMonoNerdFont-Bold.ttf' to '/Users/zach/Library/Fonts/BlexMonoNerdFont-Bold.ttf'
==> Moving Font 'BlexMonoNerdFont-BoldItalic.ttf' to '/Users/zach/Library/Fonts/BlexMonoNerdFont-BoldItalic.ttf'
==> Moving Font 'BlexMonoNerdFont-ExtraLight.ttf' to '/Users/zach/Library/Fonts/BlexMonoNerdFont-ExtraLight.ttf'
==> Moving Font 'BlexMonoNerdFont-ExtraLightItalic.ttf' to '/Users/zach/Library/Fonts/BlexMonoNerdFont-ExtraLightItalic.ttf'
==> Moving Font 'BlexMonoNerdFont-Italic.ttf' to '/Users/zach/Library/Fonts/BlexMonoNerdFont-Italic.ttf'
==> Moving Font 'BlexMonoNerdFont-Light.ttf' to '/Users/zach/Library/Fonts/BlexMonoNerdFont-Light.ttf'
==> Moving Font 'BlexMonoNerdFont-LightItalic.ttf' to '/Users/zach/Library/Fonts/BlexMonoNerdFont-LightItalic.ttf'
==> Moving Font 'BlexMonoNerdFont-Medium.ttf' to '/Users/zach/Library/Fonts/BlexMonoNerdFont-Medium.ttf'
==> Moving Font 'BlexMonoNerdFont-MediumItalic.ttf' to '/Users/zach/Library/Fonts/BlexMonoNerdFont-MediumItalic.ttf'
==> Moving Font 'BlexMonoNerdFont-Regular.ttf' to '/Users/zach/Library/Fonts/BlexMonoNerdFont-Regular.ttf'
==> Moving Font 'BlexMonoNerdFont-SemiBold.ttf' to '/Users/zach/Library/Fonts/BlexMonoNerdFont-SemiBold.ttf'
==> Moving Font 'BlexMonoNerdFont-SemiBoldItalic.ttf' to '/Users/zach/Library/Fonts/BlexMonoNerdFont-SemiBoldItalic.ttf'
==> Moving Font 'BlexMonoNerdFont-Text.ttf' to '/Users/zach/Library/Fonts/BlexMonoNerdFont-Text.ttf'
==> Moving Font 'BlexMonoNerdFont-TextItalic.ttf' to '/Users/zach/Library/Fonts/BlexMonoNerdFont-TextItalic.ttf'
==> Moving Font 'BlexMonoNerdFont-Thin.ttf' to '/Users/zach/Library/Fonts/BlexMonoNerdFont-Thin.ttf'
==> Moving Font 'BlexMonoNerdFont-ThinItalic.ttf' to '/Users/zach/Library/Fonts/BlexMonoNerdFont-ThinItalic.ttf'
==> Moving Font 'BlexMonoNerdFontMono-Bold.ttf' to '/Users/zach/Library/Fonts/BlexMonoNerdFontMono-Bold.ttf'
==> Moving Font 'BlexMonoNerdFontMono-BoldItalic.ttf' to '/Users/zach/Library/Fonts/BlexMonoNerdFontMono-BoldItalic.ttf'
==> Moving Font 'BlexMonoNerdFontMono-ExtraLight.ttf' to '/Users/zach/Library/Fonts/BlexMonoNerdFontMono-ExtraLight.ttf'
==> Moving Font 'BlexMonoNerdFontMono-ExtraLightItalic.ttf' to '/Users/zach/Library/Fonts/BlexMonoNerdFontMono-ExtraLightItalic.ttf'
==> Moving Font 'BlexMonoNerdFontMono-Italic.ttf' to '/Users/zach/Library/Fonts/BlexMonoNerdFontMono-Italic.ttf'
==> Moving Font 'BlexMonoNerdFontMono-Light.ttf' to '/Users/zach/Library/Fonts/BlexMonoNerdFontMono-Light.ttf'
==> Moving Font 'BlexMonoNerdFontMono-LightItalic.ttf' to '/Users/zach/Library/Fonts/BlexMonoNerdFontMono-LightItalic.ttf'
==> Moving Font 'BlexMonoNerdFontMono-Medium.ttf' to '/Users/zach/Library/Fonts/BlexMonoNerdFontMono-Medium.ttf'
==> Moving Font 'BlexMonoNerdFontMono-MediumItalic.ttf' to '/Users/zach/Library/Fonts/BlexMonoNerdFontMono-MediumItalic.ttf'
==> Moving Font 'BlexMonoNerdFontMono-Regular.ttf' to '/Users/zach/Library/Fonts/BlexMonoNerdFontMono-Regular.ttf'
==> Moving Font 'BlexMonoNerdFontMono-SemiBold.ttf' to '/Users/zach/Library/Fonts/BlexMonoNerdFontMono-SemiBold.ttf'
==> Moving Font 'BlexMonoNerdFontMono-SemiBoldItalic.ttf' to '/Users/zach/Library/Fonts/BlexMonoNerdFontMono-SemiBoldItalic.ttf'
==> Moving Font 'BlexMonoNerdFontMono-Text.ttf' to '/Users/zach/Library/Fonts/BlexMonoNerdFontMono-Text.ttf'
==> Moving Font 'BlexMonoNerdFontMono-TextItalic.ttf' to '/Users/zach/Library/Fonts/BlexMonoNerdFontMono-TextItalic.ttf'
==> Moving Font 'BlexMonoNerdFontMono-Thin.ttf' to '/Users/zach/Library/Fonts/BlexMonoNerdFontMono-Thin.ttf'
==> Moving Font 'BlexMonoNerdFontMono-ThinItalic.ttf' to '/Users/zach/Library/Fonts/BlexMonoNerdFontMono-ThinItalic.ttf'
==> Moving Font 'BlexMonoNerdFontPropo-Bold.ttf' to '/Users/zach/Library/Fonts/BlexMonoNerdFontPropo-Bold.ttf'
==> Moving Font 'BlexMonoNerdFontPropo-BoldItalic.ttf' to '/Users/zach/Library/Fonts/BlexMonoNerdFontPropo-BoldItalic.ttf'
==> Moving Font 'BlexMonoNerdFontPropo-ExtraLight.ttf' to '/Users/zach/Library/Fonts/BlexMonoNerdFontPropo-ExtraLight.ttf'
==> Moving Font 'BlexMonoNerdFontPropo-ExtraLightItalic.ttf' to '/Users/zach/Library/Fonts/BlexMonoNerdFontPropo-ExtraLightItalic.ttf
==> Moving Font 'BlexMonoNerdFontPropo-Italic.ttf' to '/Users/zach/Library/Fonts/BlexMonoNerdFontPropo-Italic.ttf'
==> Moving Font 'BlexMonoNerdFontPropo-Light.ttf' to '/Users/zach/Library/Fonts/BlexMonoNerdFontPropo-Light.ttf'
==> Moving Font 'BlexMonoNerdFontPropo-LightItalic.ttf' to '/Users/zach/Library/Fonts/BlexMonoNerdFontPropo-LightItalic.ttf'
==> Moving Font 'BlexMonoNerdFontPropo-Medium.ttf' to '/Users/zach/Library/Fonts/BlexMonoNerdFontPropo-Medium.ttf'
==> Moving Font 'BlexMonoNerdFontPropo-MediumItalic.ttf' to '/Users/zach/Library/Fonts/BlexMonoNerdFontPropo-MediumItalic.ttf'
==> Moving Font 'BlexMonoNerdFontPropo-Regular.ttf' to '/Users/zach/Library/Fonts/BlexMonoNerdFontPropo-Regular.ttf'
==> Moving Font 'BlexMonoNerdFontPropo-SemiBold.ttf' to '/Users/zach/Library/Fonts/BlexMonoNerdFontPropo-SemiBold.ttf'
==> Moving Font 'BlexMonoNerdFontPropo-SemiBoldItalic.ttf' to '/Users/zach/Library/Fonts/BlexMonoNerdFontPropo-SemiBoldItalic.ttf'
==> Moving Font 'BlexMonoNerdFontPropo-Text.ttf' to '/Users/zach/Library/Fonts/BlexMonoNerdFontPropo-Text.ttf'
==> Moving Font 'BlexMonoNerdFontPropo-TextItalic.ttf' to '/Users/zach/Library/Fonts/BlexMonoNerdFontPropo-TextItalic.ttf'
==> Moving Font 'BlexMonoNerdFontPropo-Thin.ttf' to '/Users/zach/Library/Fonts/BlexMonoNerdFontPropo-Thin.ttf'
==> Moving Font 'BlexMonoNerdFontPropo-ThinItalic.ttf' to '/Users/zach/Library/Fonts/BlexMonoNerdFontPropo-ThinItalic.ttf'
🍺  font-blex-mono-nerd-font was successfully installed!
