$ brew install --cask font-jetbrains-mono-nerd-font

==> Downloading https://github.com/ryanoasis/nerd-fonts/releases/download/v3.3.0/JetBrainsMono.zip
==> Downloading from https://objects.githubusercontent.com/github-production-release-asset-2e65be/27574418/10f552c8-e291-4516-9bb6-23bc6012d3ce?X-A
############################################################################################################################################ 100.0%
==> Installing Cask font-jetbrains-mono-nerd-font
==> Moving Font 'JetBrainsMonoNLNerdFont-Bold.ttf' to '/Users/zach/Library/Fonts/JetBrainsMonoNLNerdFont-Bold.ttf'
==> Moving Font 'JetBrainsMonoNLNerdFont-BoldItalic.ttf' to '/Users/zach/Library/Fonts/JetBrainsMonoNLNerdFont-BoldItalic.ttf'
==> Moving Font 'JetBrainsMonoNLNerdFont-ExtraBold.ttf' to '/Users/zach/Library/Fonts/JetBrainsMonoNLNerdFont-ExtraBold.ttf'
==> Moving Font 'JetBrainsMonoNLNerdFont-ExtraBoldItalic.ttf' to '/Users/zach/Library/Fonts/JetBrainsMonoNLNerdFont-ExtraBoldItalic.ttf'
==> Moving Font 'JetBrainsMonoNLNerdFont-ExtraLight.ttf' to '/Users/zach/Library/Fonts/JetBrainsMonoNLNerdFont-ExtraLight.ttf'
==> Moving Font 'JetBrainsMonoNLNerdFont-ExtraLightItalic.ttf' to '/Users/zach/Library/Fonts/JetBrainsMonoNLNerdFont-ExtraLightItalic.ttf'
==> Moving Font 'JetBrainsMonoNLNerdFont-Italic.ttf' to '/Users/zach/Library/Fonts/JetBrainsMonoNLNerdFont-Italic.ttf'
==> Moving Font 'JetBrainsMonoNLNerdFont-Light.ttf' to '/Users/zach/Library/Fonts/JetBrainsMonoNLNerdFont-Light.ttf'
==> Moving Font 'JetBrainsMonoNLNerdFont-LightItalic.ttf' to '/Users/zach/Library/Fonts/JetBrainsMonoNLNerdFont-LightItalic.ttf'
==> Moving Font 'JetBrainsMonoNLNerdFont-Medium.ttf' to '/Users/zach/Library/Fonts/JetBrainsMonoNLNerdFont-Medium.ttf'
==> Moving Font 'JetBrainsMonoNLNerdFont-MediumItalic.ttf' to '/Users/zach/Library/Fonts/JetBrainsMonoNLNerdFont-MediumItalic.ttf'
==> Moving Font 'JetBrainsMonoNLNerdFont-Regular.ttf' to '/Users/zach/Library/Fonts/JetBrainsMonoNLNerdFont-Regular.ttf'
==> Moving Font 'JetBrainsMonoNLNerdFont-SemiBold.ttf' to '/Users/zach/Library/Fonts/JetBrainsMonoNLNerdFont-SemiBold.ttf'
==> Moving Font 'JetBrainsMonoNLNerdFont-SemiBoldItalic.ttf' to '/Users/zach/Library/Fonts/JetBrainsMonoNLNerdFont-SemiBoldItalic.ttf'
==> Moving Font 'JetBrainsMonoNLNerdFont-Thin.ttf' to '/Users/zach/Library/Fonts/JetBrainsMonoNLNerdFont-Thin.ttf'
==> Moving Font 'JetBrainsMonoNLNerdFont-ThinItalic.ttf' to '/Users/zach/Library/Fonts/JetBrainsMonoNLNerdFont-ThinItalic.ttf'
==> Moving Font 'JetBrainsMonoNLNerdFontMono-Bold.ttf' to '/Users/zach/Library/Fonts/JetBrainsMonoNLNerdFontMono-Bold.ttf'
==> Moving Font 'JetBrainsMonoNLNerdFontMono-BoldItalic.ttf' to '/Users/zach/Library/Fonts/JetBrainsMonoNLNerdFontMono-BoldItalic.ttf'
==> Moving Font 'JetBrainsMonoNLNerdFontMono-ExtraBold.ttf' to '/Users/zach/Library/Fonts/JetBrainsMonoNLNerdFontMono-ExtraBold.ttf'
==> Moving Font 'JetBrainsMonoNLNerdFontMono-ExtraBoldItalic.ttf' to '/Users/zach/Library/Fonts/JetBrainsMonoNLNerdFontMono-ExtraBoldItalic.ttf'
==> Moving Font 'JetBrainsMonoNLNerdFontMono-ExtraLight.ttf' to '/Users/zach/Library/Fonts/JetBrainsMonoNLNerdFontMono-ExtraLight.ttf'
==> Moving Font 'JetBrainsMonoNLNerdFontMono-ExtraLightItalic.ttf' to '/Users/zach/Library/Fonts/JetBrainsMonoNLNerdFontMono-ExtraLightItalic.ttf'
==> Moving Font 'JetBrainsMonoNLNerdFontMono-Italic.ttf' to '/Users/zach/Library/Fonts/JetBrainsMonoNLNerdFontMono-Italic.ttf'
==> Moving Font 'JetBrainsMonoNLNerdFontMono-Light.ttf' to '/Users/zach/Library/Fonts/JetBrainsMonoNLNerdFontMono-Light.ttf'
==> Moving Font 'JetBrainsMonoNLNerdFontMono-LightItalic.ttf' to '/Users/zach/Library/Fonts/JetBrainsMonoNLNerdFontMono-LightItalic.ttf'
==> Moving Font 'JetBrainsMonoNLNerdFontMono-Medium.ttf' to '/Users/zach/Library/Fonts/JetBrainsMonoNLNerdFontMono-Medium.ttf'
==> Moving Font 'JetBrainsMonoNLNerdFontMono-MediumItalic.ttf' to '/Users/zach/Library/Fonts/JetBrainsMonoNLNerdFontMono-MediumItalic.ttf'
==> Moving Font 'JetBrainsMonoNLNerdFontMono-Regular.ttf' to '/Users/zach/Library/Fonts/JetBrainsMonoNLNerdFontMono-Regular.ttf'
==> Moving Font 'JetBrainsMonoNLNerdFontMono-SemiBold.ttf' to '/Users/zach/Library/Fonts/JetBrainsMonoNLNerdFontMono-SemiBold.ttf'
==> Moving Font 'JetBrainsMonoNLNerdFontMono-SemiBoldItalic.ttf' to '/Users/zach/Library/Fonts/JetBrainsMonoNLNerdFontMono-SemiBoldItalic.ttf'
==> Moving Font 'JetBrainsMonoNLNerdFontMono-Thin.ttf' to '/Users/zach/Library/Fonts/JetBrainsMonoNLNerdFontMono-Thin.ttf'
==> Moving Font 'JetBrainsMonoNLNerdFontMono-ThinItalic.ttf' to '/Users/zach/Library/Fonts/JetBrainsMonoNLNerdFontMono-ThinItalic.ttf'
==> Moving Font 'JetBrainsMonoNLNerdFontPropo-Bold.ttf' to '/Users/zach/Library/Fonts/JetBrainsMonoNLNerdFontPropo-Bold.ttf'
==> Moving Font 'JetBrainsMonoNLNerdFontPropo-BoldItalic.ttf' to '/Users/zach/Library/Fonts/JetBrainsMonoNLNerdFontPropo-BoldItalic.ttf'
==> Moving Font 'JetBrainsMonoNLNerdFontPropo-ExtraBold.ttf' to '/Users/zach/Library/Fonts/JetBrainsMonoNLNerdFontPropo-ExtraBold.ttf'
==> Moving Font 'JetBrainsMonoNLNerdFontPropo-ExtraBoldItalic.ttf' to '/Users/zach/Library/Fonts/JetBrainsMonoNLNerdFontPropo-ExtraBoldItalic.ttf'
==> Moving Font 'JetBrainsMonoNLNerdFontPropo-ExtraLight.ttf' to '/Users/zach/Library/Fonts/JetBrainsMonoNLNerdFontPropo-ExtraLight.ttf'
==> Moving Font 'JetBrainsMonoNLNerdFontPropo-ExtraLightItalic.ttf' to '/Users/zach/Library/Fonts/JetBrainsMonoNLNerdFontPropo-ExtraLightItalic.ttf
==> Moving Font 'JetBrainsMonoNLNerdFontPropo-Italic.ttf' to '/Users/zach/Library/Fonts/JetBrainsMonoNLNerdFontPropo-Italic.ttf'
==> Moving Font 'JetBrainsMonoNLNerdFontPropo-Light.ttf' to '/Users/zach/Library/Fonts/JetBrainsMonoNLNerdFontPropo-Light.ttf'
==> Moving Font 'JetBrainsMonoNLNerdFontPropo-LightItalic.ttf' to '/Users/zach/Library/Fonts/JetBrainsMonoNLNerdFontPropo-LightItalic.ttf'
==> Moving Font 'JetBrainsMonoNLNerdFontPropo-Medium.ttf' to '/Users/zach/Library/Fonts/JetBrainsMonoNLNerdFontPropo-Medium.ttf'
==> Moving Font 'JetBrainsMonoNLNerdFontPropo-MediumItalic.ttf' to '/Users/zach/Library/Fonts/JetBrainsMonoNLNerdFontPropo-MediumItalic.ttf'
==> Moving Font 'JetBrainsMonoNLNerdFontPropo-Regular.ttf' to '/Users/zach/Library/Fonts/JetBrainsMonoNLNerdFontPropo-Regular.ttf'
==> Moving Font 'JetBrainsMonoNLNerdFontPropo-SemiBold.ttf' to '/Users/zach/Library/Fonts/JetBrainsMonoNLNerdFontPropo-SemiBold.ttf'
==> Moving Font 'JetBrainsMonoNLNerdFontPropo-SemiBoldItalic.ttf' to '/Users/zach/Library/Fonts/JetBrainsMonoNLNerdFontPropo-SemiBoldItalic.ttf'
==> Moving Font 'JetBrainsMonoNLNerdFontPropo-Thin.ttf' to '/Users/zach/Library/Fonts/JetBrainsMonoNLNerdFontPropo-Thin.ttf'
==> Moving Font 'JetBrainsMonoNLNerdFontPropo-ThinItalic.ttf' to '/Users/zach/Library/Fonts/JetBrainsMonoNLNerdFontPropo-ThinItalic.ttf'
==> Moving Font 'JetBrainsMonoNerdFont-Bold.ttf' to '/Users/zach/Library/Fonts/JetBrainsMonoNerdFont-Bold.ttf'
==> Moving Font 'JetBrainsMonoNerdFont-BoldItalic.ttf' to '/Users/zach/Library/Fonts/JetBrainsMonoNerdFont-BoldItalic.ttf'
==> Moving Font 'JetBrainsMonoNerdFont-ExtraBold.ttf' to '/Users/zach/Library/Fonts/JetBrainsMonoNerdFont-ExtraBold.ttf'
==> Moving Font 'JetBrainsMonoNerdFont-ExtraBoldItalic.ttf' to '/Users/zach/Library/Fonts/JetBrainsMonoNerdFont-ExtraBoldItalic.ttf'
==> Moving Font 'JetBrainsMonoNerdFont-ExtraLight.ttf' to '/Users/zach/Library/Fonts/JetBrainsMonoNerdFont-ExtraLight.ttf'
==> Moving Font 'JetBrainsMonoNerdFont-ExtraLightItalic.ttf' to '/Users/zach/Library/Fonts/JetBrainsMonoNerdFont-ExtraLightItalic.ttf'
==> Moving Font 'JetBrainsMonoNerdFont-Italic.ttf' to '/Users/zach/Library/Fonts/JetBrainsMonoNerdFont-Italic.ttf'
==> Moving Font 'JetBrainsMonoNerdFont-Light.ttf' to '/Users/zach/Library/Fonts/JetBrainsMonoNerdFont-Light.ttf'
==> Moving Font 'JetBrainsMonoNerdFont-LightItalic.ttf' to '/Users/zach/Library/Fonts/JetBrainsMonoNerdFont-LightItalic.ttf'
==> Moving Font 'JetBrainsMonoNerdFont-Medium.ttf' to '/Users/zach/Library/Fonts/JetBrainsMonoNerdFont-Medium.ttf'
==> Moving Font 'JetBrainsMonoNerdFont-MediumItalic.ttf' to '/Users/zach/Library/Fonts/JetBrainsMonoNerdFont-MediumItalic.ttf'
==> Moving Font 'JetBrainsMonoNerdFont-Regular.ttf' to '/Users/zach/Library/Fonts/JetBrainsMonoNerdFont-Regular.ttf'
==> Moving Font 'JetBrainsMonoNerdFont-SemiBold.ttf' to '/Users/zach/Library/Fonts/JetBrainsMonoNerdFont-SemiBold.ttf'
==> Moving Font 'JetBrainsMonoNerdFont-SemiBoldItalic.ttf' to '/Users/zach/Library/Fonts/JetBrainsMonoNerdFont-SemiBoldItalic.ttf'
==> Moving Font 'JetBrainsMonoNerdFont-Thin.ttf' to '/Users/zach/Library/Fonts/JetBrainsMonoNerdFont-Thin.ttf'
==> Moving Font 'JetBrainsMonoNerdFont-ThinItalic.ttf' to '/Users/zach/Library/Fonts/JetBrainsMonoNerdFont-ThinItalic.ttf'
==> Moving Font 'JetBrainsMonoNerdFontMono-Bold.ttf' to '/Users/zach/Library/Fonts/JetBrainsMonoNerdFontMono-Bold.ttf'
==> Moving Font 'JetBrainsMonoNerdFontMono-BoldItalic.ttf' to '/Users/zach/Library/Fonts/JetBrainsMonoNerdFontMono-BoldItalic.ttf'
==> Moving Font 'JetBrainsMonoNerdFontMono-ExtraBold.ttf' to '/Users/zach/Library/Fonts/JetBrainsMonoNerdFontMono-ExtraBold.ttf'
==> Moving Font 'JetBrainsMonoNerdFontMono-ExtraBoldItalic.ttf' to '/Users/zach/Library/Fonts/JetBrainsMonoNerdFontMono-ExtraBoldItalic.ttf'
==> Moving Font 'JetBrainsMonoNerdFontMono-ExtraLight.ttf' to '/Users/zach/Library/Fonts/JetBrainsMonoNerdFontMono-ExtraLight.ttf'
==> Moving Font 'JetBrainsMonoNerdFontMono-ExtraLightItalic.ttf' to '/Users/zach/Library/Fonts/JetBrainsMonoNerdFontMono-ExtraLightItalic.ttf'
==> Moving Font 'JetBrainsMonoNerdFontMono-Italic.ttf' to '/Users/zach/Library/Fonts/JetBrainsMonoNerdFontMono-Italic.ttf'
==> Moving Font 'JetBrainsMonoNerdFontMono-Light.ttf' to '/Users/zach/Library/Fonts/JetBrainsMonoNerdFontMono-Light.ttf'
==> Moving Font 'JetBrainsMonoNerdFontMono-LightItalic.ttf' to '/Users/zach/Library/Fonts/JetBrainsMonoNerdFontMono-LightItalic.ttf'
==> Moving Font 'JetBrainsMonoNerdFontMono-Medium.ttf' to '/Users/zach/Library/Fonts/JetBrainsMonoNerdFontMono-Medium.ttf'
==> Moving Font 'JetBrainsMonoNerdFontMono-MediumItalic.ttf' to '/Users/zach/Library/Fonts/JetBrainsMonoNerdFontMono-MediumItalic.ttf'
==> Moving Font 'JetBrainsMonoNerdFontMono-Regular.ttf' to '/Users/zach/Library/Fonts/JetBrainsMonoNerdFontMono-Regular.ttf'
==> Moving Font 'JetBrainsMonoNerdFontMono-SemiBold.ttf' to '/Users/zach/Library/Fonts/JetBrainsMonoNerdFontMono-SemiBold.ttf'
==> Moving Font 'JetBrainsMonoNerdFontMono-SemiBoldItalic.ttf' to '/Users/zach/Library/Fonts/JetBrainsMonoNerdFontMono-SemiBoldItalic.ttf'
==> Moving Font 'JetBrainsMonoNerdFontMono-Thin.ttf' to '/Users/zach/Library/Fonts/JetBrainsMonoNerdFontMono-Thin.ttf'
==> Moving Font 'JetBrainsMonoNerdFontMono-ThinItalic.ttf' to '/Users/zach/Library/Fonts/JetBrainsMonoNerdFontMono-ThinItalic.ttf'
==> Moving Font 'JetBrainsMonoNerdFontPropo-Bold.ttf' to '/Users/zach/Library/Fonts/JetBrainsMonoNerdFontPropo-Bold.ttf'
==> Moving Font 'JetBrainsMonoNerdFontPropo-BoldItalic.ttf' to '/Users/zach/Library/Fonts/JetBrainsMonoNerdFontPropo-BoldItalic.ttf'
==> Moving Font 'JetBrainsMonoNerdFontPropo-ExtraBold.ttf' to '/Users/zach/Library/Fonts/JetBrainsMonoNerdFontPropo-ExtraBold.ttf'
==> Moving Font 'JetBrainsMonoNerdFontPropo-ExtraBoldItalic.ttf' to '/Users/zach/Library/Fonts/JetBrainsMonoNerdFontPropo-ExtraBoldItalic.ttf'
==> Moving Font 'JetBrainsMonoNerdFontPropo-ExtraLight.ttf' to '/Users/zach/Library/Fonts/JetBrainsMonoNerdFontPropo-ExtraLight.ttf'
==> Moving Font 'JetBrainsMonoNerdFontPropo-ExtraLightItalic.ttf' to '/Users/zach/Library/Fonts/JetBrainsMonoNerdFontPropo-ExtraLightItalic.ttf'
==> Moving Font 'JetBrainsMonoNerdFontPropo-Italic.ttf' to '/Users/zach/Library/Fonts/JetBrainsMonoNerdFontPropo-Italic.ttf'
==> Moving Font 'JetBrainsMonoNerdFontPropo-Light.ttf' to '/Users/zach/Library/Fonts/JetBrainsMonoNerdFontPropo-Light.ttf'
==> Moving Font 'JetBrainsMonoNerdFontPropo-LightItalic.ttf' to '/Users/zach/Library/Fonts/JetBrainsMonoNerdFontPropo-LightItalic.ttf'
==> Moving Font 'JetBrainsMonoNerdFontPropo-Medium.ttf' to '/Users/zach/Library/Fonts/JetBrainsMonoNerdFontPropo-Medium.ttf'
==> Moving Font 'JetBrainsMonoNerdFontPropo-MediumItalic.ttf' to '/Users/zach/Library/Fonts/JetBrainsMonoNerdFontPropo-MediumItalic.ttf'
==> Moving Font 'JetBrainsMonoNerdFontPropo-Regular.ttf' to '/Users/zach/Library/Fonts/JetBrainsMonoNerdFontPropo-Regular.ttf'
==> Moving Font 'JetBrainsMonoNerdFontPropo-SemiBold.ttf' to '/Users/zach/Library/Fonts/JetBrainsMonoNerdFontPropo-SemiBold.ttf'
==> Moving Font 'JetBrainsMonoNerdFontPropo-SemiBoldItalic.ttf' to '/Users/zach/Library/Fonts/JetBrainsMonoNerdFontPropo-SemiBoldItalic.ttf'
==> Moving Font 'JetBrainsMonoNerdFontPropo-Thin.ttf' to '/Users/zach/Library/Fonts/JetBrainsMonoNerdFontPropo-Thin.ttf'
==> Moving Font 'JetBrainsMonoNerdFontPropo-ThinItalic.ttf' to '/Users/zach/Library/Fonts/JetBrainsMonoNerdFontPropo-ThinItalic.ttf'
🍺  font-jetbrains-mono-nerd-font was successfully installed!
