$ brew install --cask InCom-0/incom/incplot

==> Tapping incom-0/incom
Cloning into '/opt/homebrew/Library/Taps/incom-0/homebrew-incom'...
remote: Enumerating objects: 62, done.
remote: Counting objects: 100% (62/62), done.
remote: Compressing objects: 100% (35/35), done.
remote: Total 62 (delta 12), reused 62 (delta 12), pack-reused 0 (from 0)
Receiving objects: 100% (62/62), 14.16 KiB | 630.00 KiB/s, done.
Resolving deltas: 100% (12/12), done.
Tapped 1 cask (16 files, 25KB).
==> Downloading https://github.com/InCom-0/incplot/releases/download/v0.3.2/incplot_macos_arm64.tar.gz
==> Downloading from https://release-assets.githubusercontent.com/github-production-release-asset/977166767/77d866f6-39c9-430c-98c0-8fcc72a9cb76?sp=r&sv=2018-11-09&sr=b&spr=https&se=2026-02-03T03%3A21%3A32Z&rscd=attachment%3B+filename%3
##################################################################################################################################################################################################################################### 100.0%
==> Installing dependencies: isl, mpfr, libmpc, gcc
==> Fetching downloads for: isl, mpfr, libmpc and gcc
âœ”ï¸Ž Bottle Manifest isl (0.27)                                                                                                                                                                                     Downloaded   14.5KB/ 14.5KB
âœ”ï¸Ž Bottle Manifest libmpc (1.3.1)                                                                                                                                                                                 Downloaded   16.8KB/ 16.8KB
âœ”ï¸Ž Bottle Manifest mpfr (4.2.2)                                                                                                                                                                                   Downloaded   12.7KB/ 12.7KB
âœ”ï¸Ž Bottle Manifest gcc (15.2.0)                                                                                                                                                                                   Downloaded   23.4KB/ 23.4KB
âœ”ï¸Ž Bottle Manifest xz (5.8.2)                                                                                                                                                                                     Downloaded   11.8KB/ 11.8KB
âœ”ï¸Ž Bottle libmpc (1.3.1)                                                                                                                                                                                          Downloaded  146.4KB/146.4KB
âœ”ï¸Ž Bottle mpfr (4.2.2)                                                                                                                                                                                            Downloaded    1.1MB/  1.1MB
âœ”ï¸Ž Bottle xz (5.8.2)                                                                                                                                                                                              Downloaded  764.3KB/764.3KB
âœ”ï¸Ž Bottle isl (0.27)                                                                                                                                                                                              Downloaded    1.7MB/  1.7MB
âœ”ï¸Ž Bottle gcc (15.2.0)                                                                                                                                                                                            Downloaded  152.3MB/152.3MB
==> Installing isl
==> Pouring isl--0.27.arm64_tahoe.bottle.tar.gz

ðŸº  /opt/homebrew/Cellar/isl/0.27: 74 files, 8.0MB
==> Installing mpfr
==> Pouring mpfr--4.2.2.arm64_tahoe.bottle.tar.gz
ðŸº  /opt/homebrew/Cellar/mpfr/4.2.2: 31 files, 3.3MB
==> Installing libmpc
==> Pouring libmpc--1.3.1.arm64_tahoe.bottle.tar.gz
ðŸº  /opt/homebrew/Cellar/libmpc/1.3.1: 13 files, 502.7KB
==> Installing gcc dependency: xz
==> Pouring xz--5.8.2.arm64_tahoe.bottle.tar.gz
ðŸº  /opt/homebrew/Cellar/xz/5.8.2: 96 files, 2.7MB
==> Installing gcc
==> Pouring gcc--15.2.0.arm64_tahoe.bottle.1.tar.gz
ðŸº  /opt/homebrew/Cellar/gcc/15.2.0: 1,602 files, 460.7MB
==> Installing Cask incplot
==> Linking Binary 'incplot' to '/opt/homebrew/bin/incplot'
ðŸº  incplot was successfully installed!

$ brew uninstall incplot
==> Uninstalling Cask incplot
==> Unlinking Binary '/opt/homebrew/bin/incplot'
==> Purging files for version 0.3.2 of Cask incplot
==> Autoremoving 4 unneeded formulae:
gcc
isl
libmpc
mpfr
Uninstalling /opt/homebrew/Cellar/gcc/15.2.0... (1,602 files, 460.7MB)
Uninstalling /opt/homebrew/Cellar/isl/0.27... (74 files, 8.0MB)
Uninstalling /opt/homebrew/Cellar/libmpc/1.3.1... (13 files, 502.7KB)
Uninstalling /opt/homebrew/Cellar/mpfr/4.2.2... (31 files, 3.3MB)