$ brew install jless

==> Auto-updating Homebrew...
Adjust how often this is run with HOMEBREW_AUTO_UPDATE_SECS or disable with
HOMEBREW_NO_AUTO_UPDATE. Hide these hints with HOMEBREW_NO_ENV_HINTS (see `man brew`).
==> Auto-updated Homebrew!
Updated 2 taps (pls-rs/pls and jandedobbeleer/oh-my-posh).

You have 18 outdated formulae installed.

==> Downloading https://ghcr.io/v2/homebrew/core/jless/manifests/0.9.0
########################################################################################################################################################################################################### 100.0%
==> Fetching jless
==> Downloading https://ghcr.io/v2/homebrew/core/jless/blobs/sha256:5950521cf007e81591e09fb2f7f2b85e704609fa7cf9aa035125343e2fc7657e
########################################################################################################################################################################################################### 100.0%
==> Pouring jless--0.9.0.arm64_ventura.bottle.tar.gz
ðŸº  /opt/homebrew/Cellar/jless/0.9.0: 9 files, 2.9MB
==> Running `brew cleanup jless`...
Disable this behaviour by setting HOMEBREW_NO_INSTALL_CLEANUP.
Hide these hints with HOMEBREW_NO_ENV_HINTS (see `man brew`).
==> `brew cleanup` has not been run in the last 30 days, running now...
Disable this behaviour by setting HOMEBREW_NO_INSTALL_CLEANUP.
Hide these hints with HOMEBREW_NO_ENV_HINTS (see `man brew`).
Removing: /opt/homebrew/Cellar/aom/3.9.1... (24 files, 10MB)
Removing: /Users/zach/Library/Caches/Homebrew/aom_bottle_manifest--3.9.1... (21.7KB)
Removing: /Users/zach/Library/Caches/Homebrew/aom--3.9.1... (3.8MB)
Removing: /opt/homebrew/Cellar/ca-certificates/2024-03-11... (4 files, 232.3KB)
Removing: /Users/zach/Library/Caches/Homebrew/ca-certificates_bottle_manifest--2024-03-11... (1.8KB)
Removing: /opt/homebrew/Cellar/cairo/1.18.0... (52 files, 2.1MB)
Removing: /opt/homebrew/Cellar/certifi/2024.6.2... (27 files, 25.9KB)
Removing: /Users/zach/Library/Caches/Homebrew/certifi_bottle_manifest--2024.6.2... (8.6KB)
Removing: /opt/homebrew/Cellar/freetype/2.13.2... (67 files, 2.4MB)
Removing: /opt/homebrew/Cellar/frei0r/2.3.2... (154 files, 5.5MB)
Removing: /Users/zach/Library/Caches/Homebrew/glib--2.82.0... (8.5MB)
Removing: /opt/homebrew/Cellar/harfbuzz/8.5.0... (77 files, 9.7MB)
Removing: /Users/zach/Library/Caches/Homebrew/harfbuzz_bottle_manifest--8.5.0... (30.5KB)
Removing: /opt/homebrew/Cellar/imath/3.1.11... (50 files, 943KB)
Removing: /Users/zach/Library/Caches/Homebrew/imath_bottle_manifest--3.1.11... (7.5KB)
Removing: /Users/zach/Library/Caches/Homebrew/imath--3.1.11... (184.9KB)
Removing: /Users/zach/Library/Caches/Homebrew/jpeg-turbo--3.0.3... (1.1MB)
Removing: /opt/homebrew/Cellar/jpeg-xl/0.10.2... (63 files, 27.9MB)
Removing: /Users/zach/Library/Caches/Homebrew/jpeg-xl_bottle_manifest--0.10.2-1... (20.5KB)
Removing: /Users/zach/Library/Caches/Homebrew/libarchive--3.7.4... (1.5MB)
Removing: /opt/homebrew/Cellar/libass/0.17.2... (12 files, 1MB)
Removing: /Users/zach/Library/Caches/Homebrew/libass_bottle_manifest--0.17.2... (32KB)
Removing: /Users/zach/Library/Caches/Homebrew/libgit2_bottle_manifest--1.7.2... (10.2KB)
Removing: /opt/homebrew/Cellar/libnghttp2/1.61.0... (14 files, 807.3KB)
Removing: /Users/zach/Library/Caches/Homebrew/libnghttp2_bottle_manifest--1.61.0... (7.4KB)
Removing: /Users/zach/Library/Caches/Homebrew/libnghttp2--1.61.0... (224.2KB)
Removing: /opt/homebrew/Cellar/libpng/1.6.43... (28 files, 1.3MB)
Removing: /Users/zach/Library/Caches/Homebrew/libpng_bottle_manifest--1.6.43... (7.9KB)
Removing: /Users/zach/Library/Caches/Homebrew/libpng--1.6.43... (448.7KB)
Removing: /opt/homebrew/Cellar/libsodium/1.0.19... (77 files, 1MB)
Removing: /opt/homebrew/Cellar/libssh/0.10.6... (24 files, 1.3MB)
Removing: /Users/zach/Library/Caches/Homebrew/libssh_bottle_manifest--0.10.6... (9.3KB)
Removing: /Users/zach/Library/Caches/Homebrew/libvmaf_bottle_manifest--3.0.0... (7.5KB)
Removing: /Users/zach/Library/Caches/Homebrew/libvmaf--3.0.0... (1MB)
Removing: /opt/homebrew/Cellar/libx11/1.8.9... (1,043 files, 7.0MB)
Removing: /Users/zach/Library/Caches/Homebrew/libx11_bottle_manifest--1.8.9... (15KB)
Removing: /Users/zach/Library/Caches/Homebrew/libx11--1.8.9... (2.1MB)
Removing: /opt/homebrew/Cellar/lz4/1.9.4... (22 files, 680KB)
Removing: /opt/homebrew/Cellar/mbedtls/3.6.0... (199 files, 13.2MB)
Removing: /Users/zach/Library/Caches/Homebrew/mbedtls_bottle_manifest--3.6.0... (7.8KB)
Removing: /Users/zach/Library/Caches/Homebrew/mbedtls--3.6.0... (3.4MB)
Removing: /opt/homebrew/Cellar/mpg123/1.32.6... (34 files, 2.0MB)
Removing: /Users/zach/Library/Caches/Homebrew/mpg123_bottle_manifest--1.32.6... (7.9KB)
Removing: /opt/homebrew/Cellar/nettle/3.9.1... (94 files, 2.7MB)
Removing: /opt/homebrew/Cellar/openssl@3/3.3.1... (6,982 files, 32.5MB)
Removing: /Users/zach/Library/Caches/Homebrew/openssl@3_bottle_manifest--3.3.1... (9.2KB)
Removing: /Users/zach/Library/Caches/Homebrew/openssl@3--3.3.1... (9.5MB)
Removing: /opt/homebrew/Cellar/p11-kit/0.25.3... (28 files, 4.2MB)
Removing: /opt/homebrew/Cellar/readline/8.2.10... (51 files, 1.7MB)
Removing: /Users/zach/Library/Caches/Homebrew/readline_bottle_manifest--8.2.10... (8.0KB)
Removing: /opt/homebrew/Cellar/sdl2/2.30.4... (94 files, 6.5MB)
Removing: /Users/zach/Library/Caches/Homebrew/sdl2_bottle_manifest--2.30.4... (13.8KB)
Removing: /opt/homebrew/Cellar/sqlite/3.46.0... (12 files, 4.8MB)
Removing: /Users/zach/Library/Caches/Homebrew/sqlite_bottle_manifest--3.46.0... (8.5KB)
Removing: /opt/homebrew/Cellar/svt-av1/2.1.0... (25 files, 4.2MB)
Removing: /Users/zach/Library/Caches/Homebrew/svt-av1_bottle_manifest--2.1.0... (7.6KB)
Removing: /Users/zach/Library/Caches/Homebrew/tmux_bottle_manifest--3.4_1-1... (11.6KB)
Removing: /Users/zach/Library/Caches/Homebrew/tmux--3.4_1... (467.6KB)
Removing: /Users/zach/Library/Caches/Homebrew/tree-sitter--0.22.6... (5.0MB)
Removing: /opt/homebrew/Cellar/unbound/1.20.0... (59 files, 5.9MB)
Removing: /Users/zach/Library/Caches/Homebrew/unbound_bottle_manifest--1.20.0... (13.4KB)
Removing: /opt/homebrew/Cellar/xz/5.4.6... (164 files, 2.6MB)
Removing: /Users/zach/Library/Caches/Homebrew/xz_bottle_manifest--5.4.6... (7.5KB)
Removing: /Users/zach/Library/Caches/Homebrew/pls--0.0.1-beta.7.zip... (1.3MB)
Removing: /Users/zach/Library/Caches/Homebrew/zoxide--0.9.4... (473.0KB)
Pruned 0 symbolic links and 2 directories from /opt/homebrew
