$ brew install ghostty
Warning: No available formula with the name "ghostty". Did you mean gost?
==> Searching for similarly named formulae and casks...
==> Formulae
gost

To install gost, run:
  brew install gost

==> Casks
ghosttile

To install ghosttile, run:
  brew install --cask ghosttile

$ brew install ghostty
==> Downloading https://release.files.ghostty.org/1.0.0/Ghostty.dmg
##################################################################################################################################################################################################################################### 100.0%
==> Installing Cask ghostty
==> Moving App 'Ghostty.app' to '/Applications/Ghostty.app'
==> Linking Binary 'ghostty' to '/opt/homebrew/bin/ghostty'
==> Linking Binary 'ghostty.bash' to '/opt/homebrew/etc/bash_completion.d/ghostty'
==> Linking Binary 'ghostty.fish' to '/opt/homebrew/share/fish/vendor_completions.d/ghostty.fish'
==> Linking Binary '_ghostty' to '/opt/homebrew/share/zsh/site-functions/_ghostty'
==> Linking Manpage 'ghostty.1' to '/opt/homebrew/share/man/man1/ghostty.1'
==> Linking Manpage 'ghostty.5' to '/opt/homebrew/share/man/man5/ghostty.5'
ðŸº  ghostty was successfully installed!
==> `brew cleanup` has not been run in the last 30 days, running now...
Disable this behaviour by setting HOMEBREW_NO_INSTALL_CLEANUP.
Hide these hints with HOMEBREW_NO_ENV_HINTS (see `man brew`).
Removing: /opt/homebrew/Cellar/aom/3.10.0... (24 files, 10MB)
Removing: /Users/zach/Library/Caches/Homebrew/aom_bottle_manifest--3.10.0... (25.3KB)
Removing: /Users/zach/Library/Caches/Homebrew/aom--3.10.0... (3.9MB)
Removing: /Users/zach/Library/Caches/Homebrew/bat_bottle_manifest--0.24.0_1... (13.6KB)
Removing: /Users/zach/Library/Caches/Homebrew/bat--0.24.0_1... (2.2MB)
Removing: /Users/zach/Library/Caches/Homebrew/ca-certificates--2024-07-02... (129.1KB)
Removing: /Users/zach/Library/Caches/Homebrew/ca-certificates--2024-11-26... (133.8KB)
Removing: /opt/homebrew/Cellar/certifi/2024.8.30... (27 files, 25.9KB)
Removing: /Users/zach/Library/Caches/Homebrew/certifi_bottle_manifest--2024.8.30... (10KB)
Removing: /Users/zach/Library/Caches/Homebrew/certifi--2024.8.30... (5.0KB)
Removing: /Users/zach/Library/Caches/Homebrew/d2--0.6.6... (11.4MB)
Removing: /Users/zach/Library/Caches/Homebrew/dasel_bottle_manifest--2.8.1... (8.6KB)
Removing: /Users/zach/Library/Caches/Homebrew/dasel--2.8.1... (5.6MB)
Removing: /opt/homebrew/Cellar/dav1d/1.4.3... (16 files, 943.7KB)
Removing: /Users/zach/Library/Caches/Homebrew/difftastic--0.60.0... (9.7MB)
Removing: /Users/zach/Library/Caches/Homebrew/doggo--1.0.4... (3.6MB)
Removing: /Users/zach/Library/Caches/Homebrew/eza--0.20.13... (610.7KB)
Removing: /Users/zach/Library/Caches/Homebrew/ffmpeg--7.0.2_1... (20MB)
Removing: /Users/zach/Library/Caches/Homebrew/ffmpeg--7.1_3... (20.2MB)
Removing: /opt/homebrew/Cellar/fribidi/1.0.15... (68 files, 740KB)
Removing: /opt/homebrew/Cellar/gettext/0.22.5... (2,044 files, 24.4MB)
Removing: /Users/zach/Library/Caches/Homebrew/gh--2.57.0... (11.7MB)
Removing: /Users/zach/Library/Caches/Homebrew/git--2.46.1... (19.3MB)
Removing: /Users/zach/Library/Caches/Homebrew/git-delta--0.18.2... (3MB)
Removing: /opt/homebrew/Cellar/glib/2.82.0... (526 files, 36.5MB)
Removing: /Users/zach/Library/Caches/Homebrew/glib_bottle_manifest--2.82.0... (26.7KB)
Removing: /Users/zach/Library/Caches/Homebrew/glib_bottle_manifest--2.82.4... (22.2KB)
Removing: /Users/zach/Library/Caches/Homebrew/glib--2.82.4... (8.5MB)
Removing: /opt/homebrew/Cellar/harfbuzz/9.0.0... (77 files, 9.8MB)
Removing: /Users/zach/Library/Caches/Homebrew/harfbuzz_bottle_manifest--9.0.0... (35.5KB)
Removing: /Users/zach/Library/Caches/Homebrew/harfbuzz--9.0.0... (2.5MB)
Removing: /opt/homebrew/Cellar/icu4c/74.2... (271 files, 77.9MB)
Removing: /opt/homebrew/Cellar/jpeg-turbo/3.0.3... (45 files, 3.4MB)
Removing: /opt/homebrew/Cellar/jpeg-xl/0.11.0... (64 files, 31.9MB)
Removing: /Users/zach/Library/Caches/Homebrew/jpeg-xl_bottle_manifest--0.11.0... (20.8KB)
Removing: /Users/zach/Library/Caches/Homebrew/jpeg-xl--0.11.0... (13.2MB)
Removing: /opt/homebrew/Cellar/leptonica/1.84.1... (57 files, 7.0MB)
Removing: /opt/homebrew/Cellar/libarchive/3.7.4... (65 files, 3.8MB)
Removing: /opt/homebrew/Cellar/libnghttp2/1.63.0... (14 files, 805.2KB)
Removing: /Users/zach/Library/Caches/Homebrew/libnghttp2_bottle_manifest--1.63.0... (8.8KB)
Removing: /Users/zach/Library/Caches/Homebrew/libnghttp2--1.63.0... (223.4KB)
Removing: /opt/homebrew/Cellar/libpq/16.4... (2,384 files, 29.7MB)
Removing: /Users/zach/Library/Caches/Homebrew/libpq_bottle_manifest--16.4... (18.7KB)
Removing: /Users/zach/Library/Caches/Homebrew/libpq--16.4... (6.6MB)
Removing: /opt/homebrew/Cellar/libssh2/1.11.0_1... (197 files, 1.2MB)
Removing: /opt/homebrew/Cellar/libtiff/4.6.0... (414 files, 6.7MB)
Removing: /opt/homebrew/Cellar/libtool/2.4.7... (76 files, 3.8MB)
Removing: /Users/zach/Library/Caches/Homebrew/libtool_bottle_manifest--2.4.7-3... (11.4KB)
Removing: /Users/zach/Library/Caches/Homebrew/libtool--2.4.7... (1MB)
Removing: /opt/homebrew/Cellar/libunistring/1.2... (60 files, 5MB)
Removing: /opt/homebrew/Cellar/libuv/1.48.0... (20 files, 1.1MB)
Removing: /opt/homebrew/Cellar/libvpx/1.13.1... (20 files, 3.7MB)
Removing: /opt/homebrew/Cellar/libzip/1.11.1... (155 files, 915.4KB)
Removing: /Users/zach/Library/Caches/Homebrew/libzip_bottle_manifest--1.11.1... (10KB)
Removing: /Users/zach/Library/Caches/Homebrew/libzip--1.11.1... (138.5KB)
Removing: /opt/homebrew/Cellar/luajit/2.1.1700008891... (55 files, 2.1MB)
Removing: /opt/homebrew/Cellar/luajit/2.1.1716656478... (56 files, 2.1MB)
Removing: /opt/homebrew/Cellar/mbedtls/3.6.1... (200 files, 13.2MB)
Removing: /Users/zach/Library/Caches/Homebrew/mbedtls_bottle_manifest--3.6.1... (17.1KB)
Removing: /Users/zach/Library/Caches/Homebrew/mbedtls--3.6.1... (3.4MB)
Removing: /opt/homebrew/Cellar/mpg123/1.32.7... (34 files, 2.0MB)
Removing: /Users/zach/Library/Caches/Homebrew/mpg123_bottle_manifest--1.32.7... (9.7KB)
Removing: /Users/zach/Library/Caches/Homebrew/mpg123--1.32.7... (633.3KB)
Removing: /opt/homebrew/Cellar/msgpack/6.0.0... (38 files, 220.4KB)
Removing: /opt/homebrew/Cellar/msgpack/6.0.2... (39 files, 206.8KB)
Removing: /opt/homebrew/Cellar/openexr/3.2.4... (206 files, 7.9MB)
Removing: /opt/homebrew/Cellar/openldap/2.6.8... (342 files, 7.8MB)
Removing: /Users/zach/Library/Caches/Homebrew/openldap_bottle_manifest--2.6.8... (28.5KB)
Removing: /Users/zach/Library/Caches/Homebrew/openldap--2.6.8... (2.7MB)
Removing: /opt/homebrew/Cellar/openssl@3/3.3.2... (6,984 files, 32.5MB)
Removing: /Users/zach/Library/Caches/Homebrew/openssl@3_bottle_manifest--3.3.2... (13KB)
Removing: /Users/zach/Library/Caches/Homebrew/openssl@3--3.3.2... (9.6MB)
Removing: /opt/homebrew/Cellar/pixman/0.42.2... (11 files, 1.2MB)
Removing: /opt/homebrew/Cellar/pkg-config/0.29.2_3... (11 files, 676.2KB)
Removing: /Users/zach/Library/Caches/Homebrew/procs--0.14.6... (2.0MB)
Removing: /Users/zach/Library/Caches/Homebrew/python@3.12--3.12.6... (15.7MB)
Removing: /opt/homebrew/Cellar/rubberband/3.3.0... (13 files, 1.7MB)
Removing: /opt/homebrew/Cellar/sdl2/2.30.7... (94 files, 6.5MB)
Removing: /Users/zach/Library/Caches/Homebrew/sdl2_bottle_manifest--2.30.7... (15.6KB)
Removing: /Users/zach/Library/Caches/Homebrew/sdl2--2.30.7... (1.8MB)
Removing: /opt/homebrew/Cellar/sqlite/3.46.1... (12 files, 4.8MB)
Removing: /Users/zach/Library/Caches/Homebrew/sqlite_bottle_manifest--3.46.1... (11.2KB)
Removing: /Users/zach/Library/Caches/Homebrew/sqlite--3.46.1... (2.2MB)
Removing: /Users/zach/Library/Caches/Homebrew/svt-av1--2.2.1... (1.2MB)
Removing: /Users/zach/Library/Caches/Homebrew/task--3.1.0... (7.4MB)
Removing: /opt/homebrew/Cellar/tesseract/5.4.1... (75 files, 32.9MB)
Removing: /Users/zach/Library/Caches/Homebrew/tree-sitter--0.24.5... (5.4MB)
Removing: /opt/homebrew/Cellar/unbound/1.21.0... (59 files, 6.0MB)
Removing: /Users/zach/Library/Caches/Homebrew/unbound_bottle_manifest--1.21.0... (16.5KB)
Removing: /Users/zach/Library/Caches/Homebrew/unbound--1.21.0... (2.8MB)
Removing: /opt/homebrew/Cellar/unibilium/2.1.1... (63 files, 324.3KB)
Removing: /Users/zach/Library/Caches/Homebrew/x265--4.0_1... (3.6MB)
Removing: /opt/homebrew/Cellar/xz/5.6.2... (96 files, 1.9MB)
Removing: /Users/zach/Library/Caches/Homebrew/xz_bottle_manifest--5.6.2... (12KB)
Removing: /Users/zach/Library/Caches/Homebrew/xz--5.6.2... (569KB)
Removing: /Users/zach/Library/Caches/Homebrew/yq--4.44.3... (3.7MB)
Removing: /Users/zach/Library/Caches/Homebrew/zola_bottle_manifest--0.19.2... (8.7KB)
Removing: /Users/zach/Library/Caches/Homebrew/zola--0.19.2... (9.5MB)
==> Autoremoving 1 unneeded formula:
aspell
Uninstalling /opt/homebrew/Cellar/aspell/0.60.8.1_1... (768 files, 322.9MB)
Removing: /Users/zach/Library/Caches/Homebrew/z3--4.13.0... (12.3MB)
Removing: /Users/zach/Library/Caches/Homebrew/wget--1.24.5... (1.5MB)
Removing: /Users/zach/Library/Caches/Homebrew/llvm--18.1.8... (503.0MB)
Removing: /Users/zach/Library/Caches/Homebrew/portable-ruby-3.3.4_1.arm64_big_sur.bottle.tar.gz... (11.1MB)
Removing: /Users/zach/Library/Caches/Homebrew/rust--1.81.0... (90.1MB)
Pruned 0 symbolic links and 7 directories from /opt/homebrew
