python -m pip install ipython --user
Collecting ipython
  Obtaining dependency information for ipython from https://files.pythonhosted.org/packages/1d/c6/c29c0509ce3235fa392779db476396e7e5d0a9c854967fdf411f168187a5/ipython-8.19.0-py3-none-any.whl.metadata
  Downloading ipython-8.19.0-py3-none-any.whl.metadata (5.9 kB)
Collecting decorator (from ipython)
  Downloading decorator-5.1.1-py3-none-any.whl (9.1 kB)
Collecting jedi>=0.16 (from ipython)
  Obtaining dependency information for jedi>=0.16 from https://files.pythonhosted.org/packages/20/9f/bc63f0f0737ad7a60800bfd472a4836661adae21f9c2535f3957b1e54ceb/jedi-0.19.1-py2.py3-none-any.whl.metadata
  Downloading jedi-0.19.1-py2.py3-none-any.whl.metadata (22 kB)
Collecting matplotlib-inline (from ipython)
  Downloading matplotlib_inline-0.1.6-py3-none-any.whl (9.4 kB)
Collecting prompt-toolkit<3.1.0,>=3.0.41 (from ipython)
  Obtaining dependency information for prompt-toolkit<3.1.0,>=3.0.41 from https://files.pythonhosted.org/packages/ee/fd/ca7bf3869e7caa7a037e23078539467b433a4e01eebd93f77180ab927766/prompt_toolkit-3.0.43-py3-none-any.whl.metadata
  Downloading prompt_toolkit-3.0.43-py3-none-any.whl.metadata (6.5 kB)
Collecting pygments>=2.4.0 (from ipython)
  Obtaining dependency information for pygments>=2.4.0 from https://files.pythonhosted.org/packages/97/9c/372fef8377a6e340b1704768d20daaded98bf13282b5327beb2e2fe2c7ef/pygments-2.17.2-py3-none-any.whl.metadata
  Downloading pygments-2.17.2-py3-none-any.whl.metadata (2.6 kB)
Collecting stack-data (from ipython)
  Obtaining dependency information for stack-data from https://files.pythonhosted.org/packages/f1/7b/ce1eafaf1a76852e2ec9b22edecf1daa58175c090266e9f6c64afcd81d91/stack_data-0.6.3-py3-none-any.whl.metadata
  Downloading stack_data-0.6.3-py3-none-any.whl.metadata (18 kB)
Collecting traitlets>=5 (from ipython)
  Obtaining dependency information for traitlets>=5 from https://files.pythonhosted.org/packages/45/34/5dc77fdc7bb4bd198317eea5679edf9cc0a186438b5b19dbb9062fb0f4d5/traitlets-5.14.1-py3-none-any.whl.metadata
  Downloading traitlets-5.14.1-py3-none-any.whl.metadata (10 kB)
Collecting pexpect>4.3 (from ipython)
  Obtaining dependency information for pexpect>4.3 from https://files.pythonhosted.org/packages/9e/c3/059298687310d527a58bb01f3b1965787ee3b40dce76752eda8b44e9a2c5/pexpect-4.9.0-py2.py3-none-any.whl.metadata
  Downloading pexpect-4.9.0-py2.py3-none-any.whl.metadata (2.5 kB)
Collecting parso<0.9.0,>=0.8.3 (from jedi>=0.16->ipython)
  Downloading parso-0.8.3-py2.py3-none-any.whl (100 kB)
     ━━━━━━━━━━━━━━━━━━━━━━━━━━━━━━━━━━━━━━━━ 100.8/100.8 kB 3.7 MB/s eta 0:00:00
Collecting ptyprocess>=0.5 (from pexpect>4.3->ipython)
  Downloading ptyprocess-0.7.0-py2.py3-none-any.whl (13 kB)
Collecting wcwidth (from prompt-toolkit<3.1.0,>=3.0.41->ipython)
  Obtaining dependency information for wcwidth from https://files.pythonhosted.org/packages/31/b1/a59de0ad3aabb17523a39804f4c6df3ae87ead053a4e25362ae03d73d03a/wcwidth-0.2.12-py2.py3-none-any.whl.metadata
  Downloading wcwidth-0.2.12-py2.py3-none-any.whl.metadata (14 kB)
Collecting executing>=1.2.0 (from stack-data->ipython)
  Obtaining dependency information for executing>=1.2.0 from https://files.pythonhosted.org/packages/80/03/6ea8b1b2a5ab40a7a60dc464d3daa7aa546e0a74d74a9f8ff551ea7905db/executing-2.0.1-py2.py3-none-any.whl.metadata
  Downloading executing-2.0.1-py2.py3-none-any.whl.metadata (9.0 kB)
Collecting asttokens>=2.1.0 (from stack-data->ipython)
  Obtaining dependency information for asttokens>=2.1.0 from https://files.pythonhosted.org/packages/45/86/4736ac618d82a20d87d2f92ae19441ebc7ac9e7a581d7e58bbe79233b24a/asttokens-2.4.1-py2.py3-none-any.whl.metadata
  Downloading asttokens-2.4.1-py2.py3-none-any.whl.metadata (5.2 kB)
Collecting pure-eval (from stack-data->ipython)
  Downloading pure_eval-0.2.2-py3-none-any.whl (11 kB)
Collecting six>=1.12.0 (from asttokens>=2.1.0->stack-data->ipython)
  Downloading six-1.16.0-py2.py3-none-any.whl (11 kB)
Downloading ipython-8.19.0-py3-none-any.whl (808 kB)
   ━━━━━━━━━━━━━━━━━━━━━━━━━━━━━━━━━━━━━━━━ 808.9/808.9 kB 11.2 MB/s eta 0:00:00
Downloading jedi-0.19.1-py2.py3-none-any.whl (1.6 MB)
   ━━━━━━━━━━━━━━━━━━━━━━━━━━━━━━━━━━━━━━━━ 1.6/1.6 MB 18.2 MB/s eta 0:00:00
Downloading pexpect-4.9.0-py2.py3-none-any.whl (63 kB)
   ━━━━━━━━━━━━━━━━━━━━━━━━━━━━━━━━━━━━━━━━ 63.8/63.8 kB 5.7 MB/s eta 0:00:00
Downloading prompt_toolkit-3.0.43-py3-none-any.whl (386 kB)
   ━━━━━━━━━━━━━━━━━━━━━━━━━━━━━━━━━━━━━━━━ 386.1/386.1 kB 16.7 MB/s eta 0:00:00
Downloading pygments-2.17.2-py3-none-any.whl (1.2 MB)
   ━━━━━━━━━━━━━━━━━━━━━━━━━━━━━━━━━━━━━━━━ 1.2/1.2 MB 18.6 MB/s eta 0:00:00
Downloading traitlets-5.14.1-py3-none-any.whl (85 kB)
   ━━━━━━━━━━━━━━━━━━━━━━━━━━━━━━━━━━━━━━━━ 85.4/85.4 kB 9.7 MB/s eta 0:00:00
Downloading stack_data-0.6.3-py3-none-any.whl (24 kB)
Downloading asttokens-2.4.1-py2.py3-none-any.whl (27 kB)
Downloading executing-2.0.1-py2.py3-none-any.whl (24 kB)
Downloading wcwidth-0.2.12-py2.py3-none-any.whl (34 kB)
Installing collected packages: wcwidth, pure-eval, ptyprocess, traitlets, six, pygments, prompt-toolkit, pexpect, parso, executing, decorator, matplotlib-inline, jedi, asttokens, stack-data, ipython
Successfully installed asttokens-2.4.1 decorator-5.1.1 executing-2.0.1 ipython-8.19.0 jedi-0.19.1 matplotlib-inline-0.1.6 parso-0.8.3 pexpect-4.9.0 prompt-toolkit-3.0.43 ptyprocess-0.7.0 pure-eval-0.2.2 pygments-2.17.2 six-1.16.0 stack-data-0.6.3 traitlets-5.14.1 wcwidth-0.2.12

[notice] A new release of pip is available: 23.2.1 -> 23.3.2
[notice] To update, run: pip install --upgrade pip
