$ python -m pip install --user textual
Collecting textual
  Downloading textual-6.1.0-py3-none-any.whl.metadata (9.1 kB)
Requirement already satisfied: markdown-it-py>=2.1.0 in /Users/zach/.local/lib/python3.12/site-packages (from markdown-it-py[linkify,plugins]>=2.1.0->textual) (3.0.0)
Requirement already satisfied: platformdirs<5,>=3.6.0 in /Users/zach/.local/lib/python3.12/site-packages (from textual) (4.1.0)
Collecting pygments<3.0.0,>=2.19.2 (from textual)
  Downloading pygments-2.19.2-py3-none-any.whl.metadata (2.5 kB)
Requirement already satisfied: rich>=13.3.3 in /Users/zach/.local/lib/python3.12/site-packages (from textual) (13.7.1)
Requirement already satisfied: typing-extensions<5.0.0,>=4.4.0 in /Users/zach/.local/lib/python3.12/site-packages (from textual) (4.12.2)
Requirement already satisfied: mdurl~=0.1 in /Users/zach/.local/lib/python3.12/site-packages (from markdown-it-py>=2.1.0->markdown-it-py[linkify,plugins]>=2.1.0->textual) (0.1.2)
Collecting linkify-it-py<3,>=1 (from markdown-it-py[linkify,plugins]>=2.1.0->textual)
  Using cached linkify_it_py-2.0.3-py3-none-any.whl.metadata (8.5 kB)
Collecting mdit-py-plugins (from markdown-it-py[linkify,plugins]>=2.1.0->textual)
  Downloading mdit_py_plugins-0.5.0-py3-none-any.whl.metadata (2.8 kB)
Collecting uc-micro-py (from linkify-it-py<3,>=1->markdown-it-py[linkify,plugins]>=2.1.0->textual)
  Using cached uc_micro_py-1.0.3-py3-none-any.whl.metadata (2.0 kB)
Downloading textual-6.1.0-py3-none-any.whl (707 kB)
   ━━━━━━━━━━━━━━━━━━━━━━━━━━━━━━━━━━━━━━━━ 707.8/707.8 kB 8.7 MB/s eta 0:00:00
Downloading pygments-2.19.2-py3-none-any.whl (1.2 MB)
   ━━━━━━━━━━━━━━━━━━━━━━━━━━━━━━━━━━━━━━━━ 1.2/1.2 MB 23.5 MB/s eta 0:00:00
Using cached linkify_it_py-2.0.3-py3-none-any.whl (19 kB)
Downloading mdit_py_plugins-0.5.0-py3-none-any.whl (57 kB)
Using cached uc_micro_py-1.0.3-py3-none-any.whl (6.2 kB)
Installing collected packages: uc-micro-py, pygments, mdit-py-plugins, linkify-it-py, textual
  Attempting uninstall: pygments
    Found existing installation: Pygments 2.17.2
    Uninstalling Pygments-2.17.2:
      Successfully uninstalled Pygments-2.17.2
Successfully installed linkify-it-py-2.0.3 mdit-py-plugins-0.5.0 pygments-2.19.2 textual-6.1.0 uc-micro-py-1.0.3

[notice] A new release of pip is available: 25.1.1 -> 25.2
[notice] To update, run: pip install --upgrade pip
