$ python -m pip install aiohttp --user

Collecting aiohttp
  Downloading aiohttp-3.13.2-cp312-cp312-macosx_11_0_arm64.whl.metadata (8.1 kB)
Collecting aiohappyeyeballs>=2.5.0 (from aiohttp)
  Downloading aiohappyeyeballs-2.6.1-py3-none-any.whl.metadata (5.9 kB)
Collecting aiosignal>=1.4.0 (from aiohttp)
  Downloading aiosignal-1.4.0-py3-none-any.whl.metadata (3.7 kB)
Requirement already satisfied: attrs>=17.3.0 in /Users/zach/.local/lib/python3.12/site-packages (from aiohttp) (25.1.0)
Collecting frozenlist>=1.1.1 (from aiohttp)
  Downloading frozenlist-1.8.0-cp312-cp312-macosx_11_0_arm64.whl.metadata (20 kB)
Collecting multidict<7.0,>=4.5 (from aiohttp)
  Downloading multidict-6.7.0-cp312-cp312-macosx_11_0_arm64.whl.metadata (5.3 kB)
Collecting propcache>=0.2.0 (from aiohttp)
  Downloading propcache-0.4.1-cp312-cp312-macosx_11_0_arm64.whl.metadata (13 kB)
Collecting yarl<2.0,>=1.17.0 (from aiohttp)
  Downloading yarl-1.22.0-cp312-cp312-macosx_11_0_arm64.whl.metadata (75 kB)
Requirement already satisfied: idna>=2.0 in /Users/zach/.local/lib/python3.12/site-packages (from yarl<2.0,>=1.17.0->aiohttp) (3.10)
Requirement already satisfied: typing-extensions>=4.2 in /Users/zach/.local/lib/python3.12/site-packages (from aiosignal>=1.4.0->aiohttp) (4.12.2)
Downloading aiohttp-3.13.2-cp312-cp312-macosx_11_0_arm64.whl (491 kB)
Downloading multidict-6.7.0-cp312-cp312-macosx_11_0_arm64.whl (43 kB)
Downloading yarl-1.22.0-cp312-cp312-macosx_11_0_arm64.whl (94 kB)
Downloading aiohappyeyeballs-2.6.1-py3-none-any.whl (15 kB)
Downloading aiosignal-1.4.0-py3-none-any.whl (7.5 kB)
Downloading frozenlist-1.8.0-cp312-cp312-macosx_11_0_arm64.whl (50 kB)
Downloading propcache-0.4.1-cp312-cp312-macosx_11_0_arm64.whl (47 kB)
Installing collected packages: propcache, multidict, frozenlist, aiohappyeyeballs, yarl, aiosignal, aiohttp
Successfully installed aiohappyeyeballs-2.6.1 aiohttp-3.13.2 aiosignal-1.4.0 frozenlist-1.8.0 multidict-6.7.0 propcache-0.4.1 yarl-1.22.0
[notice] A new release of pip is available: 25.1.1 -> 25.3
[notice] To update, run: pip install --upgrade pip
