$ python --version

Python 3.12.1

$ python -m pip install --user pipx

Collecting pipx
  Obtaining dependency information for pipx from https://files.pythonhosted.org/packages/50/d7/fb84e703229a16c8e66bdb222f7c45117f743c8e25f61c0de1e3a5a4f96a/pipx-1.3.3-py3-none-any.whl.metadata
  Downloading pipx-1.3.3-py3-none-any.whl.metadata (17 kB)
Collecting argcomplete>=1.9.4 (from pipx)
  Obtaining dependency information for argcomplete>=1.9.4 from https://files.pythonhosted.org/packages/73/44/42ff5ee76b3881bebe226614c658df9423fe8ddd3d7967e6850b008f4899/argcomplete-3.2.1-py3-none-any.whl.metadata
  Downloading argcomplete-3.2.1-py3-none-any.whl.metadata (16 kB)
Collecting packaging>=20 (from pipx)
  Obtaining dependency information for packaging>=20 from https://files.pythonhosted.org/packages/ec/1a/610693ac4ee14fcdf2d9bf3c493370e4f2ef7ae2e19217d7a237ff42367d/packaging-23.2-py3-none-any.whl.metadata
  Downloading packaging-23.2-py3-none-any.whl.metadata (3.2 kB)
Collecting platformdirs>=2.1 (from pipx)
  Obtaining dependency information for platformdirs>=2.1 from https://files.pythonhosted.org/packages/be/53/42fe5eab4a09d251a76d0043e018172db324a23fcdac70f77a551c11f618/platformdirs-4.1.0-py3-none-any.whl.metadata
  Downloading platformdirs-4.1.0-py3-none-any.whl.metadata (11 kB)
Collecting userpath!=1.9.0,>=1.6 (from pipx)
  Obtaining dependency information for userpath!=1.9.0,>=1.6 from https://files.pythonhosted.org/packages/a2/28/20c7dcdb12681b2e12224184a8a158e5df51feb0c68116cb4b1b991a4aab/userpath-1.9.1-py3-none-any.whl.metadata
  Downloading userpath-1.9.1-py3-none-any.whl.metadata (3.0 kB)
Collecting click (from userpath!=1.9.0,>=1.6->pipx)
  Obtaining dependency information for click from https://files.pythonhosted.org/packages/00/2e/d53fa4befbf2cfa713304affc7ca780ce4fc1fd8710527771b58311a3229/click-8.1.7-py3-none-any.whl.metadata
  Downloading click-8.1.7-py3-none-any.whl.metadata (3.0 kB)
Downloading pipx-1.3.3-py3-none-any.whl (63 kB)
   ━━━━━━━━━━━━━━━━━━━━━━━━━━━━━━━━━━━━━━━━ 63.3/63.3 kB 3.2 MB/s eta 0:00:00
Downloading argcomplete-3.2.1-py3-none-any.whl (42 kB)
   ━━━━━━━━━━━━━━━━━━━━━━━━━━━━━━━━━━━━━━━━ 42.3/42.3 kB 6.8 MB/s eta 0:00:00
Downloading packaging-23.2-py3-none-any.whl (53 kB)
   ━━━━━━━━━━━━━━━━━━━━━━━━━━━━━━━━━━━━━━━━ 53.0/53.0 kB 8.6 MB/s eta 0:00:00
Downloading platformdirs-4.1.0-py3-none-any.whl (17 kB)
Downloading userpath-1.9.1-py3-none-any.whl (9.1 kB)
Downloading click-8.1.7-py3-none-any.whl (97 kB)
   ━━━━━━━━━━━━━━━━━━━━━━━━━━━━━━━━━━━━━━━━ 97.9/97.9 kB 10.6 MB/s eta 0:00:00
Installing collected packages: platformdirs, packaging, click, argcomplete, userpath, pipx
Successfully installed argcomplete-3.2.1 click-8.1.7 packaging-23.2 pipx-1.3.3 platformdirs-4.1.0 userpath-1.9.1

[notice] A new release of pip is available: 23.2.1 -> 23.3.2
[notice] To update, run: pip install --upgrade pip

