$ python -m pip install --user fastparquet

Collecting fastparquet
  Downloading fastparquet-2024.11.0-cp312-cp312-macosx_11_0_arm64.whl.metadata (4.2 kB)
Requirement already satisfied: pandas>=1.5.0 in /Users/zach/.local/lib/python3.12/site-packages (from fastparquet) (2.2.2)
Requirement already satisfied: numpy in /Users/zach/.local/lib/python3.12/site-packages (from fastparquet) (2.0.1)
Collecting cramjam>=2.3 (from fastparquet)
  Downloading cramjam-2.9.1-cp312-cp312-macosx_11_0_arm64.whl.metadata (4.9 kB)
Collecting fsspec (from fastparquet)
  Downloading fsspec-2025.2.0-py3-none-any.whl.metadata (11 kB)
Requirement already satisfied: packaging in /Users/zach/.local/lib/python3.12/site-packages (from fastparquet) (23.2)
Requirement already satisfied: python-dateutil>=2.8.2 in /Users/zach/.local/lib/python3.12/site-packages (from pandas>=1.5.0->fastparquet) (2.9.0.post0)
Requirement already satisfied: pytz>=2020.1 in /Users/zach/.local/lib/python3.12/site-packages (from pandas>=1.5.0->fastparquet) (2024.1)
Requirement already satisfied: tzdata>=2022.7 in /Users/zach/.local/lib/python3.12/site-packages (from pandas>=1.5.0->fastparquet) (2024.1)
Requirement already satisfied: six>=1.5 in /Users/zach/.local/lib/python3.12/site-packages (from python-dateutil>=2.8.2->pandas>=1.5.0->fastparquet) (1.16.0)
Downloading fastparquet-2024.11.0-cp312-cp312-macosx_11_0_arm64.whl (685 kB)
   ━━━━━━━━━━━━━━━━━━━━━━━━━━━━━━━━━━━━━━━━ 685.4/685.4 kB 2.1 MB/s eta 0:00:00
Downloading cramjam-2.9.1-cp312-cp312-macosx_11_0_arm64.whl (1.9 MB)
   ━━━━━━━━━━━━━━━━━━━━━━━━━━━━━━━━━━━━━━━━ 1.9/1.9 MB 3.6 MB/s eta 0:00:00
Downloading fsspec-2025.2.0-py3-none-any.whl (184 kB)
   ━━━━━━━━━━━━━━━━━━━━━━━━━━━━━━━━━━━━━━━━ 184.5/184.5 kB 6.4 MB/s eta 0:00:00
Installing collected packages: fsspec, cramjam, fastparquet
Successfully installed cramjam-2.9.1 fastparquet-2024.11.0 fsspec-2025.2.0
[notice] A new release of pip is available: 24.1 -> 25.0.1
[notice] To update, run: pip install --upgrade pip
