$ python -m pip install --user pandas

Collecting pandas
  Downloading pandas-2.2.2-cp312-cp312-macosx_11_0_arm64.whl.metadata (19 kB)
Collecting numpy>=1.26.0 (from pandas)
  Downloading numpy-2.0.1-cp312-cp312-macosx_11_0_arm64.whl.metadata (114 kB)
     ━━━━━━━━━━━━━━━━━━━━━━━━━━━━━━━━━━━━━━━━ 114.5/114.5 kB 3.6 MB/s eta 0:00:00
Collecting python-dateutil>=2.8.2 (from pandas)
  Using cached python_dateutil-2.9.0.post0-py2.py3-none-any.whl.metadata (8.4 kB)
Collecting pytz>=2020.1 (from pandas)
  Using cached pytz-2024.1-py2.py3-none-any.whl.metadata (22 kB)
Collecting tzdata>=2022.7 (from pandas)
  Downloading tzdata-2024.1-py2.py3-none-any.whl.metadata (1.4 kB)
Requirement already satisfied: six>=1.5 in /Users/zach/.local/lib/python3.12/site-packages (from python-dateutil>=2.8.2->pandas) (1.16.0)
Downloading pandas-2.2.2-cp312-cp312-macosx_11_0_arm64.whl (11.3 MB)
   ━━━━━━━━━━━━━━━━━━━━━━━━━━━━━━━━━━━━━━━━ 11.3/11.3 MB 36.7 MB/s eta 0:00:00
Downloading numpy-2.0.1-cp312-cp312-macosx_11_0_arm64.whl (13.1 MB)
   ━━━━━━━━━━━━━━━━━━━━━━━━━━━━━━━━━━━━━━━━ 13.1/13.1 MB 24.0 MB/s eta 0:00:00
Using cached python_dateutil-2.9.0.post0-py2.py3-none-any.whl (229 kB)
Using cached pytz-2024.1-py2.py3-none-any.whl (505 kB)
Downloading tzdata-2024.1-py2.py3-none-any.whl (345 kB)
   ━━━━━━━━━━━━━━━━━━━━━━━━━━━━━━━━━━━━━━━━ 345.4/345.4 kB 20.3 MB/s eta 0:00:00
Installing collected packages: pytz, tzdata, python-dateutil, numpy, pandas
Successfully installed numpy-2.0.1 pandas-2.2.2 python-dateutil-2.9.0.post0 pytz-2024.1 tzdata-2024.1

[notice] A new release of pip is available: 24.1 -> 24.1.2
[notice] To update, run: pip install --upgrade pip
