$ python -m pip install --user polars

Collecting polars
  Downloading polars-1.3.0-cp38-abi3-macosx_11_0_arm64.whl.metadata (14 kB)
Downloading polars-1.3.0-cp38-abi3-macosx_11_0_arm64.whl (26.2 MB)
   ━━━━━━━━━━━━━━━━━━━━━━━━━━━━━━━━━━━━━━━━ 26.2/26.2 MB 23.1 MB/s eta 0:00:00
Installing collected packages: polars
Successfully installed polars-1.3.0

[notice] A new release of pip is available: 24.1 -> 24.1.2
[notice] To update, run: pip install --upgrade pip

$ python -m pip install --upgrade polars

Requirement already satisfied: polars in /Users/zach/.local/lib/python3.12/site-packages (1.3.0)
Collecting polars
  Downloading polars-1.6.0-cp38-abi3-macosx_11_0_arm64.whl.metadata (14 kB)
Downloading polars-1.6.0-cp38-abi3-macosx_11_0_arm64.whl (26.8 MB)
   ━━━━━━━━━━━━━━━━━━━━━━━━━━━━━━━━━━━━━━━━ 26.8/26.8 MB 14.5 MB/s eta 0:00:00
Installing collected packages: polars
  Attempting uninstall: polars
    Found existing installation: polars 1.3.0
    Uninstalling polars-1.3.0:
      Successfully uninstalled polars-1.3.0
Successfully installed polars-1.6.0

[notice] A new release of pip is available: 24.1 -> 24.2
[notice] To update, run: pip install --upgrade pip
