$ cargo install deff

   Updating crates.io index
  Downloaded deff v0.3.0
  Downloaded 1 crate (954.6KiB) in 0.69s
  Installing deff v0.3.0
    Updating crates.io index
     Locking 123 packages to latest compatible versions
      Adding crossterm v0.28.1 (available: v0.29.0)
      Adding ratatui v0.29.0 (available: v0.30.0)
      Adding unicode-width v0.2.0 (available: v0.2.2)
  Downloaded num-conv v0.2.2
  Downloaded quick-xml v0.39.4
  Downloaded plist v1.9.0
  Downloaded hashbrown v0.17.1
  Downloaded 4 crates (421.7KiB) in 0.79s
   Compiling proc-macro2 v1.0.106
   Compiling unicode-ident v1.0.24
   Compiling quote v1.0.45
   Compiling libc v0.2.186
   Compiling memchr v2.8.0
   Compiling cfg-if v1.0.4
   Compiling rustversion v1.0.22
   Compiling serde_core v1.0.228
   Compiling itoa v1.0.18
   Compiling equivalent v1.0.2
   Compiling heck v0.5.0
   Compiling signal-hook v0.3.18
   Compiling ident_case v1.0.1
   Compiling serde v1.0.228
   Compiling parking_lot_core v0.9.12
   Compiling strsim v0.11.1
   Compiling aho-corasick v1.1.4
   Compiling errno v0.3.14
   Compiling signal-hook-registry v1.4.8
   Compiling rustix v0.38.44
   Compiling scopeguard v1.2.0
   Compiling zmij v1.0.21
   Compiling regex-syntax v0.8.10
   Compiling utf8parse v0.2.2
   Compiling powerfmt v0.2.0
   Compiling smallvec v1.15.1
   Compiling syn v2.0.117
   Compiling log v0.4.29
   Compiling crc32fast v1.5.0
   Compiling mio v1.2.0
   Compiling deranged v0.5.8
   Compiling anstyle-parse v1.0.0
   Compiling lock_api v0.4.14
   Compiling time-core v0.1.8
   Compiling instability v0.3.12
   Compiling paste v1.0.15
   Compiling is_terminal_polyfill v1.70.2
   Compiling bitflags v2.11.1
   Compiling colorchoice v1.0.5
   Compiling num-conv v0.2.2
   Compiling hashbrown v0.17.1
   Compiling allocator-api2 v0.2.21
   Compiling foldhash v0.1.5
   Compiling bit-vec v0.8.0
   Compiling either v1.15.0
   Compiling anstyle-query v1.1.5
   Compiling thiserror v2.0.18
   Compiling serde_json v1.0.149
   Compiling adler2 v2.0.1
   Compiling regex-automata v0.4.14
   Compiling anstyle v1.0.14
   Compiling simd-adler32 v0.3.9
   Compiling indexmap v2.14.0
   Compiling anstream v1.0.0
   Compiling miniz_oxide v0.8.9
   Compiling itertools v0.13.0
   Compiling darling_core v0.23.0
   Compiling bit-set v0.8.0
   Compiling hashbrown v0.15.5
   Compiling time v0.3.47
   Compiling parking_lot v0.12.5
   Compiling strum_macros v0.26.4
   Compiling thiserror-impl v2.0.18
   Compiling darling_macro v0.23.0
   Compiling signal-hook-mio v0.2.5
   Compiling castaway v0.2.4
   Compiling quick-xml v0.39.4
   Compiling unicode-width v0.1.14
   Compiling darling v0.23.0
   Compiling clap_lex v1.1.0
   Compiling unicode-segmentation v1.13.2
   Compiling anyhow v1.0.102
   Compiling static_assertions v1.1.0
   Compiling ryu v1.0.23
   Compiling same-file v1.0.6
   Compiling base64 v0.22.1
   Compiling indoc v2.0.7
   Compiling linked-hash-map v0.5.6
   Compiling yaml-rust v0.4.5
   Compiling clap_builder v4.6.0
   Compiling plist v1.9.0
   Compiling walkdir v2.5.0
   Compiling strum v0.26.3
   Compiling unicode-truncate v1.1.0
   Compiling compact_str v0.8.1
   Compiling flate2 v1.1.9
   Compiling crossterm v0.28.1
   Compiling fancy-regex v0.16.2
   Compiling serde_derive v1.0.228
   Compiling clap_derive v4.6.1
   Compiling lru v0.12.5
   Compiling bincode v1.3.3
   Compiling deff v0.3.0
   Compiling once_cell v1.21.4
   Compiling cassowary v0.3.0
   Compiling fnv v1.0.7
   Compiling unicode-width v0.2.0
   Compiling ratatui v0.29.0
   Compiling clap v4.6.1
   Compiling syntect v5.3.0
   Compiling regex v1.12.3
    Finished `release` profile [optimized] target(s) in 22.63s
  Installing /Users/zach/.cargo/bin/deff
   Installed package `deff v0.3.0` (executable `deff`)
