$ cargo install oyo

    Updating crates.io index
  Downloaded oyo v0.1.23
  Downloaded 1 crate (229.3KiB) in 0.28s
  Installing oyo v0.1.23
    Updating crates.io index
     Locking 169 packages to latest compatible versions
      Adding crossterm v0.28.1 (available: v0.29.0)
      Adding dirs v5.0.1 (available: v6.0.0)
      Adding ratatui v0.29.0 (available: v0.30.0)
      Adding toml v0.8.23 (available: v0.9.11+spec-1.1.0)
      Adding unicode-width v0.1.14 (available: v0.2.2)
      Adding unicode-width v0.2.0 (available: v0.2.2)
  Downloaded oyo-core v0.1.23
  Downloaded similar v2.7.0
  Downloaded two-face v0.5.1
  Downloaded 3 crates (3.5MiB) in 0.69s (largest was `two-face` at 3.4MiB)
   Compiling proc-macro2 v1.0.105
   Compiling unicode-ident v1.0.22
   Compiling quote v1.0.43
   Compiling libc v0.2.180
   Compiling serde_core v1.0.228
   Compiling serde v1.0.228
   Compiling cfg-if v1.0.4
   Compiling equivalent v1.0.2
   Compiling memchr v2.7.6
   Compiling itoa v1.0.17
   Compiling find-msvc-tools v0.1.8
   Compiling shlex v1.3.0
   Compiling rustversion v1.0.22
   Compiling cc v1.2.53
   Compiling hashbrown v0.16.1
   Compiling bitflags v2.10.0
   Compiling parking_lot_core v0.9.12
   Compiling pkg-config v0.3.32
   Compiling zmij v1.0.16
   Compiling indexmap v2.13.0
   Compiling onig_sys v69.9.1
   Compiling strsim v0.11.1
   Compiling errno v0.3.14
   Compiling crc32fast v1.5.0
   Compiling log v0.4.29
   Compiling smallvec v1.15.1
   Compiling syn v2.0.114
   Compiling signal-hook-registry v1.4.8
   Compiling thiserror v1.0.69
   Compiling powerfmt v0.2.0
   Compiling ident_case v1.0.1
   Compiling serde_json v1.0.149
   Compiling scopeguard v1.2.0
   Compiling signal-hook v0.3.18
   Compiling thiserror v2.0.18
   Compiling heck v0.5.0
   Compiling deranged v0.5.5
   Compiling lock_api v0.4.14
   Compiling mio v1.1.1
   Compiling utf8parse v0.2.2
   Compiling time-core v0.1.7
   Compiling num-conv v0.1.0
   Compiling regex-syntax v0.8.8
   Compiling rustix v0.38.44
   Compiling adler2 v2.0.1
   Compiling simd-adler32 v0.3.8
   Compiling unicode-segmentation v1.12.0
   Compiling miniz_oxide v0.8.9
   Compiling time v0.3.45
   Compiling anstyle-parse v0.2.7
   Compiling parking_lot v0.12.5
   Compiling darling_core v0.23.0
   Compiling quick-xml v0.38.4
   Compiling base64 v0.22.1
   Compiling is_terminal_polyfill v1.70.2
   Compiling anyhow v1.0.100
   Compiling allocator-api2 v0.2.21
   Compiling serde_derive v1.0.228
   Compiling thiserror-impl v2.0.18
   Compiling thiserror-impl v1.0.69
   Compiling darling_macro v0.23.0
   Compiling same-file v1.0.6
   Compiling foldhash v0.1.5
   Compiling linked-hash-map v0.5.6
   Compiling paste v1.0.15
   Compiling colorchoice v1.0.4
   Compiling anstyle-query v1.1.5
   Compiling anstyle v1.0.13
   Compiling instability v0.3.11
   Compiling either v1.15.0
   Compiling once_cell v1.21.3
   Compiling itertools v0.13.0
   Compiling filedescriptor v0.8.3
   Compiling anstream v0.6.21
   Compiling yaml-rust v0.4.5
   Compiling darling v0.23.0
   Compiling hashbrown v0.15.5
   Compiling walkdir v2.5.0
   Compiling strum_macros v0.26.4
   Compiling signal-hook-mio v0.2.5
   Compiling flate2 v1.1.8
   Compiling castaway v0.2.4
   Compiling aho-corasick v1.1.4
   Compiling fnv v1.0.7
   Compiling clap_lex v0.7.7
   Compiling serde_spanned v0.6.9
   Compiling toml_datetime v0.6.11
   Compiling onig v6.5.1
   Compiling plist v1.8.0
   Compiling bincode v1.3.3
   Compiling indoc v2.0.7
   Compiling option-ext v0.2.0
   Compiling ryu v1.0.22
   Compiling toml_write v0.1.2
   Compiling static_assertions v1.1.0
   Compiling unicode-width v0.1.14
   Compiling winnow v0.7.14
   Compiling compact_str v0.8.1
   Compiling unicode-truncate v1.1.0
   Compiling syntect v5.3.0
   Compiling dirs-sys v0.4.1
   Compiling clap_builder v4.5.54
   Compiling strum v0.26.3
   Compiling regex-automata v0.4.13
   Compiling crossterm v0.28.1
   Compiling lru v0.12.5
   Compiling toml_edit v0.22.27
   Compiling clap_derive v4.5.49
   Compiling tokio-macros v2.6.0
   Compiling similar v2.7.0
   Compiling socket2 v0.6.1
   Compiling cassowary v0.3.0
   Compiling unicode-width v0.2.0
   Compiling pin-project-lite v0.2.16
   Compiling bytes v1.11.0
   Compiling ratatui v0.29.0
   Compiling tokio v1.49.0
   Compiling toml v0.8.23
   Compiling clap v4.5.54
   Compiling oyo-core v0.1.23
   Compiling regex v1.12.2
   Compiling two-face v0.5.1
   Compiling dirs v5.0.1
   Compiling oyo v0.1.23
    Finished `release` profile [optimized] target(s) in 32.74s
  Installing /Users/zach/.cargo/bin/oy
   Installed package `oyo v0.1.23` (executable `oy`)
