$ cargo install --locked prek

    Updating crates.io index
  Downloaded prek v0.3.8
  Downloaded 1 crate (357.8KiB) in 0.88s
  Installing prek v0.3.8
    Updating crates.io index
    Updating crates.io index
  Downloaded clap_derive v4.6.0
  Downloaded lazy-regex-proc_macros v3.6.0
  Downloaded ctrlc v3.5.2
  Downloaded compression-core v0.4.31
  Downloaded cargo_metadata v0.23.1
  Downloaded anstyle-parse v1.0.0
  Downloaded prek-pty v0.3.8
  Downloaded strum v0.28.0
  Downloaded nohash-hasher v0.2.0
  Downloaded owo-colors v4.3.0
  Downloaded prek-consts v0.3.8
  Downloaded cargo-platform v0.3.2
  Downloaded levenshtein v1.0.5
  Downloaded lazy-regex v3.6.0
  Downloaded futures-macro v0.3.32
  Downloaded unit-prefix v0.5.2
  Downloaded serde_stacker v0.1.14
  Downloaded futures-executor v0.3.32
  Downloaded tokio-macros v2.6.1
  Downloaded futures-lite v2.6.1
  Downloaded arraydeque v0.5.1
  Downloaded target-lexicon v0.13.5
  Downloaded fs-err v3.3.0
  Downloaded pin-project-lite v0.2.17
  Downloaded which v8.0.2
  Downloaded toml_datetime v1.0.0+spec-1.1.0
  Downloaded psm v0.1.30
  Downloaded strum_macros v0.28.0
  Downloaded stacker v0.1.23
  Downloaded pin-project-internal v1.1.11
  Downloaded liblzma v0.4.6
  Downloaded ipnet v2.12.0
  Downloaded prek-identify v0.3.8
  Downloaded futures-io v0.3.32
  Downloaded compression-codecs v0.4.37
  Downloaded toml v1.0.6+spec-1.1.0
  Downloaded dispatch2 v0.3.1
  Downloaded clap v4.6.0
  Downloaded pin-project v1.1.11
  Downloaded toml_edit v0.25.4+spec-1.1.0
  Downloaded rustls-webpki v0.103.10
  Downloaded astral-tokio-tar v0.6.0
  Downloaded mea v0.6.3
  Downloaded fancy-regex v0.17.0
  Downloaded async-compression v0.4.41
  Downloaded ar_archive_writer v0.5.1
  Downloaded saphyr-parser-bw v0.0.608
  Downloaded webpki-root-certs v1.0.6
  Downloaded clap_builder v4.6.0
  Downloaded json5 v1.3.1
  Downloaded quick-xml v0.39.2
  Downloaded annotate-snippets v0.12.12
  Downloaded aws-lc-rs v1.16.2
  Downloaded zerocopy v0.8.40
  Downloaded quinn-proto v0.11.14
  Downloaded objc2 v0.6.4
  Downloaded futures v0.3.32
  Downloaded rustls v0.23.37
  Downloaded clap_complete v4.6.0
  Downloaded indicatif v0.18.4
  Downloaded astral_async_zip v0.0.17
  Downloaded ahash v0.8.12
  Downloaded serde-saphyr v0.0.21
  Downloaded tempfile v3.27.0
  Downloaded encoding_rs_io v0.1.7
  Downloaded anstream v1.0.0
  Downloaded tokio v1.50.0
  Downloaded liblzma-sys v0.4.5
  Downloaded aws-lc-sys v0.39.0
  Downloaded 69 crates (15.6MiB) in 1.98s (largest was `aws-lc-sys` at 9.0MiB)
   Compiling proc-macro2 v1.0.106
   Compiling quote v1.0.45
   Compiling unicode-ident v1.0.24
   Compiling libc v0.2.183
   Compiling shlex v1.3.0
   Compiling find-msvc-tools v0.1.9
   Compiling memchr v2.8.0
   Compiling pin-project-lite v0.2.17
   Compiling cfg-if v1.0.4
   Compiling bytes v1.11.1
   Compiling once_cell v1.21.3
   Compiling bitflags v2.11.0
   Compiling futures-core v0.3.32
   Compiling serde_core v1.0.228
   Compiling futures-io v0.3.32
   Compiling stable_deref_trait v1.2.1
   Compiling futures-sink v0.3.32
   Compiling autocfg v1.5.0
   Compiling fs_extra v1.3.0
   Compiling dunce v1.0.5
   Compiling itoa v1.0.17
   Compiling slab v0.4.12
   Compiling smallvec v1.15.1
   Compiling aho-corasick v1.1.4
   Compiling hashbrown v0.16.1
   Compiling rustix v1.1.4
   Compiling core-foundation-sys v0.8.7
   Compiling equivalent v1.0.2
   Compiling regex-syntax v0.8.10
   Compiling jobserver v0.1.34
   Compiling indexmap v2.13.0
   Compiling errno v0.3.14
   Compiling cc v1.2.56
   Compiling signal-hook-registry v1.4.8
   Compiling syn v2.0.117
   Compiling socket2 v0.6.2
   Compiling mio v1.1.1
   Compiling cmake v0.1.57
   Compiling futures-channel v0.3.32
   Compiling tracing-core v0.1.36
   Compiling aws-lc-rs v1.16.2
   Compiling zeroize v1.8.2
   Compiling aws-lc-sys v0.39.0
   Compiling http v1.4.0
   Compiling regex-automata v0.4.14
   Compiling object v0.37.3
   Compiling futures-task v0.3.32
   Compiling writeable v0.6.2
   Compiling litemap v0.8.1
   Compiling rustls-pki-types v1.14.0
   Compiling synstructure v0.13.2
   Compiling fs-err v3.3.0
   Compiling crossbeam-utils v0.8.21
   Compiling icu_properties_data v2.1.2
   Compiling serde v1.0.228
   Compiling pkg-config v0.3.32
   Compiling icu_normalizer_data v2.1.1
   Compiling liblzma-sys v0.4.5
   Compiling http-body v1.0.1
   Compiling tokio-macros v2.6.1
   Compiling zerofrom-derive v0.1.6
   Compiling yoke-derive v0.8.1
   Compiling zerovec-derive v0.11.2
   Compiling tokio v1.50.0
   Compiling displaydoc v0.2.5
   Compiling zerofrom v0.1.6
   Compiling tracing-attributes v0.1.31
   Compiling yoke v0.8.1
   Compiling futures-macro v0.3.32
   Compiling zerovec v0.11.5
   Compiling futures-util v0.3.32
   Compiling tracing v0.1.44
   Compiling tinystr v0.8.2
   Compiling potential_utf v0.1.4
   Compiling zerotrie v0.2.3
   Compiling icu_collections v2.1.1
   Compiling icu_locale_core v2.1.1
   Compiling serde_derive v1.0.228
   Compiling rustls v0.23.37
   Compiling system-configuration-sys v0.6.0
   Compiling log v0.4.29
   Compiling httparse v1.10.1
   Compiling icu_provider v2.1.1
   Compiling zmij v1.0.21
   Compiling untrusted v0.9.0
   Compiling crc32fast v1.5.0
   Compiling thiserror v2.0.18
   Compiling anstyle v1.0.13
   Compiling tokio-util v0.7.18
   Compiling ar_archive_writer v0.5.1
   Compiling thiserror-impl v2.0.18
   Compiling adler2 v2.0.1
   Compiling try-lock v0.2.5
   Compiling simd-adler32 v0.3.8
   Compiling atomic-waker v1.1.2
   Compiling fnv v1.0.7
   Compiling objc2 v0.6.4
   Compiling siphasher v1.0.2
   Compiling utf8parse v0.2.2
   Compiling subtle v2.6.1
   Compiling percent-encoding v2.3.2
   Compiling heck v0.5.0
   Compiling tower-service v0.3.3
   Compiling anstyle-parse v1.0.0
   Compiling phf_shared v0.13.1
   Compiling h2 v0.4.13
   Compiling miniz_oxide v0.8.9
   Compiling want v0.3.1
   Compiling icu_properties v2.1.2
   Compiling icu_normalizer v2.1.1
   Compiling psm v0.1.30
   Compiling crossbeam-epoch v0.9.18
   Compiling core-foundation v0.9.4
   Compiling fastrand v2.3.0
   Compiling anstyle-query v1.1.5
   Compiling pin-utils v0.1.0
   Compiling getrandom v0.4.2
   Compiling portable-atomic v1.13.1
   Compiling objc2-encode v4.1.0
   Compiling serde_json v1.0.149
   Compiling unicode-width v0.2.2
   Compiling is_terminal_polyfill v1.70.2
   Compiling colorchoice v1.0.4
   Compiling getrandom v0.3.4
   Compiling zerocopy v0.8.40
   Compiling cfg_aliases v0.2.1
   Compiling rand_core v0.10.0
   Compiling base64 v0.22.1
   Compiling version_check v0.9.5
   Compiling ahash v0.8.12
   Compiling nix v0.31.2
   Compiling anstream v1.0.0
   Compiling system-configuration v0.7.0
   Compiling hyper v1.8.1
   Compiling phf_generator v0.13.1
   Compiling flate2 v1.1.9
   Compiling crossbeam-deque v0.8.6
   Compiling idna_adapter v1.2.1
   Compiling terminal_size v0.4.3
   Compiling stacker v0.1.23
   Compiling core-foundation v0.10.1
   Compiling security-framework-sys v2.17.0
   Compiling num-traits v0.2.19
   Compiling sync_wrapper v1.0.2
   Compiling utf8_iter v1.0.4
   Compiling clap_lex v1.0.0
   Compiling compression-core v0.4.31
   Compiling rayon-core v1.13.0
   Compiling ipnet v2.12.0
   Compiling tower-layer v0.3.3
   Compiling thiserror v1.0.69
   Compiling anyhow v1.0.102
   Compiling winnow v0.7.14
   Compiling strsim v0.11.1
   Compiling camino v1.2.2
   Compiling clap_builder v4.6.0
   Compiling hyper-util v0.1.20
   Compiling tower v0.5.3
   Compiling toml_parser v1.0.9+spec-1.1.0
   Compiling idna v1.1.0
   Compiling security-framework v3.7.0
   Compiling liblzma v0.4.6
   Compiling compression-codecs v0.4.37
   Compiling regex v1.12.3
   Compiling phf_macros v0.13.1
   Compiling block2 v0.6.2
   Compiling clap_derive v4.6.0
   Compiling form_urlencoded v1.2.2
   Compiling bstr v1.12.1
   Compiling thiserror-impl v1.0.69
   Compiling pin-project-internal v1.1.11
   Compiling toml_datetime v1.0.0+spec-1.1.0
   Compiling encoding_rs v0.8.35
   Compiling same-file v1.0.6
   Compiling target-lexicon v0.13.5
   Compiling parking v2.2.1
   Compiling iri-string v0.7.10
   Compiling bit-vec v0.8.0
   Compiling either v1.15.0
   Compiling lazy_static v1.5.0
   Compiling owo-colors v4.3.0
   Compiling arraydeque v0.5.1
   Compiling saphyr-parser-bw v0.0.608
   Compiling sharded-slab v0.1.7
   Compiling bit-set v0.8.0
   Compiling futures-lite v2.6.1
   Compiling encoding_rs_io v0.1.7
   Compiling walkdir v2.5.0
   Compiling pin-project v1.1.11
   Compiling tower-http v0.6.8
   Compiling clap v4.6.0
   Compiling globset v0.4.18
   Compiling url v2.5.8
   Compiling phf v0.13.1
   Compiling dispatch2 v0.3.1
   Compiling lazy-regex-proc_macros v3.6.0
   Compiling prek v0.3.8
   Compiling async-compression v0.4.41
   Compiling chacha20 v0.10.0
   Compiling console v0.16.2
   Compiling annotate-snippets v0.12.12
   Compiling strum_macros v0.28.0
   Compiling futures-executor v0.3.32
   Compiling tokio-stream v0.1.18
   Compiling tracing-log v0.2.0
   Compiling matchers v0.2.0
   Compiling http-body-util v0.1.3
   Compiling xattr v1.6.1
   Compiling semver v1.0.27
   Compiling cargo-platform v0.3.2
   Compiling serde_spanned v1.0.4
   Compiling filetime v0.2.27
   Compiling thread_local v1.1.9
   Compiling ucd-trie v0.1.7
   Compiling nohash-hasher v0.2.0
   Compiling unit-prefix v0.5.2
   Compiling is_executable v1.0.5
   Compiling rustc-hash v2.1.1
   Compiling toml_writer v1.0.6+spec-1.1.0
   Compiling foldhash v0.2.0
   Compiling nu-ansi-term v0.50.3
   Compiling astral-tokio-tar v0.6.0
   Compiling toml_edit v0.25.4+spec-1.1.0
   Compiling tracing-subscriber v0.3.22
   Compiling toml v1.0.6+spec-1.1.0
   Compiling indicatif v0.18.4
   Compiling clap_complete v4.6.0
   Compiling serde-saphyr v0.0.21
   Compiling json5 v1.3.1
   Compiling strum v0.28.0
   Compiling cargo_metadata v0.23.1
   Compiling futures v0.3.32
   Compiling rand v0.10.0
   Compiling prek-identify v0.3.8
   Compiling rayon v1.11.0
   Compiling astral_async_zip v0.0.17
   Compiling lazy-regex v3.6.0
   Compiling serde_stacker v0.1.14
   Compiling ctrlc v3.5.2
   Compiling ignore v0.4.25
   Compiling fancy-regex v0.17.0
   Compiling itertools v0.14.0
   Compiling tempfile v3.27.0
   Compiling prek-pty v0.3.8
   Compiling prek-consts v0.3.8
   Compiling webpki-root-certs v1.0.6
   Compiling which v8.0.2
   Compiling mea v0.6.3
   Compiling quick-xml v0.39.2
   Compiling etcetera v0.11.0
   Compiling levenshtein v1.0.5
   Compiling hex v0.4.3
   Compiling indoc v2.0.7
   Compiling similar v2.7.0
   Compiling path-clean v1.0.1
   Compiling rustls-webpki v0.103.10
   Compiling tokio-rustls v0.26.4
   Compiling rustls-platform-verifier v0.6.2
   Compiling hyper-rustls v0.27.7
   Compiling reqwest v0.13.2
    Finished `release` profile [optimized] target(s) in 1m 21s
  Installing /Users/zach/.cargo/bin/prek
   Installed package `prek v0.3.8` (executable `prek`)
