$ cargo install bmm

    Updating crates.io index
  Downloaded bmm v0.2.0
  Downloaded 1 crate (66.0 KB) in 0.24s
  Installing bmm v0.2.0
    Updating crates.io index
     Locking 277 packages to latest compatible versions
  Downloaded atoi v2.0.0
  Downloaded precomputed-hash v0.1.1
  Downloaded phf_codegen v0.10.0
  Downloaded zerofrom v0.1.6
  Downloaded phf_generator v0.10.0
  Downloaded sqlx-macros v0.8.3
  Downloaded mac v0.1.1
  Downloaded phf v0.10.1
  Downloaded equivalent v1.0.2
  Downloaded phf_shared v0.10.0
  Downloaded dirs v6.0.0
  Downloaded dirs-sys v0.5.0
  Downloaded crc v3.2.1
  Downloaded bit-vec v0.6.3
  Downloaded either v1.14.0
  Downloaded zerofrom-derive v0.1.6
  Downloaded tokio-macros v2.5.0
  Downloaded tui-input v0.11.1
  Downloaded which v7.0.2
  Downloaded spki v0.7.3
  Downloaded serde_urlencoded v0.7.1
  Downloaded string_cache_codegen v0.5.4
  Downloaded env_home v0.1.0
  Downloaded phf_shared v0.11.3
  Downloaded pem-rfc7468 v0.7.0
  Downloaded instability v0.3.7
  Downloaded thiserror-impl v2.0.11
  Downloaded csv-core v0.1.12
  Downloaded base64ct v1.6.0
  Downloaded phf_generator v0.11.3
  Downloaded utf-8 v0.7.6
  Downloaded futf v0.1.5
  Downloaded foldhash v0.1.4
  Downloaded pkcs8 v0.10.2
  Downloaded thiserror v2.0.11
  Downloaded whoami v1.5.2
  Downloaded tendril v0.4.3
  Downloaded ryu v1.0.19
  Downloaded unicode-ident v1.0.17
  Downloaded xml5ever v0.17.0
  Downloaded unicode-properties v0.1.3
  Downloaded typenum v1.18.0
  Downloaded indexmap v2.7.1
  Downloaded sqlx-mysql v0.8.3
  Downloaded select v0.6.0
  Downloaded sqlx-postgres v0.8.3
  Downloaded serde_json v1.0.139
  Downloaded libm v0.2.11
  Downloaded sqlx-core v0.8.3
  Downloaded sqlx v0.8.3
  Downloaded hkdf v0.12.4
  Downloaded clap_builder v4.5.31
  Downloaded num-bigint-dig v0.8.4
  Downloaded markup5ever_rcdom v0.2.0
  Downloaded syn v2.0.98
  Downloaded futures-intrusive v0.5.0
  Downloaded cc v1.2.16
  Downloaded serde v1.0.218
  Downloaded rustix v0.38.44
  Downloaded rsa v0.9.7
  Downloaded sqlx-sqlite v0.8.3
  Downloaded flume v0.11.1
  Downloaded der v0.7.9
  Downloaded bytes v1.10.0
  Downloaded unicode-bidi v0.3.18
  Downloaded serde_derive v1.0.218
  Downloaded html5ever v0.26.0
  Downloaded getrandom v0.3.1
  Downloaded compact_str v0.8.1
  Downloaded clap v4.5.31
  Downloaded sqlx-macros-core v0.8.3
  Downloaded smallvec v1.14.0
  Downloaded log v0.4.26
  Downloaded hmac v0.12.1
  Downloaded libc v0.2.170
  Downloaded tokio v1.43.0
  Downloaded event-listener v5.4.0
  Downloaded proc-macro2 v1.0.93
  Downloaded csv v1.3.1
  Downloaded const-oid v0.9.6
  Downloaded libsqlite3-sys v0.30.1
  Downloaded pkcs1 v0.7.5
  Downloaded pin-project-lite v0.2.16
  Downloaded open v5.3.2
  Downloaded once_cell v1.20.3
  Downloaded markup5ever v0.11.0
  Downloaded litemap v0.7.5
  Downloaded hashlink v0.10.0
  Downloaded bitflags v2.9.0
  Downloaded tempfile v3.17.1
  Downloaded crc-catalog v2.4.0
  Downloaded clap_derive v4.5.28
  Downloaded subtle v2.6.1
  Downloaded stringprep v0.1.5
  Downloaded string_cache v0.8.8
  Downloaded siphasher v1.0.1
  Downloaded signature v2.2.0
  Downloaded crossbeam-queue v0.3.12
  Downloaded cpufeatures v0.2.17
  Downloaded bit-set v0.5.3
  Downloaded 100 crates (12.4 MB) in 1.49s (largest was `libsqlite3-sys` at 5.1 MB)
   Compiling proc-macro2 v1.0.93
   Compiling unicode-ident v1.0.17
   Compiling libc v0.2.170
   Compiling autocfg v1.4.0
   Compiling serde v1.0.218
   Compiling cfg-if v1.0.0
   Compiling parking_lot_core v0.9.10
   Compiling typenum v1.18.0
   Compiling smallvec v1.14.0
   Compiling version_check v0.9.5
   Compiling scopeguard v1.2.0
   Compiling stable_deref_trait v1.2.0
   Compiling generic-array v0.14.7
   Compiling crossbeam-utils v0.8.21
   Compiling lock_api v0.4.12
   Compiling log v0.4.26
   Compiling slab v0.4.9
   Compiling byteorder v1.5.0
   Compiling writeable v0.5.5
   Compiling litemap v0.7.5
   Compiling num-traits v0.2.19
   Compiling futures-core v0.3.31
   Compiling icu_locid_transform_data v1.5.0
   Compiling memchr v2.7.4
   Compiling shlex v1.3.0
   Compiling thiserror v2.0.11
   Compiling serde_json v1.0.139
   Compiling pin-project-lite v0.2.16
   Compiling cc v1.2.16
   Compiling siphasher v1.0.1
   Compiling quote v1.0.38
   Compiling siphasher v0.3.11
   Compiling syn v2.0.98
   Compiling vcpkg v0.2.15
   Compiling icu_properties_data v1.5.0
   Compiling pkg-config v0.3.31
   Compiling phf_shared v0.10.0
   Compiling phf_shared v0.11.3
   Compiling getrandom v0.2.15
   Compiling allocator-api2 v0.2.21
   Compiling rand_core v0.6.4
   Compiling signal-hook-registry v1.4.2
   Compiling parking_lot v0.12.3
   Compiling mio v1.0.3
   Compiling libsqlite3-sys v0.30.1
   Compiling foldhash v0.1.4
   Compiling utf8_iter v1.0.4
   Compiling itoa v1.0.14
   Compiling heck v0.5.0
   Compiling utf16_iter v1.0.5
   Compiling ryu v1.0.19
   Compiling equivalent v1.0.2
   Compiling futures-sink v0.3.31
   Compiling write16 v1.0.0
   Compiling icu_normalizer_data v1.5.0
   Compiling getrandom v0.3.1
   Compiling hashbrown v0.15.2
   Compiling percent-encoding v2.3.1
   Compiling new_debug_unreachable v1.0.6
   Compiling rustversion v1.0.19
   Compiling once_cell v1.20.3
   Compiling form_urlencoded v1.2.1
   Compiling crypto-common v0.1.6
   Compiling block-buffer v0.10.4
   Compiling socket2 v0.5.8
   Compiling bytes v1.10.0
   Compiling syn v1.0.109
   Compiling pin-utils v0.1.0
   Compiling futures-task v0.3.31
   Compiling rustix v0.38.44
   Compiling futures-io v0.3.31
   Compiling mac v0.1.1
   Compiling futures-util v0.3.31
   Compiling tokio v1.43.0
   Compiling futf v0.1.5
   Compiling digest v0.10.7
   Compiling tracing-core v0.1.33
   Compiling concurrent-queue v2.5.0
   Compiling errno v0.3.10
   Compiling cpufeatures v0.2.17
   Compiling synstructure v0.13.1
   Compiling strsim v0.11.1
   Compiling parking v2.2.1
   Compiling precomputed-hash v0.1.1
   Compiling utf-8 v0.7.6
   Compiling ident_case v1.0.1
   Compiling crc-catalog v2.4.0
   Compiling fnv v1.0.7
   Compiling bitflags v2.9.0
   Compiling signal-hook v0.3.17
   Compiling darling_core v0.20.10
   Compiling crc v3.2.1
   Compiling tendril v0.4.3
   Compiling event-listener v5.4.0
   Compiling sha2 v0.10.8
   Compiling futures-intrusive v0.5.0
   Compiling phf v0.10.1
   Compiling indexmap v2.7.1
   Compiling hashlink v0.10.0
   Compiling crossbeam-queue v0.3.12
   Compiling zerofrom-derive v0.1.6
   Compiling yoke-derive v0.7.5
   Compiling zerovec-derive v0.10.3
   Compiling serde_derive v1.0.218
   Compiling displaydoc v0.2.5
   Compiling icu_provider_macros v1.5.0
   Compiling zerocopy-derive v0.7.35
   Compiling tracing-attributes v0.1.28
   Compiling thiserror-impl v2.0.11
   Compiling zerofrom v0.1.6
   Compiling yoke v0.7.5
   Compiling zerocopy v0.7.35
   Compiling tokio-stream v0.1.17
   Compiling zerovec v0.10.4
   Compiling tokio-macros v2.5.0
   Compiling tracing v0.1.41
   Compiling ppv-lite86 v0.2.20
   Compiling rand_chacha v0.3.1
   Compiling spin v0.9.8
   Compiling tinystr v0.7.6
   Compiling rand v0.8.5
   Compiling icu_collections v1.5.0
   Compiling icu_locid v1.5.0
   Compiling phf_generator v0.11.3
   Compiling phf_generator v0.10.0
   Compiling icu_provider v1.5.0
   Compiling phf_codegen v0.10.0
   Compiling string_cache_codegen v0.5.4
   Compiling icu_locid_transform v1.5.0
   Compiling markup5ever v0.11.0
   Compiling icu_properties v1.5.1
   Compiling either v1.14.0
   Compiling string_cache v0.8.8
   Compiling serde_urlencoded v0.7.1
   Compiling html5ever v0.26.0
   Compiling icu_normalizer v1.5.0
   Compiling flume v0.11.1
   Compiling darling_macro v0.20.10
   Compiling idna_adapter v1.2.0
   Compiling idna v1.0.3
   Compiling atoi v2.0.0
   Compiling futures-executor v0.3.31
   Compiling url v2.5.4
   Compiling sqlx-core v0.8.3
   Compiling futures-channel v0.3.31
   Compiling fastrand v2.3.0
   Compiling utf8parse v0.2.2
   Compiling paste v1.0.15
   Compiling tempfile v3.17.1
   Compiling anstyle-parse v0.2.6
   Compiling signal-hook-mio v0.2.4
   Compiling darling v0.20.10
   Compiling itertools v0.13.0
   Compiling strum_macros v0.26.4
   Compiling castaway v0.2.3
   Compiling sqlx-sqlite v0.8.3
   Compiling static_assertions v1.1.0
   Compiling anstyle v1.0.10
   Compiling unicode-segmentation v1.12.0
   Compiling indoc v2.0.5
   Compiling is_terminal_polyfill v1.70.1
   Compiling anstyle-query v1.1.2
   Compiling hex v0.4.3
   Compiling dotenvy v0.15.7
   Compiling unicode-width v0.1.14
   Compiling colorchoice v1.0.3
   Compiling unicode-truncate v1.1.0
   Compiling anstream v0.6.18
   Compiling instability v0.3.7
   Compiling strum v0.26.3
   Compiling compact_str v0.8.1
   Compiling sqlx-macros-core v0.8.3
   Compiling crossterm v0.28.1
   Compiling xml5ever v0.17.0
   Compiling lru v0.12.5
   Compiling aho-corasick v1.1.3
   Compiling unicode-width v0.2.0
   Compiling clap_lex v0.7.4
   Compiling option-ext v0.2.0
   Compiling bit-vec v0.6.3
   Compiling cassowary v0.3.0
   Compiling regex-syntax v0.8.5
   Compiling bit-set v0.5.3
   Compiling ratatui v0.29.0
   Compiling clap_builder v4.5.31
   Compiling dirs-sys v0.5.0
   Compiling sqlx-macros v0.8.3
   Compiling markup5ever_rcdom v0.2.0
   Compiling clap_derive v4.5.28
   Compiling regex-automata v0.4.9
   Compiling csv-core v0.1.12
   Compiling pathdiff v0.2.3
   Compiling env_home v0.1.0
   Compiling which v7.0.2
   Compiling tui-input v0.11.1
   Compiling open v5.3.2
   Compiling csv v1.3.1
   Compiling select v0.6.0
   Compiling clap v4.5.31
   Compiling dirs v6.0.0
   Compiling regex v1.11.1
   Compiling lazy_static v1.5.0
   Compiling sqlx v0.8.3
   Compiling bmm v0.2.0
    Finished `release` profile [optimized] target(s) in 1m 08s
  Installing /Users/zach/.cargo/bin/bmm
   Installed package `bmm v0.2.0` (executable `bmm`)

$ bmm list

https://mail.google.com/mail/u/1/#inbox
https://drive.google.com/drive/u/1/home
https://drive.google.com/drive/u/1/folders/1DKV0IyA2Eyja5Q7Duag5S_IM4-aZ40rS
https://3.basecamp.com/4099004/buckets/20412990/todolists/8371780993
https://github.com/zachvalenta/capp-pu-dongan
https://3.basecamp.com/4099004/my/assignments
https://3.basecamp.com/4099004/buckets/40071561/todolists/8083273334
