$ cargo install cargo-insta
    Updating crates.io index
 Downloading crates ...
  Downloaded cargo-insta v1.46.3
  Installing cargo-insta v1.46.3
    Updating crates.io index
     Locking 121 packages to latest compatible versions
      Adding cargo_metadata v0.18.1 (available: v0.23.1)
      Adding console v0.15.11 (available: v0.16.2)
      Adding generic-array v0.14.7 (available: v0.14.9)
      Adding itertools v0.10.5 (available: v0.14.0)
 Downloading crates ...
  Downloaded cargo-platform v0.1.9
  Downloaded open v5.3.3
  Downloaded uuid v1.22.0
  Downloaded cargo_metadata v0.18.1
  Downloaded itertools v0.10.5
  Downloaded regex-syntax v0.8.10
  Downloaded libc v0.2.183
   Compiling proc-macro2 v1.0.106
   Compiling unicode-ident v1.0.24
   Compiling quote v1.0.45
   Compiling libc v0.2.183
   Compiling memchr v2.8.0
   Compiling serde_core v1.0.228
   Compiling serde v1.0.228
   Compiling ucd-trie v0.1.7
   Compiling crossbeam-utils v0.8.21
   Compiling getrandom v0.4.2
   Compiling utf8parse v0.2.2
   Compiling pest v2.8.6
   Compiling anstyle-parse v0.2.7
   Compiling rustix v1.1.4
   Compiling anstyle-query v1.1.5
   Compiling is_terminal_polyfill v1.70.2
   Compiling anstyle v1.0.13
   Compiling zmij v1.0.21
   Compiling colorchoice v1.0.4
   Compiling cfg-if v1.0.4
   Compiling pest_meta v2.8.6
   Compiling anstream v0.6.21
   Compiling errno v0.3.14
   Compiling aho-corasick v1.1.4
   Compiling syn v2.0.117
   Compiling serde_json v1.0.149
   Compiling thiserror v1.0.69
   Compiling bitflags v2.11.0
   Compiling regex-syntax v0.8.10
   Compiling strsim v0.11.1
   Compiling once_cell v1.21.3
   Compiling heck v0.5.0
   Compiling camino v1.2.2
   Compiling clap_lex v1.0.0
   Compiling clap_builder v4.5.60
   Compiling crossbeam-epoch v0.9.18
   Compiling regex-automata v0.4.14
   Compiling bstr v1.12.1
   Compiling pest_generator v2.8.6
   Compiling unicode-width v0.2.2
   Compiling same-file v1.0.6
   Compiling itoa v1.0.17
   Compiling fastrand v2.3.0
   Compiling log v0.4.29
   Compiling serde_derive v1.0.228
   Compiling thiserror-impl v1.0.69
   Compiling clap_derive v4.5.55
   Compiling globset v0.4.18
   Compiling pest_derive v2.8.6
   Compiling tempfile v3.26.0
   Compiling clap v4.5.60
   Compiling walkdir v2.5.0
   Compiling console v0.15.11
   Compiling crossbeam-deque v0.8.6
   Compiling cargo-platform v0.1.9
   Compiling semver v1.0.27
   Compiling either v1.15.0
   Compiling pathdiff v0.2.3
   Compiling similar v2.7.0
   Compiling open v5.3.3
   Compiling itertools v0.10.5
   Compiling cargo_metadata v0.18.1
   Compiling ignore v0.4.25
   Compiling insta v1.46.3
   Compiling uuid v1.22.0
   Compiling cargo-insta v1.46.3
    Finished `release` profile [optimized] target(s) in 23.83s
  Installing /Users/zach/.cargo/bin/cargo-insta
   Installed package `cargo-insta v1.46.3` (executable `cargo-insta`)
