$ cargo install cookcli

    Updating crates.io index
  Downloaded cookcli v0.29.0
  Downloaded 1 crate (3.0MiB) in 1.02s
  Installing cookcli v0.29.0
    Updating crates.io index
     Locking 515 packages to latest compatible versions
      Adding anstream v0.6.21 (available: v1.0.0)
      Adding askama v0.12.1 (available: v0.15.6)
      Adding askama_axum v0.4.0 (available: v0.5.0+deprecated)
      Adding axum v0.7.9 (available: v0.8.9)
      Adding fluent v0.16.1 (available: v0.17.0)
      Adding fluent-templates v0.10.1 (available: v0.13.3)
      Adding generic-array v0.14.7 (available: v0.14.9)
      Adding libsqlite3-sys v0.35.0 (available: v0.37.0)
      Adding reqwest v0.12.28 (available: v0.13.2)
      Adding self_update v0.41.0 (available: v0.44.0)
      Adding toml v0.9.12+spec-1.1.0 (available: v1.1.2+spec-1.1.0)
      Adding tower-http v0.5.2 (available: v0.6.8)
  Downloaded async-stream v0.3.6
  Downloaded accept-language v3.1.0
  Downloaded enum-map-derive v0.17.0
  Downloaded codesnake v0.2.1
  Downloaded dtoa v1.0.11
  Downloaded downcast-rs v2.0.2
  Downloaded httpdate v1.0.3
  Downloaded compression-core v0.4.32
  Downloaded phf_generator v0.10.0
  Downloaded proc-macro-hack v0.5.20+deprecated
  Downloaded toml_parser v1.1.2+spec-1.1.0
  Downloaded notify-debouncer-mini v0.7.0
  Downloaded diesel_table_macro_syntax v0.3.0
  Downloaded memo-map v0.3.3
  Downloaded serde_spanned v1.1.1
  Downloaded dashmap v6.1.0
  Downloaded env_logger v0.11.10
  Downloaded fluent v0.16.1
  Downloaded askama_derive v0.12.5
  Downloaded plain v0.2.3
  Downloaded uniffi_build v0.28.3
  Downloaded rustc-hash v1.1.0
  Downloaded phf_codegen v0.10.0
  Downloaded uniffi v0.28.3
  Downloaded askama_escape v0.10.3
  Downloaded scheduled-thread-pool v0.2.7
  Downloaded askama v0.12.1
  Downloaded open v5.3.4
  Downloaded unic-langid-macros-impl v0.9.6
  Downloaded text-size v1.1.1
  Downloaded utf8-width v0.1.8
  Downloaded notify-debouncer-full v0.7.0
  Downloaded urlencoding v2.1.3
  Downloaded cargo_metadata v0.15.4
  Downloaded scroll_derive v0.12.1
  Downloaded servo_arc v0.3.0
  Downloaded rustc-hash v2.1.2
  Downloaded self_cell v0.10.3
  Downloaded config v0.14.1
  Downloaded self-replace v1.5.0
  Downloaded self_cell v1.2.2
  Downloaded scraper v0.20.0
  Downloaded selectors v0.25.0
  Downloaded whatlang v0.16.4
  Downloaded rustls-webpki v0.103.13
  Downloaded uniffi_bindgen v0.28.3
  Downloaded rustls v0.23.39
  Downloaded winnow v1.0.2
  Downloaded tracing-subscriber v0.3.23
  Downloaded diesel v2.3.8
  Downloaded webpki-roots v1.0.7
  Downloaded libc v0.2.186
  Downloaded rust-embed v8.11.0
  Downloaded ego-tree v0.6.3
  Downloaded jiff v0.2.24
  Downloaded cssparser v0.31.2
  Downloaded fluent-template-macros v0.10.1
  Downloaded yaml-datastore v0.1.0
  Downloaded uniffi_checksum_derive v0.28.3
  Downloaded tabular v0.2.0
  Downloaded tokio v1.52.1
  Downloaded askama_axum v0.4.0
  Downloaded cooklang-reports v0.2.2
  Downloaded cooklang v0.18.6
  Downloaded typenum v1.20.0
  Downloaded unic-langid-impl v0.9.6
  Downloaded quick-xml v0.23.1
  Downloaded minijinja v2.19.0
  Downloaded goblin v0.8.2
  Downloaded uuid v1.23.1
  Downloaded anstyle-yansi v2.0.4
  Downloaded uniffi_macros v0.28.3
  Downloaded uniffi_core v0.28.3
  Downloaded tungstenite v0.24.0
  Downloaded toml v0.5.11
  Downloaded tokio-tungstenite v0.24.0
  Downloaded fluent-templates v0.10.1
  Downloaded tinyvec v1.11.0
  Downloaded serde_path_to_error v0.1.20
  Downloaded semver v1.0.28
  Downloaded self_update v0.41.0
  Downloaded hashbrown v0.17.0
  Downloaded axum v0.7.9
  Downloaded rustls-pki-types v1.14.1
  Downloaded zipsign-api v0.1.5
  Downloaded weedle2 v5.0.0
  Downloaded uniffi_udl v0.28.3
  Downloaded libsqlite3-sys v0.35.0
  Downloaded cooklang-sync-client v0.4.12
  Downloaded cooklang-language-server v0.2.2
  Downloaded migrations_macros v2.3.0
  Downloaded cooklang-find v0.5.8
  Downloaded unicase v2.9.0
  Downloaded cooklang-import v0.9.9
  Downloaded rand v0.9.4
  Downloaded indexmap v2.14.0
  Downloaded diesel_derives v2.3.8
  Downloaded cc v1.2.61
  Downloaded async-compression v0.4.42
  Downloaded type-map v0.5.1
  Downloaded toml_writer v1.1.1+spec-1.1.0
  Downloaded unic-langid v0.9.6
  Downloaded tower-http v0.5.2
  Downloaded rand v0.8.6
  Downloaded indicatif v0.17.11
  Downloaded html5ever v0.27.0
  Downloaded flume v0.11.1
  Downloaded clap_derive v4.6.1
  Downloaded clap v4.6.1
  Downloaded bitflags v2.11.1
  Downloaded uniffi_meta v0.28.3
  Downloaded r2d2 v0.8.10
  Downloaded quick_cache v0.6.21
  Downloaded fluent-bundle v0.15.3
  Downloaded diesel_migrations v2.3.2
  Downloaded derive_more v0.99.20
  Downloaded basic-toml v0.1.10
  Downloaded uniffi_testing v0.28.3
  Downloaded unic-langid-macros v0.9.6
  Downloaded tokio-macros v2.7.0
  Downloaded scroll v0.12.0
  Downloaded rust-embed-utils v8.11.0
  Downloaded matchit v0.7.3
  Downloaded markup5ever v0.12.1
  Downloaded html-escape v0.2.13
  Downloaded directories v6.0.0
  Downloaded compression-codecs v0.4.38
  Downloaded axum-core v0.4.5
  Downloaded fs-err v2.11.0
  Downloaded terminal_size v0.4.4
  Downloaded mime_guess v2.0.5
  Downloaded enum-map v2.7.3
  Downloaded fluent-syntax v0.11.1
  Downloaded hyper-rustls v0.27.9
  Downloaded data-encoding v2.11.0
  Downloaded pkg-config v0.3.33
  Downloaded number_prefix v0.4.0
  Downloaded askama_parser v0.2.1
  Downloaded rust-embed-impl v8.11.0
  Downloaded file-id v0.2.3
  Downloaded dtoa-short v0.3.5
  Downloaded phf_shared v0.10.0
  Downloaded path-slash v0.2.1
  Downloaded migrations_internals v2.3.0
  Downloaded intl-memoizer v0.5.3
  Downloaded humansize v2.1.3
  Downloaded http-range-header v0.4.2
  Downloaded env_filter v1.0.1
  Downloaded dsl_auto_type v0.2.0
  Downloaded cssparser-macros v0.6.1
  Downloaded intl_pluralrules v7.0.2
  Downloaded fluent-langneg v0.13.1
  Downloaded async-stream-impl v0.3.6
  Downloaded phf v0.10.1
  Downloaded fxhash v0.2.1
  Downloaded 155 crates (14.5MiB) in 1.93s (largest was `libsqlite3-sys` at 5.0MiB)
   Compiling proc-macro2 v1.0.106
   Compiling unicode-ident v1.0.24
   Compiling quote v1.0.45
   Compiling libc v0.2.186
   Compiling cfg-if v1.0.4
   Compiling serde_core v1.0.228
   Compiling smallvec v1.15.1
   Compiling memchr v2.8.0
   Compiling zerocopy v0.8.48
   Compiling log v0.4.29
   Compiling once_cell v1.21.4
   Compiling itoa v1.0.18
   Compiling serde v1.0.228
   Compiling scopeguard v1.2.0
   Compiling lock_api v0.4.14
   Compiling version_check v0.9.5
   Compiling parking_lot_core v0.9.12
   Compiling stable_deref_trait v1.2.1
   Compiling pin-project-lite v0.2.17
   Compiling bytes v1.11.1
   Compiling futures-core v0.3.32
   Compiling futures-sink v0.3.32
   Compiling syn v2.0.117
   Compiling errno v0.3.14
   Compiling generic-array v0.14.7
   Compiling parking_lot v0.12.5
   Compiling futures-channel v0.3.32
   Compiling signal-hook-registry v1.4.8
   Compiling mio v1.2.0
   Compiling getrandom v0.2.17
   Compiling socket2 v0.6.3
   Compiling bitflags v2.11.1
   Compiling rand_core v0.6.4
   Compiling tracing-core v0.1.36
   Compiling slab v0.4.12
   Compiling futures-task v0.3.32
   Compiling futures-io v0.3.32
   Compiling shlex v1.3.0
   Compiling find-msvc-tools v0.1.9
   Compiling cc v1.2.61
   Compiling zmij v1.0.21
   Compiling http v1.4.0
   Compiling equivalent v1.0.2
   Compiling serde_json v1.0.149
   Compiling percent-encoding v2.3.2
   Compiling tower-service v0.3.3
   Compiling hashbrown v0.17.0
   Compiling proc-macro-hack v0.5.20+deprecated
   Compiling thiserror v1.0.69
   Compiling httparse v1.10.1
   Compiling writeable v0.6.3
   Compiling litemap v0.8.2
   Compiling synstructure v0.13.2
   Compiling siphasher v1.0.2
   Compiling indexmap v2.14.0
   Compiling phf_shared v0.11.3
   Compiling http-body v1.0.1
   Compiling getrandom v0.3.4
   Compiling utf8_iter v1.0.4
   Compiling siphasher v0.3.11
   Compiling icu_properties_data v2.2.0
   Compiling icu_normalizer_data v2.2.0
   Compiling tower-layer v0.3.3
   Compiling autocfg v1.5.0
   Compiling ppv-lite86 v0.2.21
   Compiling rand_chacha v0.3.1
   Compiling rand v0.8.6
   Compiling serde_derive v1.0.228
   Compiling displaydoc v0.2.5
   Compiling zerofrom-derive v0.1.7
   Compiling yoke-derive v0.8.2
   Compiling zerovec-derive v0.11.3
   Compiling futures-macro v0.3.32
   Compiling tokio-macros v2.7.0
   Compiling tracing-attributes v0.1.31
   Compiling tinystr v0.8.3
   Compiling tokio v1.52.1
   Compiling futures-util v0.3.32
   Compiling thiserror-impl v1.0.69
   Compiling unic-langid-impl v0.9.6
   Compiling zerofrom v0.1.7
   Compiling phf_generator v0.11.3
   Compiling ahash v0.8.12
   Compiling typenum v1.20.0
   Compiling yoke v0.8.2
   Compiling tracing v0.1.44
   Compiling utf8parse v0.2.2
   Compiling heck v0.5.0
   Compiling zerovec v0.11.6
   Compiling zerotrie v0.2.4
   Compiling winnow v0.7.15
   Compiling ryu v1.0.23
   Compiling unic-langid-macros-impl v0.9.6
   Compiling ring v0.17.14
   Compiling potential_utf v0.1.5
   Compiling icu_locale_core v2.2.0
   Compiling icu_collections v2.2.0
   Compiling aho-corasick v1.1.4
   Compiling regex-syntax v0.8.10
   Compiling anyhow v1.0.102
   Compiling rustix v1.1.4
   Compiling crc32fast v1.5.0
   Compiling icu_provider v2.2.0
   Compiling icu_properties v2.2.0
   Compiling icu_normalizer v2.2.0
   Compiling regex-automata v0.4.14
   Compiling form_urlencoded v1.2.2
   Compiling unicode-width v0.2.2
   Compiling zeroize v1.8.2
   Compiling thiserror v2.0.18
   Compiling rustversion v1.0.22
   Compiling rustls-pki-types v1.14.1
   Compiling idna_adapter v1.2.1
   Compiling tokio-util v0.7.18
   Compiling crypto-common v0.1.7
   Compiling block-buffer v0.10.4
   Compiling thiserror-impl v2.0.18
   Compiling http-body-util v0.1.3
   Compiling sync_wrapper v1.0.2
   Compiling camino v1.2.2
   Compiling unicase v2.9.0
   Compiling simd-adler32 v0.3.9
   Compiling adler2 v2.0.1
   Compiling httpdate v1.0.3
   Compiling try-lock v0.2.5
   Compiling untrusted v0.9.0
   Compiling same-file v1.0.6
   Compiling walkdir v2.5.0
   Compiling want v0.3.1
   Compiling miniz_oxide v0.8.9
   Compiling mime_guess v2.0.5
   Compiling digest v0.10.7
   Compiling idna v1.1.0
   Compiling cpufeatures v0.2.17
   Compiling crossbeam-utils v0.8.21
   Compiling rustls v0.23.39
   Compiling atomic-waker v1.1.2
   Compiling utf-8 v0.7.6
   Compiling getrandom v0.4.2
   Compiling ident_case v1.0.1
   Compiling strsim v0.11.1
   Compiling new_debug_unreachable v1.0.6
   Compiling anstyle v1.0.14
   Compiling fnv v1.0.7
   Compiling darling_core v0.21.3
   Compiling hyper v1.9.0
   Compiling rustls-webpki v0.103.13
   Compiling url v2.5.8
   Compiling unic-langid-macros v0.9.6
   Compiling flate2 v1.1.9
   Compiling toml_datetime v0.6.11
   Compiling serde_spanned v0.6.9
   Compiling phf_macros v0.11.3
   Compiling phf_shared v0.10.0
   Compiling ipnet v2.12.0
   Compiling byteorder v1.5.0
   Compiling num-conv v0.2.1
   Compiling is_terminal_polyfill v1.70.2
   Compiling anstyle-query v1.1.5
   Compiling toml_write v0.1.2
   Compiling time-core v0.1.8
   Compiling powerfmt v0.2.0
   Compiling base64 v0.22.1
   Compiling unsafe-libyaml v0.2.11
   Compiling subtle v2.6.1
   Compiling allocator-api2 v0.2.21
   Compiling prettyplease v0.2.37
   Compiling compression-core v0.4.32
   Compiling colorchoice v1.0.5
   Compiling compression-codecs v0.4.38
   Compiling hashbrown v0.14.5
   Compiling serde_yaml v0.9.34+deprecated
   Compiling toml_edit v0.22.27
   Compiling hyper-util v0.1.20
   Compiling deranged v0.5.8
   Compiling time-macros v0.2.27
   Compiling darling_macro v0.21.3
   Compiling phf v0.11.3
   Compiling phf_generator v0.10.0
   Compiling unic-langid v0.9.6
   Compiling tower v0.5.3
   Compiling anstyle-parse v1.0.0
   Compiling string_cache_codegen v0.5.4
   Compiling phf_codegen v0.11.3
   Compiling async-trait v0.1.89
   Compiling fs-err v2.11.0
   Compiling paste v1.0.15
   Compiling mac v0.1.1
   Compiling precomputed-hash v0.1.1
   Compiling vcpkg v0.2.15
   Compiling winnow v1.0.2
   Compiling pkg-config v0.3.33
   Compiling toml v0.8.23
   Compiling toml_parser v1.1.2+spec-1.1.0
   Compiling tokio-rustls v0.26.4
   Compiling libsqlite3-sys v0.35.0
   Compiling futf v0.1.5
   Compiling markup5ever v0.12.1
   Compiling time v0.3.47
   Compiling anstream v1.0.0
   Compiling phf_codegen v0.10.0
   Compiling darling v0.21.3
   Compiling async-compression v0.4.42
   Compiling webpki-roots v1.0.7
   Compiling serde_urlencoded v0.7.1
   Compiling uniffi_checksum_derive v0.28.3
   Compiling num-traits v0.2.19
   Compiling toml_datetime v0.7.5+spec-1.1.0
   Compiling serde_spanned v1.1.1
   Compiling semver v1.0.28
   Compiling minimal-lexical v0.2.1
   Compiling dtoa v1.0.11
   Compiling iri-string v0.7.12
   Compiling fastrand v2.4.1
   Compiling either v1.15.0
   Compiling libm v0.2.16
   Compiling mime v0.3.17
   Compiling diesel_derives v2.3.8
   Compiling rustc-hash v2.1.2
   Compiling type-map v0.5.1
   Compiling dsl_auto_type v0.2.0
   Compiling tempfile v3.27.0
   Compiling uniffi_meta v0.28.3
   Compiling tower-http v0.6.8
   Compiling nom v7.1.3
   Compiling dtoa-short v0.3.5
   Compiling toml v0.9.12+spec-1.1.0
   Compiling hyper-rustls v0.27.9
   Compiling cooklang v0.18.6
   Compiling crossbeam-epoch v0.9.18
   Compiling selectors v0.25.0
   Compiling tendril v0.4.3
   Compiling string_cache v0.8.9
   Compiling strum_macros v0.26.4
   Compiling cargo-platform v0.1.9
   Compiling bincode v1.3.3
   Compiling toml v0.5.11
   Compiling futures-executor v0.3.32
   Compiling bstr v1.12.1
   Compiling html5ever v0.27.0
   Compiling enum-map-derive v0.17.0
   Compiling cssparser-macros v0.6.1
   Compiling pin-project-internal v1.1.11
   Compiling diesel_table_macro_syntax v0.3.0
   Compiling notify-types v2.1.0
   Compiling scheduled-thread-pool v0.2.7
   Compiling fsevent-sys v4.1.0
   Compiling portable-atomic v1.13.1
   Compiling toml_writer v1.1.1+spec-1.1.0
   Compiling static_assertions v1.1.0
   Compiling yansi v1.0.1
   Compiling self_cell v1.2.2
   Compiling pin-project v1.1.11
   Compiling self_cell v0.10.3
   Compiling uniffi_core v0.28.3
   Compiling globset v0.4.18
   Compiling r2d2 v0.8.10
   Compiling notify v8.2.0
   Compiling strum v0.26.3
   Compiling uniffi_macros v0.28.3
   Compiling sha2 v0.10.9
   Compiling cssparser v0.31.2
   Compiling enum-map v2.7.3
   Compiling futures v0.3.32
   Compiling cargo_metadata v0.15.4
   Compiling crossbeam-deque v0.8.6
   Compiling askama_parser v0.2.1
   Compiling migrations_internals v2.3.0
   Compiling reqwest v0.12.28
   Compiling spin v0.9.8
   Compiling phf v0.10.1
   Compiling intl-memoizer v0.5.3
   Compiling fluent-langneg v0.13.1
   Compiling intl_pluralrules v7.0.2
   Compiling fxhash v0.2.1
   Compiling sha1 v0.10.6
   Compiling regex v1.12.3
   Compiling basic-toml v0.1.10
   Compiling fluent-syntax v0.11.1
   Compiling derive_more v0.99.20
   Compiling serde_repr v0.1.20
   Compiling vte_generate_state_changes v0.1.2
   Compiling servo_arc v0.3.0
   Compiling env_filter v1.0.1
   Compiling rustc-hash v1.1.0
   Compiling zip v2.4.2
   Compiling lazy_static v1.5.0
   Compiling jiff v0.2.24
   Compiling data-encoding v2.11.0
   Compiling codesnake v0.2.1
   Compiling pathdiff v0.2.3
   Compiling bitflags v1.3.2
   Compiling arrayvec v0.5.2
   Compiling finl_unicode v1.4.0
   Compiling downcast-rs v2.0.2
   Compiling tungstenite v0.24.0
   Compiling vte v0.10.1
   Compiling lsp-types v0.94.1
   Compiling sharded-slab v0.1.7
   Compiling fluent-bundle v0.15.3
   Compiling env_logger v0.11.10
   Compiling askama_derive v0.12.5
   Compiling humansize v2.1.3
   Compiling flume v0.11.1
   Compiling migrations_macros v2.3.0
   Compiling ignore v0.4.25
   Compiling uniffi v0.28.3
   Compiling rust-embed-utils v8.11.0
   Compiling tower v0.4.13
   Compiling axum-core v0.4.5
   Compiling dashmap v5.5.3
   Compiling matchers v0.2.0
   Compiling xattr v1.6.1
   Compiling console v0.15.11
   Compiling getopts v0.2.24
   Compiling async-stream-impl v0.3.6
   Compiling auto_impl v1.3.0
   Compiling tower-lsp-macros v0.9.0
   Compiling tracing-log v0.2.0
   Compiling filetime v0.2.27
   Compiling thread_local v1.1.9
   Compiling option-ext v0.2.0
   Compiling str_indices v0.4.4
   Compiling hashbrown v0.16.1
   Compiling utf8-width v0.1.8
   Compiling self_update v0.41.0
   Compiling memo-map v0.3.3
   Compiling nu-ansi-term v0.50.3
   Compiling number_prefix v0.4.0
   Compiling glob v0.3.3
   Compiling core-foundation-sys v0.8.7
   Compiling ego-tree v0.6.3
   Compiling askama_escape v0.10.3
   Compiling cooklang-import v0.9.9
   Compiling clap_lex v1.1.0
   Compiling scraper v0.20.0
   Compiling tower-lsp v0.20.0
   Compiling clap_builder v4.6.0
   Compiling askama v0.12.1
   Compiling cooklang-find v0.5.8
   Compiling quick_cache v0.6.21
   Compiling iana-time-zone v0.1.65
   Compiling indicatif v0.17.11
   Compiling tracing-subscriber v0.3.23
   Compiling minijinja v2.19.0
   Compiling html-escape v0.2.13
   Compiling ropey v1.6.1
   Compiling dirs-sys v0.5.0
   Compiling tar v0.4.45
   Compiling async-stream v0.3.6
   Compiling fluent-template-macros v0.10.1
   Compiling rust-embed-impl v8.11.0
   Compiling config v0.14.1
   Compiling strip-ansi-escapes v0.1.1
   Compiling tokio-tungstenite v0.24.0
   Compiling notify-debouncer-mini v0.7.0
   Compiling self-replace v1.5.0
   Compiling dashmap v6.1.0
   Compiling uuid v1.23.1
   Compiling yaml-datastore v0.1.0
   Compiling whatlang v0.16.4
   Compiling terminal_size v0.4.4
   Compiling clap_derive v4.6.1
   Compiling anstyle-parse v0.2.7
   Compiling serde_path_to_error v0.1.20
   Compiling quick-xml v0.23.1
   Compiling nohash-hasher v0.2.0
   Compiling urlencoding v2.1.3
   Compiling http-range-header v0.4.2
   Compiling path-slash v0.2.1
   Compiling matchit v0.7.3
   Compiling file-id v0.2.3
   Compiling unicode-width v0.1.14
   Compiling unicode-linebreak v0.1.5
   Compiling text-size v1.1.1
   Compiling smawk v0.3.2
   Compiling textwrap v0.16.2
   Compiling cooklang-language-server v0.2.2
   Compiling diesel v2.3.8
   Compiling tabular v0.2.0
   Compiling axum v0.7.9
   Compiling clap v4.6.1
   Compiling notify-debouncer-full v0.7.0
   Compiling tower-http v0.5.2
   Compiling anstream v0.6.21
   Compiling cooklang-reports v0.2.2
   Compiling fluent-templates v0.10.1
   Compiling rust-embed v8.11.0
   Compiling directories v6.0.0
   Compiling chrono v0.4.44
   Compiling askama_axum v0.4.0
   Compiling fluent v0.16.1
   Compiling open v5.3.4
   Compiling anstyle-yansi v2.0.4
   Compiling tokio-stream v0.1.18
   Compiling humantime v2.3.0
   Compiling accept-language v3.1.0
   Compiling diesel_migrations v2.3.2
   Compiling cooklang-sync-client v0.4.12
   Compiling cookcli v0.29.0
    Finished `release` profile [optimized] target(s) in 4m 36s
  Installing /Users/zach/.cargo/bin/cook
   Installed package `cookcli v0.29.0` (executable `cook`)
