$ cargo install fresh-editor

    Updating crates.io index
  Downloaded fresh-editor v0.1.18
  Downloaded 1 crate (1.7MiB) in 0.83s
  Installing fresh-editor v0.1.18
    Updating crates.io index
     Locking 452 packages to latest compatible versions
      Adding deno_ast v0.51.0 (available: v0.52.0)
      Adding generic-array v0.14.7 (available: v0.14.9)
      Adding schemars v0.8.22 (available: v1.1.0)
      Adding unicode-width v0.2.0 (available: v0.2.2)
  Downloaded capacity_builder_macros v0.3.0
  Downloaded swc_ecma_codegen_macros v2.0.2
  Downloaded core_maths v0.1.1
  Downloaded deno_error_macro v0.7.1
  Downloaded fsevent-sys v4.1.0
  Downloaded deno_terminal v0.2.3
  Downloaded swc_atoms v7.0.0
  Downloaded better_scoped_tls v1.0.1
  Downloaded string_enum v1.0.2
  Downloaded gzip-header v1.0.0
  Downloaded sys_traits_macros v0.1.0
  Downloaded from_variant v2.0.2
  Downloaded boxed_error v0.2.3
  Downloaded swc_eq_ignore_macros v1.0.1
  Downloaded swc_config_macro v1.0.1
  Downloaded swc_config v3.1.2
  Downloaded matchers v0.2.0
  Downloaded swc_macros_common v1.0.1
  Downloaded tap v1.0.1
  Downloaded swc_visit v2.0.1
  Downloaded wasm_dep_analyzer v0.4.0
  Downloaded strck v1.0.0
  Downloaded stacker v0.1.22
  Downloaded wyz v0.5.1
  Downloaded thread_local v1.1.9
  Downloaded which v6.0.3
  Downloaded sha1 v0.10.6
  Downloaded capacity_builder v0.5.0
  Downloaded signal-hook-registry v1.4.7
  Downloaded serde_repr v0.1.20
  Downloaded scoped-tls v1.0.1
  Downloaded text_lines v0.6.0
  Downloaded swc_ecma_transforms_classes v27.0.0
  Downloaded pulldown-cmark-escape v0.11.0
  Downloaded par-core v2.0.0
  Downloaded swc_ecma_transforms_macros v1.0.1
  Downloaded semver v1.0.27
  Downloaded smartstring v1.0.1
  Downloaded data-url v0.3.2
  Downloaded schemars_derive v0.8.22
  Downloaded debugid v0.8.0
  Downloaded cexpr v0.6.0
  Downloaded siphasher v0.3.11
  Downloaded tree-sitter-highlight v0.25.10
  Downloaded home v0.5.12
  Downloaded getopts v0.2.24
  Downloaded unicase v2.8.1
  Downloaded dyn-clone v1.0.20
  Downloaded deno_error v0.7.1
  Downloaded tracing-log v0.2.0
  Downloaded syn-match v0.3.0
  Downloaded diplomat-runtime v0.14.0
  Downloaded diplomat v0.14.0
  Downloaded fslock v0.2.1
  Downloaded swc_allocator v4.0.1
  Downloaded deno_media_type v0.3.3
  Downloaded data-encoding v2.9.0
  Downloaded seq-macro v0.3.6
  Downloaded tree-sitter-lua v0.2.0
  Downloaded triomphe v0.1.15
  Downloaded sys_traits v0.1.19
  Downloaded serde_v8 v0.280.0
  Downloaded serde_derive_internals v0.29.1
  Downloaded icu_calendar_data v2.1.1
  Downloaded glob v0.3.3
  Downloaded swc_ecma_loader v14.0.0
  Downloaded stringcase v0.4.0
  Downloaded tracing-attributes v0.1.31
  Downloaded swc_ecma_transforms_typescript v30.0.1
  Downloaded swc_ecma_transforms_proposal v27.0.0
  Downloaded if_chain v1.0.3
  Downloaded deno_unsync v0.4.4
  Downloaded time-macros v0.2.24
  Downloaded swc_ecma_ast v15.0.0
  Downloaded unicode-id-start v1.4.0
  Downloaded is-macro v0.3.7
  Downloaded bytes-str v0.2.7
  Downloaded bit-set v0.8.0
  Downloaded funty v2.0.0
  Downloaded swc_ecma_utils v21.0.0
  Downloaded swc_sourcemap v9.3.4
  Downloaded yaml-rust v0.4.5
  Downloaded swc_ecma_parser v24.0.3
  Downloaded swc_ecma_codegen v17.0.2
  Downloaded sourcemap v9.3.0
  Downloaded sharded-slab v0.1.7
  Downloaded rustc_version v0.4.1
  Downloaded instability v0.3.10
  Downloaded ast_node v3.0.4
  Downloaded swc_ecma_transforms_react v30.0.2
  Downloaded uuid v1.19.0
  Downloaded temporal_capi v0.1.2
  Downloaded zoneinfo64 v0.2.1
  Downloaded linked-hash-map v0.5.6
  Downloaded tracing-core v0.1.35
  Downloaded objc2-io-surface v0.3.2
  Downloaded zerocopy-derive v0.8.31
  Downloaded rustc-hash v2.1.1
  Downloaded swc_common v14.0.4
  Downloaded notify-types v2.0.0
  Downloaded radium v0.7.0
  Downloaded timezone_provider v0.1.2
  Downloaded pathdiff v0.2.3
  Downloaded convert_case v0.10.0
  Downloaded arboard v3.6.1
  Downloaded ar_archive_writer v0.2.0
  Downloaded tracing v0.1.43
  Downloaded swc_ecma_transforms_base v27.0.0
  Downloaded cooked-waker v5.0.0
  Downloaded globset v0.4.18
  Downloaded swc_ecma_lexer v23.0.2
  Downloaded deno_path_util v0.6.4
  Downloaded fluent-uri v0.1.4
  Downloaded bit-vec v0.8.0
  Downloaded temporal_rs v0.1.2
  Downloaded tracing-subscriber v0.3.22
  Downloaded hstr v2.1.0
  Downloaded ascii v1.1.0
  Downloaded bincode v1.3.3
  Downloaded async-trait v0.1.89
  Downloaded zerocopy v0.8.31
  Downloaded psm v0.1.28
  Downloaded pin-project-internal v1.1.10
  Downloaded swc_ecma_visit v15.0.0
  Downloaded syn v2.0.111
  Downloaded notify v8.2.0
  Downloaded az v1.2.1
  Downloaded tree-sitter-bash v0.25.1
  Downloaded onig v6.5.1
  Downloaded icu_locale v2.1.1
  Downloaded compact_str v0.7.1
  Downloaded syntect v5.3.0
  Downloaded libloading v0.8.9
  Downloaded ixdtf v0.6.4
  Downloaded log v0.4.29
  Downloaded clang-sys v1.8.1
  Downloaded calendrical_calculations v0.2.3
  Downloaded ignore v0.4.25
  Downloaded pin-project v1.1.10
  Downloaded schemars v0.8.22
  Downloaded plist v1.8.0
  Downloaded derive_more v2.1.0
  Downloaded lsp-types v0.97.0
  Downloaded objc2-core-graphics v0.3.2
  Downloaded dprint-swc-ext v0.25.1
  Downloaded deno_ops v0.247.0
  Downloaded derive_more-impl v2.1.0
  Downloaded deno_ast v0.51.0
  Downloaded cc v1.2.48
  Downloaded prettyplease v0.2.37
  Downloaded mio v1.1.1
  Downloaded ryu-js v1.0.2
  Downloaded diplomat_core v0.14.0
  Downloaded icu_calendar v2.1.1
  Downloaded icu_locale_data v2.1.1
  Downloaded pulldown-cmark v0.13.0
  Downloaded resb v0.1.1
  Downloaded quick-xml v0.38.4
  Downloaded objc2-core-foundation v0.3.2
  Downloaded moxcms v0.7.10
  Downloaded bindgen v0.72.1
  Downloaded bitvec v1.0.1
  Downloaded object v0.32.2
  Downloaded deno_core v0.371.0
  Downloaded bstr v1.12.1
  Downloaded objc2-foundation v0.3.2
  Downloaded objc2-app-kit v0.3.2
  Downloaded onig_sys v69.9.1
  Downloaded libc v0.2.178
  Downloaded pxfm v0.1.26
  Downloaded deno_core_icudata v0.74.0
  Downloaded v8 v142.2.0
  Downloaded 172 crates (49.9MiB) in 6.26s (largest was `v8` at 33.0MiB)
   Compiling proc-macro2 v1.0.103
   Compiling quote v1.0.42
   Compiling unicode-ident v1.0.22
   Compiling shlex v1.3.0
   Compiling find-msvc-tools v0.1.5
   Compiling cfg-if v1.0.4
   Compiling stable_deref_trait v1.2.1
   Compiling serde_core v1.0.228
   Compiling serde v1.0.228
   Compiling libc v0.2.178
   Compiling cc v1.2.48
   Compiling memchr v2.7.6
   Compiling writeable v0.6.2
   Compiling allocator-api2 v0.2.21
   Compiling litemap v0.8.1
   Compiling smallvec v1.15.1
   Compiling equivalent v1.0.2
   Compiling itoa v1.0.15
   Compiling bitflags v2.10.0
   Compiling version_check v0.9.5
   Compiling autocfg v1.5.0
   Compiling foldhash v0.2.0
   Compiling hashbrown v0.16.1
   Compiling ryu v1.0.20
   Compiling num-traits v0.2.19
   Compiling icu_properties_data v2.1.1
   Compiling icu_normalizer_data v2.1.1
   Compiling indexmap v2.12.1
   Compiling once_cell v1.21.3
   Compiling serde_json v1.0.145
   Compiling pin-project-lite v0.2.16
   Compiling zerocopy v0.8.31
   Compiling utf8_iter v1.0.4
   Compiling bytes v1.11.0
   Compiling syn v2.0.111
   Compiling percent-encoding v2.3.2
   Compiling heck v0.5.0
   Compiling form_urlencoded v1.2.2
   Compiling ahash v0.8.12
   Compiling radium v0.7.0
   Compiling rustc-hash v2.1.1
   Compiling tap v1.0.1
   Compiling wyz v0.5.1
   Compiling vsimd v0.8.0
   Compiling uuid v1.19.0
   Compiling either v1.15.0
   Compiling funty v2.0.0
   Compiling anyhow v1.0.100
   Compiling rand_core v0.6.4
   Compiling outref v0.5.2
   Compiling base64-simd v0.8.0
   Compiling rand v0.8.5
   Compiling num-integer v0.1.46
   Compiling bitvec v1.0.1
   Compiling tracing-core v0.1.35
   Compiling log v0.4.29
   Compiling unicode-id-start v1.4.0
   Compiling tree-sitter-language v0.1.5
   Compiling if_chain v1.0.3
   Compiling new_debug_unreachable v1.0.6
   Compiling data-encoding v2.9.0
   Compiling unicode-width v0.1.14
   Compiling siphasher v1.0.1
   Compiling synstructure v0.13.2
   Compiling swc_macros_common v1.0.1
   Compiling phf_shared v0.11.3
   Compiling scoped-tls v1.0.1
   Compiling better_scoped_tls v1.0.1
   Compiling swc_visit v2.0.1
   Compiling siphasher v0.3.11
   Compiling crc32fast v1.5.0
   Compiling phf_generator v0.11.3
   Compiling static_assertions v1.1.0
   Compiling object v0.32.2
   Compiling parking_lot_core v0.9.12
   Compiling signal-hook-registry v1.4.7
   Compiling serde_derive v1.0.228
   Compiling zerofrom-derive v0.1.6
   Compiling yoke-derive v0.8.1
   Compiling zerovec-derive v0.11.2
   Compiling zerofrom v0.1.6
   Compiling displaydoc v0.2.5
   Compiling zerocopy-derive v0.8.31
   Compiling yoke v0.8.1
   Compiling tracing-attributes v0.1.31
   Compiling from_variant v2.0.2
   Compiling zerovec v0.11.5
   Compiling zerotrie v0.2.3
   Compiling ast_node v3.0.4
   Compiling swc_eq_ignore_macros v1.0.1
   Compiling phf_macros v0.11.3
   Compiling ar_archive_writer v0.2.0
   Compiling tracing v0.1.43
   Compiling string_enum v1.0.2
   Compiling potential_utf v0.1.4
   Compiling tinystr v0.8.2
   Compiling phf v0.11.3
   Compiling is-macro v0.3.7
   Compiling icu_locale_core v2.1.1
   Compiling icu_collections v2.1.1
   Compiling debugid v0.8.0
   Compiling triomphe v0.1.15
   Compiling num-bigint v0.4.6
   Compiling bytes-str v0.2.7
   Compiling scopeguard v1.2.0
   Compiling lock_api v0.4.14
   Compiling icu_provider v2.1.1
   Compiling psm v0.1.28
   Compiling icu_properties v2.1.1
   Compiling icu_normalizer v2.1.1
   Compiling hashbrown v0.14.5
   Compiling mio v1.1.1
   Compiling libm v0.2.15
   Compiling idna_adapter v1.2.1
   Compiling hstr v2.1.0
   Compiling idna v1.1.0
   Compiling thiserror v2.0.17
   Compiling url v2.5.7
   Compiling swc_atoms v7.0.0
   Compiling swc_sourcemap v9.3.4
   Compiling parking_lot v0.12.5
   Compiling smartstring v1.0.1
   Compiling stacker v0.1.22
   Compiling regex-syntax v0.8.8
   Compiling typenum v1.19.0
   Compiling swc_common v14.0.4
   Compiling thiserror-impl v2.0.17
   Compiling generic-array v0.14.7
   Compiling aho-corasick v1.1.4
   Compiling objc2 v0.6.3
   Compiling rustversion v1.0.22
   Compiling glob v0.3.3
   Compiling regex-automata v0.4.13
   Compiling clang-sys v1.8.1
   Compiling swc_ecma_ast v15.0.0
   Compiling core_maths v0.1.1
   Compiling prettyplease v0.2.37
   Compiling icu_locale_data v2.1.1
   Compiling seq-macro v0.3.6
   Compiling arrayvec v0.7.6
   Compiling objc2-encode v4.1.0
   Compiling calendrical_calculations v0.2.3
   Compiling tokio-macros v2.6.0
   Compiling socket2 v0.6.1
   Compiling minimal-lexical v0.2.1
   Compiling rustix v0.38.44
   Compiling ryu-js v1.0.2
   Compiling icu_calendar_data v2.1.1
   Compiling nom v7.1.3
   Compiling tokio v1.48.0
   Compiling libloading v0.8.9
   Compiling errno v0.3.14
   Compiling resb v0.1.1
   Compiling num_cpus v1.17.0
   Compiling par-core v2.0.0
   Compiling bindgen v0.72.1
   Compiling zoneinfo64 v0.2.1
   Compiling cexpr v0.6.0
   Compiling swc_ecma_lexer v23.0.2
   Compiling swc_ecma_visit v15.0.0
   Compiling icu_locale v2.1.1
   Compiling regex v1.12.2
   Compiling itertools v0.13.0
   Compiling swc_ecma_utils v21.0.0
   Compiling crypto-common v0.1.7
   Compiling block-buffer v0.10.4
   Compiling deno_error_macro v0.7.1
   Compiling strck v1.0.0
   Compiling home v0.5.12
   Compiling futures-sink v0.3.31
   Compiling futures-core v0.3.31
   Compiling signal-hook v0.3.18
   Compiling adler2 v2.0.1
   Compiling base64 v0.22.1
   Compiling simd-adler32 v0.3.7
   Compiling swc_ecma_parser v24.0.3
   Compiling paste v1.0.15
   Compiling miniz_oxide v0.8.9
   Compiling swc_ecma_transforms_base v27.0.0
   Compiling deno_error v0.7.1
   Compiling futures-channel v0.3.31
   Compiling diplomat_core v0.14.0
   Compiling which v6.0.3
   Compiling digest v0.10.7
   Compiling icu_calendar v2.1.1
   Compiling timezone_provider v0.1.2
   Compiling gzip-header v1.0.0
   Compiling castaway v0.2.4
   Compiling fslock v0.2.1
   Compiling futures-macro v0.3.31
   Compiling cpufeatures v0.2.17
   Compiling slab v0.4.11
   Compiling ident_case v1.0.1
   Compiling crossbeam-utils v0.8.21
   Compiling futures-io v0.3.31
   Compiling ixdtf v0.6.4
   Compiling pin-utils v0.1.0
   Compiling pkg-config v0.3.32
   Compiling strsim v0.11.1
   Compiling fnv v1.0.7
   Compiling futures-task v0.3.31
   Compiling futures-util v0.3.31
   Compiling onig_sys v69.9.1
   Compiling darling_core v0.20.11
   Compiling temporal_rs v0.1.2
   Compiling diplomat v0.14.0
   Compiling v8 v142.2.0
   Compiling flate2 v1.1.5
   Compiling tree-sitter v0.25.10
   Compiling objc2-core-foundation v0.3.2
   Compiling swc_config_macro v1.0.1
   Compiling fax_derive v0.2.0
   Compiling powerfmt v0.2.0
   Compiling utf8parse v0.2.2
   Compiling zune-core v0.4.12
   Compiling cfg_aliases v0.2.1
   Compiling unicode-width v0.2.0
   Compiling diplomat-runtime v0.14.0
   Compiling same-file v1.0.6
   Compiling unicode-segmentation v1.12.0
   Compiling walkdir v2.5.0
   Compiling temporal_capi v0.1.2
   Compiling convert_case v0.10.0
   Compiling zune-jpeg v0.4.21
   Compiling nix v0.30.1
   Compiling anstyle-parse v0.2.7
   Compiling deranged v0.5.5
   Compiling fax v0.2.6
   Compiling swc_config v3.1.2
   Compiling signal-hook-mio v0.2.5
   Compiling darling_macro v0.20.11
   Compiling sha1 v0.10.6
   Compiling half v2.7.1
   Compiling capacity_builder_macros v0.3.0
   Compiling sys_traits_macros v0.1.0
   Compiling strum_macros v0.27.2
   Compiling pxfm v0.1.26
   Compiling bumpalo v3.19.0
   Compiling quick-error v2.0.1
   Compiling colorchoice v1.0.4
   Compiling anstyle v1.0.13
   Compiling az v1.2.1
   Compiling instability v0.3.10
   Compiling anstyle-query v1.1.5
   Compiling num-conv v0.1.0
   Compiling foldhash v0.1.5
   Compiling weezl v0.1.12
   Compiling rustix v1.1.2
   Compiling is_terminal_polyfill v1.70.2
   Compiling time-core v0.1.6
   Compiling time v0.3.44
   Compiling anstream v0.6.21
   Compiling tiff v0.10.3
   Compiling hashbrown v0.15.5
   Compiling moxcms v0.7.10
   Compiling swc_allocator v4.0.1
   Compiling strum v0.27.2
   Compiling sys_traits v0.1.19
   Compiling capacity_builder v0.5.0
   Compiling swc_ecma_transforms_react v30.0.2
   Compiling darling v0.20.11
   Compiling crossbeam-epoch v0.9.18
   Compiling derive_more-impl v2.1.0
   Compiling objc2-foundation v0.3.2
   Compiling objc2-core-graphics v0.3.2
   Compiling futures-executor v0.3.31
   Compiling compact_str v0.7.1
   Compiling swc_ecma_transforms_classes v27.0.0
   Compiling strum_macros v0.26.4
   Compiling block2 v0.6.2
   Compiling text_lines v0.6.0
   Compiling bincode v1.3.3
   Compiling syn-match v0.3.0
   Compiling pin-project-internal v1.1.10
   Compiling swc_ecma_codegen_macros v2.0.2
   Compiling serde_derive_internals v0.29.1
   Compiling tree-sitter-c-sharp v0.23.1
   Compiling tree-sitter-css v0.25.0
   Compiling tree-sitter-lua v0.2.0
   Compiling tree-sitter-html v0.23.2
   Compiling tree-sitter-go v0.25.0
   Compiling tree-sitter-python v0.25.0
   Compiling tree-sitter-ruby v0.23.1
   Compiling tree-sitter-rust v0.24.0
   Compiling tree-sitter-cpp v0.23.4
   Compiling tree-sitter-bash v0.25.1
   Compiling tree-sitter-javascript v0.25.0
   Compiling tree-sitter-c v0.24.1
   Compiling tree-sitter-php v0.24.2
   Compiling tree-sitter-typescript v0.23.2
   Compiling tree-sitter-json v0.24.8
   Compiling tree-sitter-java v0.23.5
   Compiling bstr v1.12.1
   Compiling quick-xml v0.38.4
   Compiling bit-vec v0.8.0
   Compiling ascii v1.1.0
   Compiling litrs v1.0.0
   Compiling streaming-iterator v0.1.9
   Compiling option-ext v0.2.0
   Compiling indoc v2.0.7
   Compiling pathdiff v0.2.3
   Compiling byteorder-lite v0.1.0
   Compiling lazy_static v1.5.0
   Compiling bytemuck v1.24.0
   Compiling pulldown-cmark v0.13.0
   Compiling bitflags v1.3.2
   Compiling termcolor v1.4.1
   Compiling linked-hash-map v0.5.6
   Compiling stringcase v0.4.0
   Compiling clap_lex v0.7.6
   Compiling schemars v0.8.22
   Compiling data-url v0.3.2
   Compiling core-foundation-sys v0.8.7
   Compiling iana-time-zone v0.1.64
   Compiling deno_media_type v0.3.3
   Compiling clap_builder v4.5.53
   Compiling deno_ops v0.247.0
   Compiling deno_terminal v0.2.3
   Compiling yaml-rust v0.4.5
   Compiling fluent-uri v0.1.4
   Compiling image v0.25.9
   Compiling sharded-slab v0.1.7
   Compiling swc_ecma_loader v14.0.0
   Compiling unicode-truncate v1.1.0
   Compiling dirs-sys v0.5.0
   Compiling document-features v0.2.12
   Compiling swc_ecma_codegen v17.0.2
   Compiling plist v1.8.0
   Compiling globset v0.4.18
   Compiling bit-set v0.8.0
   Compiling schemars_derive v0.8.22
   Compiling pin-project v1.1.10
   Compiling strum v0.26.3
   Compiling objc2-app-kit v0.3.2
   Compiling dprint-swc-ext v0.25.1
   Compiling dispatch2 v0.3.0
   Compiling swc_ecma_transforms_proposal v27.0.0
   Compiling derive_more v2.1.0
   Compiling futures v0.3.31
   Compiling swc_ecma_transforms_typescript v30.0.1
   Compiling crossterm v0.28.1
   Compiling crossbeam-deque v0.8.6
   Compiling deno_path_util v0.6.4
   Compiling serde_v8 v0.280.0
   Compiling lru v0.12.5
   Compiling onig v6.5.1
   Compiling getopts v0.2.24
   Compiling deno_unsync v0.4.4
   Compiling compact_str v0.8.1
   Compiling wasm_dep_analyzer v0.4.0
   Compiling fresh-editor v0.1.18
   Compiling matchers v0.2.0
   Compiling sourcemap v9.3.0
   Compiling swc_ecma_transforms_macros v1.0.1
   Compiling serde_repr v0.1.20
   Compiling boxed_error v0.2.3
   Compiling clap_derive v4.5.49
   Compiling tracing-log v0.2.0
   Compiling fsevent-sys v4.1.0
   Compiling thread_local v1.1.9
   Compiling dyn-clone v1.0.20
   Compiling nu-ansi-term v0.50.3
   Compiling notify-types v2.0.0
   Compiling pulldown-cmark-escape v0.11.0
   Compiling deno_core_icudata v0.74.0
   Compiling cooked-waker v5.0.0
   Compiling unicase v2.8.1
   Compiling cassowary v0.3.0
   Compiling syntect v5.3.0
   Compiling ratatui v0.29.0
   Compiling deno_core v0.371.0
   Compiling notify v8.2.0
   Compiling clap v4.5.53
   Compiling tracing-subscriber v0.3.22
   Compiling lsp-types v0.97.0
   Compiling deno_ast v0.51.0
   Compiling crossterm v0.29.0
   Compiling ignore v0.4.25
   Compiling ctrlc v3.5.1
   Compiling arboard v3.6.1
   Compiling tree-sitter-highlight v0.25.10
   Compiling dirs v6.0.0
   Compiling chrono v0.4.42
   Compiling sha2 v0.10.9
   Compiling async-trait v0.1.89
   Compiling lru v0.16.2
    Finished `release` profile [optimized + debuginfo] target(s) in 3m 00s
  Installing /Users/zach/.cargo/bin/fresh
   Installed package `fresh-editor v0.1.18` (executable `fresh`)
