$ cargo install --locked hygg

    Updating crates.io index
  Downloaded hygg v0.1.17
  Downloaded 1 crate (25.5KiB) in 0.66s
  Installing hygg v0.1.17
    Updating crates.io index
    Updating crates.io index
  Downloaded adler2 v2.0.1
  Downloaded anstream v0.6.19
  Downloaded autocfg v1.5.0
  Downloaded adobe-cmap-parser v0.4.1
  Downloaded atty v0.2.14
  Downloaded arboard v3.6.0
  Downloaded equivalent v1.0.2
  Downloaded match_token v0.1.0
  Downloaded stable_deref_trait v1.2.0
  Downloaded mac v0.1.1
  Downloaded document-features v0.2.11
  Downloaded md-5 v0.10.6
  Downloaded heck v0.5.0
  Downloaded form_urlencoded v1.2.1
  Downloaded dirs v6.0.0
  Downloaded cpufeatures v0.2.17
  Downloaded convert_case v0.7.1
  Downloaded generic-array v0.14.7
  Downloaded potential_utf v0.1.2
  Downloaded lazy_static v1.5.0
  Downloaded itoa v1.0.15
  Downloaded libz-rs-sys v0.5.1
  Downloaded getopts v0.2.23
  Downloaded dotenvy v0.15.7
  Downloaded yoke-derive v0.8.0
  Downloaded iana-time-zone v0.1.63
  Downloaded lock_api v0.4.13
  Downloaded getrandom v0.2.16
  Downloaded fdeflate v0.3.7
  Downloaded crc32fast v1.5.0
  Downloaded new_debug_unreachable v1.0.6
  Downloaded displaydoc v0.2.5
  Downloaded cbc v0.1.2
  Downloaded num-conv v0.1.0
  Downloaded litrs v0.4.1
  Downloaded log v0.4.27
  Downloaded clap v4.5.41
  Downloaded nom_locate v4.2.0
  Downloaded crossbeam-epoch v0.9.18
  Downloaded icu_properties v2.0.1
  Downloaded zerofrom v0.1.6
  Downloaded flate2 v1.1.2
  Downloaded icu_locale_core v2.0.0
  Downloaded subtle v2.6.1
  Downloaded euclid v0.20.14
  Downloaded phf_generator v0.11.3
  Downloaded base64 v0.22.1
  Downloaded bumpalo v3.19.0
  Downloaded powerfmt v0.2.0
  Downloaded minimal-lexical v0.2.1
  Downloaded objc2-encode v4.1.0
  Downloaded siphasher v1.0.1
  Downloaded phf_codegen v0.11.3
  Downloaded cc v1.2.30
  Downloaded zerovec v0.11.2
  Downloaded type1-encoding-parser v0.1.0
  Downloaded icu_properties_data v2.0.1
  Downloaded tinyvec_macros v0.1.1
  Downloaded crossterm v0.29.0
  Downloaded precomputed-hash v0.1.1
  Downloaded utf8_iter v1.0.4
  Downloaded time-core v0.1.4
  Downloaded signal-hook-mio v0.2.4
  Downloaded objc2 v0.6.1
  Downloaded untrusted v0.9.0
  Downloaded postscript v0.14.1
  Downloaded chrono v0.4.41
  Downloaded webpki-roots v0.26.11
  Downloaded cli-epub-to-text v0.1.17
  Downloaded thiserror-impl v2.0.12
  Downloaded string_cache v0.8.9
  Downloaded simd-adler32 v0.3.7
  Downloaded cli-justify v0.1.17
  Downloaded cli-pdf-to-text v0.1.17
  Downloaded option-ext v0.2.0
  Downloaded image v0.25.6
  Downloaded aho-corasick v1.1.3
  Downloaded once_cell v1.21.3
  Downloaded zerofrom-derive v0.1.6
  Downloaded nom v7.1.3
  Downloaded idna v1.0.3
  Downloaded clap_builder v4.5.41
  Downloaded synstructure v0.13.2
  Downloaded phf_shared v0.11.3
  Downloaded phf v0.11.3
  Downloaded hashbrown v0.15.4
  Downloaded zeroize v1.8.1
  Downloaded utf8parse v0.2.2
  Downloaded tinystr v0.8.1
  Downloaded time-macros v0.2.22
  Downloaded strsim v0.11.1
  Downloaded string_cache_codegen v0.5.4
  Downloaded libc v0.2.174
  Downloaded shlex v1.3.0
  Downloaded rand_core v0.6.4
  Downloaded parking_lot_core v0.9.11
  Downloaded redirect-stderr v0.1.17
  Downloaded jpeg-decoder v0.3.2
  Downloaded scopeguard v1.2.0
  Downloaded markup5ever v0.16.2
  Downloaded aes v0.8.4
  Downloaded indexmap v2.10.0
  Downloaded zerovec-derive v0.11.1
  Downloaded utf-8 v0.7.6
  Downloaded html2text v0.15.2
  Downloaded signal-hook-registry v1.4.5
  Downloaded smallvec v1.15.1
  Downloaded cli-text-reader v0.1.17
  Downloaded encoding_rs v0.8.35
  Downloaded web_atoms v0.1.3
  Downloaded quote v1.0.40
  Downloaded percent-encoding v2.3.1
  Downloaded num-traits v0.2.19
  Downloaded icu_collections v2.0.0
  Downloaded yoke v0.8.0
  Downloaded thiserror v2.0.12
  Downloaded parking_lot v0.12.4
  Downloaded html5ever v0.31.0
  Downloaded writeable v0.6.1
  Downloaded version_check v0.9.5
  Downloaded tinyvec v1.9.0
  Downloaded proc-macro2 v1.0.95
  Downloaded objc2-io-surface v0.3.1
  Downloaded unicode-ident v1.0.18
  Downloaded derive_more-impl v2.0.1
  Downloaded weezl v0.1.10
  Downloaded signal-hook v0.3.18
  Downloaded ryu v1.0.20
  Downloaded icu_normalizer_data v2.0.0
  Downloaded icu_normalizer v2.0.0
  Downloaded dispatch2 v0.3.0
  Downloaded xml-rs v0.8.27
  Downloaded serde_derive v1.0.219
  Downloaded zopfli v0.8.2
  Downloaded tendril v0.4.3
  Downloaded uuid v1.17.0
  Downloaded epub v2.1.4
  Downloaded derive_more v2.0.1
  Downloaded rustls-pki-types v1.12.0
  Downloaded rayon-core v1.12.1
  Downloaded memchr v2.7.5
  Downloaded miniz_oxide v0.8.9
  Downloaded objc2-core-graphics v0.3.1
  Downloaded zerotrie v0.2.2
  Downloaded typenum v1.18.0
  Downloaded lopdf v0.35.0
  Downloaded url v2.5.4
  Downloaded unicode-segmentation v1.12.0
  Downloaded serde v1.0.219
  Downloaded rustls-webpki v0.103.4
  Downloaded rand v0.8.5
  Downloaded pdf-extract v0.7.12
  Downloaded rangemap v1.5.1
  Downloaded bytemuck v1.23.1
  Downloaded litemap v0.8.0
  Downloaded icu_provider v2.0.0
  Downloaded getrandom v0.3.3
  Downloaded crossbeam-utils v0.8.21
  Downloaded core-foundation-sys v0.8.7
  Downloaded bitflags v2.9.1
  Downloaded ureq v2.12.1
  Downloaded unicode-normalization v0.1.24
  Downloaded png v0.17.16
  Downloaded zip v3.0.0
  Downloaded mio v1.0.4
  Downloaded time v0.3.41
  Downloaded objc2-core-foundation v0.3.1
  Downloaded serde_json v1.0.141
  Downloaded lopdf v0.34.0
  Downloaded idna_adapter v1.2.1
  Downloaded rayon v1.10.0
  Downloaded zlib-rs v0.5.1
  Downloaded pom v1.1.0
  Downloaded errno v0.3.13
  Downloaded crypto-common v0.1.6
  Downloaded crossbeam-deque v0.8.6
  Downloaded clap_derive v4.5.41
  Downloaded is_terminal_polyfill v1.70.1
  Downloaded inout v0.1.4
  Downloaded dirs-sys v0.5.0
  Downloaded digest v0.10.7
  Downloaded deranged v0.4.0
  Downloaded bitflags v1.3.2
  Downloaded futf v0.1.5
  Downloaded either v1.15.0
  Downloaded colorchoice v1.0.4
  Downloaded cipher v0.4.4
  Downloaded byteorder-lite v0.1.0
  Downloaded bytecount v0.6.9
  Downloaded block-padding v0.3.3
  Downloaded anstyle-parse v0.2.7
  Downloaded clap_lex v0.7.5
  Downloaded cfg-if v1.0.1
  Downloaded block-buffer v0.10.4
  Downloaded anstyle-query v1.1.3
  Downloaded anstyle v1.0.11
  Downloaded regex v1.11.1
  Downloaded webpki-roots v1.0.2
  Downloaded unicode-width v0.2.1
  Downloaded syn v2.0.104
  Downloaded objc2-foundation v0.3.1
  Downloaded rustls v0.23.29
  Downloaded regex-syntax v0.8.5
  Downloaded rustix v1.0.8
  Downloaded objc2-app-kit v0.3.1
  Downloaded regex-automata v0.4.9
  Downloaded tiff v0.9.1
  Downloaded ring v0.17.14
  Downloaded 208 crates (32.3MiB) in 1.97s (largest was `lopdf` at 6.7MiB)
   Compiling proc-macro2 v1.0.95
   Compiling unicode-ident v1.0.18
   Compiling libc v0.2.174
   Compiling cfg-if v1.0.1
   Compiling autocfg v1.5.0
   Compiling log v0.4.27
   Compiling crc32fast v1.5.0
   Compiling version_check v0.9.5
   Compiling typenum v1.18.0
   Compiling smallvec v1.15.1
   Compiling stable_deref_trait v1.2.0
   Compiling generic-array v0.14.7
   Compiling serde v1.0.219
   Compiling adler2 v2.0.1
   Compiling zlib-rs v0.5.1
   Compiling miniz_oxide v0.8.9
   Compiling memchr v2.7.5
   Compiling lock_api v0.4.13
   Compiling libz-rs-sys v0.5.1
   Compiling parking_lot_core v0.9.11
   Compiling rand_core v0.6.4
   Compiling siphasher v1.0.1
   Compiling rand v0.8.5
   Compiling phf_shared v0.11.3
   Compiling num-traits v0.2.19
   Compiling scopeguard v1.2.0
   Compiling phf_generator v0.11.3
   Compiling flate2 v1.1.2
   Compiling shlex v1.3.0
   Compiling writeable v0.6.1
   Compiling litemap v0.8.0
   Compiling cc v1.2.30
   Compiling itoa v1.0.15
   Compiling new_debug_unreachable v1.0.6
   Compiling equivalent v1.0.2
   Compiling bitflags v2.9.1
   Compiling icu_properties_data v2.0.1
   Compiling objc2 v0.6.1
   Compiling hashbrown v0.15.4
   Compiling crypto-common v0.1.6
   Compiling icu_normalizer_data v2.0.0
   Compiling weezl v0.1.10
   Compiling crossbeam-utils v0.8.21
   Compiling quote v1.0.40
   Compiling syn v2.0.104
   Compiling parking_lot v0.12.4
   Compiling indexmap v2.10.0
   Compiling ring v0.17.14
   Compiling string_cache_codegen v0.5.4
   Compiling phf_codegen v0.11.3
   Compiling zeroize v1.8.1
   Compiling objc2-encode v4.1.0
   Compiling thiserror v2.0.12
   Compiling rustls-pki-types v1.12.0
   Compiling web_atoms v0.1.3
   Compiling block-buffer v0.10.4
   Compiling block-padding v0.3.3
   Compiling mac v0.1.1
   Compiling precomputed-hash v0.1.1
   Compiling powerfmt v0.2.0
   Compiling percent-encoding v2.3.1
   Compiling unicode-width v0.2.1
   Compiling minimal-lexical v0.2.1
   Compiling deranged v0.4.0
   Compiling futf v0.1.5
   Compiling nom v7.1.3
   Compiling crossbeam-epoch v0.9.18
   Compiling digest v0.10.7
   Compiling inout v0.1.4
   Compiling phf v0.11.3
   Compiling getrandom v0.2.16
   Compiling unicode-segmentation v1.12.0
   Compiling objc2-core-foundation v0.3.1
   Compiling time-core v0.1.4
   Compiling untrusted v0.9.0
   Compiling utf-8 v0.7.6
   Compiling core-foundation-sys v0.8.7
   Compiling signal-hook v0.3.18
   Compiling rayon-core v1.12.1
   Compiling num-conv v0.1.0
   Compiling time v0.3.41
   Compiling iana-time-zone v0.1.63
   Compiling tendril v0.4.3
   Compiling convert_case v0.7.1
   Compiling crossbeam-deque v0.8.6
   Compiling synstructure v0.13.2
   Compiling cipher v0.4.4
   Compiling md-5 v0.10.6
   Compiling signal-hook-registry v1.4.5
   Compiling encoding_rs v0.8.35
   Compiling rustix v1.0.8
   Compiling regex-syntax v0.8.5
   Compiling rustls v0.23.29
   Compiling simd-adler32 v0.3.7
   Compiling rangemap v1.5.1
   Compiling bumpalo v3.19.0
   Compiling tinyvec_macros v0.1.1
   Compiling jpeg-decoder v0.3.2
   Compiling utf8parse v0.2.2
   Compiling utf8_iter v1.0.4
   Compiling serde_json v1.0.141
   Compiling pom v1.1.0
   Compiling tiff v0.9.1
   Compiling zerofrom-derive v0.1.6
   Compiling yoke-derive v0.8.0
   Compiling zerovec-derive v0.11.1
   Compiling serde_derive v1.0.219
   Compiling displaydoc v0.2.5
   Compiling zerofrom v0.1.6
   Compiling thiserror-impl v2.0.12
   Compiling yoke v0.8.0
   Compiling zerovec v0.11.2
   Compiling zerotrie v0.2.2
   Compiling regex-automata v0.4.9
   Compiling derive_more-impl v2.0.1
   Compiling tinystr v0.8.1
   Compiling icu_locale_core v2.0.0
   Compiling potential_utf v0.1.2
   Compiling icu_collections v2.0.0
   Compiling rustls-webpki v0.103.4
   Compiling icu_provider v2.0.0
   Compiling icu_properties v2.0.1
   Compiling icu_normalizer v2.0.0
   Compiling idna_adapter v1.2.1
   Compiling idna v1.0.3
   Compiling match_token v0.1.0
   Compiling anstyle-parse v0.2.7
   Compiling zopfli v0.8.2
   Compiling tinyvec v1.9.0
   Compiling string_cache v0.8.9
   Compiling chrono v0.4.41
   Compiling markup5ever v0.16.2
   Compiling objc2-foundation v0.3.1
   Compiling objc2-core-graphics v0.3.1
   Compiling getopts v0.2.23
   Compiling form_urlencoded v1.2.1
   Compiling webpki-roots v1.0.2
   Compiling cpufeatures v0.2.17
   Compiling errno v0.3.13
   Compiling mio v1.0.4
   Compiling either v1.15.0
   Compiling ryu v1.0.20
   Compiling subtle v2.6.1
   Compiling colorchoice v1.0.4
   Compiling getrandom v0.3.3
   Compiling bytecount v0.6.9
   Compiling litrs v0.4.1
   Compiling once_cell v1.21.3
   Compiling anstyle v1.0.11
   Compiling bytemuck v1.23.1
   Compiling anstyle-query v1.1.3
   Compiling byteorder-lite v0.1.0
   Compiling option-ext v0.2.0
   Compiling is_terminal_polyfill v1.70.1
   Compiling dirs-sys v0.5.0
   Compiling document-features v0.2.11
   Compiling anstream v0.6.19
   Compiling image v0.25.6
   Compiling objc2-app-kit v0.3.1
   Compiling nom_locate v4.2.0
   Compiling signal-hook-mio v0.2.4
   Compiling rayon v1.10.0
   Compiling aes v0.8.4
   Compiling webpki-roots v0.26.11
   Compiling url v2.5.4
   Compiling html5ever v0.31.0
   Compiling unicode-normalization v0.1.24
   Compiling zip v3.0.0
   Compiling regex v1.11.1
   Compiling derive_more v2.0.1
   Compiling type1-encoding-parser v0.1.0
   Compiling adobe-cmap-parser v0.4.1
   Compiling lopdf v0.34.0
   Compiling cbc v0.1.2
   Compiling euclid v0.20.14
   Compiling base64 v0.22.1
   Compiling strsim v0.11.1
   Compiling postscript v0.14.1
   Compiling clap_lex v0.7.5
   Compiling xml-rs v0.8.27
   Compiling heck v0.5.0
   Compiling pdf-extract v0.7.12
   Compiling clap_derive v4.5.41
   Compiling epub v2.1.4
   Compiling clap_builder v4.5.41
   Compiling ureq v2.12.1
   Compiling lopdf v0.35.0
   Compiling crossterm v0.29.0
   Compiling html2text v0.15.2
   Compiling arboard v3.6.0
   Compiling dirs v6.0.0
   Compiling cli-justify v0.1.17
   Compiling redirect-stderr v0.1.17
   Compiling lazy_static v1.5.0
   Compiling dotenvy v0.15.7
   Compiling cli-text-reader v0.1.17
   Compiling cli-pdf-to-text v0.1.17
   Compiling uuid v1.17.0
   Compiling cli-epub-to-text v0.1.17
   Compiling clap v4.5.41
   Compiling atty v0.2.14
   Compiling hygg v0.1.17
    Finished `release` profile [optimized] target(s) in 1m 03s
  Installing /Users/zach/.cargo/bin/hygg
   Installed package `hygg v0.1.17` (executable `hygg`)
