$ cargo install just-lsp
    Updating crates.io index
  Downloaded just-lsp v0.3.2
  Downloaded 1 crate (110.4KiB) in 0.59s
  Installing just-lsp v0.3.2
    Updating crates.io index
     Locking 142 packages to latest compatible versions
  Downloaded clap_derive v4.5.55
  Downloaded find-msvc-tools v0.1.9
  Downloaded tree-sitter-language v0.1.7
  Downloaded tower-lsp-macros v0.9.0
  Downloaded str_indices v0.4.4
  Downloaded zmij v1.0.19
  Downloaded auto_impl v1.3.0
  Downloaded tree-sitter-highlight v0.26.5
  Downloaded slab v0.4.12
  Downloaded quote v1.0.44
  Downloaded tower-lsp v0.20.0
  Downloaded proc-macro2 v1.0.106
  Downloaded cc v1.2.55
  Downloaded tower v0.4.13
  Downloaded ropey v1.6.1
  Downloaded clap_builder v4.5.57
  Downloaded tree-sitter v0.26.5
  Downloaded regex v1.12.3
  Downloaded bytes v1.11.1
  Downloaded inventory v0.3.21
  Downloaded regex-syntax v0.8.9
  Downloaded ariadne v0.6.0
  Downloaded jiff v0.2.18
  Downloaded regex-automata v0.4.14
  Downloaded clap v4.5.57
  Downloaded lsp-types v0.94.1
  Downloaded 26 crates (3.0MiB) in 0.65s
   Compiling proc-macro2 v1.0.106
   Compiling quote v1.0.44
   Compiling unicode-ident v1.0.22
   Compiling stable_deref_trait v1.2.1
   Compiling libc v0.2.180
   Compiling zmij v1.0.19
   Compiling memchr v2.7.6
   Compiling smallvec v1.15.1
   Compiling litemap v0.8.1
   Compiling writeable v0.6.2
   Compiling pin-project-lite v0.2.16
   Compiling icu_normalizer_data v2.1.1
   Compiling icu_properties_data v2.1.2
   Compiling serde_core v1.0.228
   Compiling shlex v1.3.0
   Compiling find-msvc-tools v0.1.9
   Compiling hashbrown v0.16.1
   Compiling serde_json v1.0.149
   Compiling equivalent v1.0.2
   Compiling futures-core v0.3.31
   Compiling cc v1.2.55
   Compiling indexmap v2.13.0
   Compiling aho-corasick v1.1.4
   Compiling itoa v1.0.17
   Compiling futures-sink v0.3.31
   Compiling regex-syntax v0.8.9
   Compiling tree-sitter-language v0.1.7
   Compiling errno v0.3.14
   Compiling once_cell v1.21.3
   Compiling utf8parse v0.2.2
   Compiling cfg-if v1.0.4
   Compiling serde v1.0.228
   Compiling anstyle-parse v0.2.7
   Compiling signal-hook-registry v1.4.8
   Compiling syn v2.0.114
   Compiling mio v1.1.1
   Compiling futures-channel v0.3.31
   Compiling futures-io v0.3.31
   Compiling pin-utils v0.1.0
   Compiling parking_lot_core v0.9.12
   Compiling anstyle v1.0.13
   Compiling slab v0.4.12
   Compiling colorchoice v1.0.4
   Compiling regex-automata v0.4.14
   Compiling bytes v1.11.1
   Compiling utf8_iter v1.0.4
   Compiling futures-task v0.3.31
   Compiling is_terminal_polyfill v1.70.2
   Compiling anstyle-query v1.1.5
   Compiling percent-encoding v2.3.2
   Compiling form_urlencoded v1.2.2
   Compiling anstream v0.6.21
   Compiling tree-sitter v0.26.5
   Compiling httparse v1.10.1
   Compiling scopeguard v1.2.0
   Compiling rustix v1.1.3
   Compiling getrandom v0.3.4
   Compiling thiserror v2.0.18
   Compiling regex v1.12.3
   Compiling lock_api v0.4.14
   Compiling synstructure v0.13.2
   Compiling tracing-core v0.1.36
   Compiling bitflags v1.3.2
   Compiling heck v0.5.0
   Compiling hashbrown v0.14.5
   Compiling bitflags v2.10.0
   Compiling tower-layer v0.3.3
   Compiling clap_lex v0.7.7
   Compiling log v0.4.29
   Compiling strsim v0.11.1
   Compiling streaming-iterator v0.1.9
   Compiling tower-service v0.3.3
   Compiling anyhow v1.0.100
   Compiling dashmap v5.5.3
   Compiling clap_builder v4.5.57
   Compiling zerofrom-derive v0.1.6
   Compiling yoke-derive v0.8.1
   Compiling zerovec-derive v0.11.2
   Compiling displaydoc v0.2.5
   Compiling futures-macro v0.3.31
   Compiling serde_derive v1.0.228
   Compiling tokio-macros v2.6.0
   Compiling pin-project-internal v1.1.10
   Compiling zerofrom v0.1.6
   Compiling futures-util v0.3.31
   Compiling yoke v0.8.1
   Compiling tokio v1.49.0
   Compiling tracing-attributes v0.1.31
   Compiling zerovec v0.11.5
   Compiling zerotrie v0.2.3
   Compiling tinystr v0.8.2
   Compiling potential_utf v0.1.4
   Compiling icu_collections v2.1.1
   Compiling icu_locale_core v2.1.1
   Compiling pin-project v1.1.10
   Compiling thiserror-impl v2.0.18
   Compiling serde_repr v0.1.20
   Compiling icu_provider v2.1.1
   Compiling icu_properties v2.1.2
   Compiling icu_normalizer v2.1.1
   Compiling futures v0.3.31
   Compiling tower v0.4.13
   Compiling tracing v0.1.44
   Compiling auto_impl v1.3.0
   Compiling idna_adapter v1.2.1
   Compiling tower-lsp-macros v0.9.0
   Compiling async-trait v0.1.89
   Compiling idna v1.1.0
   Compiling url v2.5.8
   Compiling tokio-util v0.7.18
   Compiling clap_derive v4.5.55
   Compiling env_filter v0.1.4
   Compiling lsp-types v0.94.1
   Compiling just-lsp v0.3.2
   Compiling fastrand v2.3.0
   Compiling str_indices v0.4.4
   Compiling jiff v0.2.18
   Compiling unicode-width v0.2.2
   Compiling yansi v1.0.1
   Compiling ropey v1.6.1
   Compiling ariadne v0.6.0
   Compiling clap v4.5.57
   Compiling tempfile v3.24.0
   Compiling tree-sitter-highlight v0.26.5
   Compiling tokio-stream v0.1.18
   Compiling target v2.1.0
   Compiling inventory v0.3.21
   Compiling env_logger v0.11.8
   Compiling tower-lsp v0.20.0
    Finished `release` profile [optimized] target(s) in 1m 11s
  Installing /Users/zach/.cargo/bin/just-lsp
   Installed package `just-lsp v0.3.2` (executable `just-lsp`)
