$ cargo install just
    Updating crates.io index
  Downloaded just v1.38.0
  Downloaded 1 crate (268.2 KB) in 0.19s
  Installing just v1.38.0
    Updating crates.io index
     Locking 141 packages to latest compatible versions
  Downloaded ansi_term v0.12.1
  Downloaded ctrlc v3.4.5
  Downloaded lexiclean v0.0.1
  Downloaded edit-distance v2.1.3
  Downloaded cfg_aliases v0.2.1
  Downloaded target v2.1.0
  Downloaded constant_time_eq v0.3.1
  Downloaded terminal_size v0.4.1
  Downloaded roff v0.2.2
  Downloaded num_cpus v1.16.0
  Downloaded snafu-derive v0.8.5
  Downloaded similar v2.6.0
  Downloaded snafu v0.8.5
  Downloaded nix v0.29.0
  Downloaded typed-arena v2.0.2
  Downloaded blake3 v1.5.5
  Downloaded cc v1.2.3
  Downloaded dotenvy v0.15.7
  Downloaded derive-where v1.2.7
  Downloaded arrayvec v0.7.6
  Downloaded arrayref v0.3.9
  Downloaded clap_mangen v0.2.24
  Downloaded 22 crates (997.2 KB) in 0.30s
   Compiling libc v0.2.168
   Compiling proc-macro2 v1.0.92
   Compiling unicode-ident v1.0.14
   Compiling cfg-if v1.0.0
   Compiling bitflags v2.6.0
   Compiling heck v0.5.0
   Compiling rustix v0.38.42
   Compiling version_check v0.9.5
   Compiling typenum v1.17.0
   Compiling crossbeam-utils v0.8.20
   Compiling utf8parse v0.2.2
   Compiling anstyle v1.0.10
   Compiling anstyle-parse v0.2.6
   Compiling generic-array v0.14.7
   Compiling colorchoice v1.0.3
   Compiling is_terminal_polyfill v1.70.1
   Compiling anstyle-query v1.1.2
   Compiling byteorder v1.5.0
   Compiling anstream v0.6.18
   Compiling rustversion v1.0.18
   Compiling memchr v2.7.4
   Compiling strsim v0.11.1
   Compiling rayon-core v1.12.1
   Compiling cfg_aliases v0.2.1
   Compiling shlex v1.3.0
   Compiling autocfg v1.4.0
   Compiling clap_lex v0.7.4
   Compiling cc v1.2.3
   Compiling nix v0.29.0
   Compiling num-traits v0.2.19
   Compiling option-ext v0.2.0
   Compiling serde v1.0.216
   Compiling errno v0.3.10
   Compiling getrandom v0.2.15
   Compiling crossbeam-epoch v0.9.18
   Compiling rand_core v0.6.4
   Compiling quote v1.0.37
   Compiling crossbeam-deque v0.8.5
   Compiling syn v2.0.90
   Compiling dirs-sys v0.4.1
   Compiling blake3 v1.5.5
   Compiling aho-corasick v1.1.3
   Compiling core-foundation-sys v0.8.7
   Compiling regex-syntax v0.8.5
   Compiling camino v1.1.9
   Compiling serde_json v1.0.133
   Compiling terminal_size v0.4.1
   Compiling block-buffer v0.10.4
   Compiling crypto-common v0.1.6
   Compiling clap_builder v4.5.23
   Compiling semver v1.0.23
   Compiling digest v0.10.7
   Compiling iana-time-zone v0.1.61
   Compiling dirs v5.0.1
   Compiling cpufeatures v0.2.16
   Compiling memmap2 v0.9.5
   Compiling unicode-segmentation v1.12.0
   Compiling regex-automata v0.4.9
   Compiling fastrand v2.3.0
   Compiling roff v0.2.2
   Compiling itoa v1.0.14
   Compiling once_cell v1.20.2
   Compiling arrayref v0.3.9
   Compiling arrayvec v0.7.6
   Compiling constant_time_eq v0.3.1
   Compiling ryu v1.0.18
   Compiling tempfile v3.14.0
   Compiling similar v2.6.0
   Compiling ctrlc v3.4.5
   Compiling sha2 v0.10.8
   Compiling shellexpand v3.1.0
   Compiling chrono v0.4.39
   Compiling uuid v1.11.0
   Compiling num_cpus v1.16.0
   Compiling dotenvy v0.15.7
   Compiling zerocopy-derive v0.7.35
   Compiling clap_derive v4.5.18
   Compiling serde_derive v1.0.216
   Compiling snafu-derive v0.8.5
   Compiling zerocopy v0.7.35
   Compiling strum_macros v0.26.4
   Compiling ppv-lite86 v0.2.20
   Compiling rand_chacha v0.3.1
   Compiling regex v1.11.1
   Compiling clap v4.5.23
   Compiling snafu v0.8.5
   Compiling rand v0.8.5
   Compiling clap_complete v4.5.38
   Compiling clap_mangen v0.2.24
   Compiling strum v0.26.3
   Compiling derive-where v1.2.7
   Compiling ansi_term v0.12.1
   Compiling target v2.1.0
   Compiling typed-arena v2.0.2
   Compiling edit-distance v2.1.3
   Compiling lexiclean v0.0.1
   Compiling percent-encoding v2.3.1
   Compiling unicode-width v0.2.0
   Compiling just v1.38.0
    Finished `release` profile [optimized] target(s) in 37.71s
  Installing /Users/zach/.cargo/bin/just
   Installed package `just v1.38.0` (executable `just`)
