$ cargo install uuinfo

    Updating crates.io index
  Downloaded uuinfo v0.2.2
  Downloaded 1 crate (28.0 KB) in 0.11s
  Installing uuinfo v0.2.2
    Updating crates.io index
     Locking 142 packages to latest compatible versions
      Adding wasi v0.10.0+wasi-snapshot-preview1 (available: v0.10.2+wasi-snapshot-preview1)
  Downloaded basen v0.1.0
  Downloaded base62 v2.0.3
  Downloaded base32 v0.5.1
  Downloaded base58 v0.2.0
  Downloaded thread-async v0.1.2
  Downloaded ksuid v0.2.0
  Downloaded short-uuid v0.1.4
  Downloaded uninitialized v0.0.2
  Downloaded clap_lex v0.7.4
  Downloaded phf v0.11.2
  Downloaded phf_shared v0.11.2
  Downloaded siphasher v0.3.11
  Downloaded fstr v0.2.12
  Downloaded phf_generator v0.11.2
  Downloaded uuid25 v0.3.5
  Downloaded time v0.1.45
  Downloaded scru64 v2.0.1
  Downloaded rand v0.4.6
  Downloaded num-bigint v0.4.6
  Downloaded clap v4.5.23
  Downloaded sha3 v0.10.8
  Downloaded clap_builder v4.5.23
  Downloaded num-rational v0.4.2
  Downloaded num-integer v0.1.46
  Downloaded num-complex v0.4.6
  Downloaded upid v0.2.0
  Downloaded ulid v1.1.3
  Downloaded tsid v0.3.1
  Downloaded sqids v0.4.1
  Downloaded scru128 v3.1.0
  Downloaded rand v0.3.23
  Downloaded cuid2 v0.1.3
  Downloaded num v0.4.3
  Downloaded keccak v0.1.5
  Downloaded custom_error v1.9.2
  Downloaded num-iter v0.1.45
  Downloaded hex v0.4.3
  Downloaded timeflake-rs v0.3.0
  Downloaded resize-slice v0.1.3
  Downloaded cuid-util v0.1.1
  Downloaded phf_macros v0.11.2
  Downloaded 41 crates (1.7 MB) in 0.29s
   Compiling proc-macro2 v1.0.92
   Compiling unicode-ident v1.0.14
   Compiling libc v0.2.168
   Compiling cfg-if v1.0.0
   Compiling autocfg v1.4.0
   Compiling byteorder v1.5.0
   Compiling typenum v1.17.0
   Compiling version_check v0.9.5
   Compiling strsim v0.11.1
   Compiling fnv v1.0.7
   Compiling ident_case v1.0.1
   Compiling siphasher v0.3.11
   Compiling rand_core v0.6.4
   Compiling generic-array v0.14.7
   Compiling phf_shared v0.11.2
   Compiling serde v1.0.216
   Compiling rand v0.8.5
   Compiling num-traits v0.2.19
   Compiling uninitialized v0.0.2
   Compiling utf8parse v0.2.2
   Compiling anstyle-parse v0.2.6
   Compiling phf_generator v0.11.2
   Compiling serde_json v1.0.133
   Compiling fstr v0.2.12
   Compiling anstyle v1.0.10
   Compiling core-foundation-sys v0.8.7
   Compiling is_terminal_polyfill v1.70.1
   Compiling colorchoice v1.0.3
   Compiling anstyle-query v1.1.2
   Compiling thiserror v1.0.69
   Compiling anstream v0.6.18
   Compiling getrandom v0.2.15
   Compiling cpufeatures v0.2.16
   Compiling keccak v0.1.5
   Compiling uuid v1.11.0
   Compiling rand v0.4.6
   Compiling iana-time-zone v0.1.61
   Compiling quote v1.0.37
   Compiling syn v2.0.90
   Compiling memchr v2.7.4
   Compiling crypto-common v0.1.6
   Compiling block-buffer v0.10.4
   Compiling digest v0.10.7
   Compiling lazy_static v1.5.0
   Compiling num-integer v0.1.46
   Compiling num-complex v0.4.6
   Compiling itoa v1.0.14
   Compiling clap_lex v0.7.4
   Compiling ryu v1.0.18
   Compiling heck v0.5.0
   Compiling sha3 v0.10.8
   Compiling num-bigint v0.4.6
   Compiling num-iter v0.1.45
   Compiling clap_builder v4.5.23
   Compiling chrono v0.4.39
   Compiling rand v0.3.23
   Compiling resize-slice v0.1.3
   Compiling time v0.1.45
   Compiling thread-async v0.1.2
   Compiling custom_error v1.9.2
   Compiling cuid-util v0.1.1
   Compiling colored v2.1.0
   Compiling short-uuid v0.1.4
   Compiling scru64 v2.0.1
   Compiling ksuid v0.2.0
   Compiling uuid25 v0.3.5
   Compiling base32 v0.5.1
   Compiling base64 v0.22.1
   Compiling base58 v0.2.0
   Compiling hex v0.4.3
   Compiling basen v0.1.0
   Compiling base62 v2.0.3
   Compiling num-rational v0.4.2
   Compiling num v0.4.3
   Compiling darling_core v0.20.10
   Compiling zerocopy-derive v0.7.35
   Compiling serde_derive v1.0.216
   Compiling thiserror-impl v1.0.69
   Compiling phf_macros v0.11.2
   Compiling clap_derive v4.5.18
   Compiling phf v0.11.2
   Compiling zerocopy v0.7.35
   Compiling darling_macro v0.20.10
   Compiling clap v4.5.23
   Compiling ppv-lite86 v0.2.20
   Compiling darling v0.20.10
   Compiling rand_chacha v0.3.1
   Compiling derive_builder_core v0.20.2
   Compiling timeflake-rs v0.3.0
   Compiling upid v0.2.0
   Compiling ulid v1.1.3
   Compiling scru128 v3.1.0
   Compiling tsid v0.3.1
   Compiling cuid2 v0.1.3
   Compiling derive_builder_macro v0.20.2
   Compiling derive_builder v0.20.2
   Compiling sqids v0.4.1
   Compiling uuinfo v0.2.2
    Finished `release` profile [optimized] target(s) in 14.19s
  Installing /Users/zach/.cargo/bin/uuinfo
   Installed package `uuinfo v0.2.2` (executable `uuinfo`)
