$ cargo install xan

    Updating crates.io index
  Downloaded xan v0.49.0
  Downloaded 1 crate (306.5 KB) in 0.92s
  Installing xan v0.49.0
    Updating crates.io index
     Locking 348 packages to latest compatible versions
      Adding colored v2.2.0 (available: v3.0.0)
      Adding crossbeam-channel v0.2.6 (available: v0.5.15)
      Adding rust_xlsxwriter v0.84.2 (available: v0.85.0)
      Adding zip v2.5.0 (available: v2.6.1)
  Downloaded deepsize_derive v0.1.2
  Downloaded csv-index v0.1.6
  Downloaded encoding_index_tests v0.1.4
  Downloaded pbkdf2 v0.12.2
  Downloaded darling_macro v0.20.11
  Downloaded fxhash v0.2.1
  Downloaded md5 v0.7.0
  Downloaded memoffset v0.2.1
  Downloaded cssparser-macros v0.6.1
  Downloaded pest_generator v2.8.0
  Downloaded match_token v0.1.0
  Downloaded codepage v0.1.2
  Downloaded cfg-if v0.1.10
  Downloaded btoi v0.4.3
  Downloaded cipher v0.4.4
  Downloaded enumset_derive v0.10.0
  Downloaded ctrlc v3.4.6
  Downloaded ext-sort v0.1.4
  Downloaded errno v0.3.11
  Downloaded deranged v0.4.0
  Downloaded deflate64 v0.1.9
  Downloaded deepsize v0.2.0
  Downloaded errno v0.2.8
  Downloaded encoding-index-singlebyte v1.20141219.5
  Downloaded ego-tree v0.10.0
  Downloaded crossbeam v0.8.4
  Downloaded topk v0.5.0
  Downloaded dtoa v1.0.10
  Downloaded namedlock v0.7.0
  Downloaded foldhash v0.1.5
  Downloaded ordered-float v5.0.0
  Downloaded html-escape v0.2.13
  Downloaded nodrop v0.1.14
  Downloaded dtoa-short v0.3.5
  Downloaded indoc v2.0.6
  Downloaded itoa v1.0.15
  Downloaded owning_ref v0.4.1
  Downloaded inout v0.1.4
  Downloaded lockfree-object-pool v0.1.6
  Downloaded termsize v0.1.9
  Downloaded utf8-width v0.1.7
  Downloaded paltoquet v0.11.0
  Downloaded pager v0.16.1
  Downloaded opener v0.7.2
  Downloaded maybe-uninit v2.0.0
  Downloaded console v0.15.11
  Downloaded lock_api v0.1.5
  Downloaded getopts v0.2.21
  Downloaded dlv-list v0.6.0
  Downloaded arrayvec v0.4.12
  Downloaded bytesize v2.0.1
  Downloaded crossbeam-epoch v0.6.1
  Downloaded darling v0.20.11
  Downloaded numfmt v1.1.1
  Downloaded either v1.15.0
  Downloaded rand_core v0.4.2
  Downloaded servo_arc v0.4.0
  Downloaded phf v0.11.3
  Downloaded once_cell v1.21.3
  Downloaded mime2ext v0.1.54
  Downloaded rustc_version v0.2.3
  Downloaded rand_core v0.3.1
  Downloaded markup5ever v0.14.1
  Downloaded jobserver v0.1.33
  Downloaded docopt v1.1.1
  Downloaded rustversion v1.0.20
  Downloaded memmap2 v0.5.10
  Downloaded zeroize_derive v1.4.2
  Downloaded threadpool v1.8.1
  Downloaded binary-layout v2.1.0
  Downloaded colorgrad v0.7.1
  Downloaded crossbeam-utils v0.6.6
  Downloaded tdigest v0.2.3
  Downloaded cssparser v0.34.0
  Downloaded rand_chacha v0.9.0
  Downloaded unicode-linebreak v0.1.5
  Downloaded fast-float v0.2.0
  Downloaded lzma-rs v0.3.0
  Downloaded scopeguard v0.3.3
  Downloaded log v0.4.27
  Downloaded icu_normalizer_data v1.5.1
  Downloaded phf_codegen v0.11.3
  Downloaded icu_locid_transform_data v1.5.1
  Downloaded getrandom v0.3.2
  Downloaded hyperloglogplus v0.4.1
  Downloaded thiserror-impl v2.0.12
  Downloaded darling_core v0.20.11
  Downloaded smawk v0.3.2
  Downloaded smallvec v0.6.14
  Downloaded miniz_oxide v0.8.8
  Downloaded string_cache v0.8.9
  Downloaded pkg-config v0.3.32
  Downloaded phf_macros v0.11.3
  Downloaded ppv-lite86 v0.2.21
  Downloaded py_literal v0.4.0
  Downloaded derive_more v0.99.19
  Downloaded crossbeam-channel v0.2.6
  Downloaded calamine v0.26.1
  Downloaded xz2 v0.1.7
  Downloaded rand_seeder v0.4.0
  Downloaded encoding v0.2.33
  Downloaded rand_core v0.9.3
  Downloaded time-core v0.1.4
  Downloaded html5ever v0.29.1
  Downloaded semver v0.9.0
  Downloaded parking_lot_core v0.3.1
  Downloaded npyz v0.8.3
  Downloaded parking_lot v0.6.4
  Downloaded jiff-static v0.2.8
  Downloaded indexmap v2.9.0
  Downloaded crossbeam-channel v0.5.15
  Downloaded semver-parser v0.7.0
  Downloaded cc v1.2.19
  Downloaded encoding-index-japanese v1.20141219.5
  Downloaded bumpalo v3.17.0
  Downloaded priority-queue v1.4.0
  Downloaded encoding-index-korean v1.20141219.5
  Downloaded aes v0.8.4
  Downloaded encoding-index-tradchinese v1.20141219.5
  Downloaded quote v1.0.40
  Downloaded thiserror v2.0.12
  Downloaded tempfile v3.19.1
  Downloaded emojis v0.6.4
  Downloaded smallvec v1.15.0
  Downloaded rmp-serde v1.3.0
  Downloaded encoding-index-simpchinese v1.20141219.5
  Downloaded zstd v0.13.3
  Downloaded pest_derive v2.8.0
  Downloaded zstd-safe v7.2.4
  Downloaded transient-btree-index v0.5.1
  Downloaded icu_properties_data v1.5.1
  Downloaded ryu v1.0.20
  Downloaded unicode-ident v1.0.18
  Downloaded zopfli v0.8.1
  Downloaded scraper v0.23.1
  Downloaded pest_meta v2.8.0
  Downloaded bstr v1.12.0
  Downloaded tar v0.4.44
  Downloaded serde_derive v1.0.219
  Downloaded proc-macro2 v1.0.95
  Downloaded uuid v1.16.0
  Downloaded textwrap v0.16.2
  Downloaded pest v2.8.0
  Downloaded serde v1.0.219
  Downloaded selectors v0.26.0
  Downloaded bzip2-sys v0.1.13+1.0.8
  Downloaded rand v0.9.0
  Downloaded lzma-sys v0.1.20
  Downloaded libc v0.2.172
  Downloaded unidecode v0.3.0
  Downloaded rand v0.5.6
  Downloaded zip v2.5.0
  Downloaded serde_json v1.0.140
  Downloaded time v0.3.41
  Downloaded quick-xml v0.31.0
  Downloaded quick-xml v0.37.4
  Downloaded portable-atomic v1.11.0
  Downloaded doc-comment v0.3.3
  Downloaded csscolorparser v0.7.0
  Downloaded crossbeam-utils v0.5.0
  Downloaded enumset v1.1.5
  Downloaded bzip2 v0.5.2
  Downloaded rmp v0.8.14
  Downloaded indicatif v0.17.11
  Downloaded flate2 v1.1.1
  Downloaded zerocopy v0.8.24
  Downloaded syn v2.0.100
  Downloaded rustix v1.0.5
  Downloaded jiff v0.2.8
  Downloaded zstd-sys v2.0.15+zstd.1.5.7
  Downloaded pariter v0.5.1
  Downloaded rust_xlsxwriter v0.84.2
  Downloaded 172 crates (20.0 MB) in 11.93s (largest was `rust_xlsxwriter` at 4.2 MB)
   Compiling proc-macro2 v1.0.95
   Compiling unicode-ident v1.0.18
   Compiling libc v0.2.172
   Compiling cfg-if v1.0.0
   Compiling autocfg v1.4.0
   Compiling stable_deref_trait v1.2.0
   Compiling version_check v0.9.5
   Compiling shlex v1.3.0
   Compiling memchr v2.7.4
   Compiling pkg-config v0.3.32
   Compiling rand_core v0.6.4
   Compiling serde v1.0.219
   Compiling siphasher v1.0.1
   Compiling num-traits v0.2.19
   Compiling phf_shared v0.11.3
   Compiling rand v0.8.5
   Compiling typenum v1.18.0
   Compiling generic-array v0.14.7
   Compiling phf_generator v0.11.3
   Compiling getrandom v0.3.2
   Compiling quote v1.0.40
   Compiling jobserver v0.1.33
   Compiling syn v2.0.100
   Compiling cc v1.2.19
   Compiling smallvec v1.15.0
   Compiling byteorder v1.5.0
   Compiling once_cell v1.21.3
   Compiling thiserror v2.0.12
   Compiling crossbeam-utils v0.8.21
   Compiling bitflags v2.9.0
   Compiling itoa v1.0.15
   Compiling log v0.4.27
   Compiling phf_codegen v0.11.3
   Compiling icu_locid_transform_data v1.5.1
   Compiling litemap v0.7.5
   Compiling fnv v1.0.7
   Compiling paste v1.0.15
   Compiling allocator-api2 v0.2.21
   Compiling foldhash v0.1.5
   Compiling crypto-common v0.1.6
   Compiling equivalent v1.0.2
   Compiling writeable v0.5.5
   Compiling strsim v0.11.1
   Compiling ident_case v1.0.1
   Compiling hashbrown v0.15.2
   Compiling zstd-sys v2.0.15+zstd.1.5.7
   Compiling block-buffer v0.10.4
   Compiling lock_api v0.4.12
   Compiling rustversion v1.0.20
   Compiling icu_properties_data v1.5.1
   Compiling semver-parser v0.7.0
   Compiling new_debug_unreachable v1.0.6
   Compiling parking_lot_core v0.9.10
   Compiling subtle v2.6.1
   Compiling digest v0.10.7
   Compiling semver v0.9.0
   Compiling bzip2-sys v0.1.13+1.0.8
   Compiling lzma-sys v0.1.20
   Compiling crossbeam-epoch v0.9.18
   Compiling ucd-trie v0.1.7
   Compiling synstructure v0.13.1
   Compiling darling_core v0.20.11
   Compiling scopeguard v1.2.0
   Compiling lazy_static v1.5.0
   Compiling icu_normalizer_data v1.5.1
   Compiling maybe-uninit v2.0.0
   Compiling zstd-safe v7.2.4
   Compiling encoding_index_tests v0.1.4
   Compiling crossbeam-deque v0.8.6
   Compiling rustc_version v0.2.3
   Compiling inout v0.1.4
   Compiling cpufeatures v0.2.17
   Compiling string_cache_codegen v0.5.4
   Compiling aho-corasick v1.1.3
   Compiling crc32fast v1.4.2
   Compiling rand_core v0.4.2
   Compiling precomputed-hash v0.1.1
   Compiling adler2 v2.0.0
   Compiling either v1.15.0
   Compiling syn v1.0.109
   Compiling regex-syntax v0.8.5
   Compiling ryu v1.0.20
   Compiling dtoa v1.0.10
   Compiling mac v0.1.1
   Compiling powerfmt v0.2.0
   Compiling zerocopy v0.8.24
   Compiling crc-catalog v2.4.0
   Compiling rustix v1.0.5
   Compiling crc v3.2.1
   Compiling serde_derive v1.0.219
   Compiling zerofrom-derive v0.1.6
   Compiling yoke-derive v0.7.5
   Compiling zerovec-derive v0.10.3
   Compiling displaydoc v0.2.5
   Compiling thiserror-impl v2.0.12
   Compiling phf_macros v0.11.3
   Compiling zerofrom v0.1.6
   Compiling icu_provider_macros v1.5.0
   Compiling yoke v0.7.5
   Compiling darling_macro v0.20.11
   Compiling phf v0.11.3
   Compiling darling v0.20.11
   Compiling zerovec v0.10.4
   Compiling regex-automata v0.4.9
   Compiling pest v2.8.0
   Compiling zeroize_derive v1.4.2
   Compiling tinystr v0.7.6
   Compiling icu_collections v1.5.0
   Compiling icu_locid v1.5.0
   Compiling pest_meta v2.8.0
   Compiling icu_provider v1.5.0
   Compiling icu_locid_transform v1.5.0
   Compiling deranged v0.4.0
   Compiling icu_properties v1.5.1
   Compiling futf v0.1.5
   Compiling markup5ever v0.14.1
   Compiling miniz_oxide v0.8.8
   Compiling rand_core v0.3.1
   Compiling parking_lot_core v0.3.1
   Compiling cipher v0.4.4
   Compiling parking_lot v0.12.3
   Compiling hmac v0.12.1
   Compiling indexmap v2.9.0
   Compiling num-integer v0.1.46
   Compiling errno v0.3.11
   Compiling indexmap v1.9.3
   Compiling bumpalo v3.17.0
   Compiling arrayvec v0.4.12
   Compiling utf-8 v0.7.6
   Compiling zip v2.5.0
   Compiling cfg_aliases v0.2.1
   Compiling unicode-width v0.1.14
   Compiling unicode-width v0.2.0
   Compiling doc-comment v0.3.3
   Compiling utf8_iter v1.0.4
   Compiling num-conv v0.1.0
   Compiling rayon-core v1.12.1
   Compiling lockfree-object-pool v0.1.6
   Compiling write16 v1.0.0
   Compiling simd-adler32 v0.3.7
   Compiling time-core v0.1.4
   Compiling utf16_iter v1.0.5
   Compiling scopeguard v0.3.3
   Compiling time v0.3.41
   Compiling zopfli v0.8.1
   Compiling icu_normalizer v1.5.0
   Compiling nix v0.29.0
   Compiling tendril v0.4.3
   Compiling pbkdf2 v0.12.2
   Compiling smallvec v0.6.14
   Compiling string_cache v0.8.9
   Compiling aes v0.8.4
   Compiling flate2 v1.1.1
   Compiling xz2 v0.1.7
   Compiling bzip2 v0.5.2
   Compiling rand v0.5.6
   Compiling pest_generator v2.8.0
   Compiling zeroize v1.8.1
   Compiling cssparser-macros v0.6.1
   Compiling lzma-rs v0.3.0
   Compiling dtoa-short v0.3.5
   Compiling sha1 v0.10.6
   Compiling selectors v0.26.0
   Compiling rand_core v0.9.3
   Compiling priority-queue v1.4.0
   Compiling ahash v0.8.11
   Compiling owning_ref v0.4.1
   Compiling encoding_rs v0.8.35
   Compiling nodrop v0.1.14
   Compiling fastrand v2.3.0
   Compiling portable-atomic v1.11.0
   Compiling deflate64 v0.1.9
   Compiling constant_time_eq v0.3.1
   Compiling hashbrown v0.12.3
   Compiling thiserror v1.0.69
   Compiling cfg-if v0.1.10
   Compiling heck v0.5.0
   Compiling deepsize_derive v0.1.2
   Compiling crossbeam-utils v0.6.6
   Compiling strum_macros v0.26.4
   Compiling ppv-lite86 v0.2.21
   Compiling tempfile v3.19.1
   Compiling lock_api v0.1.5
   Compiling cssparser v0.34.0
   Compiling pest_derive v2.8.0
   Compiling idna_adapter v1.2.0
   Compiling num-bigint v0.4.6
   Compiling enumset_derive v0.10.0
   Compiling derive_more v0.99.19
   Compiling match_token v0.1.0
   Compiling thiserror-impl v1.0.69
   Compiling itertools v0.13.0
   Compiling castaway v0.2.3
   Compiling rmp v0.8.14
   Compiling zstd v0.13.3
   Compiling num-complex v0.4.6
   Compiling crossbeam-queue v0.3.12
   Compiling crossbeam-channel v0.5.15
   Compiling getrandom v0.2.15
   Compiling num_cpus v1.16.0
   Compiling fxhash v0.2.1
   Compiling csv-core v0.1.12
   Compiling servo_arc v0.4.0
   Compiling zerocopy v0.7.35
   Compiling memoffset v0.2.1
   Compiling serde_json v1.0.140
   Compiling static_assertions v1.1.0
   Compiling percent-encoding v2.3.1
   Compiling unicode-segmentation v1.12.0
   Compiling indoc v2.0.6
   Compiling compact_str v0.8.1
   Compiling form_urlencoded v1.2.1
   Compiling instability v0.3.7
   Compiling unicode-truncate v1.1.0
   Compiling crossbeam-epoch v0.6.1
   Compiling csv v1.3.1
   Compiling crossbeam v0.8.4
   Compiling py_literal v0.4.0
   Compiling rmp-serde v1.3.0
   Compiling html5ever v0.29.1
   Compiling enumset v1.1.5
   Compiling rayon v1.10.0
   Compiling idna v1.0.3
   Compiling binary-layout v2.1.0
   Compiling strum v0.26.3
   Compiling parking_lot v0.6.4
   Compiling rand_chacha v0.9.0
   Compiling codepage v0.1.2
   Compiling quick-xml v0.31.0
   Compiling deepsize v0.2.0
   Compiling console v0.15.11
   Compiling getopts v0.2.21
   Compiling bincode v1.3.3
   Compiling regex v1.11.1
   Compiling encoding-index-korean v1.20141219.5
   Compiling encoding-index-simpchinese v1.20141219.5
   Compiling encoding-index-tradchinese v1.20141219.5
   Compiling encoding-index-japanese v1.20141219.5
   Compiling encoding-index-singlebyte v1.20141219.5
   Compiling lru v0.12.5
   Compiling ordered-float v2.10.1
   Compiling errno v0.2.8
   Compiling memmap2 v0.5.10
   Compiling filetime v0.2.25
   Compiling utf8-width v0.1.7
   Compiling strsim v0.10.0
   Compiling smawk v0.3.2
   Compiling linked-hash-map v0.5.6
   Compiling ego-tree v0.10.0
   Compiling cassowary v0.3.0
   Compiling csscolorparser v0.7.0
   Compiling unidecode v0.3.0
   Compiling number_prefix v0.4.0
   Compiling unicode-linebreak v0.1.5
   Compiling crossbeam-utils v0.5.0
   Compiling textwrap v0.16.2
   Compiling crossbeam-channel v0.2.6
   Compiling paltoquet v0.11.0
   Compiling ratatui v0.29.0
   Compiling scraper v0.23.1
   Compiling colorgrad v0.7.1
   Compiling indicatif v0.17.11
   Compiling transient-btree-index v0.5.1
   Compiling docopt v1.1.1
   Compiling tar v0.4.44
   Compiling html-escape v0.2.13
   Compiling tdigest v0.2.3
   Compiling pager v0.16.1
   Compiling encoding v0.2.33
   Compiling ext-sort v0.1.4
   Compiling calamine v0.26.1
   Compiling rand v0.9.0
   Compiling topk v0.5.0
   Compiling ctrlc v3.4.6
   Compiling url v2.5.4
   Compiling npyz v0.8.3
   Compiling csv-index v0.1.6
   Compiling pariter v0.5.1
   Compiling rust_xlsxwriter v0.84.2
   Compiling threadpool v1.8.1
   Compiling rand_seeder v0.4.0
   Compiling hyperloglogplus v0.4.1
   Compiling bstr v1.12.0
   Compiling emojis v0.6.4
   Compiling numfmt v1.1.1
   Compiling colored v2.2.0
   Compiling btoi v0.4.3
   Compiling ordered-float v5.0.0
   Compiling uuid v1.16.0
   Compiling thread_local v1.1.8
   Compiling termsize v0.1.9
   Compiling quick-xml v0.37.4
   Compiling bytesize v2.0.1
   Compiling namedlock v0.7.0
   Compiling fast-float v0.2.0
   Compiling glob v0.3.2
   Compiling base64 v0.22.1
   Compiling arrayvec v0.7.6
   Compiling md5 v0.7.0
   Compiling mime2ext v0.1.54
   Compiling opener v0.7.2
   Compiling jiff v0.2.8
   Compiling dlv-list v0.6.0
   Compiling xan v0.49.0
    Finished `release` profile [optimized] target(s) in 1m 15s
  Installing /Users/zach/.cargo/bin/xan
   Installed package `xan v0.49.0` (executable `xan`)
