$ pipx install visidata

  installed package visidata 3.0.2, installed using Python 3.12.1
  These apps are now globally available
    - vd
    - vd2to3.vdx
    - visidata
  These manual pages are now globally available
    - man1/vd.1
    - man1/visidata.1
done! ✨ 🌟 ✨

$ pipx inject visidata openpyxl

  injected package openpyxl into venv visidata
done! ✨ 🌟 ✨

$ pipx inject visidata pyarrow

  injected package pyarrow into venv visidata
done! ✨ 🌟 ✨

$ pipx upgrade visidata
upgraded package visidata from 3.0.2 to 3.1.1 (location: /Users/zach/Library/Application Support/pipx/venvs/visidata)

$ pipx inject visidata psycopg_binary
  injected package psycopg-binary into venv visidata
done! ✨ 🌟 ✨

$ pipx inject visidata psycopg2-binary

  injected package psycopg2-binary into venv visidata
done! ✨ 🌟 ✨
