==> Downloading https://ghcr.io/v2/homebrew/core/yt-dlp/manifests/2023.11.16-1
==> Fetching dependencies for yt-dlp: python-brotli, python-certifi and python-mutagen
==> Downloading https://ghcr.io/v2/homebrew/core/python-brotli/manifests/1.1.0
==> Fetching python-brotli
==> Downloading https://ghcr.io/v2/homebrew/core/python-brotli/blobs/sha256:9268f3b14509a185b3ad3440ddaee09c3f36adefd6f54e5836f17b5e2f941dff
==> Downloading https://ghcr.io/v2/homebrew/core/python-certifi/manifests/2023.11.17-1
==> Fetching python-certifi
==> Downloading https://ghcr.io/v2/homebrew/core/python-certifi/blobs/sha256:747a885c9fd8935a23942e7e148f76029365fb4223f1d4ed138859cb3f1eba0c
==> Downloading https://ghcr.io/v2/homebrew/core/python-mutagen/manifests/1.47.0_1-1
==> Fetching python-mutagen
==> Downloading https://ghcr.io/v2/homebrew/core/python-mutagen/blobs/sha256:d1784d4b134151cfce667ced82387a5b849015883f43433899da2ba5e40868b7
==> Fetching yt-dlp
==> Downloading https://ghcr.io/v2/homebrew/core/yt-dlp/blobs/sha256:f0559dd8febc7ca17981fb4ad38ffd914b9b65b822abf9b5083af687e0350ed5
==> Installing dependencies for yt-dlp: python-brotli, python-certifi and python-mutagen
==> Installing yt-dlp dependency: python-brotli
==> Downloading https://ghcr.io/v2/homebrew/core/python-brotli/manifests/1.1.0
Already downloaded: /Users/zach/Library/Caches/Homebrew/downloads/03e255706a724de1e268415456cd52282e22e8d0c4a90395de34e4c84fcafec8--python-brotli-1.1.0.bottle_manifest.json
==> Pouring python-brotli--1.1.0.arm64_ventura.bottle.tar.gz
ðŸº  /opt/homebrew/Cellar/python-brotli/1.1.0: 25 files, 1.8MB
==> Installing yt-dlp dependency: python-certifi
==> Downloading https://ghcr.io/v2/homebrew/core/python-certifi/manifests/2023.11.17-1
Already downloaded: /Users/zach/Library/Caches/Homebrew/downloads/0de846edba62cfa8858c05c32e7d5a548a1e7ebecc133c43d5b0c29bc0d0c670--python-certifi-2023.11.17-1.bottle_manifest.json
==> Pouring python-certifi--2023.11.17.arm64_ventura.bottle.1.tar.gz
ðŸº  /opt/homebrew/Cellar/python-certifi/2023.11.17: 30 files, 24.1KB
==> Installing yt-dlp dependency: python-mutagen
==> Downloading https://ghcr.io/v2/homebrew/core/python-mutagen/manifests/1.47.0_1-1
Already downloaded: /Users/zach/Library/Caches/Homebrew/downloads/e1e5c615ca5ddeca0bfe842e9038ffa40dd6c8a7c1523e62dc11b44c02f19c16--python-mutagen-1.47.0_1-1.bottle_manifest.json
==> Pouring python-mutagen--1.47.0_1.arm64_ventura.bottle.1.tar.gz
ðŸº  /opt/homebrew/Cellar/python-mutagen/1.47.0_1: 151 files, 1.2MB
==> Installing yt-dlp
==> Pouring yt-dlp--2023.11.16.arm64_ventura.bottle.1.tar.gz
==> Caveats
zsh completions have been installed to:
  /opt/homebrew/share/zsh/site-functions
==> Summary
ðŸº  /opt/homebrew/Cellar/yt-dlp/2023.11.16: 1,660 files, 16.5MB
==> Running `brew cleanup yt-dlp`...
Disable this behaviour by setting HOMEBREW_NO_INSTALL_CLEANUP.
Hide these hints with HOMEBREW_NO_ENV_HINTS (see `man brew`).
==> Caveats
==> yt-dlp
zsh completions have been installed to:
  /opt/homebrew/share/zsh/site-functions

$ brew upgrade yt-dlp

==> Upgrading 1 outdated package:
yt-dlp 2024.12.23 -> 2025.1.26
==> Downloading https://ghcr.io/v2/homebrew/core/yt-dlp/mani
##################################################### 100.0%
==> Fetching dependencies for yt-dlp: sqlite and xz
==> Downloading https://ghcr.io/v2/homebrew/core/sqlite/mani
##################################################### 100.0%
==> Fetching sqlite
==> Downloading https://ghcr.io/v2/homebrew/core/sqlite/blob
##################################################### 100.0%
==> Downloading https://ghcr.io/v2/homebrew/core/xz/manifest
##################################################### 100.0%
==> Fetching xz
==> Downloading https://ghcr.io/v2/homebrew/core/xz/blobs/sh
##################################################### 100.0%
==> Fetching yt-dlp
==> Downloading https://ghcr.io/v2/homebrew/core/yt-dlp/blob
##################################################### 100.0%
==> Upgrading yt-dlp
  2024.12.23 -> 2025.1.26
==> Installing dependencies for yt-dlp: sqlite and xz
==> Installing yt-dlp dependency: sqlite
==> Downloading https://ghcr.io/v2/homebrew/core/sqlite/mani
Already downloaded: /Users/zach/Library/Caches/Homebrew/downloads/7a63b9acdf9ca49e2b2210a457922c9e0b8953abfa8674fcb0e2ded21d0e2c53--sqlite-3.48.0.bottle_manifest.json
==> Pouring sqlite--3.48.0.arm64_ventura.bottle.tar.gz
ðŸº  /opt/homebrew/Cellar/sqlite/3.48.0: 12 files, 4.9MB
==> Installing yt-dlp dependency: xz
==> Downloading https://ghcr.io/v2/homebrew/core/xz/manifest
Already downloaded: /Users/zach/Library/Caches/Homebrew/downloads/d14e84095418591f4112922f1a834dbac6c7e4fdc334eae0aaff35e2b860cc5b--xz-5.6.4.bottle_manifest.json
==> Pouring xz--5.6.4.arm64_ventura.bottle.tar.gz
ðŸº  /opt/homebrew/Cellar/xz/5.6.4: 96 files, 2.0MB
==> Installing yt-dlp
==> Pouring yt-dlp--2025.1.26.arm64_ventura.bottle.tar.gz
==> Caveats
zsh completions have been installed to:
  /opt/homebrew/share/zsh/site-functions
==> Summary
ðŸº  /opt/homebrew/Cellar/yt-dlp/2025.1.26: 1,702 files, 18.9MB
==> Running `brew cleanup yt-dlp`...
Disable this behaviour by setting HOMEBREW_NO_INSTALL_CLEANUP.
Hide these hints with HOMEBREW_NO_ENV_HINTS (see `man brew`).
Removing: /opt/homebrew/Cellar/yt-dlp/2024.12.23... (1,699 files, 18.8MB)
Removing: /Users/zach/Library/Caches/Homebrew/yt-dlp_bottle_manifest--2024.12.23... (16.1KB)
Removing: /Users/zach/Library/Caches/Homebrew/yt-dlp--2024.12.23... (4.9MB)
==> Upgrading 6 dependents of upgraded formulae:
Disable this behaviour by setting HOMEBREW_NO_INSTALLED_DEPENDENTS_CHECK.
Hide these hints with HOMEBREW_NO_ENV_HINTS (see `man brew`).
harfbuzz 10.1.0 -> 10.2.0, libzip 1.11.2 -> 1.11.3, openjdk@11 11.0.25 -> 11.0.26, pango 1.55.5 -> 1.56.1, php 8.4.2 -> 8.4.3, python@3.12 3.12.6 -> 3.12.8
==> Downloading https://ghcr.io/v2/homebrew/core/harfbuzz/ma
##################################################### 100.0%
==> Fetching dependencies for harfbuzz: libpng and gettext
==> Downloading https://ghcr.io/v2/homebrew/core/libpng/mani
##################################################### 100.0%
==> Fetching libpng
==> Downloading https://ghcr.io/v2/homebrew/core/libpng/blob
##################################################### 100.0%
==> Downloading https://ghcr.io/v2/homebrew/core/gettext/man
##################################################### 100.0%
==> Fetching gettext
==> Downloading https://ghcr.io/v2/homebrew/core/gettext/blo
##################################################### 100.0%
==> Fetching harfbuzz
==> Downloading https://ghcr.io/v2/homebrew/core/harfbuzz/bl
##################################################### 100.0%
==> Downloading https://ghcr.io/v2/homebrew/core/openjdk/11/
##################################################### 100.0%
==> Fetching dependencies for openjdk@11: fontconfig
==> Downloading https://ghcr.io/v2/homebrew/core/fontconfig/
##################################################### 100.0%
==> Fetching fontconfig
==> Downloading https://ghcr.io/v2/homebrew/core/fontconfig/
##################################################### 100.0%
==> Fetching openjdk@11
==> Downloading https://ghcr.io/v2/homebrew/core/openjdk/11/
##################################################### 100.0%
==> Downloading https://ghcr.io/v2/homebrew/core/libzip/mani
##################################################### 100.0%
==> Downloading https://ghcr.io/v2/homebrew/core/pango/manif
##################################################### 100.0%
==> Fetching pango
==> Downloading https://ghcr.io/v2/homebrew/core/pango/blobs
##################################################### 100.0%
==> Downloading https://ghcr.io/v2/homebrew/core/php/manifes
##################################################### 100.0%
==> Fetching dependencies for php: oniguruma
==> Downloading https://ghcr.io/v2/homebrew/core/oniguruma/m
##################################################### 100.0%
==> Fetching oniguruma
==> Downloading https://ghcr.io/v2/homebrew/core/oniguruma/b
##################################################### 100.0%
==> Fetching php
==> Downloading https://ghcr.io/v2/homebrew/core/php/blobs/s
##################################################### 100.0%
==> Downloading https://ghcr.io/v2/homebrew/core/python/3.12
Already downloaded: /Users/zach/Library/Caches/Homebrew/downloads/c8e281b0d5b5a38ad458c87fd3064a69ab50809945e585657d09bcd1c4f0134a--python@3.12-3.12.8.bottle_manifest.json
==> Upgrading harfbuzz
  10.1.0 -> 10.2.0
==> Installing dependencies for harfbuzz: libpng and gettext
==> Installing harfbuzz dependency: libpng
==> Downloading https://ghcr.io/v2/homebrew/core/libpng/mani
Already downloaded: /Users/zach/Library/Caches/Homebrew/downloads/6d80bc92108aa9bc4068077c07ccbfad5fb22f8b3af5189e26d5467b33257976--libpng-1.6.46.bottle_manifest.json
==> Pouring libpng--1.6.46.arm64_ventura.bottle.tar.gz
ðŸº  /opt/homebrew/Cellar/libpng/1.6.46: 28 files, 1.4MB
==> Installing harfbuzz dependency: gettext
==> Downloading https://ghcr.io/v2/homebrew/core/gettext/man
Already downloaded: /Users/zach/Library/Caches/Homebrew/downloads/a5b6ba6453cc31731ac67fb3d0075d98ab572a913f3e740b54a86d79906f360e--gettext-0.23.1.bottle_manifest.json
==> Pouring gettext--0.23.1.arm64_ventura.bottle.tar.gz
ðŸº  /opt/homebrew/Cellar/gettext/0.23.1: 2,052 files, 22.2MB
==> Installing harfbuzz
==> Pouring harfbuzz--10.2.0.arm64_ventura.bottle.tar.gz
ðŸº  /opt/homebrew/Cellar/harfbuzz/10.2.0: 77 files, 10MB
==> Running `brew cleanup harfbuzz`...
Removing: /opt/homebrew/Cellar/harfbuzz/10.1.0... (77 files, 9.8MB)
Removing: /Users/zach/Library/Caches/Homebrew/harfbuzz_bottle_manifest--10.1.0... (29KB)
Removing: /Users/zach/Library/Caches/Homebrew/harfbuzz--10.1.0... (2.5MB)
==> Upgrading openjdk@11
  11.0.25 -> 11.0.26
==> Installing dependencies for openjdk@11: fontconfig
==> Installing openjdk@11 dependency: fontconfig
==> Downloading https://ghcr.io/v2/homebrew/core/fontconfig/
Already downloaded: /Users/zach/Library/Caches/Homebrew/downloads/6897fed6b85e0f537cb8774ec21346308111caaf26c136f33fdc95302d361fe7--fontconfig-2.16.0.bottle_manifest.json
==> Pouring fontconfig--2.16.0.arm64_ventura.bottle.tar.gz
==> Regenerating font cache, this may take a while
==> /opt/homebrew/Cellar/fontconfig/2.16.0/bin/fc-cache -frv
ðŸº  /opt/homebrew/Cellar/fontconfig/2.16.0: 92 files, 1.5MB
==> Installing openjdk@11
==> Pouring openjdk@11--11.0.26.arm64_ventura.bottle.1.tar.g
ðŸº  /opt/homebrew/Cellar/openjdk@11/11.0.26: 667 files, 295.6MB
==> Running `brew cleanup openjdk@11`...
Removing: /opt/homebrew/Cellar/openjdk@11/11.0.25... (667 files, 295.6MB)
Removing: /Users/zach/Library/Caches/Homebrew/openjdk@11_bottle_manifest--11.0.25... (35.6KB)
Removing: /Users/zach/Library/Caches/Homebrew/openjdk@11--11.0.25... (178.3MB)
==> Upgrading pango
  1.55.5 -> 1.56.1
==> Pouring pango--1.56.1.arm64_ventura.bottle.tar.gz
ðŸº  /opt/homebrew/Cellar/pango/1.56.1: 69 files, 3.4MB
==> Running `brew cleanup pango`...
Removing: /opt/homebrew/Cellar/pango/1.55.5... (69 files, 3.4MB)
Removing: /Users/zach/Library/Caches/Homebrew/pango_bottle_manifest--1.55.5... (30.3KB)
Removing: /Users/zach/Library/Caches/Homebrew/pango--1.55.5... (826.5KB)
==> Upgrading php
  8.4.2 -> 8.4.3
==> Installing dependencies for php: oniguruma
==> Installing php dependency: oniguruma
==> Downloading https://ghcr.io/v2/homebrew/core/oniguruma/m
Already downloaded: /Users/zach/Library/Caches/Homebrew/downloads/04e9c35970e8b4c6db751bdaa577e7185a85d364ccc66e079983f524aab95a85--oniguruma-6.9.10.bottle_manifest.json
==> Pouring oniguruma--6.9.10.arm64_ventura.bottle.tar.gz
ðŸº  /opt/homebrew/Cellar/oniguruma/6.9.10: 15 files, 1.5MB
==> Installing php
==> Pouring php--8.4.3.arm64_ventura.bottle.tar.gz
==> /opt/homebrew/Cellar/php/8.4.3/bin/pear config-set php_ini /opt/homebrew/etc/php/8.4/php.ini system
==> /opt/homebrew/Cellar/php/8.4.3/bin/pear config-set php_dir /opt/homebrew/share/pear system
==> /opt/homebrew/Cellar/php/8.4.3/bin/pear config-set doc_dir /opt/homebrew/share/pear/doc system
==> /opt/homebrew/Cellar/php/8.4.3/bin/pear config-set ext_dir /opt/homebrew/lib/php/pecl/20240924 system
==> /opt/homebrew/Cellar/php/8.4.3/bin/pear config-set bin_dir /opt/homebrew/opt/php/bin system
==> /opt/homebrew/Cellar/php/8.4.3/bin/pear config-set data_dir /opt/homebrew/share/pear/data system
==> /opt/homebrew/Cellar/php/8.4.3/bin/pear config-set cfg_dir /opt/homebrew/share/pear/cfg system
==> /opt/homebrew/Cellar/php/8.4.3/bin/pear config-set www_dir /opt/homebrew/share/pear/htdocs system
==> /opt/homebrew/Cellar/php/8.4.3/bin/pear config-set man_dir /opt/homebrew/share/man system
==> /opt/homebrew/Cellar/php/8.4.3/bin/pear config-set test_dir /opt/homebrew/share/pear/test system
==> /opt/homebrew/Cellar/php/8.4.3/bin/pear config-set php_bin /opt/homebrew/opt/php/bin/php system
==> /opt/homebrew/Cellar/php/8.4.3/bin/pear update-channels
==> Caveats
To enable PHP in Apache add the following to httpd.conf and restart Apache:
    LoadModule php_module /opt/homebrew/opt/php/lib/httpd/modules/libphp.so

    <FilesMatch \.php$>
        SetHandler application/x-httpd-php
    </FilesMatch>

Finally, check DirectoryIndex includes index.php
    DirectoryIndex index.php index.html

The php.ini and php-fpm.ini file can be found in:
    /opt/homebrew/etc/php/8.4/

To start php now and restart at login:
  brew services start php
Or, if you don't want/need a background service you can just run:
  /opt/homebrew/opt/php/sbin/php-fpm --nodaemonize
==> Summary
ðŸº  /opt/homebrew/Cellar/php/8.4.3: 529 files, 107.9MB
==> Running `brew cleanup php`...
Removing: /opt/homebrew/Cellar/php/8.4.2... (530 files, 107.9MB)
Removing: /Users/zach/Library/Caches/Homebrew/php_bottle_manifest--8.4.2... (50.3KB)
Removing: /Users/zach/Library/Caches/Homebrew/php--8.4.2... (25.3MB)
==> Checking for dependents of upgraded formulae...
==> No broken dependents found!
==> Caveats
==> yt-dlp
zsh completions have been installed to:
  /opt/homebrew/share/zsh/site-functions
==> php
To enable PHP in Apache add the following to httpd.conf and restart Apache:
    LoadModule php_module /opt/homebrew/opt/php/lib/httpd/modules/libphp.so

    <FilesMatch \.php$>
        SetHandler application/x-httpd-php
    </FilesMatch>

Finally, check DirectoryIndex includes index.php
    DirectoryIndex index.php index.html

The php.ini and php-fpm.ini file can be found in:
    /opt/homebrew/etc/php/8.4/

To start php now and restart at login:
  brew services start php
Or, if you don't want/need a background service you can just run:
  /opt/homebrew/opt/php/sbin/php-fpm --nodaemonize

brew upgrade yt-dlp
==> Upgrading 1 outdated package:
yt-dlp 2025.1.26 -> 2025.2.19
==> Downloading https://ghcr.io/v2/homebrew/core/yt-dlp/manifests/2025.2.19
##################################################################################################################################################################################################################################### 100.0%
==> Fetching dependencies for yt-dlp: certifi, openssl@3, sqlite, expat and python@3.13
==> Downloading https://ghcr.io/v2/homebrew/core/certifi/manifests/2025.1.31
##################################################################################################################################################################################################################################### 100.0%
==> Fetching certifi
==> Downloading https://ghcr.io/v2/homebrew/core/certifi/blobs/sha256:1dc3a71ee0b857af77f190a83822b03cddb39f3c8834bfd2079e6e6fe10f64b4
##################################################################################################################################################################################################################################### 100.0%
==> Downloading https://ghcr.io/v2/homebrew/core/openssl/3/manifests/3.4.1
##################################################################################################################################################################################################################################### 100.0%
==> Fetching openssl@3
==> Downloading https://ghcr.io/v2/homebrew/core/openssl/3/blobs/sha256:51383da8b5d48f24b1d7a7f218cce1e309b6e299ae2dc5cfce5d69ff90c6e629
##################################################################################################################################################################################################################################### 100.0%
==> Downloading https://ghcr.io/v2/homebrew/core/sqlite/manifests/3.49.1
##################################################################################################################################################################################################################################### 100.0%
==> Fetching sqlite
==> Downloading https://ghcr.io/v2/homebrew/core/sqlite/blobs/sha256:bc9452d380a2b553d773112d283f96386bf7acd7ba9f41186ef13b01e1e0f01f
##################################################################################################################################################################################################################################### 100.0%
==> Downloading https://ghcr.io/v2/homebrew/core/expat/manifests/2.6.4
##################################################################################################################################################################################################################################### 100.0%
==> Fetching expat
==> Downloading https://ghcr.io/v2/homebrew/core/expat/blobs/sha256:69954446c870bfbea2df1e26784ac789456d654754f75bd94297bf89bcea66ad
##################################################################################################################################################################################################################################### 100.0%
==> Downloading https://ghcr.io/v2/homebrew/core/python/3.13/manifests/3.13.2
##################################################################################################################################################################################################################################### 100.0%
==> Fetching python@3.13
==> Downloading https://ghcr.io/v2/homebrew/core/python/3.13/blobs/sha256:ed78343ecae2c1880e2d2c29f171ccd6df6b681a77b5d6f435cc529ef3957fa2
##################################################################################################################################################################################################################################### 100.0%
==> Fetching yt-dlp
==> Downloading https://ghcr.io/v2/homebrew/core/yt-dlp/blobs/sha256:c1e1378e282c9c7868722d99b1ebb429e28e20fdc4ab81c5e66a5c2bbd2f9d24
##################################################################################################################################################################################################################################### 100.0%
==> Upgrading yt-dlp
  2025.1.26 -> 2025.2.19
==> Installing dependencies for yt-dlp: certifi, openssl@3, sqlite, expat and python@3.13
==> Installing yt-dlp dependency: certifi
==> Downloading https://ghcr.io/v2/homebrew/core/certifi/manifests/2025.1.31
Already downloaded: /Users/zach/Library/Caches/Homebrew/downloads/a73a70af4149dfe7b8bd11cd9a16aecdd7ad4ac5fe95d74044adb8cd249e070f--certifi-2025.1.31.bottle_manifest.json
==> Pouring certifi--2025.1.31.all.bottle.tar.gz
ðŸº  /opt/homebrew/Cellar/certifi/2025.1.31: 27 files, 26.8KB
==> Installing yt-dlp dependency: openssl@3
==> Downloading https://ghcr.io/v2/homebrew/core/openssl/3/manifests/3.4.1
Already downloaded: /Users/zach/Library/Caches/Homebrew/downloads/a2bb8b71ebddb1fe8553581fcbc1ffc4ab36795c68b3cd47977cf83f1673a5b1--openssl@3-3.4.1.bottle_manifest.json
==> Pouring openssl@3--3.4.1.arm64_ventura.bottle.tar.gz
ðŸº  /opt/homebrew/Cellar/openssl@3/3.4.1: 7,236 files, 33.5MB
==> Installing yt-dlp dependency: sqlite
==> Downloading https://ghcr.io/v2/homebrew/core/sqlite/manifests/3.49.1
Already downloaded: /Users/zach/Library/Caches/Homebrew/downloads/ce3cf24bf33f0eff2d169e046ba5da3ec75ab9fe0439e7b7face44f42e033fcb--sqlite-3.49.1.bottle_manifest.json
==> Pouring sqlite--3.49.1.arm64_ventura.bottle.tar.gz
ðŸº  /opt/homebrew/Cellar/sqlite/3.49.1: 13 files, 4.7MB
==> Installing yt-dlp dependency: expat
==> Downloading https://ghcr.io/v2/homebrew/core/expat/manifests/2.6.4
Already downloaded: /Users/zach/Library/Caches/Homebrew/downloads/700d5fdfe27a60378ec5801ebcbf598a7f6eeb78be73ddb517b205e6692b42d6--expat-2.6.4.bottle_manifest.json
==> Pouring expat--2.6.4.arm64_ventura.bottle.tar.gz
ðŸº  /opt/homebrew/Cellar/expat/2.6.4: 23 files, 671.7KB
==> Installing yt-dlp dependency: python@3.13
==> Downloading https://ghcr.io/v2/homebrew/core/python/3.13/manifests/3.13.2
Already downloaded: /Users/zach/Library/Caches/Homebrew/downloads/ed88e7b3fd6fee101e6c569740db52ea7364a7e3d9092a35d8375795a39c2592--python@3.13-3.13.2.bottle_manifest.json
==> Pouring python@3.13--3.13.2.arm64_ventura.bottle.tar.gz
==> /opt/homebrew/Cellar/python@3.13/3.13.2/bin/python3.13 -Im ensurepip
==> /opt/homebrew/Cellar/python@3.13/3.13.2/bin/python3.13 -Im pip install -v --no-index --upgrade --isolated --target=/opt/homebrew/lib/python3.13/site-packages /opt/homebrew/Cellar/python@3.13/3.13.2/Frameworks/Python.framework/Versio
ðŸº  /opt/homebrew/Cellar/python@3.13/3.13.2: 3,275 files, 65.5MB
==> Installing yt-dlp
==> Pouring yt-dlp--2025.2.19.arm64_ventura.bottle.tar.gz
==> Caveats
zsh completions have been installed to:
  /opt/homebrew/share/zsh/site-functions
==> Summary
ðŸº  /opt/homebrew/Cellar/yt-dlp/2025.2.19: 1,705 files, 18.9MB
==> Running `brew cleanup yt-dlp`...
Disable this behaviour by setting HOMEBREW_NO_INSTALL_CLEANUP.
Hide these hints with HOMEBREW_NO_ENV_HINTS (see `man brew`).
Removing: /opt/homebrew/Cellar/yt-dlp/2025.1.26... (1,702 files, 18.9MB)
Removing: /Users/zach/Library/Caches/Homebrew/yt-dlp_bottle_manifest--2025.1.26... (15.6KB)
Removing: /Users/zach/Library/Caches/Homebrew/yt-dlp--2025.1.26... (4.9MB)
==> Upgrading 2 dependents of upgraded formulae:
Disable this behaviour by setting HOMEBREW_NO_INSTALLED_DEPENDENTS_CHECK.
Hide these hints with HOMEBREW_NO_ENV_HINTS (see `man brew`).
php 8.4.3 -> 8.4.4, python@3.12 3.12.6 -> 3.12.9
==> Downloading https://ghcr.io/v2/homebrew/core/php/manifests/8.4.4
##################################################################################################################################################################################################################################### 100.0%
==> Fetching dependencies for php: curl, freetds, little-cms2, aom and libzip
==> Downloading https://ghcr.io/v2/homebrew/core/curl/manifests/8.12.1
##################################################################################################################################################################################################################################### 100.0%
==> Fetching curl
==> Downloading https://ghcr.io/v2/homebrew/core/curl/blobs/sha256:4bb7dd339d9bb3de5aa76bf6ca0ce01d869df99f820c92a6d5dbad2966091a2f
##################################################################################################################################################################################################################################### 100.0%
==> Downloading https://ghcr.io/v2/homebrew/core/freetds/manifests/1.4.26
##################################################################################################################################################################################################################################### 100.0%
==> Fetching freetds
==> Downloading https://ghcr.io/v2/homebrew/core/freetds/blobs/sha256:32976083451f3f999a77e2742f05e3c138ac74c5589a14040e96f4302ceff55b
##################################################################################################################################################################################################################################### 100.0%
==> Downloading https://ghcr.io/v2/homebrew/core/little-cms2/manifests/2.17
##################################################################################################################################################################################################################################### 100.0%
==> Fetching little-cms2
==> Downloading https://ghcr.io/v2/homebrew/core/little-cms2/blobs/sha256:a4edffc61a638164f92c20dbb084eb00a82ce81cb2e58aa18ad5f1d73c843c5e
##################################################################################################################################################################################################################################### 100.0%
==> Downloading https://ghcr.io/v2/homebrew/core/aom/manifests/3.12.0
##################################################################################################################################################################################################################################### 100.0%
==> Fetching aom
==> Downloading https://ghcr.io/v2/homebrew/core/aom/blobs/sha256:baedc04e1b6dc35c2941b2f577d4f84042ec4a5f7510bbc2a71bef69db93ba36
##################################################################################################################################################################################################################################### 100.0%
==> Downloading https://ghcr.io/v2/homebrew/core/libzip/manifests/1.11.3
Already downloaded: /Users/zach/Library/Caches/Homebrew/downloads/62c90df80d27d5f859413821d6515fc9e477dee1ad3001cf924f730e591c2fee--libzip-1.11.3.bottle_manifest.json
==> Fetching libzip
==> Downloading https://ghcr.io/v2/homebrew/core/libzip/blobs/sha256:a5f5cad9a74903117c3168e95aed359880001176cec4012caf3347768e4653b4
##################################################################################################################################################################################################################################### 100.0%
==> Fetching php
==> Downloading https://ghcr.io/v2/homebrew/core/php/blobs/sha256:e2eed92db813b5b2db3df20bf346489ada862daee8e0ea6b898307a9522544b0
##################################################################################################################################################################################################################################### 100.0%
==> Downloading https://ghcr.io/v2/homebrew/core/python/3.12/manifests/3.12.9
##################################################################################################################################################################################################################################### 100.0%
==> Upgrading php
  8.4.3 -> 8.4.4
==> Installing dependencies for php: curl, freetds, little-cms2, aom and libzip
==> Installing php dependency: curl
==> Downloading https://ghcr.io/v2/homebrew/core/curl/manifests/8.12.1
Already downloaded: /Users/zach/Library/Caches/Homebrew/downloads/0e313a5cadaadf21d6690f229ca17519bc94fc89861d243ae810899c8ec458e3--curl-8.12.1.bottle_manifest.json
==> Pouring curl--8.12.1.arm64_ventura.bottle.tar.gz
ðŸº  /opt/homebrew/Cellar/curl/8.12.1: 535 files, 4.2MB
==> Installing php dependency: freetds
==> Downloading https://ghcr.io/v2/homebrew/core/freetds/manifests/1.4.26
Already downloaded: /Users/zach/Library/Caches/Homebrew/downloads/39b91a18e9e1554ab81363995a4639f9645b4eea203564d9f3b8c731deed2759--freetds-1.4.26.bottle_manifest.json
==> Pouring freetds--1.4.26.arm64_ventura.bottle.tar.gz
ðŸº  /opt/homebrew/Cellar/freetds/1.4.26: 1,425 files, 16MB
==> Installing php dependency: little-cms2
==> Downloading https://ghcr.io/v2/homebrew/core/little-cms2/manifests/2.17
Already downloaded: /Users/zach/Library/Caches/Homebrew/downloads/0e5e5ac9e1df07ae001662a85a70b344b31345897c284172f14874c9d329cb85--little-cms2-2.17.bottle_manifest.json
==> Pouring little-cms2--2.17.arm64_ventura.bottle.tar.gz
ðŸº  /opt/homebrew/Cellar/little-cms2/2.17: 23 files, 1.4MB
==> Installing php dependency: aom
==> Downloading https://ghcr.io/v2/homebrew/core/aom/manifests/3.12.0
Already downloaded: /Users/zach/Library/Caches/Homebrew/downloads/f08f16b98da583fe0e9212922381b7f89716226535884f4477b6dc807cc2dd3c--aom-3.12.0.bottle_manifest.json
==> Pouring aom--3.12.0.arm64_ventura.bottle.tar.gz
ðŸº  /opt/homebrew/Cellar/aom/3.12.0: 24 files, 9.8MB
==> Installing php dependency: libzip
==> Downloading https://ghcr.io/v2/homebrew/core/libzip/manifests/1.11.3
Already downloaded: /Users/zach/Library/Caches/Homebrew/downloads/62c90df80d27d5f859413821d6515fc9e477dee1ad3001cf924f730e591c2fee--libzip-1.11.3.bottle_manifest.json
==> Pouring libzip--1.11.3.arm64_ventura.bottle.tar.gz
ðŸº  /opt/homebrew/Cellar/libzip/1.11.3: 156 files, 918.5KB
==> Installing php
==> Pouring php--8.4.4.arm64_ventura.bottle.tar.gz
==> /opt/homebrew/Cellar/php/8.4.4/bin/pear config-set php_ini /opt/homebrew/etc/php/8.4/php.ini system
==> /opt/homebrew/Cellar/php/8.4.4/bin/pear config-set php_dir /opt/homebrew/share/pear system
==> /opt/homebrew/Cellar/php/8.4.4/bin/pear config-set doc_dir /opt/homebrew/share/pear/doc system
==> /opt/homebrew/Cellar/php/8.4.4/bin/pear config-set ext_dir /opt/homebrew/lib/php/pecl/20240924 system
==> /opt/homebrew/Cellar/php/8.4.4/bin/pear config-set bin_dir /opt/homebrew/opt/php/bin system
==> /opt/homebrew/Cellar/php/8.4.4/bin/pear config-set data_dir /opt/homebrew/share/pear/data system
==> /opt/homebrew/Cellar/php/8.4.4/bin/pear config-set cfg_dir /opt/homebrew/share/pear/cfg system
==> /opt/homebrew/Cellar/php/8.4.4/bin/pear config-set www_dir /opt/homebrew/share/pear/htdocs system
==> /opt/homebrew/Cellar/php/8.4.4/bin/pear config-set man_dir /opt/homebrew/share/man system
==> /opt/homebrew/Cellar/php/8.4.4/bin/pear config-set test_dir /opt/homebrew/share/pear/test system
==> /opt/homebrew/Cellar/php/8.4.4/bin/pear config-set php_bin /opt/homebrew/opt/php/bin/php system
==> /opt/homebrew/Cellar/php/8.4.4/bin/pear update-channels
==> Caveats
To enable PHP in Apache add the following to httpd.conf and restart Apache:
    LoadModule php_module /opt/homebrew/opt/php/lib/httpd/modules/libphp.so

    <FilesMatch \.php$>
        SetHandler application/x-httpd-php
    </FilesMatch>

Finally, check DirectoryIndex includes index.php
    DirectoryIndex index.php index.html

The php.ini and php-fpm.ini file can be found in:
    /opt/homebrew/etc/php/8.4/

To start php now and restart at login:
  brew services start php
Or, if you don't want/need a background service you can just run:
  /opt/homebrew/opt/php/sbin/php-fpm --nodaemonize
==> Summary
ðŸº  /opt/homebrew/Cellar/php/8.4.4: 529 files, 108.0MB
==> Running `brew cleanup php`...
Removing: /opt/homebrew/Cellar/php/8.4.3... (529 files, 107.9MB)
Removing: /Users/zach/Library/Caches/Homebrew/php_bottle_manifest--8.4.3... (50KB)
Removing: /Users/zach/Library/Caches/Homebrew/php--8.4.3... (25.3MB)
==> Checking for dependents of upgraded formulae...
==> No broken dependents found!
==> `brew cleanup` has not been run in the last 30 days, running now...
Disable this behaviour by setting HOMEBREW_NO_INSTALL_CLEANUP.
Hide these hints with HOMEBREW_NO_ENV_HINTS (see `man brew`).
Removing: /opt/homebrew/Cellar/aom/3.11.0... (24 files, 10.2MB)
Removing: /opt/homebrew/Cellar/certifi/2024.12.14... (27 files, 26.4KB)
Removing: /Users/zach/Library/Caches/Homebrew/colima_bottle_manifest--0.8.1... (22.9KB)
Removing: /Users/zach/Library/Caches/Homebrew/colima--0.8.1... (2.2MB)
Removing: /opt/homebrew/Cellar/curl/8.11.1... (531 files, 4.1MB)
Removing: /Users/zach/Library/Caches/Homebrew/d2_bottle_manifest--0.6.9... (7.2KB)
Removing: /Users/zach/Library/Caches/Homebrew/d2--0.6.9... (11.7MB)
Removing: /Users/zach/Library/Caches/Homebrew/docker_bottle_manifest--27.5.1... (8KB)
Removing: /Users/zach/Library/Caches/Homebrew/docker--27.5.1... (8.6MB)
Removing: /Users/zach/Library/Caches/Homebrew/docker-completion_bottle_manifest--27.5.1... (1.9KB)
Removing: /Users/zach/Library/Caches/Homebrew/docker-completion--27.5.1... (69.2KB)
Removing: /Users/zach/Library/Caches/Homebrew/fontconfig_bottle_manifest--2.16.0... (10.8KB)
Removing: /Users/zach/Library/Caches/Homebrew/fontconfig--2.16.0... (378.5KB)
Removing: /opt/homebrew/Cellar/freetds/1.4.24... (1,425 files, 16MB)
Removing: /Users/zach/Library/Caches/Homebrew/gettext_bottle_manifest--0.23.1... (11.9KB)
Removing: /Users/zach/Library/Caches/Homebrew/gettext--0.23.1... (8.9MB)
Removing: /Users/zach/Library/Caches/Homebrew/harfbuzz_bottle_manifest--10.2.0... (28.7KB)
Removing: /Users/zach/Library/Caches/Homebrew/harfbuzz--10.2.0... (2.6MB)
Removing: /Users/zach/Library/Caches/Homebrew/libpng_bottle_manifest--1.6.46... (8.1KB)
Removing: /Users/zach/Library/Caches/Homebrew/libpng--1.6.46... (457.3KB)
Removing: /opt/homebrew/Cellar/libzip/1.11.2... (155 files, 915.6KB)
Removing: /Users/zach/Library/Caches/Homebrew/libzip_bottle_manifest--1.11.3... (9.9KB)
Removing: /Users/zach/Library/Caches/Homebrew/lima_bottle_manifest--1.0.4... (22.7KB)
Removing: /Users/zach/Library/Caches/Homebrew/lima--1.0.4... (58.8MB)
Removing: /opt/homebrew/Cellar/little-cms2/2.16... (23 files, 1.4MB)
Removing: /Users/zach/Library/Caches/Homebrew/oniguruma_bottle_manifest--6.9.10... (7.5KB)
Removing: /Users/zach/Library/Caches/Homebrew/oniguruma--6.9.10... (451.8KB)
Removing: /Users/zach/Library/Caches/Homebrew/openjdk@11_bottle_manifest--11.0.26-1... (35.9KB)
Removing: /Users/zach/Library/Caches/Homebrew/openjdk@11--11.0.26... (178.3MB)
Removing: /opt/homebrew/Cellar/openssl@3/3.4.0... (7,236 files, 33.5MB)
Removing: /Users/zach/Library/Caches/Homebrew/pango_bottle_manifest--1.56.1... (30.0KB)
Removing: /Users/zach/Library/Caches/Homebrew/pango--1.56.1... (831.1KB)
Removing: /opt/homebrew/Cellar/python@3.13/3.13.1... (3,269 files, 65.3MB)
Removing: /opt/homebrew/Cellar/sqlite/3.47.2... (12 files, 4.9MB)
Removing: /opt/homebrew/Cellar/sqlite/3.48.0... (12 files, 4.9MB)
Removing: /Users/zach/Library/Caches/Homebrew/sqlite_bottle_manifest--3.48.0... (8.3KB)
Removing: /Users/zach/Library/Caches/Homebrew/sqlite--3.48.0... (2.3MB)
Removing: /Users/zach/Library/Caches/Homebrew/tala--0.4.2.tar.gz... (18.0MB)
Removing: /Users/zach/Library/Caches/Homebrew/xz_bottle_manifest--5.6.4... (8.8KB)
Removing: /Users/zach/Library/Caches/Homebrew/xz--5.6.4... (596.4KB)
Removing: /Users/zach/Library/Caches/Homebrew/portable-ruby-3.3.7.arm64_big_sur.bottle.tar.gz... (11.2MB)
Removing: /Users/zach/Library/Logs/Homebrew/daylight... (125B)
Pruned 0 symbolic links and 5 directories from /opt/homebrew
==> Caveats
==> yt-dlp
zsh completions have been installed to:
  /opt/homebrew/share/zsh/site-functions
==> php
To enable PHP in Apache add the following to httpd.conf and restart Apache:
    LoadModule php_module /opt/homebrew/opt/php/lib/httpd/modules/libphp.so

    <FilesMatch \.php$>
        SetHandler application/x-httpd-php
    </FilesMatch>

Finally, check DirectoryIndex includes index.php
    DirectoryIndex index.php index.html

The php.ini and php-fpm.ini file can be found in:
    /opt/homebrew/etc/php/8.4/

To start php now and restart at login:
  brew services start php
Or, if you don't want/need a background service you can just run:
  /opt/homebrew/opt/php/sbin/php-fpm --nodaemonize

brew info yt-dlp
==> yt-dlp: stable 2025.2.19 (bottled), HEAD
Feature-rich command-line audio/video downloader
https://github.com/yt-dlp/yt-dlp
Installed
/opt/homebrew/Cellar/yt-dlp/2025.2.19 (1,705 files, 18.9MB) *
  Poured from bottle using the formulae.brew.sh API on 2025-08-11 at 10:08:56
From: https://github.com/Homebrew/homebrew-core/blob/HEAD/Formula/y/yt-dlp.rb
License: Unlicense
==> Dependencies
Required: certifi âœ”, python@3.13 âœ”
==> Options
--HEAD
	Install HEAD version
==> Caveats
zsh completions have been installed to:
  /opt/homebrew/share/zsh/site-functions
==> Analytics
install: 44,451 (30 days), 149,823 (90 days), 508,590 (365 days)
install-on-request: 42,131 (30 days), 141,857 (90 days), 479,403 (365 days)
build-error: 227 (30 days)
î‚¶î—¿ ~/../denv/logs/brew/cliî‚´ î‚¶ ïˆ î‚ main â‰¡ î‚´
âžœ export HOMEBREW_NO_AUTO_UPDATE=1
î‚¶î—¿ ~/../denv/logs/brew/cliî‚´ î‚¶ ïˆ î‚ main â‰¡ î‚´
âžœ brew upgrade yt-dlp
Warning: yt-dlp 2025.2.19 already installed
î‚¶î—¿ ~/../denv/logs/brew/cliî‚´ î‚¶ ïˆ î‚ main â‰¡ î‚´
âžœ export HOMEBREW_NO_AUTO_UPDATE=0
î‚¶î—¿ ~/../denv/logs/brew/cliî‚´ î‚¶ ïˆ î‚ main â‰¡ î‚´
âžœ brew upgrade yt-dlp
Warning: Calling HOMEBREW_NO_AUTO_UPDATE=0 is deprecated! Use HOMEBREW_NO_AUTO_UPDATE=1 to enable and HOMEBREW_NO_AUTO_UPDATE= (an empty value) to disable instead.
Warning: Calling HOMEBREW_NO_AUTO_UPDATE=0 is deprecated! Use HOMEBREW_NO_AUTO_UPDATE=1 to enable and HOMEBREW_NO_AUTO_UPDATE= (an empty value) to disable instead.
Warning: Calling HOMEBREW_NO_AUTO_UPDATE=0 is deprecated! Use HOMEBREW_NO_AUTO_UPDATE=1 to enable and HOMEBREW_NO_AUTO_UPDATE= (an empty value) to disable instead.
Warning: yt-dlp 2025.2.19 already installed
î‚¶î—¿ ~/../denv/logs/brew/cliî‚´ î‚¶ ïˆ î‚ main â‰¡ î‚´
âžœ export HOMEBREW_NO_AUTO_UPDATE=
î‚¶î—¿ ~/../denv/logs/brew/cliî‚´ î‚¶ ïˆ î‚ main â‰¡ î‚´

$ brew upgrade yt-dlp
==> Auto-updating Homebrew...
Adjust how often this is run with HOMEBREW_AUTO_UPDATE_SECS or disable with
HOMEBREW_NO_AUTO_UPDATE. Hide these hints with HOMEBREW_NO_ENV_HINTS (see `man brew`).
==> Downloading https://ghcr.io/v2/homebrew/portable-ruby/portable-ruby/blobs/sha256:20fa657858e44a4b39171d6e4111f8a9716eb62a78ebbd1491d94f90bb7b830a
########################################################################################################################################################## 100.0%
==> Pouring portable-ruby-3.4.5.arm64_big_sur.bottle.tar.gz
==> Auto-updated Homebrew!
Updated 8 taps (dotenvx/brew, dlvhdr/formulae, jandedobbeleer/oh-my-posh, charmbracelet/tap, pomdtr/tap, jesseduffield/lazygit, gabalpha/tap and lusingander/tap).
==> New Formulae
charmbracelet/tap/crush

You have 117 outdated formulae and 9 outdated casks installed.

==> Upgrading 1 outdated package:
yt-dlp 2025.2.19 -> 2025.8.11
==> Fetching downloads for: yt-dlp
==> Fetching dependencies for yt-dlp: ca-certificates, certifi, mpdecimal, openssl@3, readline, sqlite, xz, expat and python@3.13
==> Downloading https://ghcr.io/v2/homebrew/core/ca-certificates/manifests/2025-08-12
########################################################################################################################################################## 100.0%
==> Fetching ca-certificates
==> Downloading https://ghcr.io/v2/homebrew/core/ca-certificates/blobs/sha256:f6cb23271f14f7c4e995b177ea9da7957384854cb702ed571f32defcd3909443
########################################################################################################################################################## 100.0%
==> Downloading https://ghcr.io/v2/homebrew/core/certifi/manifests/2025.8.3
########################################################################################################################################################## 100.0%
==> Fetching certifi
==> Downloading https://ghcr.io/v2/homebrew/core/certifi/blobs/sha256:b9364932b2e97249a92c11076b9cabe13ac5fdad56eac069f3ad33c02c53b8f0
########################################################################################################################################################## 100.0%
==> Downloading https://ghcr.io/v2/homebrew/core/mpdecimal/manifests/4.0.1
########################################################################################################################################################## 100.0%
==> Fetching mpdecimal
==> Downloading https://ghcr.io/v2/homebrew/core/mpdecimal/blobs/sha256:e764118699fff81e4861a081d5e50546be2631a2fa2f58f4681dee6727648a87
########################################################################################################################################################## 100.0%
==> Downloading https://ghcr.io/v2/homebrew/core/openssl/3/manifests/3.5.2
########################################################################################################################################################## 100.0%
==> Fetching openssl@3
==> Downloading https://ghcr.io/v2/homebrew/core/openssl/3/blobs/sha256:13545dea2fcfac0542556f969011892b2e0001b5ef0b71a787ca4ad714567ef5
########################################################################################################################################################## 100.0%
==> Downloading https://ghcr.io/v2/homebrew/core/readline/manifests/8.3.1
########################################################################################################################################################## 100.0%
==> Fetching readline
==> Downloading https://ghcr.io/v2/homebrew/core/readline/blobs/sha256:5788e1e5f713d5253edfc4b9d137d384b692fee6de1c79af3dba18fa7efd31c3
########################################################################################################################################################## 100.0%
==> Downloading https://ghcr.io/v2/homebrew/core/sqlite/manifests/3.50.4
########################################################################################################################################################## 100.0%
==> Fetching sqlite
==> Downloading https://ghcr.io/v2/homebrew/core/sqlite/blobs/sha256:d70fbfa87ed2b4a1f87f2e32161b123eef4f050def931d0c47035059fed98e1f
########################################################################################################################################################## 100.0%
==> Downloading https://ghcr.io/v2/homebrew/core/xz/manifests/5.8.1
########################################################################################################################################################## 100.0%
==> Fetching xz
==> Downloading https://ghcr.io/v2/homebrew/core/xz/blobs/sha256:82fef9b66eea967b55cd0f26fd7356d60a0b926c5d9eaaf9c300a46f21391af5
########################################################################################################################################################## 100.0%
==> Downloading https://ghcr.io/v2/homebrew/core/expat/manifests/2.7.1
########################################################################################################################################################## 100.0%
==> Fetching expat
==> Downloading https://ghcr.io/v2/homebrew/core/expat/blobs/sha256:55d44623dacceded1a48dd16b9107cab1a13036a7b251365fcf10a48f990d2d2
########################################################################################################################################################## 100.0%
==> Downloading https://ghcr.io/v2/homebrew/core/python/3.13/manifests/3.13.6
########################################################################################################################################################## 100.0%
==> Fetching python@3.13
==> Downloading https://ghcr.io/v2/homebrew/core/python/3.13/blobs/sha256:3e50e4641ee1995068d421031ca0b5acdaa795b906dd25d06d10c2f1dbac186d
########################################################################################################################################################## 100.0%
==> Fetching yt-dlp
==> Downloading https://ghcr.io/v2/homebrew/core/yt-dlp/blobs/sha256:d63e24acaabff8d94a0e51578282d89d1ff0f4a0a28593a1e8a11b5dc853f773
########################################################################################################################################################## 100.0%
==> Upgrading yt-dlp
  2025.2.19 -> 2025.8.11
==> Installing dependencies for yt-dlp: ca-certificates, certifi, mpdecimal, openssl@3, readline, sqlite, xz, expat and python@3.13
==> Installing yt-dlp dependency: ca-certificates
==> Downloading https://ghcr.io/v2/homebrew/core/ca-certificates/manifests/2025-08-12
Already downloaded: /Users/zach/Library/Caches/Homebrew/downloads/dbc13ac7c7bcbf6879aac2c7464c5c4fb22998a17b3045dc8d5799cc4b3a871a--ca-certificates-2025-08-12.bottle_manifest.json
==> Pouring ca-certificates--2025-08-12.all.bottle.tar.gz
==> Regenerating CA certificate bundle from keychain, this may take a while...
ðŸº  /opt/homebrew/Cellar/ca-certificates/2025-08-12: 4 files, 232.6KB
==> Installing yt-dlp dependency: certifi
==> Downloading https://ghcr.io/v2/homebrew/core/certifi/manifests/2025.8.3
Already downloaded: /Users/zach/Library/Caches/Homebrew/downloads/29b9ac15cf934be4a643db102401daebd164075aa1ed1cd889bc2de96f15bf3c--certifi-2025.8.3.bottle_manifest.json
==> Pouring certifi--2025.8.3.all.bottle.tar.gz
ðŸº  /opt/homebrew/Cellar/certifi/2025.8.3: 27 files, 24.8KB
==> Installing yt-dlp dependency: mpdecimal
==> Downloading https://ghcr.io/v2/homebrew/core/mpdecimal/manifests/4.0.1
Already downloaded: /Users/zach/Library/Caches/Homebrew/downloads/dbbf60721dc54b6215f6c0988496331d4110a2a358da867a1129cd84b8166b31--mpdecimal-4.0.1.bottle_manifest.json
==> Pouring mpdecimal--4.0.1.arm64_ventura.bottle.tar.gz
ðŸº  /opt/homebrew/Cellar/mpdecimal/4.0.1: 22 files, 641.1KB
==> Installing yt-dlp dependency: openssl@3
==> Downloading https://ghcr.io/v2/homebrew/core/openssl/3/manifests/3.5.2
Already downloaded: /Users/zach/Library/Caches/Homebrew/downloads/e6659abe178bdf49b65451e77f6165a3e07274432f445342092e5ad2a927b23c--openssl@3-3.5.2.bottle_manifest.json
==> Pouring openssl@3--3.5.2.arm64_ventura.bottle.tar.gz
ðŸº  /opt/homebrew/Cellar/openssl@3/3.5.2: 7,563 files, 35.4MB
==> Installing yt-dlp dependency: readline
==> Downloading https://ghcr.io/v2/homebrew/core/readline/manifests/8.3.1
Already downloaded: /Users/zach/Library/Caches/Homebrew/downloads/52cb2bb3f0d9e66789968b865501c41ed80dc303eb488939476b309f1d350dc5--readline-8.3.1.bottle_manifest.json
==> Pouring readline--8.3.1.arm64_ventura.bottle.tar.gz
ðŸº  /opt/homebrew/Cellar/readline/8.3.1: 56 files, 2.6MB
==> Installing yt-dlp dependency: sqlite
==> Downloading https://ghcr.io/v2/homebrew/core/sqlite/manifests/3.50.4
Already downloaded: /Users/zach/Library/Caches/Homebrew/downloads/f0760e6010149d3ea5bf9e64ddada251d25038daf612eb1c55fb18a9c6d6d53a--sqlite-3.50.4.bottle_manifest.json
==> Pouring sqlite--3.50.4.arm64_ventura.bottle.tar.gz
ðŸº  /opt/homebrew/Cellar/sqlite/3.50.4: 13 files, 4.9MB
==> Installing yt-dlp dependency: xz
==> Downloading https://ghcr.io/v2/homebrew/core/xz/manifests/5.8.1
Already downloaded: /Users/zach/Library/Caches/Homebrew/downloads/86a115cc1d43ff8a480fd907f812e70a403e1675d8a7223f61bbb08cbd2adc27--xz-5.8.1.bottle_manifest.json
==> Pouring xz--5.8.1.arm64_ventura.bottle.tar.gz
ðŸº  /opt/homebrew/Cellar/xz/5.8.1: 96 files, 2.5MB
==> Installing yt-dlp dependency: expat
==> Downloading https://ghcr.io/v2/homebrew/core/expat/manifests/2.7.1
Already downloaded: /Users/zach/Library/Caches/Homebrew/downloads/09efb27f4cd66decc2e0f393e7f9292c729064e5c939cd8191f81fc000c3947a--expat-2.7.1.bottle_manifest.json
==> Pouring expat--2.7.1.arm64_ventura.bottle.tar.gz
ðŸº  /opt/homebrew/Cellar/expat/2.7.1: 23 files, 684.8KB
==> Installing yt-dlp dependency: python@3.13
==> Downloading https://ghcr.io/v2/homebrew/core/python/3.13/manifests/3.13.6
Already downloaded: /Users/zach/Library/Caches/Homebrew/downloads/017bd2cf7ee8fde0935dd2c1555d13d2e93d6518a18806e831fc91b8d4286ced--python@3.13-3.13.6.bottle_manifest.json
==> Pouring python@3.13--3.13.6.arm64_ventura.bottle.tar.gz
Warning: These files were overwritten during the `brew link` step:
/opt/homebrew/lib/python3.13/site-packages/pip/__init__.py
/opt/homebrew/lib/python3.13/site-packages/pip/__main__.py
/opt/homebrew/lib/python3.13/site-packages/pip/__pip-runner__.py
/opt/homebrew/lib/python3.13/site-packages/pip/_internal/__init__.py
/opt/homebrew/lib/python3.13/site-packages/pip/_internal/build_env.py
/opt/homebrew/lib/python3.13/site-packages/pip/_internal/cache.py
/opt/homebrew/lib/python3.13/site-packages/pip/_internal/cli/__init__.py
/opt/homebrew/lib/python3.13/site-packages/pip/_internal/cli/autocompletion.py
/opt/homebrew/lib/python3.13/site-packages/pip/_internal/cli/base_command.py
/opt/homebrew/lib/python3.13/site-packages/pip/_internal/cli/cmdoptions.py
/opt/homebrew/lib/python3.13/site-packages/pip/_internal/cli/command_context.py
/opt/homebrew/lib/python3.13/site-packages/pip/_internal/cli/index_command.py
/opt/homebrew/lib/python3.13/site-packages/pip/_internal/cli/main.py
/opt/homebrew/lib/python3.13/site-packages/pip/_internal/cli/main_parser.py
/opt/homebrew/lib/python3.13/site-packages/pip/_internal/cli/parser.py
/opt/homebrew/lib/python3.13/site-packages/pip/_internal/cli/progress_bars.py
/opt/homebrew/lib/python3.13/site-packages/pip/_internal/cli/req_command.py
/opt/homebrew/lib/python3.13/site-packages/pip/_internal/cli/spinners.py
/opt/homebrew/lib/python3.13/site-packages/pip/_internal/cli/status_codes.py
/opt/homebrew/lib/python3.13/site-packages/pip/_internal/commands/__init__.py
/opt/homebrew/lib/python3.13/site-packages/pip/_internal/commands/cache.py
/opt/homebrew/lib/python3.13/site-packages/pip/_internal/commands/check.py
/opt/homebrew/lib/python3.13/site-packages/pip/_internal/commands/completion.py
/opt/homebrew/lib/python3.13/site-packages/pip/_internal/commands/configuration.py
/opt/homebrew/lib/python3.13/site-packages/pip/_internal/commands/debug.py
/opt/homebrew/lib/python3.13/site-packages/pip/_internal/commands/download.py
/opt/homebrew/lib/python3.13/site-packages/pip/_internal/commands/freeze.py
/opt/homebrew/lib/python3.13/site-packages/pip/_internal/commands/hash.py
/opt/homebrew/lib/python3.13/site-packages/pip/_internal/commands/help.py
/opt/homebrew/lib/python3.13/site-packages/pip/_internal/commands/index.py
/opt/homebrew/lib/python3.13/site-packages/pip/_internal/commands/inspect.py
/opt/homebrew/lib/python3.13/site-packages/pip/_internal/commands/install.py
/opt/homebrew/lib/python3.13/site-packages/pip/_internal/commands/list.py
/opt/homebrew/lib/python3.13/site-packages/pip/_internal/commands/search.py
/opt/homebrew/lib/python3.13/site-packages/pip/_internal/commands/show.py
/opt/homebrew/lib/python3.13/site-packages/pip/_internal/commands/uninstall.py
/opt/homebrew/lib/python3.13/site-packages/pip/_internal/commands/wheel.py
/opt/homebrew/lib/python3.13/site-packages/pip/_internal/configuration.py
/opt/homebrew/lib/python3.13/site-packages/pip/_internal/distributions/__init__.py
/opt/homebrew/lib/python3.13/site-packages/pip/_internal/distributions/base.py
/opt/homebrew/lib/python3.13/site-packages/pip/_internal/distributions/installed.py
/opt/homebrew/lib/python3.13/site-packages/pip/_internal/distributions/sdist.py
/opt/homebrew/lib/python3.13/site-packages/pip/_internal/distributions/wheel.py
/opt/homebrew/lib/python3.13/site-packages/pip/_internal/exceptions.py
/opt/homebrew/lib/python3.13/site-packages/pip/_internal/index/__init__.py
/opt/homebrew/lib/python3.13/site-packages/pip/_internal/index/collector.py
/opt/homebrew/lib/python3.13/site-packages/pip/_internal/index/package_finder.py
/opt/homebrew/lib/python3.13/site-packages/pip/_internal/index/sources.py
/opt/homebrew/lib/python3.13/site-packages/pip/_internal/locations/__init__.py
/opt/homebrew/lib/python3.13/site-packages/pip/_internal/locations/_distutils.py
/opt/homebrew/lib/python3.13/site-packages/pip/_internal/locations/_sysconfig.py
/opt/homebrew/lib/python3.13/site-packages/pip/_internal/locations/base.py
/opt/homebrew/lib/python3.13/site-packages/pip/_internal/main.py
/opt/homebrew/lib/python3.13/site-packages/pip/_internal/metadata/__init__.py
/opt/homebrew/lib/python3.13/site-packages/pip/_internal/metadata/_json.py
/opt/homebrew/lib/python3.13/site-packages/pip/_internal/metadata/base.py
/opt/homebrew/lib/python3.13/site-packages/pip/_internal/metadata/importlib/__init__.py
/opt/homebrew/lib/python3.13/site-packages/pip/_internal/metadata/importlib/_compat.py
/opt/homebrew/lib/python3.13/site-packages/pip/_internal/metadata/importlib/_dists.py
/opt/homebrew/lib/python3.13/site-packages/pip/_internal/metadata/importlib/_envs.py
/opt/homebrew/lib/python3.13/site-packages/pip/_internal/metadata/pkg_resources.py
/opt/homebrew/lib/python3.13/site-packages/pip/_internal/models/__init__.py
/opt/homebrew/lib/python3.13/site-packages/pip/_internal/models/candidate.py
/opt/homebrew/lib/python3.13/site-packages/pip/_internal/models/direct_url.py
/opt/homebrew/lib/python3.13/site-packages/pip/_internal/models/format_control.py
/opt/homebrew/lib/python3.13/site-packages/pip/_internal/models/index.py
/opt/homebrew/lib/python3.13/site-packages/pip/_internal/models/installation_report.py
/opt/homebrew/lib/python3.13/site-packages/pip/_internal/models/link.py
/opt/homebrew/lib/python3.13/site-packages/pip/_internal/models/scheme.py
/opt/homebrew/lib/python3.13/site-packages/pip/_internal/models/search_scope.py
/opt/homebrew/lib/python3.13/site-packages/pip/_internal/models/selection_prefs.py
/opt/homebrew/lib/python3.13/site-packages/pip/_internal/models/target_python.py
/opt/homebrew/lib/python3.13/site-packages/pip/_internal/models/wheel.py
/opt/homebrew/lib/python3.13/site-packages/pip/_internal/network/__init__.py
/opt/homebrew/lib/python3.13/site-packages/pip/_internal/network/auth.py
/opt/homebrew/lib/python3.13/site-packages/pip/_internal/network/cache.py
/opt/homebrew/lib/python3.13/site-packages/pip/_internal/network/download.py
/opt/homebrew/lib/python3.13/site-packages/pip/_internal/network/lazy_wheel.py
/opt/homebrew/lib/python3.13/site-packages/pip/_internal/network/session.py
/opt/homebrew/lib/python3.13/site-packages/pip/_internal/network/utils.py
/opt/homebrew/lib/python3.13/site-packages/pip/_internal/network/xmlrpc.py
/opt/homebrew/lib/python3.13/site-packages/pip/_internal/operations/__init__.py
/opt/homebrew/lib/python3.13/site-packages/pip/_internal/operations/build/__init__.py
/opt/homebrew/lib/python3.13/site-packages/pip/_internal/operations/build/build_tracker.py
/opt/homebrew/lib/python3.13/site-packages/pip/_internal/operations/build/metadata.py
/opt/homebrew/lib/python3.13/site-packages/pip/_internal/operations/build/metadata_editable.py
/opt/homebrew/lib/python3.13/site-packages/pip/_internal/operations/build/metadata_legacy.py
/opt/homebrew/lib/python3.13/site-packages/pip/_internal/operations/build/wheel.py
/opt/homebrew/lib/python3.13/site-packages/pip/_internal/operations/build/wheel_editable.py
/opt/homebrew/lib/python3.13/site-packages/pip/_internal/operations/build/wheel_legacy.py
/opt/homebrew/lib/python3.13/site-packages/pip/_internal/operations/check.py
/opt/homebrew/lib/python3.13/site-packages/pip/_internal/operations/freeze.py
/opt/homebrew/lib/python3.13/site-packages/pip/_internal/operations/install/__init__.py
/opt/homebrew/lib/python3.13/site-packages/pip/_internal/operations/install/editable_legacy.py
/opt/homebrew/lib/python3.13/site-packages/pip/_internal/operations/install/wheel.py
/opt/homebrew/lib/python3.13/site-packages/pip/_internal/operations/prepare.py
/opt/homebrew/lib/python3.13/site-packages/pip/_internal/pyproject.py
/opt/homebrew/lib/python3.13/site-packages/pip/_internal/req/__init__.py
/opt/homebrew/lib/python3.13/site-packages/pip/_internal/req/constructors.py
/opt/homebrew/lib/python3.13/site-packages/pip/_internal/req/req_file.py
/opt/homebrew/lib/python3.13/site-packages/pip/_internal/req/req_install.py
/opt/homebrew/lib/python3.13/site-packages/pip/_internal/req/req_set.py
/opt/homebrew/lib/python3.13/site-packages/pip/_internal/req/req_uninstall.py
/opt/homebrew/lib/python3.13/site-packages/pip/_internal/resolution/__init__.py
/opt/homebrew/lib/python3.13/site-packages/pip/_internal/resolution/base.py
/opt/homebrew/lib/python3.13/site-packages/pip/_internal/resolution/legacy/__init__.py
/opt/homebrew/lib/python3.13/site-packages/pip/_internal/resolution/legacy/resolver.py
/opt/homebrew/lib/python3.13/site-packages/pip/_internal/resolution/resolvelib/__init__.py
/opt/homebrew/lib/python3.13/site-packages/pip/_internal/resolution/resolvelib/base.py
/opt/homebrew/lib/python3.13/site-packages/pip/_internal/resolution/resolvelib/candidates.py
/opt/homebrew/lib/python3.13/site-packages/pip/_internal/resolution/resolvelib/factory.py
/opt/homebrew/lib/python3.13/site-packages/pip/_internal/resolution/resolvelib/found_candidates.py
/opt/homebrew/lib/python3.13/site-packages/pip/_internal/resolution/resolvelib/provider.py
/opt/homebrew/lib/python3.13/site-packages/pip/_internal/resolution/resolvelib/reporter.py
/opt/homebrew/lib/python3.13/site-packages/pip/_internal/resolution/resolvelib/requirements.py
/opt/homebrew/lib/python3.13/site-packages/pip/_internal/resolution/resolvelib/resolver.py
/opt/homebrew/lib/python3.13/site-packages/pip/_internal/self_outdated_check.py
/opt/homebrew/lib/python3.13/site-packages/pip/_internal/utils/__init__.py
/opt/homebrew/lib/python3.13/site-packages/pip/_internal/utils/_jaraco_text.py
/opt/homebrew/lib/python3.13/site-packages/pip/_internal/utils/_log.py
/opt/homebrew/lib/python3.13/site-packages/pip/_internal/utils/appdirs.py
/opt/homebrew/lib/python3.13/site-packages/pip/_internal/utils/compat.py
/opt/homebrew/lib/python3.13/site-packages/pip/_internal/utils/compatibility_tags.py
/opt/homebrew/lib/python3.13/site-packages/pip/_internal/utils/datetime.py
/opt/homebrew/lib/python3.13/site-packages/pip/_internal/utils/deprecation.py
/opt/homebrew/lib/python3.13/site-packages/pip/_internal/utils/direct_url_helpers.py
/opt/homebrew/lib/python3.13/site-packages/pip/_internal/utils/egg_link.py
/opt/homebrew/lib/python3.13/site-packages/pip/_internal/utils/entrypoints.py
/opt/homebrew/lib/python3.13/site-packages/pip/_internal/utils/filesystem.py
/opt/homebrew/lib/python3.13/site-packages/pip/_internal/utils/filetypes.py
/opt/homebrew/lib/python3.13/site-packages/pip/_internal/utils/glibc.py
/opt/homebrew/lib/python3.13/site-packages/pip/_internal/utils/hashes.py
/opt/homebrew/lib/python3.13/site-packages/pip/_internal/utils/logging.py
/opt/homebrew/lib/python3.13/site-packages/pip/_internal/utils/misc.py
/opt/homebrew/lib/python3.13/site-packages/pip/_internal/utils/packaging.py
/opt/homebrew/lib/python3.13/site-packages/pip/_internal/utils/retry.py
/opt/homebrew/lib/python3.13/site-packages/pip/_internal/utils/setuptools_build.py
/opt/homebrew/lib/python3.13/site-packages/pip/_internal/utils/subprocess.py
/opt/homebrew/lib/python3.13/site-packages/pip/_internal/utils/temp_dir.py
/opt/homebrew/lib/python3.13/site-packages/pip/_internal/utils/unpacking.py
/opt/homebrew/lib/python3.13/site-packages/pip/_internal/utils/urls.py
/opt/homebrew/lib/python3.13/site-packages/pip/_internal/utils/virtualenv.py
/opt/homebrew/lib/python3.13/site-packages/pip/_internal/utils/wheel.py
/opt/homebrew/lib/python3.13/site-packages/pip/_internal/vcs/__init__.py
/opt/homebrew/lib/python3.13/site-packages/pip/_internal/vcs/bazaar.py
/opt/homebrew/lib/python3.13/site-packages/pip/_internal/vcs/git.py
/opt/homebrew/lib/python3.13/site-packages/pip/_internal/vcs/mercurial.py
/opt/homebrew/lib/python3.13/site-packages/pip/_internal/vcs/subversion.py
/opt/homebrew/lib/python3.13/site-packages/pip/_internal/vcs/versioncontrol.py
/opt/homebrew/lib/python3.13/site-packages/pip/_internal/wheel_builder.py
/opt/homebrew/lib/python3.13/site-packages/pip/_vendor/__init__.py
/opt/homebrew/lib/python3.13/site-packages/pip/_vendor/cachecontrol/__init__.py
/opt/homebrew/lib/python3.13/site-packages/pip/_vendor/cachecontrol/_cmd.py
/opt/homebrew/lib/python3.13/site-packages/pip/_vendor/cachecontrol/adapter.py
/opt/homebrew/lib/python3.13/site-packages/pip/_vendor/cachecontrol/cache.py
/opt/homebrew/lib/python3.13/site-packages/pip/_vendor/cachecontrol/caches/__init__.py
/opt/homebrew/lib/python3.13/site-packages/pip/_vendor/cachecontrol/caches/file_cache.py
/opt/homebrew/lib/python3.13/site-packages/pip/_vendor/cachecontrol/caches/redis_cache.py
/opt/homebrew/lib/python3.13/site-packages/pip/_vendor/cachecontrol/controller.py
/opt/homebrew/lib/python3.13/site-packages/pip/_vendor/cachecontrol/filewrapper.py
/opt/homebrew/lib/python3.13/site-packages/pip/_vendor/cachecontrol/heuristics.py
/opt/homebrew/lib/python3.13/site-packages/pip/_vendor/cachecontrol/py.typed
/opt/homebrew/lib/python3.13/site-packages/pip/_vendor/cachecontrol/serialize.py
/opt/homebrew/lib/python3.13/site-packages/pip/_vendor/cachecontrol/wrapper.py
/opt/homebrew/lib/python3.13/site-packages/pip/_vendor/certifi/__init__.py
/opt/homebrew/lib/python3.13/site-packages/pip/_vendor/certifi/__main__.py
/opt/homebrew/lib/python3.13/site-packages/pip/_vendor/certifi/cacert.pem
/opt/homebrew/lib/python3.13/site-packages/pip/_vendor/certifi/core.py
/opt/homebrew/lib/python3.13/site-packages/pip/_vendor/certifi/py.typed
/opt/homebrew/lib/python3.13/site-packages/pip/_vendor/distlib/__init__.py
/opt/homebrew/lib/python3.13/site-packages/pip/_vendor/distlib/compat.py
/opt/homebrew/lib/python3.13/site-packages/pip/_vendor/distlib/resources.py
/opt/homebrew/lib/python3.13/site-packages/pip/_vendor/distlib/scripts.py
/opt/homebrew/lib/python3.13/site-packages/pip/_vendor/distlib/t32.exe
/opt/homebrew/lib/python3.13/site-packages/pip/_vendor/distlib/t64-arm.exe
/opt/homebrew/lib/python3.13/site-packages/pip/_vendor/distlib/t64.exe
/opt/homebrew/lib/python3.13/site-packages/pip/_vendor/distlib/util.py
/opt/homebrew/lib/python3.13/site-packages/pip/_vendor/distlib/w32.exe
/opt/homebrew/lib/python3.13/site-packages/pip/_vendor/distlib/w64-arm.exe
/opt/homebrew/lib/python3.13/site-packages/pip/_vendor/distlib/w64.exe
/opt/homebrew/lib/python3.13/site-packages/pip/_vendor/distro/__init__.py
/opt/homebrew/lib/python3.13/site-packages/pip/_vendor/distro/__main__.py
/opt/homebrew/lib/python3.13/site-packages/pip/_vendor/distro/distro.py
/opt/homebrew/lib/python3.13/site-packages/pip/_vendor/distro/py.typed
/opt/homebrew/lib/python3.13/site-packages/pip/_vendor/idna/__init__.py
/opt/homebrew/lib/python3.13/site-packages/pip/_vendor/idna/codec.py
/opt/homebrew/lib/python3.13/site-packages/pip/_vendor/idna/compat.py
/opt/homebrew/lib/python3.13/site-packages/pip/_vendor/idna/core.py
/opt/homebrew/lib/python3.13/site-packages/pip/_vendor/idna/idnadata.py
/opt/homebrew/lib/python3.13/site-packages/pip/_vendor/idna/intranges.py
/opt/homebrew/lib/python3.13/site-packages/pip/_vendor/idna/package_data.py
/opt/homebrew/lib/python3.13/site-packages/pip/_vendor/idna/py.typed
/opt/homebrew/lib/python3.13/site-packages/pip/_vendor/idna/uts46data.py
/opt/homebrew/lib/python3.13/site-packages/pip/_vendor/msgpack/__init__.py
/opt/homebrew/lib/python3.13/site-packages/pip/_vendor/msgpack/exceptions.py
/opt/homebrew/lib/python3.13/site-packages/pip/_vendor/msgpack/ext.py
/opt/homebrew/lib/python3.13/site-packages/pip/_vendor/msgpack/fallback.py
/opt/homebrew/lib/python3.13/site-packages/pip/_vendor/packaging/__init__.py
/opt/homebrew/lib/python3.13/site-packages/pip/_vendor/packaging/_elffile.py
/opt/homebrew/lib/python3.13/site-packages/pip/_vendor/packaging/_manylinux.py
/opt/homebrew/lib/python3.13/site-packages/pip/_vendor/packaging/_musllinux.py
/opt/homebrew/lib/python3.13/site-packages/pip/_vendor/packaging/_parser.py
/opt/homebrew/lib/python3.13/site-packages/pip/_vendor/packaging/_structures.py
/opt/homebrew/lib/python3.13/site-packages/pip/_vendor/packaging/_tokenizer.py
/opt/homebrew/lib/python3.13/site-packages/pip/_vendor/packaging/licenses/__init__.py
/opt/homebrew/lib/python3.13/site-packages/pip/_vendor/packaging/licenses/_spdx.py
/opt/homebrew/lib/python3.13/site-packages/pip/_vendor/packaging/markers.py
/opt/homebrew/lib/python3.13/site-packages/pip/_vendor/packaging/metadata.py
/opt/homebrew/lib/python3.13/site-packages/pip/_vendor/packaging/py.typed
/opt/homebrew/lib/python3.13/site-packages/pip/_vendor/packaging/requirements.py
/opt/homebrew/lib/python3.13/site-packages/pip/_vendor/packaging/specifiers.py
/opt/homebrew/lib/python3.13/site-packages/pip/_vendor/packaging/tags.py
/opt/homebrew/lib/python3.13/site-packages/pip/_vendor/packaging/utils.py
/opt/homebrew/lib/python3.13/site-packages/pip/_vendor/packaging/version.py
/opt/homebrew/lib/python3.13/site-packages/pip/_vendor/pkg_resources/__init__.py
/opt/homebrew/lib/python3.13/site-packages/pip/_vendor/platformdirs/__init__.py
/opt/homebrew/lib/python3.13/site-packages/pip/_vendor/platformdirs/__main__.py
/opt/homebrew/lib/python3.13/site-packages/pip/_vendor/platformdirs/android.py
/opt/homebrew/lib/python3.13/site-packages/pip/_vendor/platformdirs/api.py
/opt/homebrew/lib/python3.13/site-packages/pip/_vendor/platformdirs/macos.py
/opt/homebrew/lib/python3.13/site-packages/pip/_vendor/platformdirs/py.typed
/opt/homebrew/lib/python3.13/site-packages/pip/_vendor/platformdirs/unix.py
/opt/homebrew/lib/python3.13/site-packages/pip/_vendor/platformdirs/version.py
/opt/homebrew/lib/python3.13/site-packages/pip/_vendor/platformdirs/windows.py
/opt/homebrew/lib/python3.13/site-packages/pip/_vendor/pygments/__init__.py
/opt/homebrew/lib/python3.13/site-packages/pip/_vendor/pygments/__main__.py
/opt/homebrew/lib/python3.13/site-packages/pip/_vendor/pygments/console.py
/opt/homebrew/lib/python3.13/site-packages/pip/_vendor/pygments/filter.py
/opt/homebrew/lib/python3.13/site-packages/pip/_vendor/pygments/filters/__init__.py
/opt/homebrew/lib/python3.13/site-packages/pip/_vendor/pygments/formatter.py
/opt/homebrew/lib/python3.13/site-packages/pip/_vendor/pygments/formatters/__init__.py
/opt/homebrew/lib/python3.13/site-packages/pip/_vendor/pygments/formatters/_mapping.py
/opt/homebrew/lib/python3.13/site-packages/pip/_vendor/pygments/lexer.py
/opt/homebrew/lib/python3.13/site-packages/pip/_vendor/pygments/lexers/__init__.py
/opt/homebrew/lib/python3.13/site-packages/pip/_vendor/pygments/lexers/_mapping.py
/opt/homebrew/lib/python3.13/site-packages/pip/_vendor/pygments/lexers/python.py
/opt/homebrew/lib/python3.13/site-packages/pip/_vendor/pygments/modeline.py
/opt/homebrew/lib/python3.13/site-packages/pip/_vendor/pygments/plugin.py
/opt/homebrew/lib/python3.13/site-packages/pip/_vendor/pygments/regexopt.py
/opt/homebrew/lib/python3.13/site-packages/pip/_vendor/pygments/scanner.py
/opt/homebrew/lib/python3.13/site-packages/pip/_vendor/pygments/sphinxext.py
/opt/homebrew/lib/python3.13/site-packages/pip/_vendor/pygments/style.py
/opt/homebrew/lib/python3.13/site-packages/pip/_vendor/pygments/styles/__init__.py
/opt/homebrew/lib/python3.13/site-packages/pip/_vendor/pygments/styles/_mapping.py
/opt/homebrew/lib/python3.13/site-packages/pip/_vendor/pygments/token.py
/opt/homebrew/lib/python3.13/site-packages/pip/_vendor/pygments/unistring.py
/opt/homebrew/lib/python3.13/site-packages/pip/_vendor/pygments/util.py
/opt/homebrew/lib/python3.13/site-packages/pip/_vendor/pyproject_hooks/__init__.py
/opt/homebrew/lib/python3.13/site-packages/pip/_vendor/pyproject_hooks/_impl.py
/opt/homebrew/lib/python3.13/site-packages/pip/_vendor/pyproject_hooks/_in_process/__init__.py
/opt/homebrew/lib/python3.13/site-packages/pip/_vendor/pyproject_hooks/_in_process/_in_process.py
/opt/homebrew/lib/python3.13/site-packages/pip/_vendor/pyproject_hooks/py.typed
/opt/homebrew/lib/python3.13/site-packages/pip/_vendor/requests/__init__.py
/opt/homebrew/lib/python3.13/site-packages/pip/_vendor/requests/__version__.py
/opt/homebrew/lib/python3.13/site-packages/pip/_vendor/requests/_internal_utils.py
/opt/homebrew/lib/python3.13/site-packages/pip/_vendor/requests/adapters.py
/opt/homebrew/lib/python3.13/site-packages/pip/_vendor/requests/api.py
/opt/homebrew/lib/python3.13/site-packages/pip/_vendor/requests/auth.py
/opt/homebrew/lib/python3.13/site-packages/pip/_vendor/requests/certs.py
/opt/homebrew/lib/python3.13/site-packages/pip/_vendor/requests/compat.py
/opt/homebrew/lib/python3.13/site-packages/pip/_vendor/requests/cookies.py
/opt/homebrew/lib/python3.13/site-packages/pip/_vendor/requests/exceptions.py
/opt/homebrew/lib/python3.13/site-packages/pip/_vendor/requests/help.py
/opt/homebrew/lib/python3.13/site-packages/pip/_vendor/requests/hooks.py
/opt/homebrew/lib/python3.13/site-packages/pip/_vendor/requests/models.py
/opt/homebrew/lib/python3.13/site-packages/pip/_vendor/requests/packages.py
/opt/homebrew/lib/python3.13/site-packages/pip/_vendor/requests/sessions.py
/opt/homebrew/lib/python3.13/site-packages/pip/_vendor/requests/status_codes.py
/opt/homebrew/lib/python3.13/site-packages/pip/_vendor/requests/structures.py
/opt/homebrew/lib/python3.13/site-packages/pip/_vendor/requests/utils.py
/opt/homebrew/lib/python3.13/site-packages/pip/_vendor/resolvelib/__init__.py
/opt/homebrew/lib/python3.13/site-packages/pip/_vendor/resolvelib/providers.py
/opt/homebrew/lib/python3.13/site-packages/pip/_vendor/resolvelib/py.typed
/opt/homebrew/lib/python3.13/site-packages/pip/_vendor/resolvelib/reporters.py
/opt/homebrew/lib/python3.13/site-packages/pip/_vendor/resolvelib/structs.py
/opt/homebrew/lib/python3.13/site-packages/pip/_vendor/rich/__init__.py
/opt/homebrew/lib/python3.13/site-packages/pip/_vendor/rich/__main__.py
/opt/homebrew/lib/python3.13/site-packages/pip/_vendor/rich/_cell_widths.py
/opt/homebrew/lib/python3.13/site-packages/pip/_vendor/rich/_emoji_codes.py
/opt/homebrew/lib/python3.13/site-packages/pip/_vendor/rich/_emoji_replace.py
/opt/homebrew/lib/python3.13/site-packages/pip/_vendor/rich/_export_format.py
/opt/homebrew/lib/python3.13/site-packages/pip/_vendor/rich/_extension.py
/opt/homebrew/lib/python3.13/site-packages/pip/_vendor/rich/_fileno.py
/opt/homebrew/lib/python3.13/site-packages/pip/_vendor/rich/_inspect.py
/opt/homebrew/lib/python3.13/site-packages/pip/_vendor/rich/_log_render.py
/opt/homebrew/lib/python3.13/site-packages/pip/_vendor/rich/_loop.py
/opt/homebrew/lib/python3.13/site-packages/pip/_vendor/rich/_null_file.py
/opt/homebrew/lib/python3.13/site-packages/pip/_vendor/rich/_palettes.py
/opt/homebrew/lib/python3.13/site-packages/pip/_vendor/rich/_pick.py
/opt/homebrew/lib/python3.13/site-packages/pip/_vendor/rich/_ratio.py
/opt/homebrew/lib/python3.13/site-packages/pip/_vendor/rich/_spinners.py
/opt/homebrew/lib/python3.13/site-packages/pip/_vendor/rich/_stack.py
/opt/homebrew/lib/python3.13/site-packages/pip/_vendor/rich/_timer.py
/opt/homebrew/lib/python3.13/site-packages/pip/_vendor/rich/_win32_console.py
/opt/homebrew/lib/python3.13/site-packages/pip/_vendor/rich/_windows.py
/opt/homebrew/lib/python3.13/site-packages/pip/_vendor/rich/_windows_renderer.py
/opt/homebrew/lib/python3.13/site-packages/pip/_vendor/rich/_wrap.py
/opt/homebrew/lib/python3.13/site-packages/pip/_vendor/rich/abc.py
/opt/homebrew/lib/python3.13/site-packages/pip/_vendor/rich/align.py
/opt/homebrew/lib/python3.13/site-packages/pip/_vendor/rich/ansi.py
/opt/homebrew/lib/python3.13/site-packages/pip/_vendor/rich/bar.py
/opt/homebrew/lib/python3.13/site-packages/pip/_vendor/rich/box.py
/opt/homebrew/lib/python3.13/site-packages/pip/_vendor/rich/cells.py
/opt/homebrew/lib/python3.13/site-packages/pip/_vendor/rich/color.py
/opt/homebrew/lib/python3.13/site-packages/pip/_vendor/rich/color_triplet.py
/opt/homebrew/lib/python3.13/site-packages/pip/_vendor/rich/columns.py
/opt/homebrew/lib/python3.13/site-packages/pip/_vendor/rich/console.py
/opt/homebrew/lib/python3.13/site-packages/pip/_vendor/rich/constrain.py
/opt/homebrew/lib/python3.13/site-packages/pip/_vendor/rich/containers.py
/opt/homebrew/lib/python3.13/site-packages/pip/_vendor/rich/control.py
/opt/homebrew/lib/python3.13/site-packages/pip/_vendor/rich/default_styles.py
/opt/homebrew/lib/python3.13/site-packages/pip/_vendor/rich/diagnose.py
/opt/homebrew/lib/python3.13/site-packages/pip/_vendor/rich/emoji.py
/opt/homebrew/lib/python3.13/site-packages/pip/_vendor/rich/errors.py
/opt/homebrew/lib/python3.13/site-packages/pip/_vendor/rich/file_proxy.py
/opt/homebrew/lib/python3.13/site-packages/pip/_vendor/rich/filesize.py
/opt/homebrew/lib/python3.13/site-packages/pip/_vendor/rich/highlighter.py
/opt/homebrew/lib/python3.13/site-packages/pip/_vendor/rich/json.py
/opt/homebrew/lib/python3.13/site-packages/pip/_vendor/rich/jupyter.py
/opt/homebrew/lib/python3.13/site-packages/pip/_vendor/rich/layout.py
/opt/homebrew/lib/python3.13/site-packages/pip/_vendor/rich/live.py
/opt/homebrew/lib/python3.13/site-packages/pip/_vendor/rich/live_render.py
/opt/homebrew/lib/python3.13/site-packages/pip/_vendor/rich/logging.py
/opt/homebrew/lib/python3.13/site-packages/pip/_vendor/rich/markup.py
/opt/homebrew/lib/python3.13/site-packages/pip/_vendor/rich/measure.py
/opt/homebrew/lib/python3.13/site-packages/pip/_vendor/rich/padding.py
/opt/homebrew/lib/python3.13/site-packages/pip/_vendor/rich/pager.py
/opt/homebrew/lib/python3.13/site-packages/pip/_vendor/rich/palette.py
/opt/homebrew/lib/python3.13/site-packages/pip/_vendor/rich/panel.py
/opt/homebrew/lib/python3.13/site-packages/pip/_vendor/rich/pretty.py
/opt/homebrew/lib/python3.13/site-packages/pip/_vendor/rich/progress.py
/opt/homebrew/lib/python3.13/site-packages/pip/_vendor/rich/progress_bar.py
/opt/homebrew/lib/python3.13/site-packages/pip/_vendor/rich/prompt.py
/opt/homebrew/lib/python3.13/site-packages/pip/_vendor/rich/protocol.py
/opt/homebrew/lib/python3.13/site-packages/pip/_vendor/rich/py.typed
/opt/homebrew/lib/python3.13/site-packages/pip/_vendor/rich/region.py
/opt/homebrew/lib/python3.13/site-packages/pip/_vendor/rich/repr.py
/opt/homebrew/lib/python3.13/site-packages/pip/_vendor/rich/rule.py
/opt/homebrew/lib/python3.13/site-packages/pip/_vendor/rich/scope.py
/opt/homebrew/lib/python3.13/site-packages/pip/_vendor/rich/screen.py
/opt/homebrew/lib/python3.13/site-packages/pip/_vendor/rich/segment.py
/opt/homebrew/lib/python3.13/site-packages/pip/_vendor/rich/spinner.py
/opt/homebrew/lib/python3.13/site-packages/pip/_vendor/rich/status.py
/opt/homebrew/lib/python3.13/site-packages/pip/_vendor/rich/style.py
/opt/homebrew/lib/python3.13/site-packages/pip/_vendor/rich/styled.py
/opt/homebrew/lib/python3.13/site-packages/pip/_vendor/rich/syntax.py
/opt/homebrew/lib/python3.13/site-packages/pip/_vendor/rich/table.py
/opt/homebrew/lib/python3.13/site-packages/pip/_vendor/rich/terminal_theme.py
/opt/homebrew/lib/python3.13/site-packages/pip/_vendor/rich/text.py
/opt/homebrew/lib/python3.13/site-packages/pip/_vendor/rich/theme.py
/opt/homebrew/lib/python3.13/site-packages/pip/_vendor/rich/themes.py
/opt/homebrew/lib/python3.13/site-packages/pip/_vendor/rich/traceback.py
/opt/homebrew/lib/python3.13/site-packages/pip/_vendor/rich/tree.py
/opt/homebrew/lib/python3.13/site-packages/pip/_vendor/tomli/__init__.py
/opt/homebrew/lib/python3.13/site-packages/pip/_vendor/tomli/_parser.py
/opt/homebrew/lib/python3.13/site-packages/pip/_vendor/tomli/_re.py
/opt/homebrew/lib/python3.13/site-packages/pip/_vendor/tomli/_types.py
/opt/homebrew/lib/python3.13/site-packages/pip/_vendor/tomli/py.typed
/opt/homebrew/lib/python3.13/site-packages/pip/_vendor/truststore/__init__.py
/opt/homebrew/lib/python3.13/site-packages/pip/_vendor/truststore/_api.py
/opt/homebrew/lib/python3.13/site-packages/pip/_vendor/truststore/_macos.py
/opt/homebrew/lib/python3.13/site-packages/pip/_vendor/truststore/_openssl.py
/opt/homebrew/lib/python3.13/site-packages/pip/_vendor/truststore/_ssl_constants.py
/opt/homebrew/lib/python3.13/site-packages/pip/_vendor/truststore/_windows.py
/opt/homebrew/lib/python3.13/site-packages/pip/_vendor/truststore/py.typed
/opt/homebrew/lib/python3.13/site-packages/pip/_vendor/urllib3/__init__.py
/opt/homebrew/lib/python3.13/site-packages/pip/_vendor/urllib3/_collections.py
/opt/homebrew/lib/python3.13/site-packages/pip/_vendor/urllib3/_version.py
/opt/homebrew/lib/python3.13/site-packages/pip/_vendor/urllib3/connection.py
/opt/homebrew/lib/python3.13/site-packages/pip/_vendor/urllib3/connectionpool.py
/opt/homebrew/lib/python3.13/site-packages/pip/_vendor/urllib3/contrib/__init__.py
/opt/homebrew/lib/python3.13/site-packages/pip/_vendor/urllib3/contrib/_appengine_environ.py
/opt/homebrew/lib/python3.13/site-packages/pip/_vendor/urllib3/contrib/_securetransport/__init__.py
/opt/homebrew/lib/python3.13/site-packages/pip/_vendor/urllib3/contrib/_securetransport/bindings.py
/opt/homebrew/lib/python3.13/site-packages/pip/_vendor/urllib3/contrib/_securetransport/low_level.py
/opt/homebrew/lib/python3.13/site-packages/pip/_vendor/urllib3/contrib/appengine.py
/opt/homebrew/lib/python3.13/site-packages/pip/_vendor/urllib3/contrib/ntlmpool.py
/opt/homebrew/lib/python3.13/site-packages/pip/_vendor/urllib3/contrib/pyopenssl.py
/opt/homebrew/lib/python3.13/site-packages/pip/_vendor/urllib3/contrib/securetransport.py
/opt/homebrew/lib/python3.13/site-packages/pip/_vendor/urllib3/contrib/socks.py
/opt/homebrew/lib/python3.13/site-packages/pip/_vendor/urllib3/exceptions.py
/opt/homebrew/lib/python3.13/site-packages/pip/_vendor/urllib3/fields.py
/opt/homebrew/lib/python3.13/site-packages/pip/_vendor/urllib3/filepost.py
/opt/homebrew/lib/python3.13/site-packages/pip/_vendor/urllib3/packages/__init__.py
/opt/homebrew/lib/python3.13/site-packages/pip/_vendor/urllib3/packages/backports/__init__.py
/opt/homebrew/lib/python3.13/site-packages/pip/_vendor/urllib3/packages/backports/makefile.py
/opt/homebrew/lib/python3.13/site-packages/pip/_vendor/urllib3/packages/backports/weakref_finalize.py
/opt/homebrew/lib/python3.13/site-packages/pip/_vendor/urllib3/packages/six.py
/opt/homebrew/lib/python3.13/site-packages/pip/_vendor/urllib3/poolmanager.py
/opt/homebrew/lib/python3.13/site-packages/pip/_vendor/urllib3/request.py
/opt/homebrew/lib/python3.13/site-packages/pip/_vendor/urllib3/response.py
/opt/homebrew/lib/python3.13/site-packages/pip/_vendor/urllib3/util/__init__.py
/opt/homebrew/lib/python3.13/site-packages/pip/_vendor/urllib3/util/connection.py
/opt/homebrew/lib/python3.13/site-packages/pip/_vendor/urllib3/util/proxy.py
/opt/homebrew/lib/python3.13/site-packages/pip/_vendor/urllib3/util/queue.py
/opt/homebrew/lib/python3.13/site-packages/pip/_vendor/urllib3/util/request.py
/opt/homebrew/lib/python3.13/site-packages/pip/_vendor/urllib3/util/response.py
/opt/homebrew/lib/python3.13/site-packages/pip/_vendor/urllib3/util/retry.py
/opt/homebrew/lib/python3.13/site-packages/pip/_vendor/urllib3/util/ssl_.py
/opt/homebrew/lib/python3.13/site-packages/pip/_vendor/urllib3/util/ssl_match_hostname.py
/opt/homebrew/lib/python3.13/site-packages/pip/_vendor/urllib3/util/ssltransport.py
/opt/homebrew/lib/python3.13/site-packages/pip/_vendor/urllib3/util/timeout.py
/opt/homebrew/lib/python3.13/site-packages/pip/_vendor/urllib3/util/url.py
/opt/homebrew/lib/python3.13/site-packages/pip/_vendor/urllib3/util/wait.py
/opt/homebrew/lib/python3.13/site-packages/pip/_vendor/vendor.txt
/opt/homebrew/lib/python3.13/site-packages/pip/py.typed
/opt/homebrew/lib/python3.13/site-packages/wheel/__init__.py
/opt/homebrew/lib/python3.13/site-packages/wheel/__main__.py
/opt/homebrew/lib/python3.13/site-packages/wheel/_bdist_wheel.py
/opt/homebrew/lib/python3.13/site-packages/wheel/_setuptools_logging.py
/opt/homebrew/lib/python3.13/site-packages/wheel/bdist_wheel.py
/opt/homebrew/lib/python3.13/site-packages/wheel/cli/__init__.py
/opt/homebrew/lib/python3.13/site-packages/wheel/cli/convert.py
/opt/homebrew/lib/python3.13/site-packages/wheel/cli/pack.py
/opt/homebrew/lib/python3.13/site-packages/wheel/cli/tags.py
/opt/homebrew/lib/python3.13/site-packages/wheel/cli/unpack.py
/opt/homebrew/lib/python3.13/site-packages/wheel/macosx_libfile.py
/opt/homebrew/lib/python3.13/site-packages/wheel/metadata.py
/opt/homebrew/lib/python3.13/site-packages/wheel/util.py
/opt/homebrew/lib/python3.13/site-packages/wheel/vendored/__init__.py
/opt/homebrew/lib/python3.13/site-packages/wheel/vendored/packaging/LICENSE
/opt/homebrew/lib/python3.13/site-packages/wheel/vendored/packaging/LICENSE.APACHE
/opt/homebrew/lib/python3.13/site-packages/wheel/vendored/packaging/LICENSE.BSD
/opt/homebrew/lib/python3.13/site-packages/wheel/vendored/packaging/__init__.py
/opt/homebrew/lib/python3.13/site-packages/wheel/vendored/packaging/_elffile.py
/opt/homebrew/lib/python3.13/site-packages/wheel/vendored/packaging/_manylinux.py
/opt/homebrew/lib/python3.13/site-packages/wheel/vendored/packaging/_musllinux.py
/opt/homebrew/lib/python3.13/site-packages/wheel/vendored/packaging/_parser.py
/opt/homebrew/lib/python3.13/site-packages/wheel/vendored/packaging/_structures.py
/opt/homebrew/lib/python3.13/site-packages/wheel/vendored/packaging/_tokenizer.py
/opt/homebrew/lib/python3.13/site-packages/wheel/vendored/packaging/markers.py
/opt/homebrew/lib/python3.13/site-packages/wheel/vendored/packaging/requirements.py
/opt/homebrew/lib/python3.13/site-packages/wheel/vendored/packaging/specifiers.py
/opt/homebrew/lib/python3.13/site-packages/wheel/vendored/packaging/tags.py
/opt/homebrew/lib/python3.13/site-packages/wheel/vendored/packaging/utils.py
/opt/homebrew/lib/python3.13/site-packages/wheel/vendored/packaging/version.py
/opt/homebrew/lib/python3.13/site-packages/wheel/vendored/vendor.txt
/opt/homebrew/lib/python3.13/site-packages/wheel/wheelfile.py
/opt/homebrew/lib/python3.13/site-packages/wheel-0.45.1.dist-info/INSTALLER
/opt/homebrew/lib/python3.13/site-packages/wheel-0.45.1.dist-info/METADATA
/opt/homebrew/lib/python3.13/site-packages/wheel-0.45.1.dist-info/REQUESTED
/opt/homebrew/lib/python3.13/site-packages/wheel-0.45.1.dist-info/WHEEL
/opt/homebrew/lib/python3.13/site-packages/wheel-0.45.1.dist-info/entry_points.txt

They have been backed up to: /Users/zach/Library/Caches/Homebrew/Backup
==> Summary
ðŸº  /opt/homebrew/Cellar/python@3.13/3.13.6: 3,620 files, 66.7MB
==> Installing yt-dlp
==> Pouring yt-dlp--2025.8.11.arm64_ventura.bottle.tar.gz
ðŸº  /opt/homebrew/Cellar/yt-dlp/2025.8.11: 1,742 files, 19.6MB
==> Running `brew cleanup yt-dlp`...
Disable this behaviour by setting `HOMEBREW_NO_INSTALL_CLEANUP=1`.
Hide these hints with `HOMEBREW_NO_ENV_HINTS=1` (see `man brew`).
Removing: /opt/homebrew/Cellar/yt-dlp/2025.2.19... (1,705 files, 18.9MB)
Removing: /Users/zach/Library/Caches/Homebrew/yt-dlp_bottle_manifest--2025.2.19... (19.4KB)
Removing: /Users/zach/Library/Caches/Homebrew/yt-dlp--2025.2.19... (4.9MB)
==> No outdated dependents to upgrade!
==> Caveats
zsh completions have been installed to:
  /opt/homebrew/share/zsh/site-functions
