$ brew tap terrastruct/d2

==> Tapping terrastruct/d2
Cloning into '/opt/homebrew/Library/Taps/terrastruct/homebrew-d2'...
remote: Enumerating objects: 213, done.
remote: Counting objects: 100% (86/86), done.
remote: Compressing objects: 100% (65/65), done.
remote: Total 213 (delta 44), reused 62 (delta 21), pack-reused 127 (from 1)
Receiving objects: 100% (213/213), 40.68 KiB | 2.26 MiB/s, done.
Resolving deltas: 100% (99/99), done.
Tapped 1 formula (16 files, 55.4KB).

$ brew install d2

==> Downloading https://ghcr.io/v2/homebrew/core/d2/manifests/0.6.6
############################################################################################################################### 100.0%
==> Fetching d2
==> Downloading https://ghcr.io/v2/homebrew/core/d2/blobs/sha256:a485c895fed104e605ca34380ce25b2108db15254de03a806a4fa086b41211da
############################################################################################################################### 100.0%
==> Pouring d2--0.6.6.arm64_ventura.bottle.tar.gz
ðŸº  /opt/homebrew/Cellar/d2/0.6.6: 7 files, 34MB
==> Running `brew cleanup d2`...
Disable this behaviour by setting HOMEBREW_NO_INSTALL_CLEANUP.
Hide these hints with HOMEBREW_NO_ENV_HINTS (see `man brew`).

$ brew upgrade d2

==> Auto-updating Homebrew...
Adjust how often this is run with HOMEBREW_AUTO_UPDATE_SECS or disable with
HOMEBREW_NO_AUTO_UPDATE. Hide these hints with HOMEBREW_NO_ENV_HINTS (see `man brew`).
==> Auto-updated Homebrew!
Updated 5 taps (dotenvx/brew, pomdtr/tap, jesseduffield/lazygit, lusingander/tap and terrastruct/d2).
==> New Formulae
lusingander/tap/ddv

You have 62 outdated formulae installed.
==> Upgrading 1 outdated package:
d2 0.6.8 -> 0.6.9
==> Downloading https://ghcr.io/v2/homebrew/core/d2/manifests/0.6.9
##################################################################################################################################################################################################### 100.0%
==> Fetching d2
==> Downloading https://ghcr.io/v2/homebrew/core/d2/blobs/sha256:18eec53b0ff4c8f1d497f3ade4fb74cf90cb8cf1b964d7780575f1b66372058a
##################################################################################################################################################################################################### 100.0%
==> Upgrading d2
  0.6.8 -> 0.6.9
==> Pouring d2--0.6.9.arm64_ventura.bottle.tar.gz
ðŸº  /opt/homebrew/Cellar/d2/0.6.9: 7 files, 34.6MB
==> Running `brew cleanup d2`...
Disable this behaviour by setting HOMEBREW_NO_INSTALL_CLEANUP.
Hide these hints with HOMEBREW_NO_ENV_HINTS (see `man brew`).
Removing: /opt/homebrew/Cellar/d2/0.6.6... (7 files, 34MB)
Removing: /opt/homebrew/Cellar/d2/0.6.8... (7 files, 34.5MB)
Removing: /Users/zach/Library/Caches/Homebrew/d2_bottle_manifest--0.6.8... (7.1KB)
Removing: /Users/zach/Library/Caches/Homebrew/d2--0.6.8... (11.7MB)
