$ cargo install carl
    Updating crates.io index
  Downloaded carl v0.5.0
  Downloaded 1 crate (90.5KiB) in 0.47s
  Installing carl v0.5.0
    Updating crates.io index
     Locking 111 packages to latest compatible versions
  Downloaded memo-map v0.3.3
  Downloaded nom-language v0.1.0
  Downloaded iso8601 v0.6.3
  Downloaded phf v0.12.1
  Downloaded minijinja-embed v2.13.0
  Downloaded phf_shared v0.12.1
  Downloaded xdg v3.0.0
  Downloaded minijinja-contrib v2.13.0
  Downloaded icalendar v0.17.5
  Downloaded rrule v0.14.0
  Downloaded minijinja v2.13.0
  Downloaded chrono-tz v0.10.4
  Downloaded 12 crates (1.2MiB) in 0.93s
   Compiling proc-macro2 v1.0.103
   Compiling quote v1.0.42
   Compiling unicode-ident v1.0.22
   Compiling serde_core v1.0.228
   Compiling memchr v2.7.6
   Compiling serde v1.0.228
   Compiling autocfg v1.5.0
   Compiling strsim v0.11.1
   Compiling fnv v1.0.7
   Compiling ident_case v1.0.1
   Compiling libc v0.2.178
   Compiling core-foundation-sys v0.8.7
   Compiling num-traits v0.2.19
   Compiling aho-corasick v1.1.4
   Compiling iana-time-zone v0.1.64
   Compiling utf8parse v0.2.2
   Compiling getrandom v0.3.4
   Compiling siphasher v1.0.1
   Compiling phf_shared v0.12.1
   Compiling anstyle-parse v0.2.7
   Compiling nom v8.0.0
   Compiling colorchoice v1.0.4
   Compiling is_terminal_polyfill v1.70.2
   Compiling thiserror v2.0.17
   Compiling powerfmt v0.2.0
   Compiling chrono-tz v0.10.4
   Compiling regex-syntax v0.8.8
   Compiling anstyle v1.0.13
   Compiling cfg-if v1.0.4
   Compiling anstyle-query v1.1.5
   Compiling anstream v0.6.21
   Compiling phf v0.12.1
   Compiling syn v2.0.111
   Compiling regex-automata v0.4.13
   Compiling winnow v0.7.14
   Compiling num-conv v0.1.0
   Compiling self_cell v1.2.1
   Compiling memo-map v0.3.3
   Compiling itoa v1.0.15
   Compiling minijinja-embed v2.13.0
   Compiling time-core v0.1.6
   Compiling clap_lex v0.7.6
   Compiling heck v0.5.0
   Compiling clap_builder v4.5.53
   Compiling carl v0.5.0
   Compiling deranged v0.5.5
   Compiling serde_spanned v1.0.3
   Compiling toml_datetime v0.7.3
   Compiling nom-language v0.1.0
   Compiling toml_parser v1.0.4
   Compiling iso8601 v0.6.3
   Compiling uuid v1.19.0
   Compiling regex v1.12.2
   Compiling toml_writer v1.0.4
   Compiling darling_core v0.21.3
   Compiling log v0.4.29
   Compiling toml v0.9.8
   Compiling xdg v3.0.0
   Compiling serde_derive v1.0.228
   Compiling thiserror-impl v2.0.17
   Compiling clap_derive v4.5.49
   Compiling darling_macro v0.21.3
   Compiling darling v0.21.3
   Compiling serde_with_macros v3.16.1
   Compiling clap v4.5.53
   Compiling serde_with v3.16.1
   Compiling chrono v0.4.42
   Compiling time v0.3.44
   Compiling minijinja v2.13.0
   Compiling icalendar v0.17.5
   Compiling minijinja-contrib v2.13.0
   Compiling rrule v0.14.0
    Finished `release` profile [optimized] target(s) in 21.82s
  Installing /Users/zach/.cargo/bin/carl
   Installed package `carl v0.5.0` (executable `carl`)
