$ cargo install gfold

    Updating crates.io index
  Downloaded gfold v4.6.0
  Downloaded 1 crate (976.4 KB) in 0.86s
  Installing gfold v4.6.0
    Updating crates.io index
     Locking 121 packages to latest compatible versions
  Downloaded env_logger v0.11.6
  Downloaded miniz_oxide v0.8.2
  Downloaded user_dirs v0.2.0
  Downloaded env_filter v0.1.3
  Downloaded thiserror-impl v2.0.9
  Downloaded rustversion v1.0.19
  Downloaded thiserror v2.0.9
  Downloaded cc v1.2.5
  Downloaded vcpkg v0.2.15
  Downloaded git2 v0.19.0
  Downloaded object v0.36.7
  Downloaded remain v0.2.14
  Downloaded libz-sys v1.1.20
  Downloaded libgit2-sys v0.17.0+1.8.1
  Downloaded 14 crates (3.7 MB) in 0.65s (largest was `libgit2-sys` at 1.8 MB)
   Compiling proc-macro2 v1.0.92
   Compiling unicode-ident v1.0.14
   Compiling stable_deref_trait v1.2.0
   Compiling libc v0.2.169
   Compiling writeable v0.5.5
   Compiling litemap v0.7.4
   Compiling shlex v1.3.0
   Compiling pkg-config v0.3.31
   Compiling icu_locid_transform_data v1.5.0
   Compiling serde v1.0.216
   Compiling vcpkg v0.2.15
   Compiling crossbeam-utils v0.8.21
   Compiling icu_properties_data v1.5.0
   Compiling smallvec v1.13.2
   Compiling utf8_iter v1.0.4
   Compiling icu_normalizer_data v1.5.0
   Compiling utf16_iter v1.0.5
   Compiling write16 v1.0.0
   Compiling rustversion v1.0.19
   Compiling heck v0.5.0
   Compiling object v0.36.7
   Compiling utf8parse v0.2.2
   Compiling memchr v2.7.4
   Compiling anstyle-parse v0.2.6
   Compiling log v0.4.22
   Compiling anstyle v1.0.10
   Compiling equivalent v1.0.1
   Compiling rayon-core v1.12.1
   Compiling colorchoice v1.0.3
   Compiling hashbrown v0.15.2
   Compiling cfg-if v1.0.0
   Compiling anstyle-query v1.1.2
   Compiling quote v1.0.38
   Compiling syn v2.0.91
   Compiling jobserver v0.1.32
   Compiling percent-encoding v2.3.1
   Compiling cc v1.2.5
   Compiling bitflags v2.6.0
   Compiling rustix v0.38.42
   Compiling adler2 v2.0.0
   Compiling crossbeam-epoch v0.9.18
   Compiling is_terminal_polyfill v1.70.1
   Compiling gimli v0.31.1
   Compiling anstream v0.6.18
   Compiling crossbeam-deque v0.8.6
   Compiling miniz_oxide v0.8.2
   Compiling indexmap v2.7.0
   Compiling errno v0.3.10
   Compiling form_urlencoded v1.2.1
   Compiling winnow v0.6.20
   Compiling thiserror v2.0.9
   Compiling strsim v0.11.1
   Compiling serde_json v1.0.134
   Compiling clap_lex v0.7.4
   Compiling rustc-demangle v0.1.24
   Compiling libz-sys v1.1.20
   Compiling libgit2-sys v0.17.0+1.8.1
   Compiling anyhow v1.0.95
   Compiling clap_builder v4.5.23
   Compiling addr2line v0.24.2
   Compiling synstructure v0.13.1
   Compiling env_filter v0.1.3
   Compiling once_cell v1.20.2
   Compiling ryu v1.0.18
   Compiling fastrand v2.3.0
   Compiling backtrace v0.3.74
   Compiling itoa v1.0.14
   Compiling diff v0.1.13
   Compiling home v0.5.11
   Compiling either v1.13.0
   Compiling yansi v1.0.1
   Compiling humantime v2.1.0
   Compiling rayon v1.10.0
   Compiling env_logger v0.11.6
   Compiling pretty_assertions v1.4.1
   Compiling user_dirs v0.2.0
   Compiling tempfile v3.14.0
   Compiling termcolor v1.4.1
   Compiling zerofrom-derive v0.1.5
   Compiling yoke-derive v0.7.5
   Compiling zerovec-derive v0.10.3
   Compiling displaydoc v0.2.5
   Compiling icu_provider_macros v1.5.0
   Compiling serde_derive v1.0.216
   Compiling clap_derive v4.5.18
   Compiling strum_macros v0.26.4
   Compiling thiserror-impl v2.0.9
   Compiling zerofrom v0.1.5
   Compiling yoke v0.7.5
   Compiling remain v0.2.14
   Compiling zerovec v0.10.4
   Compiling clap v4.5.23
   Compiling strum v0.26.3
   Compiling tinystr v0.7.6
   Compiling icu_collections v1.5.0
   Compiling icu_locid v1.5.0
   Compiling icu_provider v1.5.0
   Compiling icu_locid_transform v1.5.0
   Compiling icu_properties v1.5.1
   Compiling serde_spanned v0.6.8
   Compiling toml_datetime v0.6.8
   Compiling toml_edit v0.22.22
   Compiling icu_normalizer v1.5.0
   Compiling toml v0.8.19
   Compiling idna_adapter v1.2.0
   Compiling idna v1.0.3
   Compiling url v2.5.4
   Compiling git2 v0.19.0
   Compiling gfold v4.6.0
    Finished `release` profile [optimized] target(s) in 25.04s
  Installing /Users/zach/.cargo/bin/gfold
   Installed package `gfold v4.6.0` (executable `gfold`)
