$ cargo install gitlogue

    Updating crates.io index
  Downloaded gitlogue v0.3.0
  Downloaded 1 crate (94.0KiB) in 0.50s
  Installing gitlogue v0.3.0
    Updating crates.io index
     Locking 224 packages to latest compatible versions
      Adding unicode-width v0.2.0 (available: v0.2.2)
  Downloaded block2 v0.6.2
  Downloaded tree-sitter-language v0.1.5
  Downloaded dirs v6.0.0
  Downloaded ctrlc v3.5.1
  Downloaded toml_datetime v0.7.3
  Downloaded streaming-iterator v0.1.9
  Downloaded serde_spanned v1.0.3
  Downloaded objc2-encode v4.1.0
  Downloaded toml_writer v1.0.4
  Downloaded tree-sitter-json v0.24.8
  Downloaded rand_chacha v0.9.0
  Downloaded tree-sitter-html v0.23.2
  Downloaded dirs-sys v0.5.0
  Downloaded rand_core v0.9.3
  Downloaded toml_parser v1.0.4
  Downloaded clap v4.5.53
  Downloaded toml v0.9.8
  Downloaded dispatch2 v0.3.0
  Downloaded tree-sitter-css v0.25.0
  Downloaded openssl-sys v0.9.111
  Downloaded tree-sitter-xml v0.7.0
  Downloaded tree-sitter-clojure v0.1.0
  Downloaded tree-sitter-yaml v0.7.2
  Downloaded tree-sitter-erlang v0.15.0
  Downloaded rand v0.9.2
  Downloaded toml_edit v0.23.7
  Downloaded tree-sitter-go v0.25.0
  Downloaded cc v1.2.47
  Downloaded tree-sitter-javascript v0.25.0
  Downloaded tree-sitter-java v0.23.5
  Downloaded tree-sitter v0.25.10
  Downloaded clap_builder v4.5.53
  Downloaded tree-sitter-python v0.25.0
  Downloaded tree-sitter-zig v1.1.2
  Downloaded git2 v0.20.2
  Downloaded tree-sitter-c v0.24.1
  Downloaded tree-sitter-dart v0.0.4
  Downloaded zerocopy v0.8.28
  Downloaded objc2 v0.6.3
  Downloaded tree-sitter-md v0.5.1
  Downloaded nix v0.30.1
  Downloaded tree-sitter-rust v0.24.0
  Downloaded tree-sitter-bash v0.25.0
  Downloaded tree-sitter-elixir v0.3.4
  Downloaded tree-sitter-ruby v0.23.1
  Downloaded libssh2-sys v0.3.1
  Downloaded tree-sitter-php v0.24.2
  Downloaded tree-sitter-haskell v0.23.1
  Downloaded tree-sitter-typescript v0.23.2
  Downloaded libz-sys v1.1.23
  Downloaded tree-sitter-swift v0.7.1
  Downloaded tree-sitter-cpp v0.23.4
  Downloaded tree-sitter-kotlin-ng v1.1.0
  Downloaded tree-sitter-scala v0.24.0
  Downloaded tree-sitter-c-sharp v0.23.1
  Downloaded libgit2-sys v0.18.2+1.9.1
  Downloaded openssl-src v300.5.4+3.5.4
  Downloaded 57 crates (23.2MiB) in 2.78s (largest was `openssl-src` at 6.8MiB)
   Compiling libc v0.2.177
   Compiling shlex v1.3.0
   Compiling find-msvc-tools v0.1.5
   Compiling proc-macro2 v1.0.103
   Compiling unicode-ident v1.0.22
   Compiling quote v1.0.42
   Compiling tree-sitter-language v0.1.5
   Compiling stable_deref_trait v1.2.1
   Compiling pkg-config v0.3.32
   Compiling cfg-if v1.0.4
   Compiling vcpkg v0.2.15
   Compiling serde_core v1.0.228
   Compiling smallvec v1.15.1
   Compiling equivalent v1.0.2
   Compiling hashbrown v0.16.1
   Compiling serde_json v1.0.145
   Compiling bitflags v2.10.0
   Compiling indexmap v2.12.1
   Compiling itoa v1.0.15
   Compiling memchr v2.7.6
   Compiling ryu v1.0.20
   Compiling litemap v0.8.1
   Compiling writeable v0.6.2
   Compiling icu_properties_data v2.1.1
   Compiling rustversion v1.0.22
   Compiling icu_normalizer_data v2.1.1
   Compiling parking_lot_core v0.9.12
   Compiling signal-hook v0.3.18
   Compiling jobserver v0.1.34
   Compiling log v0.4.28
   Compiling cc v1.2.47
   Compiling syn v2.0.110
   Compiling aho-corasick v1.1.4
   Compiling openssl-src v300.5.4+3.5.4
   Compiling errno v0.3.14
   Compiling signal-hook-registry v1.4.6
   Compiling getrandom v0.3.4
   Compiling ident_case v1.0.1
   Compiling scopeguard v1.2.0
   Compiling fnv v1.0.7
   Compiling zerocopy v0.8.28
   Compiling regex-syntax v0.8.8
   Compiling heck v0.5.0
   Compiling objc2 v0.6.3
   Compiling strsim v0.11.1
   Compiling libz-sys v1.1.23
   Compiling openssl-sys v0.9.111
   Compiling tree-sitter v0.25.10
   Compiling libssh2-sys v0.3.1
   Compiling lock_api v0.4.14
   Compiling mio v1.1.0
   Compiling synstructure v0.13.2
   Compiling regex-automata v0.4.13
   Compiling darling_core v0.20.11
   Compiling utf8parse v0.2.2
   Compiling serde v1.0.228
   Compiling autocfg v1.5.0
   Compiling objc2-encode v4.1.0
   Compiling zerofrom-derive v0.1.6
   Compiling yoke-derive v0.8.1
   Compiling zerovec-derive v0.11.2
   Compiling zerofrom v0.1.6
   Compiling displaydoc v0.2.5
   Compiling rustix v0.38.44
   Compiling yoke v0.8.1
   Compiling cfg_aliases v0.2.1
   Compiling unicode-segmentation v1.12.0
   Compiling nix v0.30.1
   Compiling zerotrie v0.2.3
   Compiling zerovec v0.11.5
   Compiling convert_case v0.7.1
   Compiling darling_macro v0.20.11
   Compiling regex v1.12.2
   Compiling serde_derive v1.0.228
   Compiling num-traits v0.2.19
   Compiling tinystr v0.8.2
   Compiling potential_utf v0.1.4
   Compiling icu_locale_core v2.1.1
   Compiling icu_collections v2.1.1
   Compiling anstyle-parse v0.2.7
   Compiling signal-hook-mio v0.2.5
   Compiling icu_provider v2.1.1
   Compiling parking_lot v0.12.5
   Compiling icu_normalizer v2.1.1
   Compiling icu_properties v2.1.1
   Compiling idna_adapter v1.2.1
   Compiling libgit2-sys v0.18.2+1.9.1
   Compiling allocator-api2 v0.2.21
   Compiling instability v0.3.9
   Compiling anstyle v1.0.13
   Compiling rustix v1.1.2
   Compiling winnow v0.7.13
   Compiling foldhash v0.1.5
   Compiling colorchoice v1.0.4
   Compiling streaming-iterator v0.1.9
   Compiling is_terminal_polyfill v1.70.2
   Compiling paste v1.0.15
   Compiling utf8_iter v1.0.4
   Compiling either v1.15.0
   Compiling anstyle-query v1.1.5
   Compiling percent-encoding v2.3.2
   Compiling anstream v0.6.21
   Compiling itertools v0.13.0
   Compiling form_urlencoded v1.2.2
   Compiling idna v1.1.0
   Compiling ppv-lite86 v0.2.21
   Compiling hashbrown v0.15.5
   Compiling toml_parser v1.0.4
   Compiling rand_core v0.9.3
   Compiling block2 v0.6.2
   Compiling darling v0.20.11
   Compiling derive_more-impl v2.0.1
   Compiling strum_macros v0.26.4
   Compiling toml_datetime v0.7.3
   Compiling tree-sitter-json v0.24.8
   Compiling tree-sitter-rust v0.24.0
   Compiling tree-sitter-javascript v0.25.0
   Compiling tree-sitter-zig v1.1.2
   Compiling tree-sitter-elixir v0.3.4
   Compiling tree-sitter-html v0.23.2
   Compiling tree-sitter-md v0.5.1
   Compiling tree-sitter-go v0.25.0
   Compiling tree-sitter-c-sharp v0.23.1
   Compiling tree-sitter-ruby v0.23.1
   Compiling tree-sitter-dart v0.0.4
   Compiling tree-sitter-scala v0.24.0
   Compiling tree-sitter-bash v0.25.0
   Compiling tree-sitter-css v0.25.0
   Compiling tree-sitter-cpp v0.23.4
   Compiling tree-sitter-python v0.25.0
   Compiling tree-sitter-swift v0.7.1
   Compiling tree-sitter-haskell v0.23.1
   Compiling tree-sitter-typescript v0.23.2
   Compiling tree-sitter-xml v0.7.0
   Compiling tree-sitter-php v0.24.2
   Compiling tree-sitter-yaml v0.7.2
   Compiling tree-sitter-erlang v0.15.0
   Compiling tree-sitter-kotlin-ng v1.1.0
   Compiling tree-sitter-c v0.24.1
   Compiling tree-sitter-clojure v0.1.0
   Compiling tree-sitter-java v0.23.5
   Compiling castaway v0.2.4
   Compiling unicode-width v0.1.14
   Compiling toml_writer v1.0.4
   Compiling core-foundation-sys v0.8.7
   Compiling static_assertions v1.1.0
   Compiling option-ext v0.2.0
   Compiling anyhow v1.0.100
   Compiling litrs v1.0.0
   Compiling clap_lex v0.7.6
   Compiling indoc v2.0.7
   Compiling document-features v0.2.12
   Compiling compact_str v0.8.1
   Compiling clap_builder v4.5.53
   Compiling strum v0.26.3
   Compiling unicode-truncate v1.1.0
   Compiling dirs-sys v0.5.0
   Compiling iana-time-zone v0.1.64
   Compiling derive_more v2.0.1
   Compiling crossterm v0.28.1
   Compiling dispatch2 v0.3.0
   Compiling rand_chacha v0.9.0
   Compiling url v2.5.7
   Compiling lru v0.12.5
   Compiling clap_derive v4.5.49
   Compiling serde_spanned v1.0.3
   Compiling cassowary v0.3.0
   Compiling unicode-width v0.2.0
   Compiling ratatui v0.29.0
   Compiling crossterm v0.29.0
   Compiling toml v0.9.8
   Compiling clap v4.5.53
   Compiling chrono v0.4.42
   Compiling ctrlc v3.5.1
   Compiling rand v0.9.2
   Compiling dirs v6.0.0
   Compiling toml_edit v0.23.7
   Compiling git2 v0.20.2
   Compiling gitlogue v0.3.0
    Finished `release` profile [optimized] target(s) in 1m 07s
  Installing /Users/zach/.cargo/bin/gitlogue
   Installed package `gitlogue v0.3.0` (executable `gitlogue`)
