$ cargo install jolt-tui

    Updating crates.io index
  Downloaded jolt-tui v1.1.0
  Downloaded 1 crate (116.9KiB) in 0.58s
  Installing jolt-tui v1.1.0
    Updating crates.io index
     Locking 323 packages to latest compatible versions
      Adding generic-array v0.14.7 (available: v0.14.9)
  Downloaded thiserror v2.0.18
  Downloaded indenter v0.3.4
  Downloaded mach2 v0.6.0
  Downloaded eyre v0.6.12
  Downloaded daemonize v0.5.0
  Downloaded color-spantrace v0.3.0
  Downloaded bytesize v1.3.3
  Downloaded clap_lex v0.7.7
  Downloaded utf-8 v0.7.6
  Downloaded time-core v0.1.7
  Downloaded time-macros v0.2.25
  Downloaded zmij v1.0.16
  Downloaded unicode-truncate v2.0.1
  Downloaded thiserror-impl v2.0.18
  Downloaded rustls-pki-types v1.14.0
  Downloaded starship-battery v0.10.3
  Downloaded owo-colors v4.2.3
  Downloaded systemstat v0.2.5
  Downloaded ureq-proto v0.5.3
  Downloaded euclid v0.22.13
  Downloaded cc v1.2.53
  Downloaded rustls-webpki v0.103.9
  Downloaded flate2 v1.1.8
  Downloaded mach2 v0.5.0
  Downloaded humantime v2.3.0
  Downloaded hashlink v0.11.0
  Downloaded uom v0.37.0
  Downloaded ureq v3.1.4
  Downloaded rusqlite v0.38.0
  Downloaded getrandom v0.2.17
  Downloaded webpki-roots v1.0.5
  Downloaded objc2-io-kit v0.3.2
  Downloaded chrono v0.4.43
  Downloaded time v0.3.45
  Downloaded sysinfo v0.37.2
  Downloaded rustls v0.23.36
  Downloaded rustc-demangle v0.1.27
  Downloaded bytesize v2.3.1
  Downloaded find-msvc-tools v0.1.8
  Downloaded core-foundation v0.10.1
  Downloaded jolt-platform v1.1.0
  Downloaded color-eyre v0.6.5
  Downloaded jolt-protocol v1.1.0
  Downloaded jolt-theme v1.1.0
  Downloaded libsqlite3-sys v0.36.0
  Downloaded 45 crates (8.7MiB) in 0.99s (largest was `libsqlite3-sys` at 5.0MiB)
   Compiling proc-macro2 v1.0.105
   Compiling libc v0.2.180
   Compiling quote v1.0.43
   Compiling unicode-ident v1.0.22
   Compiling cfg-if v1.0.4
   Compiling itoa v1.0.17
   Compiling log v0.4.29
   Compiling powerfmt v0.2.0
   Compiling smallvec v1.15.1
   Compiling deranged v0.5.5
   Compiling allocator-api2 v0.2.21
   Compiling equivalent v1.0.2
   Compiling time-core v0.1.7
   Compiling memchr v2.7.6
   Compiling find-msvc-tools v0.1.8
   Compiling shlex v1.3.0
   Compiling foldhash v0.2.0
   Compiling bitflags v2.10.0
   Compiling once_cell v1.21.3
   Compiling num-conv v0.1.0
   Compiling hashbrown v0.16.1
   Compiling cc v1.2.53
   Compiling pin-project-lite v0.2.16
   Compiling serde_core v1.0.228
   Compiling thiserror v2.0.18
   Compiling heck v0.5.0
   Compiling rustversion v1.0.22
   Compiling tracing-core v0.1.36
   Compiling parking_lot_core v0.9.12
   Compiling lazy_static v1.5.0
   Compiling autocfg v1.5.0
   Compiling regex-syntax v0.8.8
   Compiling num_threads v0.1.7
   Compiling time v0.3.45
   Compiling errno v0.3.14
   Compiling strsim v0.11.1
   Compiling ident_case v1.0.1
   Compiling signal-hook-registry v1.4.8
   Compiling syn v2.0.114
   Compiling num-traits v0.2.19
   Compiling ring v0.17.14
   Compiling either v1.15.0
   Compiling scopeguard v1.2.0
   Compiling simd-adler32 v0.3.8
   Compiling adler2 v2.0.1
   Compiling castaway v0.2.4
   Compiling regex-automata v0.4.13
   Compiling miniz_oxide v0.8.9
   Compiling itertools v0.14.0
   Compiling lock_api v0.4.14
   Compiling mio v1.1.1
   Compiling matchers v0.2.0
   Compiling sharded-slab v0.1.7
   Compiling tracing-log v0.2.0
   Compiling darling_core v0.23.0
   Compiling thread_local v1.1.9
   Compiling zeroize v1.8.2
   Compiling core-foundation-sys v0.8.7
   Compiling indoc v2.0.7
   Compiling nu-ansi-term v0.50.3
   Compiling bytes v1.11.0
   Compiling unicode-segmentation v1.12.0
   Compiling signal-hook v0.3.18
   Compiling unicode-width v0.2.2
   Compiling ryu v1.0.22
   Compiling serde v1.0.228
   Compiling instability v0.3.11
   Compiling static_assertions v1.1.0
   Compiling thiserror-impl v2.0.18
   Compiling tracing-attributes v0.1.31
   Compiling strum_macros v0.27.2
   Compiling unicode-truncate v2.0.1
   Compiling compact_str v0.9.0
   Compiling serde_derive v1.0.228
   Compiling darling_macro v0.23.0
   Compiling tracing v0.1.44
   Compiling darling v0.23.0
   Compiling kasuari v0.4.11
   Compiling strum v0.27.2
   Compiling tracing-subscriber v0.3.22
   Compiling convert_case v0.10.0
   Compiling rustls-pki-types v1.14.0
   Compiling parking_lot v0.12.5
   Compiling getrandom v0.2.17
   Compiling lru v0.16.3
   Compiling owo-colors v4.2.3
   Compiling crc32fast v1.5.0
   Compiling typenum v1.19.0
   Compiling zmij v1.0.16
   Compiling rustix v1.1.3
   Compiling futures-core v0.3.31
   Compiling object v0.37.3
   Compiling httparse v1.10.1
   Compiling untrusted v0.9.0
   Compiling ratatui-core v0.1.0
   Compiling derive_more-impl v2.1.1
   Compiling rustls v0.23.36
   Compiling pkg-config v0.3.32
   Compiling vcpkg v0.2.15
   Compiling eyre v0.6.12
   Compiling futures-sink v0.3.31
   Compiling serde_json v1.0.149
   Compiling color-spantrace v0.3.0
   Compiling crossbeam-utils v0.8.21
   Compiling litrs v1.0.0
   Compiling utf8parse v0.2.2
   Compiling base64 v0.22.1
   Compiling gimli v0.32.3
   Compiling anstyle-parse v0.2.7
   Compiling document-features v0.2.12
   Compiling libsqlite3-sys v0.36.0
   Compiling futures-channel v0.3.31
   Compiling derive_more v2.1.1
   Compiling signal-hook-mio v0.2.5
   Compiling rustls-webpki v0.103.9
   Compiling tracing-error v0.2.1
   Compiling futures-macro v0.3.31
   Compiling addr2line v0.25.1
   Compiling http v1.4.0
   Compiling objc2-core-foundation v0.3.2
   Compiling line-clipping v0.3.5
   Compiling starship-battery v0.10.3
   Compiling anstyle-query v1.1.5
   Compiling colorchoice v1.0.4
   Compiling pin-utils v0.1.0
   Compiling futures-io v0.3.31
   Compiling rustc-demangle v0.1.27
   Compiling winnow v0.7.14
   Compiling slab v0.4.11
   Compiling futures-task v0.3.31
   Compiling indenter v0.3.4
   Compiling anstyle v1.0.13
   Compiling subtle v2.6.1
   Compiling is_terminal_polyfill v1.70.2
   Compiling anstream v0.6.21
   Compiling objc2-io-kit v0.3.2
   Compiling futures-util v0.3.31
   Compiling ureq-proto v0.5.3
   Compiling ratatui-widgets v0.3.0
   Compiling crossterm v0.29.0
   Compiling toml_parser v1.0.6+spec-1.1.0
   Compiling backtrace v0.3.76
   Compiling uom v0.37.0
   Compiling flate2 v1.1.8
   Compiling webpki-roots v1.0.5
   Compiling tokio-macros v2.6.0
   Compiling core-foundation v0.10.1
   Compiling iana-time-zone v0.1.64
   Compiling toml_datetime v0.7.5+spec-1.1.0
   Compiling serde_spanned v1.0.4
   Compiling socket2 v0.6.1
   Compiling mach2 v0.5.0
   Compiling indexmap v2.13.0
   Compiling quick-xml v0.38.4
   Compiling clap_lex v0.7.7
   Compiling percent-encoding v2.3.2
   Compiling option-ext v0.2.0
   Compiling utf-8 v0.7.6
   Compiling toml_writer v1.0.6+spec-1.1.0
   Compiling toml v0.9.11+spec-1.1.0
   Compiling ureq v3.1.4
   Compiling clap_builder v4.5.54
   Compiling dirs-sys v0.5.0
   Compiling plist v1.8.0
   Compiling tokio v1.49.0
   Compiling chrono v0.4.43
   Compiling crossbeam-channel v0.5.15
   Compiling futures-executor v0.3.31
   Compiling color-eyre v0.6.5
   Compiling ratatui-macros v0.7.0
   Compiling ratatui-crossterm v0.1.0
   Compiling sysinfo v0.37.2
   Compiling clap_derive v4.5.49
   Compiling hashlink v0.11.0
   Compiling mach2 v0.6.0
   Compiling fallible-streaming-iterator v0.1.9
   Compiling jolt-tui v1.1.0
   Compiling bytesize v1.3.3
   Compiling fallible-iterator v0.3.0
   Compiling systemstat v0.2.5
   Compiling clap v4.5.54
   Compiling ratatui v0.30.0
   Compiling tokio-stream v0.1.18
   Compiling futures v0.3.31
   Compiling tracing-appender v0.2.4
   Compiling jolt-protocol v1.1.0
   Compiling jolt-theme v1.1.0
   Compiling dirs v6.0.0
   Compiling daemonize v0.5.0
   Compiling jolt-platform v1.1.0
   Compiling bytesize v2.3.1
   Compiling humantime v2.3.0
   Compiling rusqlite v0.38.0
    Finished `release` profile [optimized] target(s) in 52.70s
  Installing /Users/zach/.cargo/bin/jolt
   Installed package `jolt-tui v1.1.0` (executable `jolt`)
