$ cargo install lsd

    Updating crates.io index
  Downloaded lsd v1.2.0
  Downloaded 1 crate (109.1KiB) in 0.22s
  Installing lsd v1.2.0
    Updating crates.io index
     Locking 175 packages to latest compatible versions
      Adding lscolors v0.20.0 (available: v0.21.0)
      Adding term_grid v0.1.7 (available: v0.2.0)
      Adding uzers v0.11.3 (available: v0.12.2)
      Adding windows v0.61.3 (available: v0.62.2)
      Adding xdg v2.5.2 (available: v3.0.0)
  Downloaded wild v2.2.1
  Downloaded xdg v2.5.2
  Downloaded xattr v1.6.1
  Downloaded quote v1.0.43
  Downloaded vsort v0.2.0
  Downloaded human-sort v0.2.2
  Downloaded term_grid v0.1.7
  Downloaded signal-hook-registry v1.4.8
  Downloaded chrono-humanize v0.2.3
  Downloaded uzers v0.11.3
  Downloaded lscolors v0.20.0
  Downloaded proc-macro2 v1.0.105
  Downloaded clap_complete v4.5.64
  Downloaded url v2.5.8
  Downloaded derive_more v2.1.1
  Downloaded derive_more-impl v2.1.1
  Downloaded pure-rust-locales v0.8.2
  Downloaded git2 v0.20.3
  Downloaded libgit2-sys v0.18.3+1.9.2
  Downloaded 19 crates (2.7MiB) in 0.98s (largest was `libgit2-sys` at 1.8MiB)
   Compiling proc-macro2 v1.0.105
   Compiling unicode-ident v1.0.22
   Compiling quote v1.0.43
   Compiling libc v0.2.179
   Compiling stable_deref_trait v1.2.1
   Compiling serde_core v1.0.228
   Compiling find-msvc-tools v0.1.6
   Compiling smallvec v1.15.1
   Compiling writeable v0.6.2
   Compiling litemap v0.8.1
   Compiling shlex v1.3.0
   Compiling rustix v1.1.3
   Compiling utf8parse v0.2.2
   Compiling icu_normalizer_data v2.1.1
   Compiling pkg-config v0.3.32
   Compiling icu_properties_data v2.1.2
   Compiling anstyle-parse v0.2.7
   Compiling colorchoice v1.0.4
   Compiling log v0.4.29
   Compiling anstyle-query v1.1.5
   Compiling vcpkg v0.2.15
   Compiling anstyle v1.0.13
   Compiling is_terminal_polyfill v1.70.2
   Compiling heck v0.5.0
   Compiling anstream v0.6.21
   Compiling autocfg v1.5.0
   Compiling memchr v2.7.6
   Compiling strsim v0.11.1
   Compiling clap_lex v0.7.6
   Compiling syn v2.0.113
   Compiling num-traits v0.2.19
   Compiling unicode-segmentation v1.12.0
   Compiling clap_builder v4.5.54
   Compiling parking_lot_core v0.9.12
   Compiling serde v1.0.228
   Compiling signal-hook v0.3.18
   Compiling convert_case v0.10.0
   Compiling jobserver v0.1.34
   Compiling errno v0.3.14
   Compiling cc v1.2.51
   Compiling signal-hook-registry v1.4.8
   Compiling aho-corasick v1.1.4
   Compiling percent-encoding v2.3.2
   Compiling core-foundation-sys v0.8.7
   Compiling scopeguard v1.2.0
   Compiling cfg-if v1.0.4
   Compiling utf8_iter v1.0.4
   Compiling lock_api v0.4.14
   Compiling iana-time-zone v0.1.64
   Compiling form_urlencoded v1.2.2
   Compiling mio v1.1.1
   Compiling bitflags v2.10.0
   Compiling litrs v1.0.0
   Compiling option-ext v0.2.0
   Compiling thiserror v2.0.17
   Compiling regex-syntax v0.8.8
   Compiling libz-sys v1.1.23
   Compiling libgit2-sys v0.18.3+1.9.2
   Compiling equivalent v1.0.2
   Compiling version_check v0.9.5
   Compiling synstructure v0.13.2
   Compiling hashbrown v0.16.1
   Compiling pure-rust-locales v0.8.2
   Compiling terminal_size v0.4.3
   Compiling indexmap v2.12.1
   Compiling regex-automata v0.4.13
   Compiling document-features v0.2.12
   Compiling dirs-sys v0.5.0
   Compiling signal-hook-mio v0.2.5
   Compiling parking_lot v0.12.5
   Compiling zerofrom-derive v0.1.6
   Compiling yoke-derive v0.8.1
   Compiling zerovec-derive v0.11.2
   Compiling displaydoc v0.2.5
   Compiling clap_derive v4.5.49
   Compiling zerofrom v0.1.6
   Compiling serde_derive v1.0.228
   Compiling derive_more-impl v2.1.1
   Compiling yoke v0.8.1
   Compiling chrono v0.4.42
   Compiling zerovec v0.11.5
   Compiling zerotrie v0.2.3
   Compiling tinystr v0.8.2
   Compiling potential_utf v0.1.4
   Compiling icu_locale_core v2.1.1
   Compiling icu_collections v2.1.1
   Compiling clap v4.5.54
   Compiling clap_complete v4.5.64
   Compiling derive_more v2.1.1
   Compiling icu_provider v2.1.1
   Compiling icu_properties v2.1.2
   Compiling icu_normalizer v2.1.1
   Compiling lsd v1.2.0
   Compiling thiserror-impl v2.0.17
   Compiling bstr v1.12.1
   Compiling idna_adapter v1.2.1
   Compiling idna v1.1.0
   Compiling linked-hash-map v0.5.6
   Compiling itoa v1.0.17
   Compiling url v2.5.8
   Compiling nu-ansi-term v0.50.3
   Compiling ryu v1.0.22
   Compiling unsafe-libyaml v0.2.11
   Compiling unicode-width v0.1.14
   Compiling lscolors v0.20.0
   Compiling term_grid v0.1.7
   Compiling yaml-rust v0.4.5
   Compiling serde_yaml v0.9.34+deprecated
   Compiling crossterm v0.29.0
   Compiling globset v0.4.18
   Compiling chrono-humanize v0.2.3
   Compiling dirs v6.0.0
   Compiling xattr v1.6.1
   Compiling uzers v0.11.3
   Compiling human-sort v0.2.2
   Compiling wild v2.2.1
   Compiling once_cell v1.21.3
   Compiling unicode-width v0.2.2
   Compiling vsort v0.2.0
   Compiling xdg v2.5.2
   Compiling sys-locale v0.3.2
   Compiling git2 v0.20.3
    Finished `release` profile [optimized] target(s) in 39.69s
  Installing /Users/zach/.cargo/bin/lsd
   Installed package `lsd v1.2.0` (executable `lsd`)
