$ cargo install mdfried

    Updating crates.io index
  Downloaded mdfried v0.14.5
  Downloaded 1 crate (67.3KiB) in 0.20s
  Installing mdfried v0.14.5
    Updating crates.io index
     Locking 446 packages to latest compatible versions
      Adding confy v0.6.1 (available: v2.0.0)
      Adding cosmic-text v0.14.2 (available: v0.15.0)
      Adding generic-array v0.14.7 (available: v0.14.9)
      Adding reqwest v0.11.27 (available: v0.12.24)
  Downloaded bit_field v0.10.3
  Downloaded base64-simd v0.8.0
  Downloaded av1-grain v0.2.5
  Downloaded futures-executor v0.3.31
  Downloaded fixedbitset v0.4.2
  Downloaded dirs-sys v0.4.1
  Downloaded cfg_aliases v0.2.1
  Downloaded color_quant v1.1.0
  Downloaded filedescriptor v0.8.3
  Downloaded crossbeam v0.8.4
  Downloaded crokey-proc_macros v1.3.0
  Downloaded hyper v0.14.32
  Downloaded url v2.5.7
  Downloaded fax_derive v0.2.0
  Downloaded httpdate v1.0.3
  Downloaded confy v0.6.1
  Downloaded aligned-vec v0.6.4
  Downloaded clap_lex v0.7.6
  Downloaded equator-macro v0.4.2
  Downloaded as-slice v0.2.1
  Downloaded arg_enum_proc_macro v0.3.4
  Downloaded wasm-bindgen-shared v0.2.105
  Downloaded unicode-truncate v2.0.0
  Downloaded strict v0.2.0
  Downloaded wezterm-dynamic-derive v0.1.1
  Downloaded crypto-common v0.1.7
  Downloaded clap_derive v4.5.49
  Downloaded futures-core v0.3.31
  Downloaded anstyle v1.0.13
  Downloaded crossbeam-queue v0.3.12
  Downloaded lab v0.11.0
  Downloaded csscolorparser v0.6.2
  Downloaded lazy-regex-proc_macros v3.4.2
  Downloaded crokey v1.3.0
  Downloaded is_terminal_polyfill v1.70.2
  Downloaded noop_proc_macro v0.3.0
  Downloaded hex v0.4.3
  Downloaded pastey v0.1.1
  Downloaded y4m v0.8.0
  Downloaded strum v0.27.2
  Downloaded slab v0.4.11
  Downloaded yoke-derive v0.8.1
  Downloaded line-clipping v0.3.4
  Downloaded directories v5.0.1
  Downloaded anstyle-query v1.1.5
  Downloaded serde_urlencoded v0.7.1
  Downloaded ratskin v0.3.0
  Downloaded potential_utf v0.1.4
  Downloaded futures-io v0.3.31
  Downloaded foldhash v0.2.0
  Downloaded fax v0.2.6
  Downloaded equator v0.4.2
  Downloaded http-body v0.4.6
  Downloaded futures-task v0.3.31
  Downloaded futures-sink v0.3.31
  Downloaded futures-macro v0.3.31
  Downloaded form_urlencoded v1.2.2
  Downloaded bit-vec v0.6.3
  Downloaded bit-set v0.5.3
  Downloaded atomic v0.6.1
  Downloaded aligned v0.4.2
  Downloaded mac_address v1.1.8
  Downloaded want v0.3.1
  Downloaded kasuari v0.4.10
  Downloaded wezterm-input-types v0.1.0
  Downloaded writeable v0.6.2
  Downloaded profiling-procmacros v1.0.17
  Downloaded profiling v1.0.17
  Downloaded litemap v0.8.1
  Downloaded futures v0.3.31
  Downloaded zune-core v0.4.12
  Downloaded ratatui-macros v0.7.0-beta.0
  Downloaded vsimd v0.8.0
  Downloaded rustc-hash v1.1.0
  Downloaded tokio-macros v2.6.0
  Downloaded lebe v0.5.3
  Downloaded ordered-float v4.6.0
  Downloaded thiserror v1.0.69
  Downloaded zune-inflate v0.2.54
  Downloaded v_frame v0.3.9
  Downloaded pin-utils v0.1.0
  Downloaded mime v0.3.17
  Downloaded bitstream-io v4.9.0
  Downloaded quick-error v2.0.1
  Downloaded unicode-linebreak v0.1.5
  Downloaded rustls-pemfile v1.0.4
  Downloaded tower-service v0.3.3
  Downloaded imgref v1.12.0
  Downloaded ravif v0.12.0
  Downloaded qoi v0.4.1
  Downloaded zerotrie v0.2.3
  Downloaded wezterm-blob-leases v0.1.1
  Downloaded fontdb v0.16.2
  Downloaded sct v0.7.1
  Downloaded time-core v0.1.6
  Downloaded cc v1.2.46
  Downloaded tracing v0.1.41
  Downloaded zerovec v0.11.5
  Downloaded zerocopy-derive v0.8.27
  Downloaded zune-jpeg v0.4.21
  Downloaded uuid v1.18.1
  Downloaded tokio-rustls v0.24.1
  Downloaded unicode-ccc v0.2.0
  Downloaded unicode-bidi-mirroring v0.2.0
  Downloaded thiserror v2.0.17
  Downloaded termios v0.3.3
  Downloaded strum_macros v0.27.2
  Downloaded rangemap v1.7.0
  Downloaded pin-project-lite v0.2.16
  Downloaded zune-jpeg v0.5.5
  Downloaded unicode-script v0.5.7
  Downloaded tracing-core v0.1.34
  Downloaded ttf-parser v0.20.0
  Downloaded time v0.3.44
  Downloaded ttf-parser v0.21.1
  Downloaded rustls-webpki v0.101.7
  Downloaded moxcms v0.7.9
  Downloaded portable-atomic v1.11.1
  Downloaded exr v1.74.0
  Downloaded webpki-roots v0.25.4
  Downloaded syn v1.0.109
  Downloaded skrifa v0.37.0
  Downloaded rustls v0.21.12
  Downloaded swash v0.2.6
  Downloaded syn v2.0.110
  Downloaded regex-syntax v0.8.8
  Downloaded nix v0.29.0
  Downloaded read-fonts v0.35.0
  Downloaded av-scenechange v0.14.1
  Downloaded termwiz v0.23.3
  Downloaded termimad v0.34.0
  Downloaded image v0.25.9
  Downloaded rustybuzz v0.14.1
  Downloaded regex-automata v0.4.13
  Downloaded ratatui-widgets v0.3.0-beta.0
  Downloaded flexi_logger v0.31.7
  Downloaded reqwest v0.11.27
  Downloaded tokio-util v0.7.17
  Downloaded icy_sixel v0.1.3
  Downloaded rav1e v0.8.1
  Downloaded pxfm v0.1.25
  Downloaded regex v1.12.2
  Downloaded ratatui-core v0.1.0-beta.0
  Downloaded h2 v0.3.27
  Downloaded clap_builder v4.5.51
  Downloaded ratatui-image v9.0.0-beta.0
  Downloaded tokio v1.48.0
  Downloaded png v0.18.0
  Downloaded futures-util v0.3.31
  Downloaded aho-corasick v1.1.4
  Downloaded tinyvec v1.10.0
  Downloaded nom v8.0.0
  Downloaded unicode-properties v0.1.4
  Downloaded unicode-bidi v0.3.18
  Downloaded num-bigint v0.4.6
  Downloaded itertools v0.14.0
  Downloaded idna v1.1.0
  Downloaded icu_properties_data v2.1.1
  Downloaded coolor v1.1.0
  Downloaded wezterm-bidi v0.2.3
  Downloaded tinystr v0.8.2
  Downloaded terminfo v0.9.0
  Downloaded slotmap v1.0.7
  Downloaded ratatui v0.30.0-beta.0
  Downloaded weezl v0.1.12
  Downloaded tiff v0.10.3
  Downloaded wasm-bindgen-macro-support v0.2.105
  Downloaded wasm-bindgen v0.2.105
  Downloaded system-configuration v0.5.1
  Downloaded sys-locale v0.3.2
  Downloaded smol_str v0.2.2
  Downloaded try-lock v0.2.5
  Downloaded sync_wrapper v0.1.2
  Downloaded socket2 v0.6.1
  Downloaded deltae v0.3.2
  Downloaded cosmic-text v0.14.2
  Downloaded self_cell v1.2.1
  Downloaded ratatui-termwiz v0.1.0-beta.0
  Downloaded euclid v0.22.11
  Downloaded base64 v0.21.7
  Downloaded zeno v0.3.3
  Downloaded yazi v0.2.1
  Downloaded thiserror-impl v2.0.17
  Downloaded thiserror-impl v1.0.69
  Downloaded socket2 v0.5.10
  Downloaded rgb v0.8.52
  Downloaded num-rational v0.4.2
  Downloaded icu_properties v2.1.1
  Downloaded icu_collections v2.1.1
  Downloaded http v0.2.12
  Downloaded half v2.7.1
  Downloaded getrandom v0.3.4
  Downloaded fancy-regex v0.11.0
  Downloaded flate2 v1.1.5
  Downloaded compact_str v0.9.0
  Downloaded num-derive v0.4.2
  Downloaded nu-ansi-term v0.50.3
  Downloaded loop9 v0.1.5
  Downloaded icu_normalizer_data v2.1.1
  Downloaded httparse v1.10.1
  Downloaded zune-core v0.5.0
  Downloaded zerovec-derive v0.11.2
  Downloaded yoke v0.8.1
  Downloaded wezterm-dynamic v0.2.1
  Downloaded wezterm-color-types v0.3.0
  Downloaded wasm-bindgen-macro v0.2.105
  Downloaded vtparse v0.6.2
  Downloaded ratatui-crossterm v0.1.0-beta.0
  Downloaded quote v1.0.42
  Downloaded memoffset v0.9.1
  Downloaded memmap2 v0.9.9
  Downloaded maybe-rayon v0.1.1
  Downloaded image-webp v0.2.4
  Downloaded icu_normalizer v2.1.1
  Downloaded icu_locale_core v2.1.1
  Downloaded simd_helpers v0.1.0
  Downloaded outref v0.5.2
  Downloaded bytemuck v1.24.0
  Downloaded num-integer v0.1.46
  Downloaded phf_macros v0.11.3
  Downloaded minimad v0.13.1
  Downloaded ipnet v2.11.0
  Downloaded icu_provider v2.1.1
  Downloaded gif v0.14.0
  Downloaded deranged v0.5.5
  Downloaded stable_deref_trait v1.2.1
  Downloaded memmem v0.1.1
  Downloaded lru v0.16.2
  Downloaded finl_unicode v1.4.0
  Downloaded clap v4.5.51
  Downloaded bytes v1.11.0
  Downloaded hyper-rustls v0.24.2
  Downloaded futures-channel v0.3.31
  Downloaded font-types v0.10.1
  Downloaded find-msvc-tools v0.1.5
  Downloaded built v0.8.0
  Downloaded system-configuration-sys v0.5.0
  Downloaded num_threads v0.1.7
  Downloaded bytemuck_derive v1.10.2
  Downloaded avif-serialize v0.8.6
  Downloaded anstream v0.6.21
  Downloaded jobserver v0.1.34
  Downloaded core2 v0.4.0
  Downloaded core-foundation v0.9.4
  Downloaded lazy-regex v3.4.2
  Downloaded 245 crates (28.9MiB) in 2.17s (largest was `ratatui-image` at 5.7MiB)
   Compiling proc-macro2 v1.0.103
   Compiling unicode-ident v1.0.22
   Compiling quote v1.0.42
   Compiling libc v0.2.177
   Compiling cfg-if v1.0.4
   Compiling log v0.4.28
   Compiling smallvec v1.15.1
   Compiling parking_lot_core v0.9.12
   Compiling memchr v2.7.6
   Compiling stable_deref_trait v1.2.1
   Compiling crossbeam-utils v0.8.21
   Compiling bitflags v2.10.0
   Compiling foldhash v0.2.0
   Compiling allocator-api2 v0.2.21
   Compiling equivalent v1.0.2
   Compiling scopeguard v1.2.0
   Compiling autocfg v1.5.0
   Compiling lock_api v0.4.14
   Compiling hashbrown v0.16.0
   Compiling either v1.15.0
   Compiling num-traits v0.2.19
   Compiling signal-hook v0.3.18
   Compiling thiserror v2.0.17
   Compiling serde_core v1.0.228
   Compiling itoa v1.0.15
   Compiling signal-hook-registry v1.4.6
   Compiling mio v1.1.0
   Compiling parking_lot v0.12.5
   Compiling rustix v1.1.2
   Compiling serde v1.0.228
   Compiling unicode-segmentation v1.12.0
   Compiling crossbeam-epoch v0.9.18
   Compiling pin-project-lite v0.2.16
   Compiling getrandom v0.2.16
   Compiling convert_case v0.7.1
   Compiling find-msvc-tools v0.1.5
   Compiling crossbeam-deque v0.8.6
   Compiling litrs v1.0.0
   Compiling heck v0.5.0
   Compiling once_cell v1.21.3
   Compiling shlex v1.3.0
   Compiling rustversion v1.0.22
   Compiling errno v0.3.14
   Compiling syn v2.0.110
   Compiling cc v1.2.46
   Compiling itertools v0.14.0
   Compiling document-features v0.2.12
   Compiling zerocopy v0.8.27
   Compiling rayon-core v1.13.0
   Compiling fnv v1.0.7
   Compiling strsim v0.11.1
   Compiling ident_case v1.0.1
   Compiling ryu v1.0.20
   Compiling bytes v1.11.0
   Compiling futures-core v0.3.31
   Compiling ring v0.17.14
   Compiling futures-sink v0.3.31
   Compiling simd-adler32 v0.3.7
   Compiling castaway v0.2.4
   Compiling signal-hook-mio v0.2.5
   Compiling num-integer v0.1.46
   Compiling itertools v0.13.0
   Compiling anyhow v1.0.100
   Compiling litemap v0.8.1
   Compiling instability v0.3.9
   Compiling indoc v2.0.7
   Compiling writeable v0.6.2
   Compiling unicode-width v0.2.2
   Compiling static_assertions v1.1.0
   Compiling compact_str v0.9.0
   Compiling num-bigint v0.4.6
   Compiling futures-channel v0.3.31
   Compiling unicode-truncate v2.0.0
   Compiling socket2 v0.6.1
   Compiling lru v0.16.2
   Compiling indexmap v2.12.0
   Compiling icu_normalizer_data v2.1.1
   Compiling untrusted v0.9.0
   Compiling adler2 v2.0.1
   Compiling futures-io v0.3.31
   Compiling futures-task v0.3.31
   Compiling synstructure v0.13.2
   Compiling darling_core v0.20.11
   Compiling icu_properties_data v2.1.1
   Compiling powerfmt v0.2.0
   Compiling core-foundation-sys v0.8.7
   Compiling crc32fast v1.5.0
   Compiling slab v0.4.11
   Compiling arrayvec v0.7.6
   Compiling pin-utils v0.1.0
   Compiling num-rational v0.4.2
   Compiling deranged v0.5.5
   Compiling aho-corasick v1.1.4
   Compiling miniz_oxide v0.8.9
   Compiling thiserror-impl v2.0.17
   Compiling zerofrom-derive v0.1.6
   Compiling yoke-derive v0.8.1
   Compiling serde_derive v1.0.228
   Compiling zerovec-derive v0.11.2
   Compiling derive_more-impl v2.0.1
   Compiling displaydoc v0.2.5
   Compiling bytemuck_derive v1.10.2
   Compiling equator-macro v0.4.2
   Compiling zerofrom v0.1.6
   Compiling zerocopy-derive v0.8.27
   Compiling derive_more v2.0.1
   Compiling darling_macro v0.20.11
   Compiling strum_macros v0.27.2
   Compiling yoke v0.8.1
   Compiling darling v0.20.11
   Compiling equator v0.4.2
   Compiling crossterm v0.29.0
   Compiling zerovec v0.11.5
   Compiling bytemuck v1.24.0
   Compiling zerotrie v0.2.3
   Compiling aligned-vec v0.6.4
   Compiling kasuari v0.4.10
   Compiling strum v0.27.2
   Compiling tinystr v0.8.2
   Compiling potential_utf v0.1.4
   Compiling tokio-macros v2.6.0
   Compiling icu_locale_core v2.1.1
   Compiling futures-macro v0.3.31
   Compiling icu_collections v2.1.1
   Compiling tokio v1.48.0
   Compiling ratatui-core v0.1.0-beta.0
   Compiling icu_provider v2.1.1
   Compiling futures-util v0.3.31
   Compiling v_frame v0.3.9
   Compiling rayon v1.11.0
   Compiling num_threads v0.1.7
   Compiling as-slice v0.2.1
   Compiling built v0.8.0
   Compiling num-conv v0.1.0
   Compiling av-scenechange v0.14.1
   Compiling regex-syntax v0.8.8
   Compiling paste v1.0.15
   Compiling time-core v0.1.6
   Compiling time v0.3.44
   Compiling regex-automata v0.4.13
   Compiling rav1e v0.8.1
   Compiling http v0.2.12
   Compiling aligned v0.4.2
   Compiling profiling-procmacros v1.0.17
   Compiling arg_enum_proc_macro v0.3.4
   Compiling tracing-core v0.1.34
   Compiling nom v8.0.0
   Compiling core2 v0.4.0
   Compiling line-clipping v0.3.4
   Compiling version_check v0.9.5
   Compiling pastey v0.1.1
   Compiling httparse v1.10.1
   Compiling y4m v0.8.0
   Compiling quick-error v2.0.1
   Compiling rustls v0.21.12
   Compiling regex v1.12.2
   Compiling slotmap v1.0.7
   Compiling tracing v0.1.41
   Compiling ratatui-widgets v0.3.0-beta.0
   Compiling bitstream-io v4.9.0
    Building [============>            ] 225/403: ratatui-widgets, regex-syntax, nom, tokio, regex-automata, bitstream-io, av-scenechange, regex
   Compiling flate2 v1.1.5
   Compiling profiling v1.0.17
   Compiling icu_properties v2.1.1
   Compiling icu_normalizer v2.1.1
   Compiling tokio-util v0.7.17
   Compiling av1-grain v0.2.5
   Compiling maybe-rayon v0.1.1
   Compiling rustls-webpki v0.101.7
   Compiling sct v0.7.1
   Compiling half v2.7.1
   Compiling font-types v0.10.1
   Compiling num-derive v0.4.2
   Compiling fax_derive v0.2.0
   Compiling simd_helpers v0.1.0
   Compiling thiserror v1.0.69
   Compiling zune-core v0.4.12
   Compiling strict v0.2.0
   Compiling new_debug_unreachable v1.0.6
   Compiling weezl v0.1.12
   Compiling try-lock v0.2.5
   Compiling system-configuration-sys v0.5.0
   Compiling imgref v1.12.0
   Compiling noop_proc_macro v0.3.0
   Compiling libm v0.2.15
   Compiling percent-encoding v2.3.2
   Compiling utf8parse v0.2.2
   Compiling form_urlencoded v1.2.2
   Compiling anstyle-parse v0.2.7
   Compiling loop9 v0.1.5
   Compiling crokey-proc_macros v1.3.0
   Compiling want v0.3.1
   Compiling zune-jpeg v0.4.21
   Compiling fax v0.2.6
   Compiling read-fonts v0.35.0
   Compiling idna_adapter v1.2.1
   Compiling h2 v0.3.27
   Compiling ratatui-macros v0.7.0-beta.0
   Compiling lazy-regex-proc_macros v3.4.2
   Compiling http-body v0.4.6
   Compiling ratatui-crossterm v0.1.0-beta.0
   Compiling ppv-lite86 v0.2.21
   Compiling serde_spanned v0.6.9
   Compiling toml_datetime v0.6.11
   Compiling thiserror-impl v1.0.69
   Compiling avif-serialize v0.8.6
   Compiling zune-inflate v0.2.54
   Compiling fdeflate v0.3.7
   Compiling rand_core v0.6.4
   Compiling pxfm v0.1.25
   Compiling crossbeam-queue v0.3.12
   Compiling crossbeam-channel v0.5.15
   Compiling socket2 v0.5.10
   Compiling bit_field v0.10.3
   Compiling winnow v0.7.13
   Compiling option-ext v0.2.0
   Compiling is_terminal_polyfill v1.70.2
   Compiling anstyle v1.0.13
   Compiling rustix v0.38.44
   Compiling colorchoice v1.0.4
   Compiling zune-core v0.5.0
   Compiling toml_write v0.1.2
   Compiling lebe v0.5.3
   Compiling byteorder-lite v0.1.0
   Compiling color_quant v1.1.0
   Compiling utf8_iter v1.0.4
   Compiling rgb v0.8.52
   Compiling tinyvec_macros v0.1.1
   Compiling tower-service v0.3.3
   Compiling httpdate v1.0.3
   Compiling anstyle-query v1.1.5
   Compiling anstream v0.6.21
   Compiling hyper v0.14.32
   Compiling tinyvec v1.10.0
   Compiling moxcms v0.7.9
   Compiling toml_edit v0.22.27
   Compiling idna v1.1.0
   Compiling ravif v0.12.0
   Compiling skrifa v0.37.0
   Compiling image-webp v0.2.4
   Compiling gif v0.14.0
   Compiling exr v1.74.0
   Compiling crokey v1.3.0
   Compiling zune-jpeg v0.5.5
   Compiling dirs-sys v0.4.1
   Compiling crossbeam v0.8.4
   Compiling tokio-rustls v0.24.1
   Compiling rand_chacha v0.3.1
   Compiling png v0.18.0
   Compiling ratatui v0.30.0-beta.0
   Compiling lazy-regex v3.4.2
   Compiling tiff v0.10.3
   Compiling qoi v0.4.1
   Compiling coolor v1.1.0
   Compiling iana-time-zone v0.1.64
   Compiling core-foundation v0.9.4
   Compiling minimad v0.13.1
   Compiling memmap2 v0.9.9
   Compiling unicode-width v0.1.14
   Compiling unicode-bidi-mirroring v0.2.0
   Compiling ttf-parser v0.21.1
   Compiling zeno v0.3.3
   Compiling outref v0.5.2
   Compiling unicode-ccc v0.2.0
   Compiling bitflags v1.3.2
   Compiling unicode-script v0.5.7
   Compiling clap_lex v0.7.6
   Compiling yazi v0.2.1
   Compiling base64 v0.21.7
   Compiling ttf-parser v0.20.0
   Compiling vsimd v0.8.0
   Compiling unicode-properties v0.1.4
   Compiling clap_builder v4.5.51
   Compiling base64-simd v0.8.0
   Compiling swash v0.2.6
   Compiling fontdb v0.16.2
   Compiling rustybuzz v0.14.1
   Compiling rustls-pemfile v1.0.4
   Compiling system-configuration v0.5.1
   Compiling termimad v0.34.0
   Compiling image v0.25.9
   Compiling chrono v0.4.42
   Compiling rand v0.8.5
   Compiling hyper-rustls v0.24.2
   Compiling directories v5.0.1
   Compiling toml v0.8.23
   Compiling url v2.5.7
   Compiling serde_urlencoded v0.7.1
   Compiling futures-executor v0.3.31
   Compiling clap_derive v4.5.49
   Compiling encoding_rs v0.8.35
   Compiling sys-locale v0.3.2
   Compiling rustc-hash v1.1.0
   Compiling unicode-linebreak v0.1.5
   Compiling mime v0.3.17
   Compiling icy_sixel v0.1.3
   Compiling unicode-bidi v0.3.18
   Compiling rangemap v1.7.0
   Compiling nu-ansi-term v0.50.3
   Compiling sync_wrapper v0.1.2
   Compiling webpki-roots v0.25.4
   Compiling smol_str v0.2.2
   Compiling ipnet v2.11.0
   Compiling self_cell v1.2.1
   Compiling cosmic-text v0.14.2
   Compiling flexi_logger v0.31.7
   Compiling clap v4.5.51
   Compiling reqwest v0.11.27
   Compiling ratatui-image v9.0.0-beta.0
   Compiling futures v0.3.31
   Compiling confy v0.6.1
   Compiling ratskin v0.3.0
   Compiling mdfried v0.14.5
    Finished `release` profile [optimized] target(s) in 2m 00s
  Installing /Users/zach/.cargo/bin/mdfried
   Installed package `mdfried v0.14.5` (executable `mdfried`)
