$ cargo install tgt

    Updating crates.io index
  Downloaded tgt v1.0.0
  Downloaded 1 crate (304.0KiB) in 0.61s
  Installing tgt v1.0.0
    Updating crates.io index
     Locking 466 packages to latest compatible versions
      Adding config v0.14.1 (available: v0.15.19)
      Adding crossterm v0.28.1 (available: v0.29.0)
      Adding dirs v5.0.1 (available: v6.0.0)
      Adding generic-array v0.14.7 (available: v0.14.9)
      Adding ratatui v0.27.0 (available: v0.29.0)
      Adding ratatui-image v1.0.5 (available: v8.0.2)
      Adding unicode-width v0.2.0 (available: v0.2.2)
      Adding zip v2.4.2 (available: v6.0.0)
  Downloaded const-random v0.1.18
  Downloaded darling_macro v0.21.3
  Downloaded arraydeque v0.5.1
  Downloaded tower-layer v0.3.3
  Downloaded http-body v1.0.1
  Downloaded const-random-macro v0.1.16
  Downloaded tdlib-rs-parser v1.1.0
  Downloaded crunchy v0.2.4
  Downloaded stability v0.2.1
  Downloaded sync_wrapper v1.0.2
  Downloaded tdlib-rs-gen v1.1.0
  Downloaded inout v0.1.4
  Downloaded convert_case v0.6.0
  Downloaded system-configuration-sys v0.6.0
  Downloaded subtle v2.6.1
  Downloaded wasm-bindgen-macro v0.2.106
  Downloaded http-body-util v0.1.3
  Downloaded tiny-keccak v2.0.2
  Downloaded wasm-bindgen-shared v0.2.106
  Downloaded deflate64 v0.1.10
  Downloaded pbkdf2 v0.12.2
  Downloaded security-framework-sys v2.15.0
  Downloaded fastrand v2.3.0
  Downloaded dlv-list v0.5.2
  Downloaded crc-catalog v2.4.0
  Downloaded json5 v0.4.1
  Downloaded tokio-native-tls v0.3.1
  Downloaded xz2 v0.1.7
  Downloaded ref-cast-impl v1.0.25
  Downloaded ref-cast v1.0.25
  Downloaded zeroize v1.8.2
  Downloaded rust-ini v0.20.0
  Downloaded pest_generator v2.8.4
  Downloaded hyper-tls v0.6.0
  Downloaded dirs v5.0.1
  Downloaded constant_time_eq v0.3.1
  Downloaded cipher v0.4.4
  Downloaded system-configuration v0.6.1
  Downloaded byteorder v1.5.0
  Downloaded tracing-appender v0.2.4
  Downloaded native-tls v0.2.14
  Downloaded atomic-waker v1.1.2
  Downloaded lzma-rs v0.3.0
  Downloaded zstd-safe v7.2.4
  Downloaded wasm-bindgen v0.2.106
  Downloaded bzip2 v0.5.2
  Downloaded zstd v0.13.3
  Downloaded ordered-multimap v0.7.3
  Downloaded crc v3.4.0
  Downloaded hashlink v0.8.4
  Downloaded tracing-error v0.2.1
  Downloaded hyper-rustls v0.27.7
  Downloaded zeroize_derive v1.4.2
  Downloaded rustls-pki-types v1.13.1
  Downloaded serde_with_macros v3.16.1
  Downloaded tokio-rustls v0.26.4
  Downloaded gif v0.14.1
  Downloaded pest_derive v2.8.4
  Downloaded indexmap v1.9.3
  Downloaded darling v0.21.3
  Downloaded config v0.14.1
  Downloaded ratatui-image v1.0.5
  Downloaded pest_meta v2.8.4
  Downloaded hmac v0.12.1
  Downloaded zopfli v0.8.3
  Downloaded schemars v0.9.0
  Downloaded security-framework v2.11.1
  Downloaded darling_core v0.21.3
  Downloaded ron v0.8.1
  Downloaded mio v0.8.11
  Downloaded schemars v1.1.0
  Downloaded tower v0.5.2
  Downloaded rustls-webpki v0.103.8
  Downloaded aes v0.8.4
  Downloaded zip v2.4.2
  Downloaded crossterm v0.27.0
  Downloaded yaml-rust2 v0.8.1
  Downloaded tower-http v0.6.7
  Downloaded pest v2.8.4
  Downloaded winnow v0.7.14
  Downloaded reqwest v0.12.24
  Downloaded h2 v0.4.12
  Downloaded iri-string v0.7.9
  Downloaded serde_with v3.16.1
  Downloaded hyper v1.8.1
  Downloaded hyper-util v0.1.19
  Downloaded hashbrown v0.12.3
  Downloaded http v1.4.0
  Downloaded wasm-bindgen-macro-support v0.2.106
  Downloaded tempfile v3.23.0
  Downloaded tdlib-rs v1.1.0
  Downloaded rustls v0.23.35
  Downloaded ratatui v0.27.0
  Downloaded bzip2-sys v0.1.13+1.0.8
  Downloaded lzma-sys v0.1.20
  Downloaded zstd-sys v2.0.16+zstd.1.5.7
  Downloaded 96 crates (7.3MiB) in 1.94s
   Compiling proc-macro2 v1.0.103
   Compiling unicode-ident v1.0.22
   Compiling quote v1.0.42
   Compiling libc v0.2.178
   Compiling cfg-if v1.0.4
   Compiling serde_core v1.0.228
   Compiling version_check v0.9.5
   Compiling find-msvc-tools v0.1.5
   Compiling shlex v1.3.0
   Compiling pkg-config v0.3.32
   Compiling typenum v1.19.0
   Compiling generic-array v0.14.7
   Compiling log v0.4.29
   Compiling smallvec v1.15.1
   Compiling serde v1.0.228
   Compiling fnv v1.0.7
   Compiling memchr v2.7.6
   Compiling stable_deref_trait v1.2.1
   Compiling getrandom v0.3.4
   Compiling once_cell v1.21.3
   Compiling crc32fast v1.5.0
   Compiling icu_normalizer_data v2.1.1
   Compiling itoa v1.0.15
   Compiling rustix v1.1.2
   Compiling icu_properties_data v2.1.1
   Compiling autocfg v1.5.0
   Compiling thiserror v2.0.17
   Compiling bytes v1.11.0
   Compiling pin-project-lite v0.2.16
   Compiling system-configuration-sys v0.6.0
   Compiling num-traits v0.2.19
   Compiling httparse v1.10.1
   Compiling futures-core v0.3.31
   Compiling syn v2.0.111
   Compiling jobserver v0.1.34
   Compiling zerocopy v0.8.31
   Compiling cc v1.2.48
   Compiling mio v1.1.1
   Compiling socket2 v0.6.1
   Compiling native-tls v0.2.14
   Compiling bitflags v2.10.0
   Compiling core-foundation-sys v0.8.7
   Compiling futures-sink v0.3.31
   Compiling parking_lot_core v0.9.12
   Compiling tokio v1.48.0
   Compiling signal-hook-registry v1.4.7
   Compiling equivalent v1.0.2
   Compiling strsim v0.11.1
   Compiling scopeguard v1.2.0
   Compiling crossbeam-utils v0.8.21
   Compiling ident_case v1.0.1
   Compiling lock_api v0.4.14
   Compiling http v1.4.0
   Compiling zstd-safe v7.2.4
   Compiling writeable v0.6.2
   Compiling slab v0.4.11
   Compiling zstd-sys v2.0.16+zstd.1.5.7
   Compiling bzip2-sys v0.1.13+1.0.8
   Compiling lzma-sys v0.1.20
   Compiling litemap v0.8.1
   Compiling parking_lot v0.12.5
   Compiling core-foundation v0.9.4
   Compiling crypto-common v0.1.7
   Compiling pin-utils v0.1.0
   Compiling hashbrown v0.16.1
   Compiling http-body v1.0.1
   Compiling errno v0.3.14
   Compiling indexmap v2.12.1
   Compiling tracing-core v0.1.35
   Compiling futures-io v0.3.31
   Compiling either v1.15.0
   Compiling synstructure v0.13.2
   Compiling futures-task v0.3.31
   Compiling percent-encoding v2.3.2
   Compiling simd-adler32 v0.3.7
   Compiling futures-util v0.3.31
   Compiling tracing v0.1.43
   Compiling security-framework-sys v2.15.0
   Compiling block-buffer v0.10.4
   Compiling tokio-util v0.7.17
   Compiling try-lock v0.2.5
   Compiling fastrand v2.3.0
   Compiling subtle v2.6.1
   Compiling atomic-waker v1.1.2
   Compiling tower-service v0.3.3
   Compiling tempfile v3.23.0
   Compiling h2 v0.4.12
   Compiling digest v0.10.7
   Compiling want v0.3.1
   Compiling security-framework v2.11.1
   Compiling zerofrom-derive v0.1.6
   Compiling yoke-derive v0.8.1
   Compiling displaydoc v0.2.5
   Compiling zerovec-derive v0.11.2
   Compiling serde_derive v1.0.228
   Compiling thiserror-impl v2.0.17
   Compiling zerocopy-derive v0.8.31
   Compiling zeroize_derive v1.4.2
   Compiling zerofrom v0.1.6
   Compiling yoke v0.8.1
   Compiling tokio-macros v2.6.0
   Compiling crossbeam-epoch v0.9.18
   Compiling zerovec v0.11.5
   Compiling zerotrie v0.2.3
   Compiling futures-channel v0.3.31
   Compiling tinystr v0.8.2
   Compiling potential_utf v0.1.4
   Compiling icu_collections v2.1.1
   Compiling icu_locale_core v2.1.1
   Compiling rayon-core v1.13.0
   Compiling zip v2.4.2
   Compiling allocator-api2 v0.2.21
   Compiling icu_provider v2.1.1
   Compiling icu_normalizer v2.1.1
   Compiling icu_properties v2.1.1
   Compiling hyper v1.8.1
   Compiling crossbeam-deque v0.8.6
   Compiling zeroize v1.8.2
   Compiling tracing-attributes v0.1.31
   Compiling equator-macro v0.4.2
   Compiling system-configuration v0.6.1
   Compiling form_urlencoded v1.2.2
   Compiling idna_adapter v1.2.1
   Compiling inout v0.1.4
   Compiling cpufeatures v0.2.17
   Compiling sync_wrapper v1.0.2
   Compiling adler2 v2.0.1
   Compiling ryu v1.0.20
   Compiling powerfmt v0.2.0
   Compiling base64 v0.22.1
   Compiling crc-catalog v2.4.0
   Compiling utf8_iter v1.0.4
   Compiling rustversion v1.0.22
   Compiling ipnet v2.11.0
   Compiling tower-layer v0.3.3
   Compiling miniz_oxide v0.8.9
   Compiling idna v1.1.0
   Compiling tower v0.5.2
   Compiling hyper-util v0.1.19
   Compiling crc v3.4.0
   Compiling deranged v0.5.5
   Compiling cipher v0.4.4
   Compiling equator v0.4.2
   Compiling tokio-native-tls v0.3.1
   Compiling futures-macro v0.3.31
   Compiling hmac v0.12.1
   Compiling darling_core v0.21.3
   Compiling http-body-util v0.1.3
   Compiling num-integer v0.1.46
   Compiling paste v1.0.15
   Compiling num-conv v0.1.0
   Compiling crunchy v0.2.4
   Compiling serde_json v1.0.145
   Compiling anyhow v1.0.100
   Compiling byteorder v1.5.0
   Compiling time-core v0.1.6
   Compiling bumpalo v3.19.0
   Compiling iri-string v0.7.9
   Compiling lzma-rs v0.3.0
   Compiling zopfli v0.8.3
   Compiling time v0.3.44
   Compiling num-bigint v0.4.6
   Compiling tower-http v0.6.7
   Compiling hyper-tls v0.6.0
   Compiling aligned-vec v0.6.4
   Compiling zstd v0.13.3
   Compiling darling_macro v0.21.3
   Compiling pbkdf2 v0.12.2
   Compiling aes v0.8.4
   Compiling xz2 v0.1.7
   Compiling flate2 v1.1.5
   Compiling url v2.5.7
   Compiling bzip2 v0.5.2
   Compiling serde_urlencoded v0.7.1
   Compiling sha1 v0.10.6
   Compiling rustls-pki-types v1.13.1
   Compiling encoding_rs v0.8.35
   Compiling ahash v0.8.12
   Compiling constant_time_eq v0.3.1
   Compiling tdlib-rs-parser v1.1.0
   Compiling tiny-keccak v2.0.2
   Compiling mime v0.3.17
   Compiling deflate64 v0.1.10
   Compiling arrayvec v0.7.6
   Compiling tdlib-rs-gen v1.1.0
   Compiling darling v0.21.3
   Compiling num-rational v0.4.2
   Compiling v_frame v0.3.9
   Compiling reqwest v0.12.24
   Compiling rayon v1.11.0
   Compiling as-slice v0.2.1
   Compiling objc2 v0.6.3
   Compiling heck v0.5.0
   Compiling option-ext v0.2.0
   Compiling av-scenechange v0.14.1
   Compiling built v0.8.0
   Compiling aligned v0.4.2
   Compiling serde_with_macros v3.16.1
   Compiling rav1e v0.8.1
   Compiling arg_enum_proc_macro v0.3.4
   Compiling profiling-procmacros v1.0.17
   Compiling getrandom v0.2.16
   Compiling nom v8.0.0
   Compiling core2 v0.4.0
   Compiling objc2-encode v4.1.0
   Compiling unicode-segmentation v1.12.0
   Compiling quick-error v2.0.1
   Compiling signal-hook v0.3.18
   Compiling ucd-trie v0.1.7
   Compiling pastey v0.1.1
   Compiling y4m v0.8.0
   Compiling pest v2.8.4
   Compiling maybe-rayon v0.1.1
   Compiling const-random-macro v0.1.16
   Compiling tdlib-rs v1.1.0
   Compiling bitstream-io v4.9.0
   Compiling profiling v1.0.17
   Compiling hashbrown v0.14.5
   Compiling av1-grain v0.2.5
   Compiling castaway v0.2.4
   Compiling half v2.7.1
   Compiling num-derive v0.4.2
   Compiling fax_derive v0.2.0
   Compiling itertools v0.14.0
   Compiling darling_core v0.20.11
   Compiling simd_helpers v0.1.0
   Compiling new_debug_unreachable v1.0.6
   Compiling regex-syntax v0.8.8
   Compiling weezl v0.1.12
   Compiling foldhash v0.1.5
   Compiling imgref v1.12.0
   Compiling zune-core v0.4.12
   Compiling static_assertions v1.1.0
   Compiling noop_proc_macro v0.3.0
   Compiling zune-jpeg v0.4.21
   Compiling loop9 v0.1.5
   Compiling hashbrown v0.15.5
   Compiling fax v0.2.6
   Compiling regex-automata v0.4.13
   Compiling pest_meta v2.8.4
   Compiling objc2-core-foundation v0.3.2
   Compiling darling_macro v0.20.11
   Compiling const-random v0.1.18
   Compiling strum_macros v0.26.4
   Compiling dirs-sys v0.5.0
   Compiling avif-serialize v0.8.6
   Compiling fdeflate v0.3.7
   Compiling zune-inflate v0.2.54
   Compiling itertools v0.13.0
   Compiling iana-time-zone v0.1.64
   Compiling pxfm v0.1.26
   Compiling mio v0.8.11
   Compiling unicode-width v0.1.14
   Compiling lebe v0.5.3
   Compiling utf8parse v0.2.2
   Compiling byteorder-lite v0.1.0
   Compiling bytemuck v1.24.0
   Compiling zune-core v0.5.0
   Compiling color_quant v1.1.0
   Compiling lazy_static v1.5.0
   Compiling bit_field v0.10.3
   Compiling rustix v0.38.44
   Compiling rgb v0.8.52
   Compiling instability v0.3.10
   Compiling moxcms v0.7.10
   Compiling ravif v0.12.0
   Compiling exr v1.74.0
   Compiling zune-jpeg v0.5.5
   Compiling gif v0.14.1
   Compiling sharded-slab v0.1.7
   Compiling qoi v0.4.1
   Compiling image-webp v0.2.4
   Compiling anstyle-parse v0.2.7
   Compiling unicode-truncate v1.1.0
   Compiling strum v0.26.3
   Compiling signal-hook-mio v0.2.5
   Compiling rand_core v0.6.4
   Compiling chrono v0.4.42
   Compiling png v0.18.0
   Compiling dirs v6.0.0
   Compiling dlv-list v0.5.2
   Compiling matchers v0.2.0
   Compiling darling v0.20.11
   Compiling pest_generator v2.8.4
   Compiling tiff v0.10.3
   Compiling lru v0.12.5
   Compiling serde_with v3.16.1
   Compiling dirs-sys v0.4.1
   Compiling serde_spanned v0.6.9
   Compiling toml_datetime v0.6.11
   Compiling ppv-lite86 v0.2.21
   Compiling tracing-log v0.2.0
   Compiling thread_local v1.1.9
   Compiling colorchoice v1.0.4
   Compiling anstyle-query v1.1.5
   Compiling nu-ansi-term v0.50.3
   Compiling indoc v2.0.7
   Compiling winnow v0.7.14
   Compiling anstyle v1.0.13
   Compiling is_terminal_polyfill v1.70.2
   Compiling toml_write v0.1.2
   Compiling cassowary v0.3.0
   Compiling anstream v0.6.21
   Compiling tracing-subscriber v0.3.22
   Compiling toml_edit v0.22.27
   Compiling image v0.25.9
   Compiling rand_chacha v0.3.1
   Compiling pest_derive v2.8.4
   Compiling dirs v5.0.1
   Compiling ordered-multimap v0.7.3
   Compiling objc2-foundation v0.3.2
   Compiling objc2-core-graphics v0.3.2
   Compiling compact_str v0.8.1
   Compiling hashlink v0.8.4
   Compiling base64 v0.21.7
   Compiling minimal-lexical v0.2.1
   Compiling clap_lex v0.7.6
   Compiling unicode-width v0.2.0
   Compiling arraydeque v0.5.1
   Compiling yaml-rust2 v0.8.1
   Compiling ratatui v0.29.0
   Compiling objc2-app-kit v0.3.2
   Compiling clap_builder v4.5.53
   Compiling nom v7.1.3
   Compiling ron v0.8.1
   Compiling rust-ini v0.20.0
   Compiling toml v0.8.23
   Compiling json5 v0.4.1
   Compiling rand v0.8.5
   Compiling crossterm v0.27.0
   Compiling compact_str v0.7.1
   Compiling convert_case v0.6.0
   Compiling clap_derive v4.5.49
   Compiling futures-executor v0.3.31
   Compiling stability v0.2.1
   Compiling async-trait v0.1.89
   Compiling crossbeam-channel v0.5.15
   Compiling icy_sixel v0.1.3
   Compiling pathdiff v0.2.3
   Compiling dyn-clone v1.0.20
   Compiling config v0.14.1
   Compiling ratatui-image v1.0.5
   Compiling clap v4.5.53
   Compiling tracing-appender v0.2.4
   Compiling ratatui v0.27.0
   Compiling futures v0.3.31
   Compiling arboard v3.6.1
   Compiling crossterm v0.28.1
   Compiling tracing-error v0.2.1
   Compiling tgt v1.0.0
    Finished `release` profile [optimized] target(s) in 2m 05s
  Installing /Users/zach/.cargo/bin/tgt
   Installed package `tgt v1.0.0` (executable `tgt`)
