$ cargo install tokei

    Updating crates.io index
  Downloaded tokei v12.1.2
  Downloaded 1 crate (44.1KiB) in 0.21s
  Installing tokei v12.1.2
    Updating crates.io index
     Locking 142 packages to latest compatible versions
      Adding aho-corasick v0.7.20 (available: v1.1.3)
      Adding clap v2.34.0 (available: v4.5.48)
      Adding dashmap v4.0.2 (available: v6.1.0)
      Adding dirs v3.0.2 (available: v6.0.0)
      Adding env_logger v0.8.4 (available: v0.11.8)
      Adding parking_lot v0.11.2 (available: v0.12.5)
      Adding toml v0.5.11 (available: v0.9.7)
  Downloaded env_logger v0.8.4
  Downloaded unic-common v0.9.0
  Downloaded crossbeam-channel v0.5.15
  Downloaded serde_json v1.0.145
  Downloaded sha2 v0.10.9
  Downloaded ignore v0.4.23
  Downloaded iana-time-zone v0.1.64
  Downloaded instant v0.1.13
  Downloaded chrono-tz-build v0.3.0
  Downloaded unic-char-range v0.9.0
  Downloaded humansize v2.1.3
  Downloaded unic-ucd-version v0.9.0
  Downloaded unic-char-property v0.9.0
  Downloaded rand_chacha v0.3.1
  Downloaded grep-matcher v0.1.7
  Downloaded slug v0.1.6
  Downloaded dirs-sys v0.3.7
  Downloaded strsim v0.8.0
  Downloaded same-file v1.0.6
  Downloaded dashmap v4.0.2
  Downloaded percent-encoding v2.3.2
  Downloaded num_cpus v1.17.0
  Downloaded cfg-if v1.0.3
  Downloaded dirs v3.0.2
  Downloaded termcolor v1.4.1
  Downloaded ppv-lite86 v0.2.21
  Downloaded textwrap v0.11.0
  Downloaded globwalk v0.9.1
  Downloaded vec_map v0.8.2
  Downloaded term_size v0.3.2
  Downloaded parking_lot_core v0.8.6
  Downloaded globset v0.4.16
  Downloaded quote v1.0.41
  Downloaded memmap2 v0.9.8
  Downloaded walkdir v2.5.0
  Downloaded lock_api v0.4.14
  Downloaded humantime v2.3.0
  Downloaded arrayvec v0.7.6
  Downloaded parking_lot v0.11.2
  Downloaded unic-segment v0.9.0
  Downloaded toml v0.5.11
  Downloaded unic-ucd-segment v0.9.0
  Downloaded pest_generator v2.8.3
  Downloaded pest_derive v2.8.3
  Downloaded ucd-trie v0.1.7
  Downloaded unicode-ident v1.0.19
  Downloaded grep-searcher v0.1.14
  Downloaded bitflags v2.9.4
  Downloaded num-format v0.4.4
  Downloaded serde_core v1.0.228
  Downloaded typenum v1.19.0
  Downloaded serde_derive v1.0.228
  Downloaded serde v1.0.228
  Downloaded rayon-core v1.13.0
  Downloaded pest_meta v2.8.3
  Downloaded proc-macro2 v1.0.101
  Downloaded ansi_term v0.12.1
  Downloaded log v0.4.28
  Downloaded tera v1.20.0
  Downloaded parse-zoneinfo v0.3.1
  Downloaded memchr v2.7.6
  Downloaded aho-corasick v0.7.20
  Downloaded libm v0.2.15
  Downloaded regex v1.11.3
  Downloaded pest v2.8.3
  Downloaded deunicode v1.6.2
  Downloaded rayon v1.11.0
  Downloaded syn v2.0.106
  Downloaded chrono v0.4.42
  Downloaded zerocopy v0.8.27
  Downloaded unicode-width v0.1.14
  Downloaded clap v2.34.0
  Downloaded encoding_rs_io v0.1.7
  Downloaded regex-syntax v0.8.6
  Downloaded bstr v1.12.0
  Downloaded chrono-tz v0.9.0
  Downloaded regex-automata v0.4.11
  Downloaded libc v0.2.176
  Downloaded 78 crates (6.6MiB) in 0.83s
   Compiling libc v0.2.176
   Compiling memchr v2.7.6
   Compiling crossbeam-utils v0.8.21
   Compiling zerocopy v0.8.27
   Compiling proc-macro2 v1.0.101
   Compiling unicode-ident v1.0.19
   Compiling regex-syntax v0.8.6
   Compiling cfg-if v1.0.3
   Compiling quote v1.0.41
   Compiling serde_core v1.0.228
   Compiling aho-corasick v1.1.3
   Compiling regex-automata v0.4.11
   Compiling getrandom v0.2.16
   Compiling siphasher v1.0.1
   Compiling serde v1.0.228
   Compiling rand_core v0.6.4
   Compiling phf_shared v0.11.3
   Compiling autocfg v1.5.0
   Compiling phf v0.11.3
   Compiling serde_json v1.0.145
   Compiling ucd-trie v0.1.7
   Compiling pest v2.8.3
   Compiling syn v2.0.106
   Compiling num-traits v0.2.19
   Compiling crossbeam-epoch v0.9.18
   Compiling bstr v1.12.0
   Compiling log v0.4.28
   Compiling unic-char-range v0.9.0
   Compiling ppv-lite86 v0.2.21
   Compiling unic-common v0.9.0
   Compiling libm v0.2.15
   Compiling core-foundation-sys v0.8.7
   Compiling same-file v1.0.6
   Compiling walkdir v2.5.0
   Compiling unic-ucd-version v0.9.0
   Compiling iana-time-zone v0.1.64
   Compiling unic-char-property v0.9.0
   Compiling rand_chacha v0.3.1
   Compiling regex v1.11.3
   Compiling globset v0.4.16
   Compiling rand v0.8.5
   Compiling pest_meta v2.8.3
   Compiling parse-zoneinfo v0.3.1
   Compiling crossbeam-deque v0.8.6
   Compiling phf_generator v0.11.3
   Compiling phf_codegen v0.11.3
   Compiling chrono-tz-build v0.3.0
   Compiling chrono v0.4.42
   Compiling chrono-tz v0.9.0
   Compiling pest_generator v2.8.3
   Compiling ignore v0.4.23
   Compiling unic-ucd-segment v0.9.0
   Compiling serde_derive v1.0.228
   Compiling bitflags v2.9.4
   Compiling ryu v1.0.20
   Compiling deunicode v1.6.2
   Compiling itoa v1.0.15
   Compiling globwalk v0.9.1
   Compiling humansize v2.1.3
   Compiling slug v0.1.6
   Compiling pest_derive v2.8.3
   Compiling unic-segment v0.9.0
   Compiling parking_lot_core v0.8.6
   Compiling percent-encoding v2.3.2
   Compiling rayon-core v1.13.0
   Compiling lazy_static v1.5.0
   Compiling encoding_rs v0.8.35
   Compiling instant v0.1.13
   Compiling atty v0.2.14
   Compiling smallvec v1.15.1
   Compiling scopeguard v1.2.0
   Compiling unicode-width v0.1.14
   Compiling textwrap v0.11.0
   Compiling lock_api v0.4.14
   Compiling dirs-sys v0.3.7
   Compiling num_cpus v1.17.0
   Compiling memmap2 v0.9.8
   Compiling grep-matcher v0.1.7
   Compiling encoding_rs_io v0.1.7
   Compiling bitflags v1.3.2
   Compiling either v1.15.0
   Compiling strsim v0.8.0
   Compiling humantime v2.3.0
   Compiling termcolor v1.4.1
   Compiling ansi_term v0.12.1
   Compiling vec_map v0.8.2
   Compiling arrayvec v0.7.6
   Compiling clap v2.34.0
   Compiling num-format v0.4.4
   Compiling env_logger v0.8.4
   Compiling tera v1.20.0
   Compiling dashmap v4.0.2
   Compiling toml v0.5.11
   Compiling rayon v1.11.0
   Compiling grep-searcher v0.1.14
   Compiling dirs v3.0.2
   Compiling parking_lot v0.11.2
   Compiling crossbeam-channel v0.5.15
   Compiling term_size v0.3.2
   Compiling aho-corasick v0.7.20
   Compiling once_cell v1.21.3
   Compiling tokei v12.1.2
    Finished `release` profile [optimized] target(s) in 21.93s
  Installing /Users/zach/.cargo/bin/tokei
   Installed package `tokei v12.1.2` (executable `tokei`)
