$ cargo install rustlens

    Updating crates.io index
  Downloaded rustlens v0.2.1
  Downloaded 1 crate (9.3MiB) in 1.07s
  Installing rustlens v0.2.1
    Updating crates.io index
     Locking 258 packages to latest compatible versions
      Adding cargo_metadata v0.19.2 (available: v0.23.1)
      Adding crossterm v0.28.1 (available: v0.29.0)
      Adding ratatui v0.29.0 (available: v0.30.0)
      Adding reqwest v0.12.28 (available: v0.13.3)
      Adding toml v0.8.23 (available: v1.1.2+spec-1.1.0)
      Adding unicode-width v0.2.0 (available: v0.2.2)
      Adding webbrowser v0.8.15 (available: v1.2.1)
  Downloaded idna_adapter v1.2.2
  Downloaded cargo_metadata v0.19.2
  Downloaded dotenvy v0.15.7
  Downloaded fuzzy-matcher v0.3.7
  Downloaded webbrowser v0.8.15
  Downloaded tower-http v0.6.9
  Downloaded h2 v0.4.14
  Downloaded rustls v0.23.40
  Downloaded tokio v1.52.2
  Downloaded 9 crates (1.6MiB) in 1.39s
   Compiling quote v1.0.45
   Compiling proc-macro2 v1.0.106
   Compiling unicode-ident v1.0.24
   Compiling libc v0.2.186
   Compiling stable_deref_trait v1.2.1
   Compiling serde_core v1.0.228
   Compiling itoa v1.0.18
   Compiling log v0.4.29
   Compiling smallvec v1.15.1
   Compiling cfg-if v1.0.4
   Compiling bitflags v2.11.1
   Compiling bytes v1.11.1
   Compiling pin-project-lite v0.2.17
   Compiling equivalent v1.0.2
   Compiling futures-core v0.3.32
   Compiling core-foundation-sys v0.8.7
   Compiling serde v1.0.228
   Compiling litemap v0.8.2
   Compiling futures-sink v0.3.32
   Compiling once_cell v1.21.4
   Compiling hashbrown v0.17.0
   Compiling writeable v0.6.3
   Compiling icu_properties_data v2.2.0
   Compiling utf8_iter v1.0.4
   Compiling icu_normalizer_data v2.2.0
   Compiling http v1.4.0
   Compiling indexmap v2.14.0
   Compiling mio v1.2.0
   Compiling errno v0.3.14
   Compiling socket2 v0.6.3
   Compiling slab v0.4.12
   Compiling syn v2.0.117
   Compiling memchr v2.8.0
   Compiling percent-encoding v2.3.2
   Compiling tokio v1.52.2
   Compiling rustversion v1.0.22
   Compiling getrandom v0.4.2
   Compiling rustix v1.1.4
   Compiling http-body v1.0.1
   Compiling tracing-core v0.1.36
   Compiling futures-io v0.3.32
   Compiling httparse v1.10.1
   Compiling system-configuration-sys v0.6.0
   Compiling futures-task v0.3.32
   Compiling futures-util v0.3.32
   Compiling tracing v0.1.44
   Compiling form_urlencoded v1.2.2
   Compiling core-foundation v0.9.4
   Compiling core-foundation v0.10.1
   Compiling security-framework-sys v2.17.0
   Compiling fnv v1.0.7
   Compiling strsim v0.11.1
   Compiling signal-hook v0.3.18
   Compiling atomic-waker v1.1.2
   Compiling ryu v1.0.23
   Compiling tower-service v0.3.3
   Compiling fastrand v2.4.1
   Compiling parking_lot_core v0.9.12
   Compiling native-tls v0.2.18
   Compiling try-lock v0.2.5
   Compiling zmij v1.0.21
   Compiling ident_case v1.0.1
   Compiling want v0.3.1
   Compiling tempfile v3.27.0
   Compiling security-framework v3.7.0
   Compiling signal-hook-registry v1.4.8
   Compiling futures-channel v0.3.32
   Compiling allocator-api2 v0.2.21
   Compiling synstructure v0.13.2
   Compiling darling_core v0.23.0
   Compiling serde_json v1.0.149
   Compiling scopeguard v1.2.0
   Compiling rustix v0.38.44
   Compiling foldhash v0.1.5
   Compiling hashbrown v0.15.5
   Compiling lock_api v0.4.14
   Compiling tokio-util v0.7.18
   Compiling system-configuration v0.7.0
   Compiling h2 v0.4.14
   Compiling sync_wrapper v1.0.2
   Compiling heck v0.5.0
   Compiling base64 v0.22.1
   Compiling zerofrom-derive v0.1.7
   Compiling yoke-derive v0.8.2
   Compiling zerovec-derive v0.11.3
   Compiling displaydoc v0.2.5
   Compiling serde_derive v1.0.228
   Compiling ipnet v2.12.0
   Compiling darling_macro v0.23.0
   Compiling camino v1.2.2
   Compiling thiserror v2.0.18
   Compiling zerofrom v0.1.7
   Compiling instability v0.3.12
   Compiling either v1.15.0
   Compiling tower-layer v0.3.3
   Compiling paste v1.0.15
   Compiling yoke v0.8.2
   Compiling tower v0.5.3
   Compiling itertools v0.13.0
   Compiling zerovec v0.11.6
   Compiling zerotrie v0.2.4
   Compiling hyper v1.9.0
   Compiling tinystr v0.8.3
   Compiling potential_utf v0.1.5
   Compiling icu_collections v2.2.0
   Compiling darling v0.23.0
   Compiling icu_locale_core v2.2.0
   Compiling strum_macros v0.26.4
   Compiling parking_lot v0.12.5
   Compiling thiserror-impl v2.0.18
   Compiling signal-hook-mio v0.2.5
   Compiling tokio-native-tls v0.3.1
   Compiling icu_provider v2.2.0
   Compiling icu_normalizer v2.2.0
   Compiling icu_properties v2.2.0
   Compiling serde_spanned v0.6.9
   Compiling toml_datetime v0.6.11
   Compiling hyper-util v0.1.20
   Compiling castaway v0.2.4
   Compiling http-body-util v0.1.3
   Compiling anyhow v1.0.102
   Compiling indoc v2.0.7
   Compiling unicode-segmentation v1.13.2
   Compiling winnow v0.7.15
   Compiling static_assertions v1.1.0
   Compiling option-ext v0.2.0
   Compiling toml_write v0.1.2
   Compiling unicode-width v0.1.14
   Compiling zeroize v1.8.2
   Compiling idna_adapter v1.2.2
   Compiling idna v1.1.0
   Compiling rustls-pki-types v1.14.1
   Compiling unicode-truncate v1.1.0
   Compiling crossterm v0.28.1
   Compiling dirs-sys v0.5.0
   Compiling compact_str v0.8.1
   Compiling url v2.5.8
   Compiling hyper-tls v0.6.0
   Compiling strum v0.26.3
   Compiling tower-http v0.6.9
   Compiling cargo-platform v0.1.9
   Compiling serde_urlencoded v0.7.1
   Compiling toml_edit v0.22.27
   Compiling lru v0.12.5
   Compiling semver v1.0.28
   Compiling encoding_rs v0.8.35
   Compiling thread_local v1.1.9
   Compiling fixedbitset v0.5.7
   Compiling mime v0.3.17
   Compiling unsafe-libyaml v0.2.11
   Compiling unicode-width v0.2.0
   Compiling cassowary v0.3.0
   Compiling petgraph v0.8.3
   Compiling cargo_metadata v0.19.2
   Compiling fuzzy-matcher v0.3.7
   Compiling webbrowser v0.8.15
   Compiling ratatui v0.29.0
   Compiling serde_yaml v0.9.34+deprecated
   Compiling reqwest v0.12.28
   Compiling toml v0.8.23
   Compiling dirs v6.0.0
   Compiling dotenvy v0.15.7
   Compiling rustlens v0.2.1
    Finished `release` profile [optimized] target(s) in 53.82s
  Installing /Users/zach/.cargo/bin/rustlens
   Installed package `rustlens v0.2.1` (executable `rustlens`)
