$ cargo install --locked television

    Updating crates.io index
  Downloaded television v0.5.3
  Downloaded 1 crate (64.1 KB) in 0.55s
  Installing television v0.5.3
    Updating crates.io index
    Updating crates.io index
  Downloaded cpufeatures v0.2.16
  Downloaded tracing-log v0.2.0
  Downloaded block v0.1.6
  Downloaded ucd-trie v0.1.7
  Downloaded arraydeque v0.5.1
  Downloaded unicode-bom v2.0.3
  Downloaded async-trait v0.1.83
  Downloaded ahash v0.8.11
  Downloaded copypasta v0.10.1
  Downloaded bincode v1.3.3
  Downloaded ansi_colours v1.2.3
  Downloaded zerofrom v0.1.5
  Downloaded num-conv v0.1.0
  Downloaded camino v1.1.9
  Downloaded addr2line v0.21.0
  Downloaded utf8_iter v1.0.4
  Downloaded base64 v0.22.1
  Downloaded vergen-lib v0.1.4
  Downloaded const-random v0.1.18
  Downloaded num_threads v0.1.7
  Downloaded dlv-list v0.5.2
  Downloaded clru v0.6.2
  Downloaded block-buffer v0.10.4
  Downloaded const-random-macro v0.1.16
  Downloaded darling_macro v0.20.10
  Downloaded crunchy v0.2.2
  Downloaded vergen-gix v1.0.2
  Downloaded utf16_iter v1.0.5
  Downloaded malloc_buf v0.0.6
  Downloaded backtrace v0.3.71
  Downloaded version_check v0.9.5
  Downloaded gix-hashtable v0.5.2
  Downloaded writeable v0.5.5
  Downloaded gix-quote v0.4.14
  Downloaded gix-fs v0.11.3
  Downloaded gix-date v0.9.2
  Downloaded filedescriptor v0.8.2
  Downloaded pathdiff v0.2.2
  Downloaded gag v1.0.0
  Downloaded gix-glob v0.16.5
  Downloaded gix-lock v14.0.0
  Downloaded gix-bitmap v0.2.13
  Downloaded castaway v0.2.3
  Downloaded derive_builder_macro v0.20.2
  Downloaded allocator-api2 v0.2.20
  Downloaded zerofrom-derive v0.1.5
  Downloaded idna_adapter v1.2.0
  Downloaded gix-sec v0.10.10
  Downloaded write16 v1.0.0
  Downloaded unicode-truncate v1.1.0
  Downloaded objc_id v0.1.1
  Downloaded matchers v0.1.0
  Downloaded indenter v0.3.3
  Downloaded icu_provider_macros v1.5.0
  Downloaded adler v1.0.2
  Downloaded yoke-derive v0.7.5
  Downloaded instability v0.3.3
  Downloaded human-panic v2.0.2
  Downloaded gix-chunk v0.4.10
  Downloaded walkdir v2.5.0
  Downloaded vergen v9.0.1
  Downloaded objc-foundation v0.1.1
  Downloaded objc v0.2.7
  Downloaded percent-encoding v2.3.1
  Downloaded lru v0.12.5
  Downloaded gix-discover v0.35.0
  Downloaded gix-revwalk v0.15.0
  Downloaded gix-traverse v0.41.0
  Downloaded gix-refspec v0.25.0
  Downloaded gix-utils v0.1.13
  Downloaded gix-url v0.27.5
  Downloaded same-file v1.0.6
  Downloaded gix-trace v0.1.11
  Downloaded globset v0.4.15
  Downloaded gix-tempfile v14.0.2
  Downloaded powerfmt v0.2.0
  Downloaded strum v0.26.3
  Downloaded std_prelude v0.2.12
  Downloaded pest_generator v2.7.14
  Downloaded gix-validate v0.9.2
  Downloaded gix-hash v0.14.2
  Downloaded sha1_smol v1.0.1
  Downloaded darling v0.20.10
  Downloaded crossbeam-deque v0.8.5
  Downloaded deranged v0.3.11
  Downloaded cargo_metadata v0.18.1
  Downloaded rust-ini v0.20.0
  Downloaded path_abs v0.5.1
  Downloaded icu_locid_transform v1.5.0
  Downloaded gix-diff v0.46.0
  Downloaded os_info v3.8.2
  Downloaded zerovec-derive v0.10.3
  Downloaded tinyvec_macros v0.1.1
  Downloaded time-core v0.1.2
  Downloaded stable_deref_trait v1.2.0
  Downloaded hashlink v0.8.4
  Downloaded gix-object v0.44.0
  Downloaded gix-features v0.38.2
  Downloaded static_assertions v1.1.0
  Downloaded tinystr v0.7.6
  Downloaded thiserror-impl v2.0.3
  Downloaded derive_builder_core v0.20.2
  Downloaded diff v0.1.13
  Downloaded owo-colors v3.5.0
  Downloaded displaydoc v0.2.5
  Downloaded rgb v0.8.50
  Downloaded onig v6.4.0
  Downloaded memmap2 v0.9.5
  Downloaded yoke v0.7.5
  Downloaded bytemuck v1.20.0
  Downloaded gix-index v0.35.0
  Downloaded nucleo v0.5.0
  Downloaded eyre v0.6.12
  Downloaded toml_datetime v0.6.8
  Downloaded tempfile v3.14.0
  Downloaded strum_macros v0.26.4
  Downloaded semver v1.0.23
  Downloaded pest_meta v2.7.14
  Downloaded nu-ansi-term v0.49.0
  Downloaded yaml-rust v0.4.5
  Downloaded icu_normalizer_data v1.5.0
  Downloaded tiny-keccak v2.0.2
  Downloaded base64 v0.21.7
  Downloaded termtree v0.5.1
  Downloaded icu_locid_transform_data v1.5.0
  Downloaded cc v1.2.1
  Downloaded nucleo-matcher v0.3.1
  Downloaded typenum v1.17.0
  Downloaded gix-pack v0.53.0
  Downloaded tracing-error v0.2.0
  Downloaded miniz_oxide v0.7.4
  Downloaded flate2 v1.0.35
  Downloaded icu_normalizer v1.5.0
  Downloaded time-macros v0.2.18
  Downloaded toml_edit v0.22.22
  Downloaded url v2.5.4
  Downloaded icu_properties v1.5.1
  Downloaded tracing-attributes v0.1.27
  Downloaded sharded-slab v0.1.7
  Downloaded icu_collections v1.5.0
  Downloaded toml v0.8.19
  Downloaded tinyvec v1.8.0
  Downloaded color-spantrace v0.2.1
  Downloaded television-utils v0.0.7
  Downloaded ron v0.8.1
  Downloaded rayon-core v1.12.1
  Downloaded television-channels v0.0.7
  Downloaded crossterm v0.28.1
  Downloaded television-derive v0.0.7
  Downloaded bstr v1.11.0
  Downloaded yansi v1.0.1
  Downloaded television-previewers v0.0.7
  Downloaded television-fuzzy v0.0.7
  Downloaded thiserror v2.0.3
  Downloaded icu_locid v1.5.0
  Downloaded tracing-core v0.1.32
  Downloaded prodash v28.0.0
  Downloaded pretty_assertions v1.4.1
  Downloaded gix v0.66.0
  Downloaded plist v1.7.0
  Downloaded tracing v0.1.40
  Downloaded encoding_rs v0.8.35
  Downloaded unicode-normalization v0.1.24
  Downloaded regex-automata v0.1.10
  Downloaded hashbrown v0.14.5
  Downloaded yaml-rust2 v0.8.1
  Downloaded tracing-subscriber v0.3.18
  Downloaded itertools v0.13.0
  Downloaded zerovec v0.10.4
  Downloaded time v0.3.36
  Downloaded color-eyre v0.6.3
  Downloaded rayon v1.10.0
  Downloaded pest v2.7.14
  Downloaded quick-xml v0.32.0
  Downloaded idna v1.0.3
  Downloaded winnow v0.6.20
  Downloaded icu_properties_data v1.5.0
  Downloaded gimli v0.28.1
  Downloaded pest_derive v2.7.14
  Downloaded gix-odb v0.63.0
  Downloaded nu-ansi-term v0.46.0
  Downloaded litemap v0.7.4
  Downloaded ignore v0.4.23
  Downloaded icu_provider v1.5.0
  Downloaded gix-ref v0.47.0
  Downloaded regex-syntax v0.6.29
  Downloaded object v0.32.2
  Downloaded gix-config v0.40.0
  Downloaded darling_core v0.20.10
  Downloaded compact_str v0.8.0
  Downloaded crossbeam-utils v0.8.20
  Downloaded crossbeam-epoch v0.9.18
  Downloaded config v0.14.1
  Downloaded synstructure v0.13.1
  Downloaded sha2 v0.10.8
  Downloaded overload v0.1.1
  Downloaded thread_local v1.1.8
  Downloaded devicons v0.6.11
  Downloaded crc32fast v1.4.2
  Downloaded convert_case v0.6.0
  Downloaded derive_builder v0.20.2
  Downloaded gix-path v0.10.13
  Downloaded gix-commitgraph v0.24.3
  Downloaded gix-actor v0.32.0
  Downloaded generic-array v0.14.7
  Downloaded foldhash v0.1.3
  Downloaded gix-revision v0.29.0
  Downloaded content_inspector v0.2.4
  Downloaded fastrand v2.2.0
  Downloaded serde_spanned v0.6.8
  Downloaded rustc_version v0.4.1
  Downloaded pkg-config v0.3.31
  Downloaded ordered-multimap v0.7.3
  Downloaded linked-hash-map v0.5.6
  Downloaded bat v0.24.0
  Downloaded ratatui v0.29.0
  Downloaded json5 v0.4.1
  Downloaded syntect v5.2.0
  Downloaded onig_sys v69.8.1
  Downloaded jiff v0.1.14
  Downloaded gix-config-value v0.14.10
  Downloaded form_urlencoded v1.2.1
  Downloaded filetime v0.2.25
  Downloaded faster-hex v0.9.0
  Downloaded directories v5.0.1
  Downloaded digest v0.10.7
  Downloaded crypto-common v0.1.6
  Downloaded clircle v0.4.0
  Downloaded cargo-platform v0.1.8
  Downloaded bytesize v1.3.0
  Downloaded 230 crates (16.8 MB) in 1.69s (largest was `bat` at 2.6 MB)
   Compiling proc-macro2 v1.0.92
   Compiling unicode-ident v1.0.14
   Compiling libc v0.2.164
   Compiling thiserror v1.0.69
   Compiling once_cell v1.20.2
   Compiling memchr v2.7.4
   Compiling cfg-if v1.0.0
   Compiling autocfg v1.4.0
   Compiling serde v1.0.215
   Compiling parking_lot_core v0.9.10
   Compiling aho-corasick v1.1.3
   Compiling regex-syntax v0.8.5
   Compiling thiserror v2.0.3
   Compiling tinyvec_macros v0.1.1
   Compiling tinyvec v1.8.0
   Compiling fastrand v2.2.0
   Compiling smallvec v1.13.2
   Compiling regex-automata v0.4.9
   Compiling faster-hex v0.9.0
   Compiling gix-trace v0.1.11
   Compiling adler2 v2.0.0
   Compiling miniz_oxide v0.8.0
   Compiling crc32fast v1.4.2
   Compiling version_check v0.9.5
   Compiling same-file v1.0.6
   Compiling walkdir v2.5.0
   Compiling sha1_smol v1.0.1
   Compiling unicode-normalization v0.1.24
   Compiling quote v1.0.37
   Compiling flate2 v1.0.35
   Compiling ahash v0.8.11
   Compiling syn v2.0.89
   Compiling prodash v28.0.0
   Compiling itoa v1.0.13
   Compiling lock_api v0.4.12
   Compiling gix-utils v0.1.13
   Compiling rustversion v1.0.18
   Compiling allocator-api2 v0.2.20
   Compiling scopeguard v1.2.0
   Compiling jiff v0.1.14
   Compiling log v0.4.22
   Compiling winnow v0.6.20
   Compiling bitflags v2.6.0
   Compiling stable_deref_trait v1.2.0
   Compiling shlex v1.3.0
   Compiling memmap2 v0.9.5
   Compiling parking_lot v0.12.3
   Compiling cc v1.2.1
   Compiling foldhash v0.1.3
   Compiling fnv v1.0.7
   Compiling equivalent v1.0.1
   Compiling hashbrown v0.15.1
   Compiling zerocopy v0.7.35
   Compiling bstr v1.11.0
   Compiling rustix v0.38.41
   Compiling errno v0.3.9
   Compiling litemap v0.7.4
   Compiling ident_case v1.0.1
   Compiling writeable v0.5.5
   Compiling strsim v0.11.1
   Compiling home v0.5.9
   Compiling hashbrown v0.14.5
   Compiling lazy_static v1.5.0
   Compiling signal-hook v0.3.17
   Compiling crossbeam-utils v0.8.20
   Compiling synstructure v0.13.1
   Compiling darling_core v0.20.10
   Compiling tempfile v3.14.0
   Compiling indexmap v2.6.0
   Compiling signal-hook-registry v1.4.2
   Compiling icu_locid_transform_data v1.5.0
   Compiling icu_properties_data v1.5.0
   Compiling ryu v1.0.18
   Compiling crossbeam-epoch v0.9.18
   Compiling tracing-core v0.1.32
   Compiling utf16_iter v1.0.5
   Compiling write16 v1.0.0
   Compiling pin-project-lite v0.2.15
   Compiling crunchy v0.2.2
   Compiling utf8_iter v1.0.4
   Compiling icu_normalizer_data v1.5.0
   Compiling unicode-segmentation v1.12.0
   Compiling regex-syntax v0.6.29
   Compiling thiserror-impl v1.0.69
   Compiling serde_derive v1.0.215
   Compiling thiserror-impl v2.0.3
   Compiling zerofrom-derive v0.1.5
   Compiling yoke-derive v0.7.5
   Compiling zerovec-derive v0.10.3
   Compiling displaydoc v0.2.5
   Compiling gix-hash v0.14.2
   Compiling gix-features v0.38.2
   Compiling zerofrom v0.1.5
   Compiling gix-date v0.9.2
   Compiling gix-validate v0.9.2
   Compiling gix-actor v0.32.0
   Compiling yoke v0.7.5
   Compiling gix-chunk v0.4.10
   Compiling gix-path v0.10.13
   Compiling gix-object v0.44.0
   Compiling icu_provider_macros v1.5.0
   Compiling gix-fs v0.11.3
   Compiling gix-hashtable v0.5.2
   Compiling zerovec v0.10.4
   Compiling darling_macro v0.20.10
   Compiling gix-tempfile v14.0.2
   Compiling gix-commitgraph v0.24.3
   Compiling darling v0.20.10
   Compiling pkg-config v0.3.31
   Compiling gix-lock v14.0.0
   Compiling gix-revwalk v0.15.0
   Compiling onig_sys v69.8.1
   Compiling regex-automata v0.1.10
   Compiling tinystr v0.7.6
   Compiling icu_collections v1.5.0
   Compiling tracing-attributes v0.1.27
   Compiling icu_locid v1.5.0
   Compiling icu_provider v1.5.0
   Compiling crossbeam-deque v0.8.5
   Compiling backtrace v0.3.71
   Compiling adler v1.0.2
   Compiling icu_locid_transform v1.5.0
   Compiling powerfmt v0.2.0
   Compiling tiny-keccak v2.0.2
   Compiling semver v1.0.23
   Compiling unicode-width v0.1.14
   Compiling either v1.13.0
   Compiling gimli v0.28.1
   Compiling serde_json v1.0.133
   Compiling overload v0.1.1
   Compiling nu-ansi-term v0.46.0
   Compiling icu_properties v1.5.1
   Compiling deranged v0.3.11
   Compiling tracing v0.1.40
   Compiling miniz_oxide v0.7.4
   Compiling matchers v0.1.0
   Compiling derive_builder_core v0.20.2
   Compiling regex v1.11.1
   Compiling tracing-log v0.2.0
   Compiling sharded-slab v0.1.7
   Compiling thread_local v1.1.8
   Compiling icu_normalizer v1.5.0
   Compiling addr2line v0.21.0
   Compiling object v0.32.2
   Compiling heck v0.5.0
   Compiling percent-encoding v2.3.1
   Compiling time-core v0.1.2
   Compiling rustc-demangle v0.1.24
   Compiling idna_adapter v1.2.0
   Compiling anyhow v1.0.93
   Compiling rayon-core v1.12.1
   Compiling num-conv v0.1.0
   Compiling utf8parse v0.2.2
   Compiling camino v1.1.9
   Compiling time v0.3.36
   Compiling anstyle-parse v0.2.6
   Compiling idna v1.0.3
   Compiling form_urlencoded v1.2.1
   Compiling tracing-subscriber v0.3.18
   Compiling derive_builder_macro v0.20.2
   Compiling gix-ref v0.47.0
   Compiling filedescriptor v0.8.2
   Compiling vergen-lib v0.1.4
   Compiling gix-sec v0.10.10
   Compiling mio v1.0.2
   Compiling getrandom v0.2.15
   Compiling quick-xml v0.32.0
   Compiling encoding_rs v0.8.35
   Compiling anstyle v1.0.10
   Compiling base64 v0.22.1
   Compiling colorchoice v1.0.3
   Compiling bytemuck v1.20.0
   Compiling clru v0.6.2
   Compiling anstyle-query v1.1.2
   Compiling linked-hash-map v0.5.6
   Compiling bitflags v1.3.2
   Compiling is_terminal_polyfill v1.70.1
   Compiling eyre v0.6.12
   Compiling ucd-trie v0.1.7
   Compiling anstream v0.6.18
   Compiling pest v2.7.14
   Compiling yaml-rust v0.4.5
   Compiling gix-pack v0.53.0
   Compiling plist v1.7.0
   Compiling rgb v0.8.50
   Compiling globset v0.4.15
   Compiling const-random-macro v0.1.16
   Compiling onig v6.4.0
   Compiling tracing-error v0.2.0
   Compiling derive_builder v0.20.2
   Compiling url v2.5.4
   Compiling bincode v1.3.3
   Compiling cargo-platform v0.1.8
   Compiling console v0.15.8
   Compiling gix-traverse v0.41.0
   Compiling gix-revision v0.29.0
   Compiling gix-glob v0.16.5
   Compiling gix-config-value v0.14.10
   Compiling gix-quote v0.4.14
   Compiling gix-bitmap v0.2.13
   Compiling vergen v9.0.1
   Compiling filetime v0.2.25
   Compiling num_threads v0.1.7
   Compiling option-ext v0.2.0
   Compiling unicode-bom v2.0.3
   Compiling indenter v0.3.3
   Compiling unsafe-libyaml v0.2.11
   Compiling bat v0.24.0
   Compiling owo-colors v3.5.0
   Compiling arc-swap v1.7.1
   Compiling std_prelude v0.2.12
   Compiling syntect v5.2.0
   Compiling gix-odb v0.63.0
   Compiling path_abs v0.5.1
   Compiling color-spantrace v0.2.1
   Compiling serde_yaml v0.9.34+deprecated
   Compiling gix-config v0.40.0
   Compiling dirs-sys v0.4.1
   Compiling gix-index v0.35.0
   Compiling gix-refspec v0.25.0
   Compiling cargo_metadata v0.18.1
   Compiling gix-url v0.27.5
   Compiling rayon v1.10.0
   Compiling const-random v0.1.18
   Compiling ansi_colours v1.2.3
   Compiling pest_meta v2.7.14
   Compiling gix-discover v0.35.0
   Compiling rustc_version v0.4.1
   Compiling strum_macros v0.26.4
   Compiling toml_datetime v0.6.8
   Compiling clircle v0.4.0
   Compiling serde_spanned v0.6.8
   Compiling gix-diff v0.46.0
   Compiling nucleo-matcher v0.3.1
   Compiling vergen-gix v1.0.2
   Compiling malloc_buf v0.0.6
   Compiling content_inspector v0.2.4
   Compiling nu-ansi-term v0.49.0
   Compiling clap_lex v0.7.3
   Compiling bytesize v1.3.0
   Compiling clap_builder v4.5.21
   Compiling nucleo v0.5.0
   Compiling objc v0.2.7
   Compiling strum v0.26.3
   Compiling gix v0.66.0
   Compiling pest_generator v2.7.14
   Compiling dlv-list v0.5.2
   Compiling toml_edit v0.22.22
   Compiling directories v5.0.1
   Compiling color-eyre v0.6.3
   Compiling gag v1.0.0
   Compiling ignore v0.4.23
   Compiling clap_derive v4.5.18
   Compiling tokio-macros v2.4.0
   Compiling socket2 v0.5.7
   Compiling yansi v1.0.1
   Compiling bytes v1.8.0
   Compiling paste v1.0.15
   Compiling diff v0.1.13
   Compiling pretty_assertions v1.4.1
   Compiling clap v4.5.21
   Compiling tokio v1.41.1
   Compiling toml v0.8.19
   Compiling television-utils v0.0.7
   Compiling pest_derive v2.7.14
   Compiling signal-hook-mio v0.2.4
   Compiling ordered-multimap v0.7.3
   Compiling objc_id v0.1.1
   Compiling television-fuzzy v0.0.7
   Compiling hashlink v0.8.4
   Compiling itertools v0.13.0
   Compiling television-derive v0.0.7
   Compiling devicons v0.6.11
   Compiling castaway v0.2.3
   Compiling arraydeque v0.5.1
   Compiling static_assertions v1.1.0
   Compiling minimal-lexical v0.2.1
   Compiling indoc v2.0.5
   Compiling base64 v0.21.7
   Compiling block v0.1.6
   Compiling nom v7.1.3
   Compiling objc-foundation v0.1.1
   Compiling instability v0.3.3
   Compiling ron v0.8.1
   Compiling yaml-rust2 v0.8.1
   Compiling unicode-truncate v1.1.0
   Compiling compact_str v0.8.0
   Compiling uuid v1.11.0
   Compiling rust-ini v0.20.0
   Compiling crossterm v0.28.1
   Compiling json5 v0.4.1
   Compiling television v0.5.3
   Compiling os_info v3.8.2
   Compiling convert_case v0.6.0
   Compiling television-channels v0.0.7
   Compiling async-trait v0.1.83
   Compiling lru v0.12.5
   Compiling unicode-width v0.2.0
   Compiling cassowary v0.3.0
   Compiling termtree v0.5.1
   Compiling pathdiff v0.2.2
   Compiling television-previewers v0.0.7
   Compiling human-panic v2.0.2
   Compiling ratatui v0.29.0
   Compiling config v0.14.1
   Compiling copypasta v0.10.1
   Compiling better-panic v0.3.0
    Finished `release` profile [optimized] target(s) in 52.60s
  Installing /Users/zach/.cargo/bin/tv
   Installed package `television v0.5.3` (executable `tv`)

$ cargo install --locked television

    Updating crates.io index
  Downloaded television v0.7.1
  Downloaded 1 crate (58.8 KB) in 0.54s
  Installing television v0.7.1
    Updating crates.io index
    Updating crates.io index
  Downloaded gix-config v0.42.0
  Downloaded gix-glob v0.17.1
  Downloaded gix-hashtable v0.6.0
  Downloaded gix-url v0.28.1
  Downloaded gix-fs v0.12.0
  Downloaded gix-hash v0.15.1
  Downloaded pest_meta v2.7.15
  Downloaded gix-revision v0.31.0
  Downloaded tracing-error v0.2.1
  Downloaded gix-tempfile v15.0.0
  Downloaded gix-features v0.39.1
  Downloaded gix-revwalk v0.17.0
  Downloaded thiserror v2.0.7
  Downloaded pest_derive v2.7.15
  Downloaded gix-ref v0.49.0
  Downloaded prodash v29.0.0
  Downloaded pest v2.7.15
  Downloaded gix-pack v0.55.0
  Downloaded gix-odb v0.65.0
  Downloaded gix-index v0.37.0
  Downloaded gix-diff v0.48.0
  Downloaded jiff v0.1.15
  Downloaded gix v0.68.0
  Downloaded os_info v3.9.0
  Downloaded gix-object v0.46.0
  Downloaded cargo_metadata v0.19.1
  Downloaded thiserror-impl v2.0.7
  Downloaded television-previewers v0.0.12
  Downloaded pest_generator v2.7.15
  Downloaded gix-traverse v0.43.0
  Downloaded gix-refspec v0.27.0
  Downloaded gix-lock v15.0.1
  Downloaded gix-commitgraph v0.25.1
  Downloaded pathdiff v0.2.3
  Downloaded gix-discover v0.37.0
  Downloaded gix-actor v0.33.1
  Downloaded cargo-platform v0.1.9
  Downloaded vergen-gix v1.0.3
  Downloaded television-utils v0.0.12
  Downloaded television-channels v0.0.12
  Downloaded television-fuzzy v0.0.12
  Downloaded television-screen v0.0.12
  Downloaded television-derive v0.0.12
  Downloaded 43 crates (2.1 MB) in 0.65s
   Compiling proc-macro2 v1.0.92
   Compiling unicode-ident v1.0.14
   Compiling libc v0.2.168
   Compiling thiserror v2.0.7
   Compiling autocfg v1.4.0
   Compiling cfg-if v1.0.0
   Compiling memchr v2.7.4
   Compiling once_cell v1.20.2
   Compiling parking_lot_core v0.9.10
   Compiling serde v1.0.216
   Compiling smallvec v1.13.2
   Compiling aho-corasick v1.1.3
   Compiling regex-syntax v0.8.5
   Compiling version_check v0.9.5
   Compiling ahash v0.8.11
   Compiling lock_api v0.4.12
   Compiling tinyvec_macros v0.1.1
   Compiling tinyvec v1.8.0
   Compiling scopeguard v1.2.0
   Compiling fastrand v2.3.0
   Compiling regex-automata v0.4.9
   Compiling unicode-normalization v0.1.24
   Compiling quote v1.0.37
   Compiling gix-trace v0.1.11
   Compiling adler2 v2.0.0
   Compiling syn v2.0.90
   Compiling gix-utils v0.1.13
   Compiling miniz_oxide v0.8.0
   Compiling crc32fast v1.4.2
   Compiling parking_lot v0.12.3
   Compiling log v0.4.22
   Compiling same-file v1.0.6
   Compiling sha1_smol v1.0.1
   Compiling walkdir v2.5.0
   Compiling itoa v1.0.14
   Compiling prodash v29.0.0
   Compiling allocator-api2 v0.2.21
   Compiling rustversion v1.0.18
   Compiling flate2 v1.0.35
   Compiling zerocopy v0.7.35
   Compiling bitflags v2.6.0
   Compiling jiff v0.1.15
   Compiling winnow v0.6.20
   Compiling fnv v1.0.7
   Compiling stable_deref_trait v1.2.0
   Compiling shlex v1.3.0
   Compiling hashbrown v0.14.5
   Compiling cc v1.2.4
   Compiling foldhash v0.1.3
   Compiling equivalent v1.0.1
   Compiling hashbrown v0.15.2
   Compiling memmap2 v0.9.5
   Compiling strsim v0.11.1
   Compiling bstr v1.11.1
   Compiling ident_case v1.0.1
   Compiling rustix v0.38.42
   Compiling errno v0.3.10
   Compiling home v0.5.9
   Compiling writeable v0.5.5
   Compiling lazy_static v1.5.0
   Compiling litemap v0.7.4
   Compiling crossbeam-utils v0.8.20
   Compiling indexmap v2.7.0
   Compiling thiserror v1.0.69
   Compiling signal-hook v0.3.17
   Compiling synstructure v0.13.1
   Compiling darling_core v0.20.10
   Compiling tempfile v3.14.0
   Compiling signal-hook-registry v1.4.2
   Compiling icu_locid_transform_data v1.5.0
   Compiling ryu v1.0.18
   Compiling crossbeam-epoch v0.9.18
   Compiling tracing-core v0.1.33
   Compiling pin-project-lite v0.2.15
   Compiling unicode-segmentation v1.12.0
   Compiling icu_properties_data v1.5.0
   Compiling pkg-config v0.3.31
   Compiling regex-syntax v0.6.29
   Compiling serde_derive v1.0.216
   Compiling thiserror-impl v2.0.7
   Compiling zerofrom-derive v0.1.5
   Compiling yoke-derive v0.7.5
   Compiling zerovec-derive v0.10.3
   Compiling displaydoc v0.2.5
   Compiling darling_macro v0.20.10
   Compiling icu_provider_macros v1.5.0
   Compiling zerofrom v0.1.5
   Compiling darling v0.20.10
   Compiling thiserror-impl v1.0.69
   Compiling gix-date v0.9.2
   Compiling gix-validate v0.9.2
   Compiling gix-actor v0.33.1
   Compiling yoke v0.7.5
   Compiling gix-path v0.10.13
   Compiling gix-chunk v0.4.10
   Compiling regex-automata v0.1.10
   Compiling onig_sys v69.8.1
   Compiling tracing-attributes v0.1.28
   Compiling zerovec v0.10.4
   Compiling crossbeam-deque v0.8.5
   Compiling backtrace v0.3.71
   Compiling tinystr v0.7.6
   Compiling icu_collections v1.5.0
   Compiling adler v1.0.2
   Compiling utf16_iter v1.0.5
   Compiling crunchy v0.2.2
   Compiling write16 v1.0.0
   Compiling overload v0.1.1
   Compiling powerfmt v0.2.0
   Compiling icu_normalizer_data v1.5.0
   Compiling icu_locid v1.5.0
   Compiling gimli v0.28.1
   Compiling serde_json v1.0.133
   Compiling unicode-width v0.1.14
   Compiling utf8_iter v1.0.4
   Compiling either v1.13.0
   Compiling deranged v0.3.11
   Compiling icu_provider v1.5.0
   Compiling nu-ansi-term v0.46.0
   Compiling miniz_oxide v0.7.4
   Compiling tracing v0.1.41
   Compiling icu_locid_transform v1.5.0
   Compiling matchers v0.1.0
   Compiling regex v1.11.1
   Compiling faster-hex v0.9.0
   Compiling gix-hash v0.15.1
   Compiling icu_properties v1.5.1
   Compiling gix-features v0.39.1
   Compiling gix-hashtable v0.6.0
   Compiling addr2line v0.21.0
   Compiling gix-object v0.46.0
   Compiling gix-fs v0.12.0
   Compiling gix-commitgraph v0.25.1
   Compiling gix-tempfile v15.0.0
   Compiling tracing-log v0.2.0
   Compiling sharded-slab v0.1.7
   Compiling gix-lock v15.0.1
   Compiling thread_local v1.1.8
   Compiling object v0.32.2
   Compiling gix-revwalk v0.17.0
   Compiling num-conv v0.1.0
   Compiling utf8parse v0.2.2
   Compiling time-core v0.1.2
   Compiling tiny-keccak v2.0.2
   Compiling heck v0.5.0
   Compiling rayon-core v1.12.1
   Compiling icu_normalizer v1.5.0
   Compiling rustc-demangle v0.1.24
   Compiling semver v1.0.24
   Compiling idna_adapter v1.2.0
   Compiling time v0.3.37
   Compiling anstyle-parse v0.2.6
   Compiling tracing-subscriber v0.3.19
   Compiling toml_datetime v0.6.8
   Compiling serde_spanned v0.6.8
   Compiling filedescriptor v0.8.2
   Compiling derive_builder_core v0.20.2
   Compiling mio v1.0.3
   Compiling quick-xml v0.32.0
   Compiling encoding_rs v0.8.35
   Compiling camino v1.1.9
   Compiling is_terminal_polyfill v1.70.1
   Compiling percent-encoding v2.3.1
   Compiling colorchoice v1.0.3
   Compiling eyre v0.6.12
   Compiling bitflags v1.3.2
   Compiling anstyle-query v1.1.2
   Compiling anstyle v1.0.10
   Compiling base64 v0.22.1
   Compiling linked-hash-map v0.5.6
   Compiling anyhow v1.0.94
   Compiling bytemuck v1.20.0
   Compiling rgb v0.8.50
   Compiling yaml-rust v0.4.5
   Compiling plist v1.7.0
   Compiling anstream v0.6.18
   Compiling onig v6.4.0
   Compiling toml_edit v0.22.22
   Compiling form_urlencoded v1.2.1
   Compiling globset v0.4.15
   Compiling derive_builder_macro v0.20.2
   Compiling tracing-error v0.2.1
   Compiling idna v1.0.3
   Compiling gix-ref v0.49.0
   Compiling bincode v1.3.3
   Compiling console v0.15.8
   Compiling vergen-lib v0.1.5
   Compiling gix-sec v0.10.10
   Compiling getrandom v0.2.15
   Compiling option-ext v0.2.0
   Compiling owo-colors v3.5.0
   Compiling clru v0.6.2
   Compiling std_prelude v0.2.12
   Compiling ucd-trie v0.1.7
   Compiling bat v0.24.0
   Compiling indenter v0.3.3
   Compiling unsafe-libyaml v0.2.11
   Compiling color-spantrace v0.2.1
   Compiling pest v2.7.15
   Compiling path_abs v0.5.1
   Compiling serde_yaml v0.9.34+deprecated
   Compiling gix-pack v0.55.0
   Compiling dirs-sys v0.4.1
   Compiling syntect v5.2.0
   Compiling const-random-macro v0.1.16
   Compiling toml v0.8.19
   Compiling rayon v1.10.0
   Compiling url v2.5.4
   Compiling derive_builder v0.20.2
   Compiling ansi_colours v1.2.3
   Compiling strum_macros v0.26.4
   Compiling gix-revision v0.31.0
   Compiling gix-traverse v0.43.0
   Compiling gix-glob v0.17.1
   Compiling clircle v0.4.0
   Compiling cargo-platform v0.1.9
   Compiling gix-config-value v0.14.10
   Compiling gix-bitmap v0.2.13
   Compiling gix-quote v0.4.14
   Compiling nucleo-matcher v0.3.1
   Compiling vergen v9.0.2
   Compiling num_threads v0.1.7
   Compiling filetime v0.2.25
   Compiling content_inspector v0.2.4
   Compiling nu-ansi-term v0.49.0
   Compiling arc-swap v1.7.1
   Compiling clap_lex v0.7.4
   Compiling yansi v1.0.1
   Compiling unicode-bom v2.0.3
   Compiling bytesize v1.3.0
   Compiling paste v1.0.15
   Compiling diff v0.1.13
   Compiling unicode-width v0.2.0
   Compiling pretty_assertions v1.4.1
   Compiling gix-config v0.42.0
   Compiling nucleo v0.5.0
   Compiling clap_builder v4.5.23
   Compiling strum v0.26.3
   Compiling gix-odb v0.65.0
   Compiling gix-index v0.37.0
   Compiling cargo_metadata v0.19.1
   Compiling gix-refspec v0.27.0
   Compiling signal-hook-mio v0.2.4
   Compiling gix-url v0.28.1
   Compiling pest_meta v2.7.15
   Compiling const-random v0.1.18
   Compiling directories v5.0.1
   Compiling gag v1.0.0
   Compiling color-eyre v0.6.3
   Compiling gix-discover v0.37.0
   Compiling rustc_version v0.4.1
   Compiling ignore v0.4.23
   Compiling clap_derive v4.5.18
   Compiling gix-diff v0.48.0
   Compiling itertools v0.13.0
   Compiling tokio-macros v2.4.0
   Compiling castaway v0.2.3
   Compiling vergen-gix v1.0.3
   Compiling malloc_buf v0.0.6
   Compiling socket2 v0.5.8
   Compiling indoc v2.0.5
   Compiling bytes v1.9.0
   Compiling static_assertions v1.1.0
   Compiling minimal-lexical v0.2.1
   Compiling nom v7.1.3
   Compiling instability v0.3.3
   Compiling tokio v1.42.0
   Compiling unicode-truncate v1.1.0
   Compiling compact_str v0.8.0
   Compiling clap v4.5.23
   Compiling objc v0.2.7
   Compiling television-utils v0.0.12
   Compiling gix v0.68.0
   Compiling pest_generator v2.7.15
   Compiling dlv-list v0.5.2
   Compiling crossterm v0.28.1
   Compiling television-fuzzy v0.0.12
   Compiling television-derive v0.0.12
   Compiling devicons v0.6.11
   Compiling lru v0.12.5
   Compiling cassowary v0.3.0
   Compiling pest_derive v2.7.15
   Compiling ratatui v0.29.0
   Compiling ordered-multimap v0.7.3
   Compiling objc_id v0.1.1
   Compiling hashlink v0.8.4
   Compiling arraydeque v0.5.1
   Compiling block v0.1.6
   Compiling simdutf8 v0.1.5
   Compiling base64 v0.21.7
   Compiling yaml-rust2 v0.8.1
   Compiling objc-foundation v0.1.1
   Compiling uuid v1.11.0
   Compiling json5 v0.4.1
   Compiling ron v0.8.1
   Compiling rust-ini v0.20.0
   Compiling os_info v3.9.0
   Compiling television-channels v0.0.12
   Compiling convert_case v0.6.0
   Compiling television v0.7.1
   Compiling async-trait v0.1.83
   Compiling pathdiff v0.2.3
   Compiling television-previewers v0.0.12
   Compiling human-panic v2.0.2
   Compiling copypasta v0.10.1
   Compiling television-screen v0.0.12
   Compiling better-panic v0.3.0
   Compiling config v0.14.1
    Finished `release` profile [optimized] target(s) in 54.96s
   Replacing /Users/zach/.cargo/bin/tv
    Replaced package `television v0.5.3` with `television v0.7.1` (executable `tv`)

$ cargo uninstall television
    Removing /Users/zach/.cargo/bin/tv

$ cargo install --locked television

    Updating crates.io index
  Installing television v0.7.1
    Updating crates.io index
    Updating crates.io index
   Compiling proc-macro2 v1.0.92
   Compiling unicode-ident v1.0.14
   Compiling libc v0.2.168
   Compiling thiserror v2.0.7
   Compiling autocfg v1.4.0
   Compiling cfg-if v1.0.0
   Compiling once_cell v1.20.2
   Compiling parking_lot_core v0.9.10
   Compiling memchr v2.7.4
   Compiling serde v1.0.216
   Compiling smallvec v1.13.2
   Compiling aho-corasick v1.1.3
   Compiling version_check v0.9.5
   Compiling regex-syntax v0.8.5
   Compiling ahash v0.8.11
   Compiling quote v1.0.37
   Compiling lock_api v0.4.12
   Compiling syn v2.0.90
   Compiling tinyvec_macros v0.1.1
   Compiling tinyvec v1.8.0
   Compiling fastrand v2.3.0
   Compiling scopeguard v1.2.0
   Compiling adler2 v2.0.0
   Compiling gix-trace v0.1.11
   Compiling miniz_oxide v0.8.0
   Compiling crc32fast v1.4.2
   Compiling log v0.4.22
   Compiling same-file v1.0.6
   Compiling sha1_smol v1.0.1
   Compiling walkdir v2.5.0
   Compiling itoa v1.0.14
   Compiling parking_lot v0.12.3
   Compiling flate2 v1.0.35
   Compiling rustversion v1.0.18
   Compiling prodash v29.0.0
   Compiling unicode-normalization v0.1.24
   Compiling allocator-api2 v0.2.21
   Compiling bitflags v2.6.0
   Compiling zerocopy v0.7.35
   Compiling regex-automata v0.4.9
   Compiling gix-utils v0.1.13
   Compiling jiff v0.1.15
   Compiling winnow v0.6.20
   Compiling fnv v1.0.7
   Compiling stable_deref_trait v1.2.0
   Compiling shlex v1.3.0
   Compiling hashbrown v0.14.5
   Compiling cc v1.2.4
   Compiling foldhash v0.1.3
   Compiling equivalent v1.0.1
   Compiling hashbrown v0.15.2
   Compiling memmap2 v0.9.5
   Compiling ident_case v1.0.1
   Compiling strsim v0.11.1
   Compiling rustix v0.38.42
   Compiling errno v0.3.10
   Compiling litemap v0.7.4
   Compiling synstructure v0.13.1
   Compiling darling_core v0.20.10
   Compiling lazy_static v1.5.0
   Compiling crossbeam-utils v0.8.20
   Compiling bstr v1.11.1
   Compiling writeable v0.5.5
   Compiling home v0.5.9
   Compiling indexmap v2.7.0
   Compiling serde_derive v1.0.216
   Compiling thiserror-impl v2.0.7
   Compiling zerofrom-derive v0.1.5
   Compiling yoke-derive v0.7.5
   Compiling zerovec-derive v0.10.3
   Compiling displaydoc v0.2.5
   Compiling darling_macro v0.20.10
   Compiling icu_provider_macros v1.5.0
   Compiling darling v0.20.10
   Compiling signal-hook v0.3.17
   Compiling zerofrom v0.1.5
   Compiling thiserror v1.0.69
   Compiling thiserror-impl v1.0.69
   Compiling tempfile v3.14.0
   Compiling gix-date v0.9.2
   Compiling gix-validate v0.9.2
   Compiling gix-actor v0.33.1
   Compiling yoke v0.7.5
   Compiling gix-path v0.10.13
   Compiling gix-chunk v0.4.10
   Compiling signal-hook-registry v1.4.2
   Compiling ryu v1.0.18
   Compiling icu_locid_transform_data v1.5.0
   Compiling crossbeam-epoch v0.9.18
   Compiling tracing-core v0.1.33
   Compiling zerovec v0.10.4
   Compiling icu_properties_data v1.5.0
   Compiling pkg-config v0.3.31
   Compiling pin-project-lite v0.2.15
   Compiling unicode-segmentation v1.12.0
   Compiling regex-syntax v0.6.29
   Compiling onig_sys v69.8.1
   Compiling crossbeam-deque v0.8.5
   Compiling tracing-attributes v0.1.28
   Compiling backtrace v0.3.71
   Compiling tinystr v0.7.6
   Compiling icu_collections v1.5.0
   Compiling unicode-width v0.1.14
   Compiling gimli v0.28.1
   Compiling icu_locid v1.5.0
   Compiling powerfmt v0.2.0
   Compiling icu_provider v1.5.0
   Compiling regex-automata v0.1.10
   Compiling serde_json v1.0.133
   Compiling icu_locid_transform v1.5.0
   Compiling utf8_iter v1.0.4
   Compiling adler v1.0.2
   Compiling utf16_iter v1.0.5
   Compiling faster-hex v0.9.0
   Compiling gix-hash v0.15.1
   Compiling crunchy v0.2.2
   Compiling icu_properties v1.5.1
   Compiling gix-features v0.39.1
   Compiling gix-hashtable v0.6.0
   Compiling either v1.13.0
   Compiling overload v0.1.1
   Compiling icu_normalizer_data v1.5.0
   Compiling gix-object v0.46.0
   Compiling gix-fs v0.12.0
   Compiling gix-commitgraph v0.25.1
   Compiling gix-tempfile v15.0.0
   Compiling write16 v1.0.0
   Compiling addr2line v0.21.0
   Compiling nu-ansi-term v0.46.0
   Compiling gix-lock v15.0.1
   Compiling matchers v0.1.0
   Compiling miniz_oxide v0.7.4
   Compiling tracing v0.1.41
   Compiling deranged v0.3.11
   Compiling gix-revwalk v0.17.0
   Compiling icu_normalizer v1.5.0
   Compiling tracing-log v0.2.0
   Compiling regex v1.11.1
   Compiling sharded-slab v0.1.7
   Compiling thread_local v1.1.8
   Compiling object v0.32.2
   Compiling semver v1.0.24
   Compiling rayon-core v1.12.1
   Compiling rustc-demangle v0.1.24
   Compiling heck v0.5.0
   Compiling tiny-keccak v2.0.2
   Compiling num-conv v0.1.0
   Compiling time-core v0.1.2
   Compiling utf8parse v0.2.2
   Compiling anstyle-parse v0.2.6
   Compiling time v0.3.37
   Compiling tracing-subscriber v0.3.19
   Compiling idna_adapter v1.2.0
   Compiling serde_spanned v0.6.8
   Compiling toml_datetime v0.6.8
   Compiling filedescriptor v0.8.2
   Compiling derive_builder_core v0.20.2
   Compiling mio v1.0.3
   Compiling quick-xml v0.32.0
   Compiling encoding_rs v0.8.35
   Compiling anstyle-query v1.1.2
   Compiling anyhow v1.0.94
   Compiling bitflags v1.3.2
   Compiling percent-encoding v2.3.1
   Compiling base64 v0.22.1
   Compiling linked-hash-map v0.5.6
   Compiling camino v1.1.9
   Compiling eyre v0.6.12
   Compiling bytemuck v1.20.0
   Compiling colorchoice v1.0.3
   Compiling anstyle v1.0.10
   Compiling is_terminal_polyfill v1.70.1
   Compiling anstream v0.6.18
   Compiling toml_edit v0.22.22
   Compiling rgb v0.8.50
   Compiling yaml-rust v0.4.5
   Compiling plist v1.7.0
   Compiling form_urlencoded v1.2.1
   Compiling globset v0.4.15
   Compiling derive_builder_macro v0.20.2
   Compiling tracing-error v0.2.1
   Compiling onig v6.4.0
   Compiling idna v1.0.3
   Compiling gix-ref v0.49.0
   Compiling bincode v1.3.3
   Compiling console v0.15.8
   Compiling vergen-lib v0.1.5
   Compiling gix-sec v0.10.10
   Compiling getrandom v0.2.15
   Compiling unsafe-libyaml v0.2.11
   Compiling indenter v0.3.3
   Compiling option-ext v0.2.0
   Compiling clru v0.6.2
   Compiling ucd-trie v0.1.7
   Compiling std_prelude v0.2.12
   Compiling owo-colors v3.5.0
   Compiling bat v0.24.0
   Compiling gix-pack v0.55.0
   Compiling path_abs v0.5.1
   Compiling pest v2.7.15
   Compiling serde_yaml v0.9.34+deprecated
   Compiling color-spantrace v0.2.1
   Compiling syntect v5.2.0
   Compiling dirs-sys v0.4.1
   Compiling const-random-macro v0.1.16
   Compiling rayon v1.10.0
   Compiling url v2.5.4
   Compiling toml v0.8.19
   Compiling derive_builder v0.20.2
   Compiling ansi_colours v1.2.3
   Compiling strum_macros v0.26.4
   Compiling gix-traverse v0.43.0
   Compiling gix-revision v0.31.0
   Compiling gix-glob v0.17.1
   Compiling clircle v0.4.0
   Compiling cargo-platform v0.1.9
   Compiling nucleo-matcher v0.3.1
   Compiling gix-config-value v0.14.10
   Compiling gix-quote v0.4.14
   Compiling gix-bitmap v0.2.13
   Compiling vergen v9.0.2
   Compiling filetime v0.2.25
   Compiling num_threads v0.1.7
   Compiling content_inspector v0.2.4
   Compiling arc-swap v1.7.1
   Compiling bytesize v1.3.0
   Compiling diff v0.1.13
   Compiling unicode-width v0.2.0
   Compiling clap_lex v0.7.4
   Compiling unicode-bom v2.0.3
   Compiling yansi v1.0.1
   Compiling paste v1.0.15
   Compiling nu-ansi-term v0.49.0
   Compiling gix-config v0.42.0
   Compiling pretty_assertions v1.4.1
   Compiling strum v0.26.3
   Compiling clap_builder v4.5.23
   Compiling gix-odb v0.65.0
   Compiling gix-index v0.37.0
   Compiling nucleo v0.5.0
   Compiling gix-refspec v0.27.0
   Compiling cargo_metadata v0.19.1
   Compiling signal-hook-mio v0.2.4
   Compiling gix-url v0.28.1
   Compiling const-random v0.1.18
   Compiling pest_meta v2.7.15
   Compiling color-eyre v0.6.3
   Compiling directories v5.0.1
   Compiling gag v1.0.0
   Compiling gix-discover v0.37.0
   Compiling rustc_version v0.4.1
   Compiling ignore v0.4.23
   Compiling clap_derive v4.5.18
   Compiling gix-diff v0.48.0
   Compiling itertools v0.13.0
   Compiling tokio-macros v2.4.0
   Compiling castaway v0.2.3
   Compiling vergen-gix v1.0.3
   Compiling malloc_buf v0.0.6
   Compiling socket2 v0.5.8
   Compiling bytes v1.9.0
   Compiling static_assertions v1.1.0
   Compiling indoc v2.0.5
   Compiling minimal-lexical v0.2.1
 48    Compiling minimal-lexical v0.2.1
 49    Compiling nom v7.1.3
 47    Compiling instability v0.3.3
   Compiling tokio v1.42.0
   Compiling instability v0.3.3
   Compiling nom v7.1.3
   Compiling compact_str v0.8.0
   Compiling clap v4.5.23
   Compiling unicode-truncate v1.1.0
   Compiling objc v0.2.7
   Compiling television-utils v0.0.12
   Compiling gix v0.68.0
   Compiling pest_generator v2.7.15
   Compiling dlv-list v0.5.2
   Compiling crossterm v0.28.1
   Compiling television-fuzzy v0.0.12
   Compiling television-derive v0.0.12
   Compiling devicons v0.6.11
   Compiling lru v0.12.5
   Compiling cassowary v0.3.0
   Compiling ratatui v0.29.0
   Compiling pest_derive v2.7.15
   Compiling ordered-multimap v0.7.3
   Compiling objc_id v0.1.1
   Compiling hashlink v0.8.4
   Compiling block v0.1.6
   Compiling simdutf8 v0.1.5
   Compiling base64 v0.21.7
   Compiling arraydeque v0.5.1
   Compiling yaml-rust2 v0.8.1
   Compiling objc-foundation v0.1.1
   Compiling ron v0.8.1
   Compiling uuid v1.11.0
   Compiling rust-ini v0.20.0
   Compiling json5 v0.4.1
   Compiling os_info v3.9.0
   Compiling television-channels v0.0.12
   Compiling convert_case v0.6.0
   Compiling async-trait v0.1.83
   Compiling television v0.7.1
   Compiling television-previewers v0.0.12
   Compiling pathdiff v0.2.3
   Compiling television-screen v0.0.12
   Compiling config v0.14.1
   Compiling human-panic v2.0.2
   Compiling copypasta v0.10.1
   Compiling better-panic v0.3.0
    Finished `release` profile [optimized] target(s) in 53.26s
  Installing /Users/zach/.cargo/bin/tv
   Installed package `television v0.7.1` (executable `tv`)
