$ cargo install zoxide --locked

    Updating crates.io index
  Downloaded zoxide v0.9.6
  Downloaded 1 crate (973.4 KB) in 0.61s
  Installing zoxide v0.9.6
    Updating crates.io index
warning: package `libc v0.2.154` in Cargo.lock is yanked in registry `crates-io`, consider running without --locked
    Updating crates.io index
  Downloaded aliasable v0.1.3
  Downloaded color-print v0.3.5
  Downloaded clap v4.5.1
  Downloaded colorchoice v1.0.0
  Downloaded itoa v1.0.11
  Downloaded proc-macro2-diagnostics v0.10.1
  Downloaded either v1.10.0
  Downloaded mime v0.3.17
  Downloaded version_check v0.9.4
  Downloaded dunce v1.0.4
  Downloaded unicase v2.7.0
  Downloaded clap_lex v0.7.0
  Downloaded strsim v0.11.0
  Downloaded utf8parse v0.2.1
  Downloaded once_cell v1.19.0
  Downloaded yansi v1.0.0-rc.1
  Downloaded serde_derive v1.0.197
  Downloaded proc-macro2 v1.0.78
  Downloaded clap_complete v4.5.1
  Downloaded serde v1.0.197
  Downloaded memchr v2.7.1
  Downloaded clap_builder v4.5.1
  Downloaded anyhow v1.0.80
  Downloaded syn v2.0.50
  Downloaded unicode-ident v1.0.12
  Downloaded quote v1.0.35
  Downloaded getrandom v0.2.12
  Downloaded libc v0.2.154
  Downloaded bitflags v2.4.2
  Downloaded mime_guess v2.0.4
  Downloaded anstream v0.6.12
  Downloaded clap_derive v4.5.0
  Downloaded anstyle-parse v0.2.3
  Downloaded rustc-hash v2.0.0
  Downloaded ouroboros_macro v0.18.3
  Downloaded once_map v0.4.19
  Downloaded anstyle v1.0.6
  Downloaded fastrand v2.0.1
  Downloaded anstyle-query v1.0.2
  Downloaded nix v0.27.1
  Downloaded rinja_parser v0.3.2
  Downloaded rinja_derive v0.3.2
  Downloaded clap_complete_fig v4.5.0
  Downloaded ouroboros v0.18.3
  Downloaded autocfg v1.3.0
  Downloaded color-print-proc-macro v0.3.5
  Downloaded rinja v0.3.2
  Downloaded 47 crates (2.6 MB) in 0.51s
   Compiling proc-macro2 v1.0.78
   Compiling unicode-ident v1.0.12
   Compiling version_check v0.9.4
   Compiling memchr v2.7.1
   Compiling heck v0.4.1
   Compiling minimal-lexical v0.2.1
   Compiling utf8parse v0.2.1
   Compiling autocfg v1.3.0
   Compiling anstyle-parse v0.2.3
   Compiling libc v0.2.154
   Compiling anstyle-query v1.0.2
   Compiling colorchoice v1.0.0
   Compiling anstyle v1.0.6
   Compiling syn v1.0.109
   Compiling parking_lot_core v0.9.10
   Compiling unicase v2.7.0
   Compiling lock_api v0.4.12
   Compiling anstream v0.6.12
   Compiling nom v7.1.3
   Compiling strsim v0.11.0
   Compiling clap_lex v0.7.0
   Compiling clap_builder v4.5.1
   Compiling quote v1.0.35
   Compiling cfg-if v1.0.0
   Compiling scopeguard v1.2.0
   Compiling smallvec v1.13.2
   Compiling syn v2.0.50
   Compiling mime_guess v2.0.4
   Compiling proc-macro2-diagnostics v0.10.1
   Compiling parking_lot v0.12.3
   Compiling either v1.10.0
   Compiling serde v1.0.197
   Compiling mime v0.3.17
   Compiling stable_deref_trait v1.2.0
   Compiling yansi v1.0.0-rc.1
   Compiling hashbrown v0.14.5
   Compiling itertools v0.12.1
   Compiling rinja_parser v0.3.2
   Compiling once_map v0.4.19
   Compiling option-ext v0.2.0
   Compiling rustc-hash v2.0.0
   Compiling anyhow v1.0.80
   Compiling dirs-sys v0.4.1
   Compiling bitflags v2.4.2
   Compiling aliasable v0.1.3
   Compiling color-print-proc-macro v0.3.5
   Compiling static_assertions v1.1.0
   Compiling itoa v1.0.11
   Compiling nix v0.27.1
   Compiling dirs v5.0.1
   Compiling fastrand v2.0.1
   Compiling glob v0.3.1
   Compiling dunce v1.0.4
   Compiling clap_derive v4.5.0
   Compiling serde_derive v1.0.197
   Compiling ouroboros_macro v0.18.3
   Compiling color-print v0.3.5
   Compiling rinja_derive v0.3.2
   Compiling ouroboros v0.18.3
   Compiling clap v4.5.1
   Compiling clap_complete v4.5.1
   Compiling rinja v0.3.2
   Compiling clap_complete_fig v4.5.0
   Compiling zoxide v0.9.6
   Compiling bincode v1.3.3
    Finished `release` profile [optimized] target(s) in 17.33s
  Installing /Users/zach/.cargo/bin/zoxide
   Installed package `zoxide v0.9.6` (executable `zoxide`)
